[0.012s] Invoking command in '/RoverFlake2/build/moveit_plugins': AMENT_PREFIX_PATH=/RoverFlake2/install/moveit_simple_controller_manager:/RoverFlake2/install/moveit_core:/RoverFlake2/install/moveit_resources_panda_moveit_config:/RoverFlake2/install/srdfdom:/RoverFlake2/install/moveit_resources_pr2_description:/RoverFlake2/install/moveit_resources_panda_description:/RoverFlake2/install/moveit_common:${AMENT_PREFIX_PATH} CMAKE_PREFIX_PATH=/RoverFlake2/install/moveit_simple_controller_manager:/RoverFlake2/install/moveit_core:/RoverFlake2/install/moveit_resources_panda_moveit_config:/RoverFlake2/install/srdfdom:/RoverFlake2/install/moveit_resources_pr2_description:/RoverFlake2/install/moveit_resources_panda_description:/RoverFlake2/install/moveit_common:/opt/ros/humble LD_LIBRARY_PATH=/RoverFlake2/install/moveit_simple_controller_manager/lib:/RoverFlake2/install/moveit_core/lib:/RoverFlake2/install/srdfdom/lib:${LD_LIBRARY_PATH} PATH=/RoverFlake2/install/moveit_core/bin:${PATH} PYTHONPATH=/RoverFlake2/install/srdfdom/local/lib/python3.10/dist-packages:${PYTHONPATH} /usr/bin/cmake /RoverFlake2/src/moveit2/moveit_plugins/moveit_plugins -DCMAKE_BUILD_TYPE=Release -DCMAKE_INSTALL_PREFIX=/RoverFlake2/install/moveit_plugins
[0.063s] -- The C compiler identification is GNU 11.4.0
[0.113s] -- The CXX compiler identification is GNU 11.4.0
[0.120s] -- Detecting C compiler ABI info
[0.182s] -- Detecting C compiler ABI info - done
[0.187s] -- Check for working C compiler: /usr/bin/cc - skipped
[0.187s] -- Detecting C compile features
[0.187s] -- Detecting C compile features - done
[0.189s] -- Detecting CXX compiler ABI info
[0.254s] -- Detecting CXX compiler ABI info - done
[0.259s] -- Check for working CXX compiler: /usr/bin/c++ - skipped
[0.259s] -- Detecting CXX compile features
[0.260s] -- Detecting CXX compile features - done
[0.263s] -- Found ament_cmake: 1.3.12 (/opt/ros/humble/share/ament_cmake/cmake)
[0.369s] -- Found Python3: /usr/bin/python3 (found version "3.10.12") found components: Interpreter 
[0.450s] -- Found ament_lint_auto: 0.12.14 (/opt/ros/humble/share/ament_lint_auto/cmake)
[0.519s] -- Added test 'copyright' to check source files copyright and LICENSE
[0.520s] -- Added test 'lint_cmake' to check CMake code style
[0.520s] -- Added test 'xmllint' to check XML markup files
[0.522s] -- Configuring done
[0.525s] -- Generating done
[0.526s] -- Build files have been written to: /RoverFlake2/build/moveit_plugins
[0.532s] Invoked command in '/RoverFlake2/build/moveit_plugins' returned '0': AMENT_PREFIX_PATH=/RoverFlake2/install/moveit_simple_controller_manager:/RoverFlake2/install/moveit_core:/RoverFlake2/install/moveit_resources_panda_moveit_config:/RoverFlake2/install/srdfdom:/RoverFlake2/install/moveit_resources_pr2_description:/RoverFlake2/install/moveit_resources_panda_description:/RoverFlake2/install/moveit_common:${AMENT_PREFIX_PATH} CMAKE_PREFIX_PATH=/RoverFlake2/install/moveit_simple_controller_manager:/RoverFlake2/install/moveit_core:/RoverFlake2/install/moveit_resources_panda_moveit_config:/RoverFlake2/install/srdfdom:/RoverFlake2/install/moveit_resources_pr2_description:/RoverFlake2/install/moveit_resources_panda_description:/RoverFlake2/install/moveit_common:/opt/ros/humble LD_LIBRARY_PATH=/RoverFlake2/install/moveit_simple_controller_manager/lib:/RoverFlake2/install/moveit_core/lib:/RoverFlake2/install/srdfdom/lib:${LD_LIBRARY_PATH} PATH=/RoverFlake2/install/moveit_core/bin:${PATH} PYTHONPATH=/RoverFlake2/install/srdfdom/local/lib/python3.10/dist-packages:${PYTHONPATH} /usr/bin/cmake /RoverFlake2/src/moveit2/moveit_plugins/moveit_plugins -DCMAKE_BUILD_TYPE=Release -DCMAKE_INSTALL_PREFIX=/RoverFlake2/install/moveit_plugins
[0.533s] Invoking command in '/RoverFlake2/build/moveit_plugins': AMENT_PREFIX_PATH=/RoverFlake2/install/moveit_simple_controller_manager:/RoverFlake2/install/moveit_core:/RoverFlake2/install/moveit_resources_panda_moveit_config:/RoverFlake2/install/srdfdom:/RoverFlake2/install/moveit_resources_pr2_description:/RoverFlake2/install/moveit_resources_panda_description:/RoverFlake2/install/moveit_common:${AMENT_PREFIX_PATH} CMAKE_PREFIX_PATH=/RoverFlake2/install/moveit_simple_controller_manager:/RoverFlake2/install/moveit_core:/RoverFlake2/install/moveit_resources_panda_moveit_config:/RoverFlake2/install/srdfdom:/RoverFlake2/install/moveit_resources_pr2_description:/RoverFlake2/install/moveit_resources_panda_description:/RoverFlake2/install/moveit_common:/opt/ros/humble LD_LIBRARY_PATH=/RoverFlake2/install/moveit_simple_controller_manager/lib:/RoverFlake2/install/moveit_core/lib:/RoverFlake2/install/srdfdom/lib:${LD_LIBRARY_PATH} PATH=/RoverFlake2/install/moveit_core/bin:${PATH} PYTHONPATH=/RoverFlake2/install/srdfdom/local/lib/python3.10/dist-packages:${PYTHONPATH} /usr/bin/cmake --build /RoverFlake2/build/moveit_plugins -- -j32 -l32
[0.569s] Invoked command in '/RoverFlake2/build/moveit_plugins' returned '0': AMENT_PREFIX_PATH=/RoverFlake2/install/moveit_simple_controller_manager:/RoverFlake2/install/moveit_core:/RoverFlake2/install/moveit_resources_panda_moveit_config:/RoverFlake2/install/srdfdom:/RoverFlake2/install/moveit_resources_pr2_description:/RoverFlake2/install/moveit_resources_panda_description:/RoverFlake2/install/moveit_common:${AMENT_PREFIX_PATH} CMAKE_PREFIX_PATH=/RoverFlake2/install/moveit_simple_controller_manager:/RoverFlake2/install/moveit_core:/RoverFlake2/install/moveit_resources_panda_moveit_config:/RoverFlake2/install/srdfdom:/RoverFlake2/install/moveit_resources_pr2_description:/RoverFlake2/install/moveit_resources_panda_description:/RoverFlake2/install/moveit_common:/opt/ros/humble LD_LIBRARY_PATH=/RoverFlake2/install/moveit_simple_controller_manager/lib:/RoverFlake2/install/moveit_core/lib:/RoverFlake2/install/srdfdom/lib:${LD_LIBRARY_PATH} PATH=/RoverFlake2/install/moveit_core/bin:${PATH} PYTHONPATH=/RoverFlake2/install/srdfdom/local/lib/python3.10/dist-packages:${PYTHONPATH} /usr/bin/cmake --build /RoverFlake2/build/moveit_plugins -- -j32 -l32
[0.571s] Invoking command in '/RoverFlake2/build/moveit_plugins': AMENT_PREFIX_PATH=/RoverFlake2/install/moveit_simple_controller_manager:/RoverFlake2/install/moveit_core:/RoverFlake2/install/moveit_resources_panda_moveit_config:/RoverFlake2/install/srdfdom:/RoverFlake2/install/moveit_resources_pr2_description:/RoverFlake2/install/moveit_resources_panda_description:/RoverFlake2/install/moveit_common:${AMENT_PREFIX_PATH} CMAKE_PREFIX_PATH=/RoverFlake2/install/moveit_simple_controller_manager:/RoverFlake2/install/moveit_core:/RoverFlake2/install/moveit_resources_panda_moveit_config:/RoverFlake2/install/srdfdom:/RoverFlake2/install/moveit_resources_pr2_description:/RoverFlake2/install/moveit_resources_panda_description:/RoverFlake2/install/moveit_common:/opt/ros/humble LD_LIBRARY_PATH=/RoverFlake2/install/moveit_simple_controller_manager/lib:/RoverFlake2/install/moveit_core/lib:/RoverFlake2/install/srdfdom/lib:${LD_LIBRARY_PATH} PATH=/RoverFlake2/install/moveit_core/bin:${PATH} PYTHONPATH=/RoverFlake2/install/srdfdom/local/lib/python3.10/dist-packages:${PYTHONPATH} /usr/bin/cmake --install /RoverFlake2/build/moveit_plugins
[0.577s] -- Install configuration: "Release"
[0.578s] -- Installing: /RoverFlake2/install/moveit_plugins/share/ament_index/resource_index/package_run_dependencies/moveit_plugins
[0.578s] -- Installing: /RoverFlake2/install/moveit_plugins/share/ament_index/resource_index/parent_prefix_path/moveit_plugins
[0.578s] -- Installing: /RoverFlake2/install/moveit_plugins/share/moveit_plugins/environment/ament_prefix_path.sh
[0.578s] -- Installing: /RoverFlake2/install/moveit_plugins/share/moveit_plugins/environment/ament_prefix_path.dsv
[0.578s] -- Installing: /RoverFlake2/install/moveit_plugins/share/moveit_plugins/environment/path.sh
[0.578s] -- Installing: /RoverFlake2/install/moveit_plugins/share/moveit_plugins/environment/path.dsv
[0.579s] -- Installing: /RoverFlake2/install/moveit_plugins/share/moveit_plugins/local_setup.bash
[0.579s] -- Installing: /RoverFlake2/install/moveit_plugins/share/moveit_plugins/local_setup.sh
[0.579s] -- Installing: /RoverFlake2/install/moveit_plugins/share/moveit_plugins/local_setup.zsh
[0.579s] -- Installing: /RoverFlake2/install/moveit_plugins/share/moveit_plugins/local_setup.dsv
[0.579s] -- Installing: /RoverFlake2/install/moveit_plugins/share/moveit_plugins/package.dsv
[0.579s] -- Installing: /RoverFlake2/install/moveit_plugins/share/ament_index/resource_index/packages/moveit_plugins
[0.579s] -- Installing: /RoverFlake2/install/moveit_plugins/share/moveit_plugins/cmake/moveit_pluginsConfig.cmake
[0.579s] -- Installing: /RoverFlake2/install/moveit_plugins/share/moveit_plugins/cmake/moveit_pluginsConfig-version.cmake
[0.580s] -- Installing: /RoverFlake2/install/moveit_plugins/share/moveit_plugins/package.xml
[0.581s] Invoked command in '/RoverFlake2/build/moveit_plugins' returned '0': AMENT_PREFIX_PATH=/RoverFlake2/install/moveit_simple_controller_manager:/RoverFlake2/install/moveit_core:/RoverFlake2/install/moveit_resources_panda_moveit_config:/RoverFlake2/install/srdfdom:/RoverFlake2/install/moveit_resources_pr2_description:/RoverFlake2/install/moveit_resources_panda_description:/RoverFlake2/install/moveit_common:${AMENT_PREFIX_PATH} CMAKE_PREFIX_PATH=/RoverFlake2/install/moveit_simple_controller_manager:/RoverFlake2/install/moveit_core:/RoverFlake2/install/moveit_resources_panda_moveit_config:/RoverFlake2/install/srdfdom:/RoverFlake2/install/moveit_resources_pr2_description:/RoverFlake2/install/moveit_resources_panda_description:/RoverFlake2/install/moveit_common:/opt/ros/humble LD_LIBRARY_PATH=/RoverFlake2/install/moveit_simple_controller_manager/lib:/RoverFlake2/install/moveit_core/lib:/RoverFlake2/install/srdfdom/lib:${LD_LIBRARY_PATH} PATH=/RoverFlake2/install/moveit_core/bin:${PATH} PYTHONPATH=/RoverFlake2/install/srdfdom/local/lib/python3.10/dist-packages:${PYTHONPATH} /usr/bin/cmake --install /RoverFlake2/build/moveit_plugins
