[0.644s] Invoking command in '/RoverFlake2/src/launch_param_builder': PYTHONPATH=/RoverFlake2/build/launch_param_builder/prefix_override:/usr/lib/python3/dist-packages/colcon_core/task/python/colcon_distutils_commands:/RoverFlake2/install/launch_param_builder/lib/python3.10/site-packages:${PYTHONPATH} /usr/bin/python3 -W ignore:setup.py install is deprecated -W ignore:easy_install command is deprecated setup.py egg_info --egg-base ../../build/launch_param_builder build --build-base /RoverFlake2/build/launch_param_builder/build install --record /RoverFlake2/build/launch_param_builder/install.log --single-version-externally-managed install_data
[0.770s] running egg_info
[0.770s] writing ../../build/launch_param_builder/launch_param_builder.egg-info/PKG-INFO
[0.770s] writing dependency_links to ../../build/launch_param_builder/launch_param_builder.egg-info/dependency_links.txt
[0.770s] writing entry points to ../../build/launch_param_builder/launch_param_builder.egg-info/entry_points.txt
[0.770s] writing requirements to ../../build/launch_param_builder/launch_param_builder.egg-info/requires.txt
[0.771s] writing top-level names to ../../build/launch_param_builder/launch_param_builder.egg-info/top_level.txt
[0.772s] reading manifest file '../../build/launch_param_builder/launch_param_builder.egg-info/SOURCES.txt'
[0.772s] adding license file 'LICENSE'
[0.772s] writing manifest file '../../build/launch_param_builder/launch_param_builder.egg-info/SOURCES.txt'
[0.772s] running build
[0.772s] running build_py
[0.773s] running install
[0.773s] running install_lib
[0.773s] running install_data
[0.774s] running install_egg_info
[0.775s] removing '/RoverFlake2/install/launch_param_builder/lib/python3.10/site-packages/launch_param_builder-0.1.1-py3.10.egg-info' (and everything under it)
[0.775s] Copying ../../build/launch_param_builder/launch_param_builder.egg-info to /RoverFlake2/install/launch_param_builder/lib/python3.10/site-packages/launch_param_builder-0.1.1-py3.10.egg-info
[0.776s] running install_scripts
[0.789s] writing list of installed files to '/RoverFlake2/build/launch_param_builder/install.log'
[0.807s] Invoked command in '/RoverFlake2/src/launch_param_builder' returned '0': PYTHONPATH=/RoverFlake2/build/launch_param_builder/prefix_override:/usr/lib/python3/dist-packages/colcon_core/task/python/colcon_distutils_commands:/RoverFlake2/install/launch_param_builder/lib/python3.10/site-packages:${PYTHONPATH} /usr/bin/python3 -W ignore:setup.py install is deprecated -W ignore:easy_install command is deprecated setup.py egg_info --egg-base ../../build/launch_param_builder build --build-base /RoverFlake2/build/launch_param_builder/build install --record /RoverFlake2/build/launch_param_builder/install.log --single-version-externally-managed install_data
