[0.049s] Invoking command in '/RoverFlake2/build/rviz_marker_tools': CMAKE_PREFIX_PATH=/RoverFlake2/install/moveit_common:/RoverFlake2/install/pilz_industrial_motion_planner_testutils:/RoverFlake2/install/moveit_ros_control_interface:/RoverFlake2/install/moveit_plugins:/RoverFlake2/install/moveit_simple_controller_manager:/RoverFlake2/install/moveit_ros_planning:/RoverFlake2/install/moveit_ros_occupancy_map_monitor:/RoverFlake2/install/moveit_resources_prbt_ikfast_manipulator_plugin:/RoverFlake2/install/moveit_planners_chomp:/RoverFlake2/install/moveit_chomp_optimizer_adapter:/RoverFlake2/install/chomp_motion_planner:/RoverFlake2/install/moveit_core:/RoverFlake2/install/srdfdom:/RoverFlake2/install/rviz_marker_tools:/RoverFlake2/install/rosparam_shortcuts:/RoverFlake2/install/moveit_task_constructor_msgs:/RoverFlake2/install/moveit_resources_prbt_support:/RoverFlake2/install/moveit_resources:/RoverFlake2/install/moveit_resources_pr2_description:/RoverFlake2/install/moveit_resources_panda_moveit_config:/RoverFlake2/install/moveit_resources_panda_description:/RoverFlake2/install/moveit_resources_fanuc_moveit_config:/RoverFlake2/install/moveit_resources_fanuc_description:/RoverFlake2/install/moveit_configs_utils:/RoverFlake2/install/launch_param_builder:/opt/ros/humble /usr/bin/cmake --build /RoverFlake2/build/rviz_marker_tools -- -j32 -l32
[0.086s] [35m[1mConsolidate compiler generated dependencies of target rviz_marker_tools[0m
[0.105s] [100%] Built target rviz_marker_tools
[0.124s] Invoked command in '/RoverFlake2/build/rviz_marker_tools' returned '0': CMAKE_PREFIX_PATH=/RoverFlake2/install/moveit_common:/RoverFlake2/install/pilz_industrial_motion_planner_testutils:/RoverFlake2/install/moveit_ros_control_interface:/RoverFlake2/install/moveit_plugins:/RoverFlake2/install/moveit_simple_controller_manager:/RoverFlake2/install/moveit_ros_planning:/RoverFlake2/install/moveit_ros_occupancy_map_monitor:/RoverFlake2/install/moveit_resources_prbt_ikfast_manipulator_plugin:/RoverFlake2/install/moveit_planners_chomp:/RoverFlake2/install/moveit_chomp_optimizer_adapter:/RoverFlake2/install/chomp_motion_planner:/RoverFlake2/install/moveit_core:/RoverFlake2/install/srdfdom:/RoverFlake2/install/rviz_marker_tools:/RoverFlake2/install/rosparam_shortcuts:/RoverFlake2/install/moveit_task_constructor_msgs:/RoverFlake2/install/moveit_resources_prbt_support:/RoverFlake2/install/moveit_resources:/RoverFlake2/install/moveit_resources_pr2_description:/RoverFlake2/install/moveit_resources_panda_moveit_config:/RoverFlake2/install/moveit_resources_panda_description:/RoverFlake2/install/moveit_resources_fanuc_moveit_config:/RoverFlake2/install/moveit_resources_fanuc_description:/RoverFlake2/install/moveit_configs_utils:/RoverFlake2/install/launch_param_builder:/opt/ros/humble /usr/bin/cmake --build /RoverFlake2/build/rviz_marker_tools -- -j32 -l32
[0.126s] Invoking command in '/RoverFlake2/build/rviz_marker_tools': CMAKE_PREFIX_PATH=/RoverFlake2/install/moveit_common:/RoverFlake2/install/pilz_industrial_motion_planner_testutils:/RoverFlake2/install/moveit_ros_control_interface:/RoverFlake2/install/moveit_plugins:/RoverFlake2/install/moveit_simple_controller_manager:/RoverFlake2/install/moveit_ros_planning:/RoverFlake2/install/moveit_ros_occupancy_map_monitor:/RoverFlake2/install/moveit_resources_prbt_ikfast_manipulator_plugin:/RoverFlake2/install/moveit_planners_chomp:/RoverFlake2/install/moveit_chomp_optimizer_adapter:/RoverFlake2/install/chomp_motion_planner:/RoverFlake2/install/moveit_core:/RoverFlake2/install/srdfdom:/RoverFlake2/install/rviz_marker_tools:/RoverFlake2/install/rosparam_shortcuts:/RoverFlake2/install/moveit_task_constructor_msgs:/RoverFlake2/install/moveit_resources_prbt_support:/RoverFlake2/install/moveit_resources:/RoverFlake2/install/moveit_resources_pr2_description:/RoverFlake2/install/moveit_resources_panda_moveit_config:/RoverFlake2/install/moveit_resources_panda_description:/RoverFlake2/install/moveit_resources_fanuc_moveit_config:/RoverFlake2/install/moveit_resources_fanuc_description:/RoverFlake2/install/moveit_configs_utils:/RoverFlake2/install/launch_param_builder:/opt/ros/humble /usr/bin/cmake --install /RoverFlake2/build/rviz_marker_tools
[0.133s] -- Install configuration: "Release"
[0.133s] -- Up-to-date: /RoverFlake2/install/rviz_marker_tools/include
[0.133s] -- Up-to-date: /RoverFlake2/install/rviz_marker_tools/include/rviz_marker_tools
[0.133s] -- Up-to-date: /RoverFlake2/install/rviz_marker_tools/include/rviz_marker_tools/marker_creation.h
[0.134s] -- Up-to-date: /RoverFlake2/install/rviz_marker_tools/lib/librviz_marker_tools.so
[0.134s] -- Up-to-date: /RoverFlake2/install/rviz_marker_tools/share/rviz_marker_tools/environment/library_path.sh
[0.134s] -- Up-to-date: /RoverFlake2/install/rviz_marker_tools/share/rviz_marker_tools/environment/library_path.dsv
[0.134s] -- Up-to-date: /RoverFlake2/install/rviz_marker_tools/share/ament_index/resource_index/package_run_dependencies/rviz_marker_tools
[0.134s] -- Up-to-date: /RoverFlake2/install/rviz_marker_tools/share/ament_index/resource_index/parent_prefix_path/rviz_marker_tools
[0.134s] -- Up-to-date: /RoverFlake2/install/rviz_marker_tools/share/rviz_marker_tools/environment/ament_prefix_path.sh
[0.134s] -- Up-to-date: /RoverFlake2/install/rviz_marker_tools/share/rviz_marker_tools/environment/ament_prefix_path.dsv
[0.134s] -- Up-to-date: /RoverFlake2/install/rviz_marker_tools/share/rviz_marker_tools/environment/path.sh
[0.134s] -- Up-to-date: /RoverFlake2/install/rviz_marker_tools/share/rviz_marker_tools/environment/path.dsv
[0.135s] -- Up-to-date: /RoverFlake2/install/rviz_marker_tools/share/rviz_marker_tools/local_setup.bash
[0.135s] -- Up-to-date: /RoverFlake2/install/rviz_marker_tools/share/rviz_marker_tools/local_setup.sh
[0.135s] -- Up-to-date: /RoverFlake2/install/rviz_marker_tools/share/rviz_marker_tools/local_setup.zsh
[0.135s] -- Up-to-date: /RoverFlake2/install/rviz_marker_tools/share/rviz_marker_tools/local_setup.dsv
[0.135s] -- Installing: /RoverFlake2/install/rviz_marker_tools/share/rviz_marker_tools/package.dsv
[0.135s] -- Up-to-date: /RoverFlake2/install/rviz_marker_tools/share/ament_index/resource_index/packages/rviz_marker_tools
[0.135s] -- Up-to-date: /RoverFlake2/install/rviz_marker_tools/share/rviz_marker_tools/cmake/rviz_marker_toolsTargetsExport.cmake
[0.135s] -- Up-to-date: /RoverFlake2/install/rviz_marker_tools/share/rviz_marker_tools/cmake/rviz_marker_toolsTargetsExport-release.cmake
[0.135s] -- Up-to-date: /RoverFlake2/install/rviz_marker_tools/share/rviz_marker_tools/cmake/ament_cmake_export_targets-extras.cmake
[0.135s] -- Up-to-date: /RoverFlake2/install/rviz_marker_tools/share/rviz_marker_tools/cmake/ament_cmake_export_dependencies-extras.cmake
[0.135s] -- Up-to-date: /RoverFlake2/install/rviz_marker_tools/share/rviz_marker_tools/cmake/rviz_marker_toolsConfig.cmake
[0.135s] -- Up-to-date: /RoverFlake2/install/rviz_marker_tools/share/rviz_marker_tools/cmake/rviz_marker_toolsConfig-version.cmake
[0.135s] -- Up-to-date: /RoverFlake2/install/rviz_marker_tools/share/rviz_marker_tools/package.xml
[0.156s] Invoked command in '/RoverFlake2/build/rviz_marker_tools' returned '0': CMAKE_PREFIX_PATH=/RoverFlake2/install/moveit_common:/RoverFlake2/install/pilz_industrial_motion_planner_testutils:/RoverFlake2/install/moveit_ros_control_interface:/RoverFlake2/install/moveit_plugins:/RoverFlake2/install/moveit_simple_controller_manager:/RoverFlake2/install/moveit_ros_planning:/RoverFlake2/install/moveit_ros_occupancy_map_monitor:/RoverFlake2/install/moveit_resources_prbt_ikfast_manipulator_plugin:/RoverFlake2/install/moveit_planners_chomp:/RoverFlake2/install/moveit_chomp_optimizer_adapter:/RoverFlake2/install/chomp_motion_planner:/RoverFlake2/install/moveit_core:/RoverFlake2/install/srdfdom:/RoverFlake2/install/rviz_marker_tools:/RoverFlake2/install/rosparam_shortcuts:/RoverFlake2/install/moveit_task_constructor_msgs:/RoverFlake2/install/moveit_resources_prbt_support:/RoverFlake2/install/moveit_resources:/RoverFlake2/install/moveit_resources_pr2_description:/RoverFlake2/install/moveit_resources_panda_moveit_config:/RoverFlake2/install/moveit_resources_panda_description:/RoverFlake2/install/moveit_resources_fanuc_moveit_config:/RoverFlake2/install/moveit_resources_fanuc_description:/RoverFlake2/install/moveit_configs_utils:/RoverFlake2/install/launch_param_builder:/opt/ros/humble /usr/bin/cmake --install /RoverFlake2/build/rviz_marker_tools
