[35m[1mConsolidate compiler generated dependencies of target gtest_main[0m
[35m[1mConsolidate compiler generated dependencies of target gtest[0m
[35m[1mConsolidate compiler generated dependencies of target moveit_robot_interaction[0m
[ 15%] Built target gtest_main
[ 30%] Built target gtest
[ 84%] Built target moveit_robot_interaction
[35m[1mConsolidate compiler generated dependencies of target locked_robot_state_test[0m
[100%] Built target locked_robot_state_test
-- Install configuration: "Release"
-- Installing: /RoverFlake2/install/moveit_ros_robot_interaction/lib/libmoveit_robot_interaction.so.2.5.9
-- Set runtime path of "/RoverFlake2/install/moveit_ros_robot_interaction/lib/libmoveit_robot_interaction.so.2.5.9" to ""
-- Installing: /RoverFlake2/install/moveit_ros_robot_interaction/lib/libmoveit_robot_interaction.so
-- Installing: /RoverFlake2/install/moveit_ros_robot_interaction/include
-- Installing: /RoverFlake2/install/moveit_ros_robot_interaction/include/moveit
-- Installing: /RoverFlake2/install/moveit_ros_robot_interaction/include/moveit/robot_interaction
-- Installing: /RoverFlake2/install/moveit_ros_robot_interaction/include/moveit/robot_interaction/interaction_handler.h
-- Installing: /RoverFlake2/install/moveit_ros_robot_interaction/include/moveit/robot_interaction/kinematic_options.h
-- Installing: /RoverFlake2/install/moveit_ros_robot_interaction/include/moveit/robot_interaction/interactive_marker_helpers.h
-- Installing: /RoverFlake2/install/moveit_ros_robot_interaction/include/moveit/robot_interaction/interaction.h
-- Installing: /RoverFlake2/install/moveit_ros_robot_interaction/include/moveit/robot_interaction/kinematic_options_map.h
-- Installing: /RoverFlake2/install/moveit_ros_robot_interaction/include/moveit/robot_interaction/locked_robot_state.h
-- Installing: /RoverFlake2/install/moveit_ros_robot_interaction/include/moveit/robot_interaction/robot_interaction.h
-- Installing: /RoverFlake2/install/moveit_ros_robot_interaction/include/moveit_robot_interaction_export.h
-- Installing: /RoverFlake2/install/moveit_ros_robot_interaction/share/moveit_ros_robot_interaction/resources
-- Installing: /RoverFlake2/install/moveit_ros_robot_interaction/share/moveit_ros_robot_interaction/resources/access-denied.stl
-- Installing: /RoverFlake2/install/moveit_ros_robot_interaction/share/moveit_ros_robot_interaction/resources/access-denied.dae
-- Installing: /RoverFlake2/install/moveit_ros_robot_interaction/share/moveit_ros_robot_interaction/environment/library_path.sh
-- Installing: /RoverFlake2/install/moveit_ros_robot_interaction/share/moveit_ros_robot_interaction/environment/library_path.dsv
-- Installing: /RoverFlake2/install/moveit_ros_robot_interaction/share/ament_index/resource_index/package_run_dependencies/moveit_ros_robot_interaction
-- Installing: /RoverFlake2/install/moveit_ros_robot_interaction/share/ament_index/resource_index/parent_prefix_path/moveit_ros_robot_interaction
-- Installing: /RoverFlake2/install/moveit_ros_robot_interaction/share/moveit_ros_robot_interaction/environment/ament_prefix_path.sh
-- Installing: /RoverFlake2/install/moveit_ros_robot_interaction/share/moveit_ros_robot_interaction/environment/ament_prefix_path.dsv
-- Installing: /RoverFlake2/install/moveit_ros_robot_interaction/share/moveit_ros_robot_interaction/environment/path.sh
-- Installing: /RoverFlake2/install/moveit_ros_robot_interaction/share/moveit_ros_robot_interaction/environment/path.dsv
-- Installing: /RoverFlake2/install/moveit_ros_robot_interaction/share/moveit_ros_robot_interaction/local_setup.bash
-- Installing: /RoverFlake2/install/moveit_ros_robot_interaction/share/moveit_ros_robot_interaction/local_setup.sh
-- Installing: /RoverFlake2/install/moveit_ros_robot_interaction/share/moveit_ros_robot_interaction/local_setup.zsh
-- Installing: /RoverFlake2/install/moveit_ros_robot_interaction/share/moveit_ros_robot_interaction/local_setup.dsv
-- Installing: /RoverFlake2/install/moveit_ros_robot_interaction/share/moveit_ros_robot_interaction/package.dsv
-- Installing: /RoverFlake2/install/moveit_ros_robot_interaction/share/ament_index/resource_index/packages/moveit_ros_robot_interaction
-- Installing: /RoverFlake2/install/moveit_ros_robot_interaction/share/moveit_ros_robot_interaction/cmake/export_moveit_ros_robot_interactionExport.cmake
-- Installing: /RoverFlake2/install/moveit_ros_robot_interaction/share/moveit_ros_robot_interaction/cmake/export_moveit_ros_robot_interactionExport-release.cmake
-- Installing: /RoverFlake2/install/moveit_ros_robot_interaction/share/moveit_ros_robot_interaction/cmake/ament_cmake_export_targets-extras.cmake
-- Installing: /RoverFlake2/install/moveit_ros_robot_interaction/share/moveit_ros_robot_interaction/cmake/ament_cmake_export_dependencies-extras.cmake
-- Installing: /RoverFlake2/install/moveit_ros_robot_interaction/share/moveit_ros_robot_interaction/cmake/moveit_ros_robot_interactionConfig.cmake
-- Installing: /RoverFlake2/install/moveit_ros_robot_interaction/share/moveit_ros_robot_interaction/cmake/moveit_ros_robot_interactionConfig-version.cmake
-- Installing: /RoverFlake2/install/moveit_ros_robot_interaction/share/moveit_ros_robot_interaction/package.xml
