[0.036s] Invoking command in '/RoverFlake2/build/moveit_resources_panda_description': CMAKE_PREFIX_PATH=/opt/ros/humble /usr/bin/cmake /RoverFlake2/src/moveit_resources/panda_description -DCMAKE_BUILD_TYPE=Release -DCMAKE_INSTALL_PREFIX=/RoverFlake2/install/moveit_resources_panda_description
[0.209s] -- The C compiler identification is GNU 11.4.0
[0.209s] -- The CXX compiler identification is GNU 11.4.0
[0.209s] -- Detecting C compiler ABI info
[0.209s] -- Detecting C compiler ABI info - done
[0.210s] -- Check for working C compiler: /usr/bin/cc - skipped
[0.210s] -- Detecting C compile features
[0.210s] -- Detecting C compile features - done
[0.210s] -- Detecting CXX compiler ABI info
[0.267s] -- Detecting CXX compiler ABI info - done
[0.272s] -- Check for working CXX compiler: /usr/bin/c++ - skipped
[0.272s] -- Detecting CXX compile features
[0.273s] -- Detecting CXX compile features - done
[0.275s] -- Found ament_cmake: 1.3.12 (/opt/ros/humble/share/ament_cmake/cmake)
[0.391s] -- Found Python3: /usr/bin/python3 (found version "3.10.12") found components: Interpreter 
[0.527s] -- Configuring done
[0.530s] -- Generating done
[0.532s] -- Build files have been written to: /RoverFlake2/build/moveit_resources_panda_description
[0.541s] Invoked command in '/RoverFlake2/build/moveit_resources_panda_description' returned '0': CMAKE_PREFIX_PATH=/opt/ros/humble /usr/bin/cmake /RoverFlake2/src/moveit_resources/panda_description -DCMAKE_BUILD_TYPE=Release -DCMAKE_INSTALL_PREFIX=/RoverFlake2/install/moveit_resources_panda_description
[0.542s] Invoking command in '/RoverFlake2/build/moveit_resources_panda_description': CMAKE_PREFIX_PATH=/opt/ros/humble /usr/bin/cmake --build /RoverFlake2/build/moveit_resources_panda_description -- -j32 -l32
[0.572s] Invoked command in '/RoverFlake2/build/moveit_resources_panda_description' returned '0': CMAKE_PREFIX_PATH=/opt/ros/humble /usr/bin/cmake --build /RoverFlake2/build/moveit_resources_panda_description -- -j32 -l32
[0.574s] Invoking command in '/RoverFlake2/build/moveit_resources_panda_description': CMAKE_PREFIX_PATH=/opt/ros/humble /usr/bin/cmake --install /RoverFlake2/build/moveit_resources_panda_description
[0.579s] -- Install configuration: "Release"
[0.579s] -- Installing: /RoverFlake2/install/moveit_resources_panda_description/share/ament_index/resource_index/package_run_dependencies/moveit_resources_panda_description
[0.579s] -- Installing: /RoverFlake2/install/moveit_resources_panda_description/share/ament_index/resource_index/parent_prefix_path/moveit_resources_panda_description
[0.579s] -- Installing: /RoverFlake2/install/moveit_resources_panda_description/share/moveit_resources_panda_description/environment/ament_prefix_path.sh
[0.579s] -- Installing: /RoverFlake2/install/moveit_resources_panda_description/share/moveit_resources_panda_description/environment/ament_prefix_path.dsv
[0.579s] -- Installing: /RoverFlake2/install/moveit_resources_panda_description/share/moveit_resources_panda_description/environment/path.sh
[0.579s] -- Installing: /RoverFlake2/install/moveit_resources_panda_description/share/moveit_resources_panda_description/environment/path.dsv
[0.579s] -- Installing: /RoverFlake2/install/moveit_resources_panda_description/share/moveit_resources_panda_description/local_setup.bash
[0.580s] -- Installing: /RoverFlake2/install/moveit_resources_panda_description/share/moveit_resources_panda_description/local_setup.sh
[0.580s] -- Installing: /RoverFlake2/install/moveit_resources_panda_description/share/moveit_resources_panda_description/local_setup.zsh
[0.580s] -- Installing: /RoverFlake2/install/moveit_resources_panda_description/share/moveit_resources_panda_description/local_setup.dsv
[0.580s] -- Installing: /RoverFlake2/install/moveit_resources_panda_description/share/moveit_resources_panda_description/package.dsv
[0.580s] -- Installing: /RoverFlake2/install/moveit_resources_panda_description/share/ament_index/resource_index/packages/moveit_resources_panda_description
[0.580s] -- Installing: /RoverFlake2/install/moveit_resources_panda_description/share/moveit_resources_panda_description/cmake/moveit_resources_panda_descriptionConfig.cmake
[0.580s] -- Installing: /RoverFlake2/install/moveit_resources_panda_description/share/moveit_resources_panda_description/cmake/moveit_resources_panda_descriptionConfig-version.cmake
[0.580s] -- Installing: /RoverFlake2/install/moveit_resources_panda_description/share/moveit_resources_panda_description/package.xml
[0.580s] -- Installing: /RoverFlake2/install/moveit_resources_panda_description/share/moveit_resources_panda_description/meshes
[0.580s] -- Installing: /RoverFlake2/install/moveit_resources_panda_description/share/moveit_resources_panda_description/meshes/visual
[0.580s] -- Installing: /RoverFlake2/install/moveit_resources_panda_description/share/moveit_resources_panda_description/meshes/visual/link4.dae
[0.582s] -- Installing: /RoverFlake2/install/moveit_resources_panda_description/share/moveit_resources_panda_description/meshes/visual/link6.dae
[0.583s] -- Installing: /RoverFlake2/install/moveit_resources_panda_description/share/moveit_resources_panda_description/meshes/visual/link1.dae
[0.584s] -- Installing: /RoverFlake2/install/moveit_resources_panda_description/share/moveit_resources_panda_description/meshes/visual/hand.dae
[0.585s] -- Installing: /RoverFlake2/install/moveit_resources_panda_description/share/moveit_resources_panda_description/meshes/visual/finger.dae
[0.585s] -- Installing: /RoverFlake2/install/moveit_resources_panda_description/share/moveit_resources_panda_description/meshes/visual/link3.dae
[0.586s] -- Installing: /RoverFlake2/install/moveit_resources_panda_description/share/moveit_resources_panda_description/meshes/visual/link7.dae
[0.587s] -- Installing: /RoverFlake2/install/moveit_resources_panda_description/share/moveit_resources_panda_description/meshes/visual/link2.dae
[0.588s] -- Installing: /RoverFlake2/install/moveit_resources_panda_description/share/moveit_resources_panda_description/meshes/visual/link5.dae
[0.589s] -- Installing: /RoverFlake2/install/moveit_resources_panda_description/share/moveit_resources_panda_description/meshes/visual/link0.dae
[0.591s] -- Installing: /RoverFlake2/install/moveit_resources_panda_description/share/moveit_resources_panda_description/meshes/collision
[0.591s] -- Installing: /RoverFlake2/install/moveit_resources_panda_description/share/moveit_resources_panda_description/meshes/collision/link6.stl
[0.591s] -- Installing: /RoverFlake2/install/moveit_resources_panda_description/share/moveit_resources_panda_description/meshes/collision/link4.stl
[0.591s] -- Installing: /RoverFlake2/install/moveit_resources_panda_description/share/moveit_resources_panda_description/meshes/collision/link0.stl
[0.591s] -- Installing: /RoverFlake2/install/moveit_resources_panda_description/share/moveit_resources_panda_description/meshes/collision/finger.stl
[0.591s] -- Installing: /RoverFlake2/install/moveit_resources_panda_description/share/moveit_resources_panda_description/meshes/collision/hand.stl
[0.591s] -- Installing: /RoverFlake2/install/moveit_resources_panda_description/share/moveit_resources_panda_description/meshes/collision/link2.stl
[0.591s] -- Installing: /RoverFlake2/install/moveit_resources_panda_description/share/moveit_resources_panda_description/meshes/collision/link7.stl
[0.591s] -- Installing: /RoverFlake2/install/moveit_resources_panda_description/share/moveit_resources_panda_description/meshes/collision/link5.stl
[0.591s] -- Installing: /RoverFlake2/install/moveit_resources_panda_description/share/moveit_resources_panda_description/meshes/collision/link1.stl
[0.592s] -- Installing: /RoverFlake2/install/moveit_resources_panda_description/share/moveit_resources_panda_description/meshes/collision/link3.stl
[0.592s] -- Installing: /RoverFlake2/install/moveit_resources_panda_description/share/moveit_resources_panda_description/urdf
[0.592s] -- Installing: /RoverFlake2/install/moveit_resources_panda_description/share/moveit_resources_panda_description/urdf/panda.urdf
[0.595s] Invoked command in '/RoverFlake2/build/moveit_resources_panda_description' returned '0': CMAKE_PREFIX_PATH=/opt/ros/humble /usr/bin/cmake --install /RoverFlake2/build/moveit_resources_panda_description
