[0.058s] Invoking command in '/RoverFlake2/build/moveit_ros_planning': AMENT_PREFIX_PATH=/RoverFlake2/install/moveit_configs_utils:/RoverFlake2/install/launch_param_builder:/RoverFlake2/install/pilz_industrial_motion_planner_testutils:/RoverFlake2/install/moveit_visual_tools:/RoverFlake2/install/moveit_ros_control_interface:/RoverFlake2/install/moveit_plugins:/RoverFlake2/install/moveit_simple_controller_manager:/RoverFlake2/install/moveit_ros_planning_interface:/RoverFlake2/install/moveit_ros_benchmarks:/RoverFlake2/install/moveit_ros_warehouse:/RoverFlake2/install/moveit_ros_robot_interaction:/RoverFlake2/install/moveit_ros_perception:/RoverFlake2/install/moveit_resources_prbt_pg70_support:/RoverFlake2/install/moveit_resources_prbt_moveit_config:/RoverFlake2/install/moveit_ros_move_group:/RoverFlake2/install/moveit_planners_ompl:/RoverFlake2/install/moveit_ros_planning:/RoverFlake2/install/moveit_ros_occupancy_map_monitor:/RoverFlake2/install/moveit_resources_prbt_ikfast_manipulator_plugin:/RoverFlake2/install/moveit_planners_chomp:/RoverFlake2/install/moveit_kinematics:/RoverFlake2/install/moveit_chomp_optimizer_adapter:/RoverFlake2/install/chomp_motion_planner:/RoverFlake2/install/moveit_core:/RoverFlake2/install/srdfdom:/RoverFlake2/install/rviz_marker_tools:/RoverFlake2/install/rosparam_shortcuts:/RoverFlake2/install/moveit_task_constructor_msgs:/RoverFlake2/install/moveit_resources_prbt_support:/RoverFlake2/install/moveit_resources:/RoverFlake2/install/moveit_resources_pr2_description:/RoverFlake2/install/moveit_resources_panda_moveit_config:/RoverFlake2/install/moveit_resources_panda_description:/RoverFlake2/install/moveit_resources_fanuc_moveit_config:/RoverFlake2/install/moveit_resources_fanuc_description:/RoverFlake2/install/moveit_common:/opt/ros/humble CMAKE_PREFIX_PATH=/RoverFlake2/install/moveit_ros_occupancy_map_monitor:/RoverFlake2/install/moveit_core:/RoverFlake2/install/moveit_resources_panda_moveit_config:/RoverFlake2/install/srdfdom:/RoverFlake2/install/moveit_resources_pr2_description:/RoverFlake2/install/moveit_resources_panda_description:/RoverFlake2/install/moveit_common:/RoverFlake2/install/pilz_industrial_motion_planner_testutils:/RoverFlake2/install/moveit_visual_tools:/RoverFlake2/install/moveit_ros_control_interface:/RoverFlake2/install/moveit_plugins:/RoverFlake2/install/moveit_simple_controller_manager:/RoverFlake2/install/moveit_ros_planning_interface:/RoverFlake2/install/moveit_ros_benchmarks:/RoverFlake2/install/moveit_ros_warehouse:/RoverFlake2/install/moveit_ros_robot_interaction:/RoverFlake2/install/moveit_ros_perception:/RoverFlake2/install/moveit_resources_prbt_pg70_support:/RoverFlake2/install/moveit_resources_prbt_moveit_config:/RoverFlake2/install/moveit_ros_move_group:/RoverFlake2/install/moveit_planners_ompl:/RoverFlake2/install/moveit_ros_planning:/RoverFlake2/install/moveit_resources_prbt_ikfast_manipulator_plugin:/RoverFlake2/install/moveit_planners_chomp:/RoverFlake2/install/moveit_kinematics:/RoverFlake2/install/moveit_chomp_optimizer_adapter:/RoverFlake2/install/chomp_motion_planner:/RoverFlake2/install/rviz_marker_tools:/RoverFlake2/install/rosparam_shortcuts:/RoverFlake2/install/moveit_task_constructor_msgs:/RoverFlake2/install/moveit_resources_prbt_support:/RoverFlake2/install/moveit_resources:/RoverFlake2/install/moveit_resources_fanuc_moveit_config:/RoverFlake2/install/moveit_resources_fanuc_description:/RoverFlake2/install/moveit_configs_utils:/RoverFlake2/install/launch_param_builder:/opt/ros/humble LD_LIBRARY_PATH=/RoverFlake2/install/moveit_ros_occupancy_map_monitor/lib:/RoverFlake2/install/moveit_core/lib:/RoverFlake2/install/srdfdom/lib:/RoverFlake2/install/pilz_industrial_motion_planner_testutils/lib:/RoverFlake2/install/moveit_visual_tools/lib:/RoverFlake2/install/moveit_ros_control_interface/lib:/RoverFlake2/install/moveit_simple_controller_manager/lib:/RoverFlake2/install/moveit_ros_planning_interface/lib:/RoverFlake2/install/moveit_ros_benchmarks/lib:/RoverFlake2/install/moveit_ros_warehouse/lib:/RoverFlake2/install/moveit_ros_robot_interaction/lib:/RoverFlake2/install/moveit_ros_perception/lib:/RoverFlake2/install/moveit_ros_move_group/lib:/RoverFlake2/install/moveit_planners_ompl/lib:/RoverFlake2/install/moveit_ros_planning/lib:/RoverFlake2/install/moveit_resources_prbt_ikfast_manipulator_plugin/lib:/RoverFlake2/install/moveit_planners_chomp/lib:/RoverFlake2/install/moveit_kinematics/lib:/RoverFlake2/install/moveit_chomp_optimizer_adapter/lib:/RoverFlake2/install/chomp_motion_planner/lib:/RoverFlake2/install/rviz_marker_tools/lib:/RoverFlake2/install/rosparam_shortcuts/lib:/RoverFlake2/install/moveit_task_constructor_msgs/lib:/opt/ros/humble/opt/rviz_ogre_vendor/lib:/opt/ros/humble/lib/x86_64-linux-gnu:/opt/ros/humble/lib PYTHONPATH=/RoverFlake2/install/moveit_configs_utils/lib/python3.10/site-packages:/RoverFlake2/install/launch_param_builder/lib/python3.10/site-packages:/RoverFlake2/install/srdfdom/local/lib/python3.10/dist-packages:/RoverFlake2/install/moveit_task_constructor_msgs/local/lib/python3.10/dist-packages:/opt/ros/humble/lib/python3.10/site-packages:/opt/ros/humble/local/lib/python3.10/dist-packages /usr/bin/cmake --build /RoverFlake2/build/moveit_ros_planning -- -j32 -l32
[0.194s] [  2%] Built target gmock_main
[0.208s] [ 10%] Built target gtest_main
[0.208s] [ 10%] Built target moveit_rdf_loader
[0.209s] [ 14%] Built target gmock
[0.220s] [ 17%] Built target gtest
[0.226s] [ 20%] Built target moveit_collision_plugin_loader
[0.229s] [ 23%] Built target moveit_list_request_adapter_plugins
[0.245s] [ 26%] Built target moveit_planning_pipeline
[0.259s] [ 42%] Built target moveit_default_planning_request_adapter_plugins
[0.286s] [ 48%] Built target moveit_constraint_sampler_manager_loader
[0.287s] [ 48%] Built target moveit_kinematics_plugin_loader
[0.347s] [ 51%] Built target moveit_robot_model_loader
[0.426s] [ 54%] Built target moveit_print_planning_model_info
[0.436s] [ 63%] Built target moveit_planning_scene_monitor
[0.567s] [ 66%] Built target moveit_evaluate_collision_checking_speed
[0.578s] [ 69%] Built target demo_scene
[0.592s] [ 72%] Built target planning_scene_monitor_test
[0.609s] [ 75%] Built target moveit_publish_scene_from_text
[0.615s] [ 77%] Built target moveit_display_random_state
[0.617s] [ 80%] Built target moveit_visualize_robot_collision_volume
[0.617s] [ 83%] Built target trajectory_monitor_tests
[0.619s] [ 86%] Built target moveit_trajectory_execution_manager
[0.620s] [ 89%] Built target current_state_monitor_tests
[0.626s] [ 92%] Built target moveit_print_planning_scene_info
[0.701s] [ 95%] Built target moveit_plan_execution
[0.712s] [100%] Built target moveit_cpp
[0.744s] Invoked command in '/RoverFlake2/build/moveit_ros_planning' returned '0': AMENT_PREFIX_PATH=/RoverFlake2/install/moveit_configs_utils:/RoverFlake2/install/launch_param_builder:/RoverFlake2/install/pilz_industrial_motion_planner_testutils:/RoverFlake2/install/moveit_visual_tools:/RoverFlake2/install/moveit_ros_control_interface:/RoverFlake2/install/moveit_plugins:/RoverFlake2/install/moveit_simple_controller_manager:/RoverFlake2/install/moveit_ros_planning_interface:/RoverFlake2/install/moveit_ros_benchmarks:/RoverFlake2/install/moveit_ros_warehouse:/RoverFlake2/install/moveit_ros_robot_interaction:/RoverFlake2/install/moveit_ros_perception:/RoverFlake2/install/moveit_resources_prbt_pg70_support:/RoverFlake2/install/moveit_resources_prbt_moveit_config:/RoverFlake2/install/moveit_ros_move_group:/RoverFlake2/install/moveit_planners_ompl:/RoverFlake2/install/moveit_ros_planning:/RoverFlake2/install/moveit_ros_occupancy_map_monitor:/RoverFlake2/install/moveit_resources_prbt_ikfast_manipulator_plugin:/RoverFlake2/install/moveit_planners_chomp:/RoverFlake2/install/moveit_kinematics:/RoverFlake2/install/moveit_chomp_optimizer_adapter:/RoverFlake2/install/chomp_motion_planner:/RoverFlake2/install/moveit_core:/RoverFlake2/install/srdfdom:/RoverFlake2/install/rviz_marker_tools:/RoverFlake2/install/rosparam_shortcuts:/RoverFlake2/install/moveit_task_constructor_msgs:/RoverFlake2/install/moveit_resources_prbt_support:/RoverFlake2/install/moveit_resources:/RoverFlake2/install/moveit_resources_pr2_description:/RoverFlake2/install/moveit_resources_panda_moveit_config:/RoverFlake2/install/moveit_resources_panda_description:/RoverFlake2/install/moveit_resources_fanuc_moveit_config:/RoverFlake2/install/moveit_resources_fanuc_description:/RoverFlake2/install/moveit_common:/opt/ros/humble CMAKE_PREFIX_PATH=/RoverFlake2/install/moveit_ros_occupancy_map_monitor:/RoverFlake2/install/moveit_core:/RoverFlake2/install/moveit_resources_panda_moveit_config:/RoverFlake2/install/srdfdom:/RoverFlake2/install/moveit_resources_pr2_description:/RoverFlake2/install/moveit_resources_panda_description:/RoverFlake2/install/moveit_common:/RoverFlake2/install/pilz_industrial_motion_planner_testutils:/RoverFlake2/install/moveit_visual_tools:/RoverFlake2/install/moveit_ros_control_interface:/RoverFlake2/install/moveit_plugins:/RoverFlake2/install/moveit_simple_controller_manager:/RoverFlake2/install/moveit_ros_planning_interface:/RoverFlake2/install/moveit_ros_benchmarks:/RoverFlake2/install/moveit_ros_warehouse:/RoverFlake2/install/moveit_ros_robot_interaction:/RoverFlake2/install/moveit_ros_perception:/RoverFlake2/install/moveit_resources_prbt_pg70_support:/RoverFlake2/install/moveit_resources_prbt_moveit_config:/RoverFlake2/install/moveit_ros_move_group:/RoverFlake2/install/moveit_planners_ompl:/RoverFlake2/install/moveit_ros_planning:/RoverFlake2/install/moveit_resources_prbt_ikfast_manipulator_plugin:/RoverFlake2/install/moveit_planners_chomp:/RoverFlake2/install/moveit_kinematics:/RoverFlake2/install/moveit_chomp_optimizer_adapter:/RoverFlake2/install/chomp_motion_planner:/RoverFlake2/install/rviz_marker_tools:/RoverFlake2/install/rosparam_shortcuts:/RoverFlake2/install/moveit_task_constructor_msgs:/RoverFlake2/install/moveit_resources_prbt_support:/RoverFlake2/install/moveit_resources:/RoverFlake2/install/moveit_resources_fanuc_moveit_config:/RoverFlake2/install/moveit_resources_fanuc_description:/RoverFlake2/install/moveit_configs_utils:/RoverFlake2/install/launch_param_builder:/opt/ros/humble LD_LIBRARY_PATH=/RoverFlake2/install/moveit_ros_occupancy_map_monitor/lib:/RoverFlake2/install/moveit_core/lib:/RoverFlake2/install/srdfdom/lib:/RoverFlake2/install/pilz_industrial_motion_planner_testutils/lib:/RoverFlake2/install/moveit_visual_tools/lib:/RoverFlake2/install/moveit_ros_control_interface/lib:/RoverFlake2/install/moveit_simple_controller_manager/lib:/RoverFlake2/install/moveit_ros_planning_interface/lib:/RoverFlake2/install/moveit_ros_benchmarks/lib:/RoverFlake2/install/moveit_ros_warehouse/lib:/RoverFlake2/install/moveit_ros_robot_interaction/lib:/RoverFlake2/install/moveit_ros_perception/lib:/RoverFlake2/install/moveit_ros_move_group/lib:/RoverFlake2/install/moveit_planners_ompl/lib:/RoverFlake2/install/moveit_ros_planning/lib:/RoverFlake2/install/moveit_resources_prbt_ikfast_manipulator_plugin/lib:/RoverFlake2/install/moveit_planners_chomp/lib:/RoverFlake2/install/moveit_kinematics/lib:/RoverFlake2/install/moveit_chomp_optimizer_adapter/lib:/RoverFlake2/install/chomp_motion_planner/lib:/RoverFlake2/install/rviz_marker_tools/lib:/RoverFlake2/install/rosparam_shortcuts/lib:/RoverFlake2/install/moveit_task_constructor_msgs/lib:/opt/ros/humble/opt/rviz_ogre_vendor/lib:/opt/ros/humble/lib/x86_64-linux-gnu:/opt/ros/humble/lib PYTHONPATH=/RoverFlake2/install/moveit_configs_utils/lib/python3.10/site-packages:/RoverFlake2/install/launch_param_builder/lib/python3.10/site-packages:/RoverFlake2/install/srdfdom/local/lib/python3.10/dist-packages:/RoverFlake2/install/moveit_task_constructor_msgs/local/lib/python3.10/dist-packages:/opt/ros/humble/lib/python3.10/site-packages:/opt/ros/humble/local/lib/python3.10/dist-packages /usr/bin/cmake --build /RoverFlake2/build/moveit_ros_planning -- -j32 -l32
[0.752s] Invoking command in '/RoverFlake2/build/moveit_ros_planning': AMENT_PREFIX_PATH=/RoverFlake2/install/moveit_configs_utils:/RoverFlake2/install/launch_param_builder:/RoverFlake2/install/pilz_industrial_motion_planner_testutils:/RoverFlake2/install/moveit_visual_tools:/RoverFlake2/install/moveit_ros_control_interface:/RoverFlake2/install/moveit_plugins:/RoverFlake2/install/moveit_simple_controller_manager:/RoverFlake2/install/moveit_ros_planning_interface:/RoverFlake2/install/moveit_ros_benchmarks:/RoverFlake2/install/moveit_ros_warehouse:/RoverFlake2/install/moveit_ros_robot_interaction:/RoverFlake2/install/moveit_ros_perception:/RoverFlake2/install/moveit_resources_prbt_pg70_support:/RoverFlake2/install/moveit_resources_prbt_moveit_config:/RoverFlake2/install/moveit_ros_move_group:/RoverFlake2/install/moveit_planners_ompl:/RoverFlake2/install/moveit_ros_planning:/RoverFlake2/install/moveit_ros_occupancy_map_monitor:/RoverFlake2/install/moveit_resources_prbt_ikfast_manipulator_plugin:/RoverFlake2/install/moveit_planners_chomp:/RoverFlake2/install/moveit_kinematics:/RoverFlake2/install/moveit_chomp_optimizer_adapter:/RoverFlake2/install/chomp_motion_planner:/RoverFlake2/install/moveit_core:/RoverFlake2/install/srdfdom:/RoverFlake2/install/rviz_marker_tools:/RoverFlake2/install/rosparam_shortcuts:/RoverFlake2/install/moveit_task_constructor_msgs:/RoverFlake2/install/moveit_resources_prbt_support:/RoverFlake2/install/moveit_resources:/RoverFlake2/install/moveit_resources_pr2_description:/RoverFlake2/install/moveit_resources_panda_moveit_config:/RoverFlake2/install/moveit_resources_panda_description:/RoverFlake2/install/moveit_resources_fanuc_moveit_config:/RoverFlake2/install/moveit_resources_fanuc_description:/RoverFlake2/install/moveit_common:/opt/ros/humble CMAKE_PREFIX_PATH=/RoverFlake2/install/moveit_ros_occupancy_map_monitor:/RoverFlake2/install/moveit_core:/RoverFlake2/install/moveit_resources_panda_moveit_config:/RoverFlake2/install/srdfdom:/RoverFlake2/install/moveit_resources_pr2_description:/RoverFlake2/install/moveit_resources_panda_description:/RoverFlake2/install/moveit_common:/RoverFlake2/install/pilz_industrial_motion_planner_testutils:/RoverFlake2/install/moveit_visual_tools:/RoverFlake2/install/moveit_ros_control_interface:/RoverFlake2/install/moveit_plugins:/RoverFlake2/install/moveit_simple_controller_manager:/RoverFlake2/install/moveit_ros_planning_interface:/RoverFlake2/install/moveit_ros_benchmarks:/RoverFlake2/install/moveit_ros_warehouse:/RoverFlake2/install/moveit_ros_robot_interaction:/RoverFlake2/install/moveit_ros_perception:/RoverFlake2/install/moveit_resources_prbt_pg70_support:/RoverFlake2/install/moveit_resources_prbt_moveit_config:/RoverFlake2/install/moveit_ros_move_group:/RoverFlake2/install/moveit_planners_ompl:/RoverFlake2/install/moveit_ros_planning:/RoverFlake2/install/moveit_resources_prbt_ikfast_manipulator_plugin:/RoverFlake2/install/moveit_planners_chomp:/RoverFlake2/install/moveit_kinematics:/RoverFlake2/install/moveit_chomp_optimizer_adapter:/RoverFlake2/install/chomp_motion_planner:/RoverFlake2/install/rviz_marker_tools:/RoverFlake2/install/rosparam_shortcuts:/RoverFlake2/install/moveit_task_constructor_msgs:/RoverFlake2/install/moveit_resources_prbt_support:/RoverFlake2/install/moveit_resources:/RoverFlake2/install/moveit_resources_fanuc_moveit_config:/RoverFlake2/install/moveit_resources_fanuc_description:/RoverFlake2/install/moveit_configs_utils:/RoverFlake2/install/launch_param_builder:/opt/ros/humble LD_LIBRARY_PATH=/RoverFlake2/install/moveit_ros_occupancy_map_monitor/lib:/RoverFlake2/install/moveit_core/lib:/RoverFlake2/install/srdfdom/lib:/RoverFlake2/install/pilz_industrial_motion_planner_testutils/lib:/RoverFlake2/install/moveit_visual_tools/lib:/RoverFlake2/install/moveit_ros_control_interface/lib:/RoverFlake2/install/moveit_simple_controller_manager/lib:/RoverFlake2/install/moveit_ros_planning_interface/lib:/RoverFlake2/install/moveit_ros_benchmarks/lib:/RoverFlake2/install/moveit_ros_warehouse/lib:/RoverFlake2/install/moveit_ros_robot_interaction/lib:/RoverFlake2/install/moveit_ros_perception/lib:/RoverFlake2/install/moveit_ros_move_group/lib:/RoverFlake2/install/moveit_planners_ompl/lib:/RoverFlake2/install/moveit_ros_planning/lib:/RoverFlake2/install/moveit_resources_prbt_ikfast_manipulator_plugin/lib:/RoverFlake2/install/moveit_planners_chomp/lib:/RoverFlake2/install/moveit_kinematics/lib:/RoverFlake2/install/moveit_chomp_optimizer_adapter/lib:/RoverFlake2/install/chomp_motion_planner/lib:/RoverFlake2/install/rviz_marker_tools/lib:/RoverFlake2/install/rosparam_shortcuts/lib:/RoverFlake2/install/moveit_task_constructor_msgs/lib:/opt/ros/humble/opt/rviz_ogre_vendor/lib:/opt/ros/humble/lib/x86_64-linux-gnu:/opt/ros/humble/lib PYTHONPATH=/RoverFlake2/install/moveit_configs_utils/lib/python3.10/site-packages:/RoverFlake2/install/launch_param_builder/lib/python3.10/site-packages:/RoverFlake2/install/srdfdom/local/lib/python3.10/dist-packages:/RoverFlake2/install/moveit_task_constructor_msgs/local/lib/python3.10/dist-packages:/opt/ros/humble/lib/python3.10/site-packages:/opt/ros/humble/local/lib/python3.10/dist-packages /usr/bin/cmake --install /RoverFlake2/build/moveit_ros_planning
[0.780s] -- Install configuration: "Release"
[0.781s] -- Up-to-date: /RoverFlake2/install/moveit_ros_planning/include
[0.781s] -- Up-to-date: /RoverFlake2/install/moveit_ros_planning/include/moveit
[0.786s] -- Up-to-date: /RoverFlake2/install/moveit_ros_planning/include/moveit/rdf_loader
[0.786s] -- Up-to-date: /RoverFlake2/install/moveit_ros_planning/include/moveit/rdf_loader/rdf_loader.h
[0.786s] -- Up-to-date: /RoverFlake2/install/moveit_ros_planning/include/moveit/rdf_loader/synchronized_string_parameter.h
[0.786s] -- Up-to-date: /RoverFlake2/install/moveit_ros_planning/share/moveit_ros_planning/rdf_loader/test/data
[0.787s] -- Up-to-date: /RoverFlake2/install/moveit_ros_planning/share/moveit_ros_planning/rdf_loader/test/data/kermit.srdf
[0.787s] -- Up-to-date: /RoverFlake2/install/moveit_ros_planning/share/moveit_ros_planning/rdf_loader/test/data/gonzo.srdf
[0.787s] -- Up-to-date: /RoverFlake2/install/moveit_ros_planning/share/moveit_ros_planning/rdf_loader/test/data/gonzo.urdf
[0.787s] -- Up-to-date: /RoverFlake2/install/moveit_ros_planning/share/moveit_ros_planning/rdf_loader/test/data/robin.srdf.xacro
[0.787s] -- Up-to-date: /RoverFlake2/install/moveit_ros_planning/share/moveit_ros_planning/rdf_loader/test/data/kermit.urdf
[0.787s] -- Up-to-date: /RoverFlake2/install/moveit_ros_planning/share/moveit_ros_planning/rdf_loader/test/launch
[0.787s] -- Up-to-date: /RoverFlake2/install/moveit_ros_planning/share/moveit_ros_planning/rdf_loader/test/launch/test_rdf_integration.test.py
[0.787s] -- Up-to-date: /RoverFlake2/install/moveit_ros_planning/include
[0.787s] -- Up-to-date: /RoverFlake2/install/moveit_ros_planning/include/moveit
[0.787s] -- Up-to-date: /RoverFlake2/install/moveit_ros_planning/include/moveit/collision_plugin_loader
[0.787s] -- Up-to-date: /RoverFlake2/install/moveit_ros_planning/include/moveit/collision_plugin_loader/collision_plugin_loader.h
[0.787s] -- Up-to-date: /RoverFlake2/install/moveit_ros_planning/include
[0.787s] -- Up-to-date: /RoverFlake2/install/moveit_ros_planning/include/moveit
[0.787s] -- Up-to-date: /RoverFlake2/install/moveit_ros_planning/include/moveit/kinematics_plugin_loader
[0.787s] -- Up-to-date: /RoverFlake2/install/moveit_ros_planning/include/moveit/kinematics_plugin_loader/kinematics_plugin_loader.h
[0.788s] -- Up-to-date: /RoverFlake2/install/moveit_ros_planning/include
[0.788s] -- Up-to-date: /RoverFlake2/install/moveit_ros_planning/include/moveit
[0.788s] -- Up-to-date: /RoverFlake2/install/moveit_ros_planning/include/moveit/robot_model_loader
[0.788s] -- Up-to-date: /RoverFlake2/install/moveit_ros_planning/include/moveit/robot_model_loader/robot_model_loader.h
[0.788s] -- Up-to-date: /RoverFlake2/install/moveit_ros_planning/include
[0.788s] -- Up-to-date: /RoverFlake2/install/moveit_ros_planning/include/moveit
[0.789s] -- Up-to-date: /RoverFlake2/install/moveit_ros_planning/include/moveit/constraint_sampler_manager_loader
[0.789s] -- Up-to-date: /RoverFlake2/install/moveit_ros_planning/include/moveit/constraint_sampler_manager_loader/constraint_sampler_manager_loader.h
[0.789s] -- Up-to-date: /RoverFlake2/install/moveit_ros_planning/include
[0.789s] -- Up-to-date: /RoverFlake2/install/moveit_ros_planning/include/moveit
[0.789s] -- Up-to-date: /RoverFlake2/install/moveit_ros_planning/include/moveit/planning_pipeline
[0.789s] -- Up-to-date: /RoverFlake2/install/moveit_ros_planning/include/moveit/planning_pipeline/planning_pipeline.h
[0.789s] -- Up-to-date: /RoverFlake2/install/moveit_ros_planning/include/moveit_planning_pipeline_export.h
[0.789s] -- Up-to-date: /RoverFlake2/install/moveit_ros_planning/lib/moveit_ros_planning/moveit_list_request_adapter_plugins
[0.790s] -- Up-to-date: /RoverFlake2/install/moveit_ros_planning/lib/moveit_ros_planning/demo_scene
[0.791s] -- Up-to-date: /RoverFlake2/install/moveit_ros_planning/include
[0.791s] -- Up-to-date: /RoverFlake2/install/moveit_ros_planning/include/moveit
[0.791s] -- Up-to-date: /RoverFlake2/install/moveit_ros_planning/include/moveit/planning_scene_monitor
[0.791s] -- Up-to-date: /RoverFlake2/install/moveit_ros_planning/include/moveit/planning_scene_monitor/trajectory_monitor.h
[0.791s] -- Up-to-date: /RoverFlake2/install/moveit_ros_planning/include/moveit/planning_scene_monitor/trajectory_monitor_middleware_handle.hpp
[0.791s] -- Up-to-date: /RoverFlake2/install/moveit_ros_planning/include/moveit/planning_scene_monitor/planning_scene_monitor.h
[0.791s] -- Up-to-date: /RoverFlake2/install/moveit_ros_planning/include/moveit/planning_scene_monitor/current_state_monitor.h
[0.791s] -- Up-to-date: /RoverFlake2/install/moveit_ros_planning/include/moveit/planning_scene_monitor/current_state_monitor_middleware_handle.hpp
[0.791s] -- Up-to-date: /RoverFlake2/install/moveit_ros_planning/include/moveit_planning_scene_monitor_export.h
[0.792s] -- Up-to-date: /RoverFlake2/install/moveit_ros_planning/lib/moveit_ros_planning/moveit_print_planning_model_info
[0.793s] -- Up-to-date: /RoverFlake2/install/moveit_ros_planning/lib/moveit_ros_planning/moveit_print_planning_scene_info
[0.794s] -- Up-to-date: /RoverFlake2/install/moveit_ros_planning/lib/moveit_ros_planning/moveit_display_random_state
[0.794s] -- Up-to-date: /RoverFlake2/install/moveit_ros_planning/lib/moveit_ros_planning/moveit_visualize_robot_collision_volume
[0.795s] -- Up-to-date: /RoverFlake2/install/moveit_ros_planning/lib/moveit_ros_planning/moveit_evaluate_collision_checking_speed
[0.796s] -- Up-to-date: /RoverFlake2/install/moveit_ros_planning/lib/moveit_ros_planning/moveit_publish_scene_from_text
[0.796s] -- Up-to-date: /RoverFlake2/install/moveit_ros_planning/include
[0.796s] -- Up-to-date: /RoverFlake2/install/moveit_ros_planning/include/moveit
[0.797s] -- Up-to-date: /RoverFlake2/install/moveit_ros_planning/include/moveit/trajectory_execution_manager
[0.797s] -- Up-to-date: /RoverFlake2/install/moveit_ros_planning/include/moveit/trajectory_execution_manager/trajectory_execution_manager.h
[0.797s] -- Up-to-date: /RoverFlake2/install/moveit_ros_planning/include/moveit_trajectory_execution_manager_export.h
[0.797s] -- Up-to-date: /RoverFlake2/install/moveit_ros_planning/include
[0.797s] -- Up-to-date: /RoverFlake2/install/moveit_ros_planning/include/moveit
[0.797s] -- Up-to-date: /RoverFlake2/install/moveit_ros_planning/include/moveit/plan_execution
[0.797s] -- Up-to-date: /RoverFlake2/install/moveit_ros_planning/include/moveit/plan_execution/plan_execution.h
[0.797s] -- Up-to-date: /RoverFlake2/install/moveit_ros_planning/include/moveit/plan_execution/plan_representation.h
[0.797s] -- Up-to-date: /RoverFlake2/install/moveit_ros_planning/include
[0.797s] -- Up-to-date: /RoverFlake2/install/moveit_ros_planning/include/moveit
[0.797s] -- Up-to-date: /RoverFlake2/install/moveit_ros_planning/include/moveit/moveit_cpp
[0.798s] -- Up-to-date: /RoverFlake2/install/moveit_ros_planning/include/moveit/moveit_cpp/planning_component.h
[0.798s] -- Up-to-date: /RoverFlake2/install/moveit_ros_planning/include/moveit/moveit_cpp/moveit_cpp.h
[0.798s] -- Up-to-date: /RoverFlake2/install/moveit_ros_planning/lib/libmoveit_rdf_loader.so.2.5.9
[0.798s] -- Up-to-date: /RoverFlake2/install/moveit_ros_planning/lib/libmoveit_rdf_loader.so
[0.798s] -- Up-to-date: /RoverFlake2/install/moveit_ros_planning/lib/libmoveit_kinematics_plugin_loader.so.2.5.9
[0.799s] -- Up-to-date: /RoverFlake2/install/moveit_ros_planning/lib/libmoveit_kinematics_plugin_loader.so
[0.799s] -- Up-to-date: /RoverFlake2/install/moveit_ros_planning/lib/libmoveit_robot_model_loader.so.2.5.9
[0.799s] -- Up-to-date: /RoverFlake2/install/moveit_ros_planning/lib/libmoveit_robot_model_loader.so
[0.800s] -- Up-to-date: /RoverFlake2/install/moveit_ros_planning/lib/libmoveit_constraint_sampler_manager_loader.so.2.5.9
[0.800s] -- Up-to-date: /RoverFlake2/install/moveit_ros_planning/lib/libmoveit_constraint_sampler_manager_loader.so
[0.801s] -- Up-to-date: /RoverFlake2/install/moveit_ros_planning/lib/libmoveit_planning_pipeline.so.2.5.9
[0.801s] -- Up-to-date: /RoverFlake2/install/moveit_ros_planning/lib/libmoveit_planning_pipeline.so
[0.802s] -- Up-to-date: /RoverFlake2/install/moveit_ros_planning/lib/libmoveit_trajectory_execution_manager.so.2.5.9
[0.802s] -- Up-to-date: /RoverFlake2/install/moveit_ros_planning/lib/libmoveit_trajectory_execution_manager.so
[0.802s] -- Up-to-date: /RoverFlake2/install/moveit_ros_planning/lib/libmoveit_plan_execution.so.2.5.9
[0.803s] -- Up-to-date: /RoverFlake2/install/moveit_ros_planning/lib/libmoveit_plan_execution.so
[0.803s] -- Up-to-date: /RoverFlake2/install/moveit_ros_planning/lib/libmoveit_planning_scene_monitor.so.2.5.9
[0.803s] -- Up-to-date: /RoverFlake2/install/moveit_ros_planning/lib/libmoveit_planning_scene_monitor.so
[0.804s] -- Up-to-date: /RoverFlake2/install/moveit_ros_planning/lib/libmoveit_collision_plugin_loader.so.2.5.9
[0.804s] -- Up-to-date: /RoverFlake2/install/moveit_ros_planning/lib/libmoveit_collision_plugin_loader.so
[0.805s] -- Up-to-date: /RoverFlake2/install/moveit_ros_planning/lib/libmoveit_default_planning_request_adapter_plugins.so.2.5.9
[0.805s] -- Up-to-date: /RoverFlake2/install/moveit_ros_planning/lib/libmoveit_default_planning_request_adapter_plugins.so
[0.805s] -- Up-to-date: /RoverFlake2/install/moveit_ros_planning/lib/libmoveit_cpp.so.2.5.9
[0.805s] -- Up-to-date: /RoverFlake2/install/moveit_ros_planning/lib/libmoveit_cpp.so
[0.806s] -- Up-to-date: /RoverFlake2/install/moveit_ros_planning/share/moveit_ros_planning/environment/library_path.sh
[0.806s] -- Up-to-date: /RoverFlake2/install/moveit_ros_planning/share/moveit_ros_planning/environment/library_path.dsv
[0.806s] -- Up-to-date: /RoverFlake2/install/moveit_ros_planning/share/moveit_ros_planning/planning_request_adapters_plugin_description.xml
[0.806s] -- Up-to-date: /RoverFlake2/install/moveit_ros_planning/share/ament_index/resource_index/package_run_dependencies/moveit_ros_planning
[0.806s] -- Up-to-date: /RoverFlake2/install/moveit_ros_planning/share/ament_index/resource_index/parent_prefix_path/moveit_ros_planning
[0.806s] -- Up-to-date: /RoverFlake2/install/moveit_ros_planning/share/moveit_ros_planning/environment/ament_prefix_path.sh
[0.806s] -- Up-to-date: /RoverFlake2/install/moveit_ros_planning/share/moveit_ros_planning/environment/ament_prefix_path.dsv
[0.806s] -- Up-to-date: /RoverFlake2/install/moveit_ros_planning/share/moveit_ros_planning/environment/path.sh
[0.806s] -- Up-to-date: /RoverFlake2/install/moveit_ros_planning/share/moveit_ros_planning/environment/path.dsv
[0.806s] -- Up-to-date: /RoverFlake2/install/moveit_ros_planning/share/moveit_ros_planning/local_setup.bash
[0.806s] -- Up-to-date: /RoverFlake2/install/moveit_ros_planning/share/moveit_ros_planning/local_setup.sh
[0.806s] -- Up-to-date: /RoverFlake2/install/moveit_ros_planning/share/moveit_ros_planning/local_setup.zsh
[0.807s] -- Up-to-date: /RoverFlake2/install/moveit_ros_planning/share/moveit_ros_planning/local_setup.dsv
[0.807s] -- Installing: /RoverFlake2/install/moveit_ros_planning/share/moveit_ros_planning/package.dsv
[0.807s] -- Up-to-date: /RoverFlake2/install/moveit_ros_planning/share/ament_index/resource_index/packages/moveit_ros_planning
[0.807s] -- Up-to-date: /RoverFlake2/install/moveit_ros_planning/share/ament_index/resource_index/moveit_core__pluginlib__plugin/moveit_ros_planning
[0.807s] -- Up-to-date: /RoverFlake2/install/moveit_ros_planning/share/moveit_ros_planning/cmake/export_moveit_ros_planningExport.cmake
[0.807s] -- Up-to-date: /RoverFlake2/install/moveit_ros_planning/share/moveit_ros_planning/cmake/export_moveit_ros_planningExport-release.cmake
[0.807s] -- Up-to-date: /RoverFlake2/install/moveit_ros_planning/share/moveit_ros_planning/cmake/ConfigExtras.cmake
[0.807s] -- Up-to-date: /RoverFlake2/install/moveit_ros_planning/share/moveit_ros_planning/cmake/ament_cmake_export_targets-extras.cmake
[0.807s] -- Up-to-date: /RoverFlake2/install/moveit_ros_planning/share/moveit_ros_planning/cmake/ament_cmake_export_dependencies-extras.cmake
[0.807s] -- Up-to-date: /RoverFlake2/install/moveit_ros_planning/share/moveit_ros_planning/cmake/moveit_ros_planningConfig.cmake
[0.807s] -- Up-to-date: /RoverFlake2/install/moveit_ros_planning/share/moveit_ros_planning/cmake/moveit_ros_planningConfig-version.cmake
[0.807s] -- Up-to-date: /RoverFlake2/install/moveit_ros_planning/share/moveit_ros_planning/package.xml
[0.813s] Invoked command in '/RoverFlake2/build/moveit_ros_planning' returned '0': AMENT_PREFIX_PATH=/RoverFlake2/install/moveit_configs_utils:/RoverFlake2/install/launch_param_builder:/RoverFlake2/install/pilz_industrial_motion_planner_testutils:/RoverFlake2/install/moveit_visual_tools:/RoverFlake2/install/moveit_ros_control_interface:/RoverFlake2/install/moveit_plugins:/RoverFlake2/install/moveit_simple_controller_manager:/RoverFlake2/install/moveit_ros_planning_interface:/RoverFlake2/install/moveit_ros_benchmarks:/RoverFlake2/install/moveit_ros_warehouse:/RoverFlake2/install/moveit_ros_robot_interaction:/RoverFlake2/install/moveit_ros_perception:/RoverFlake2/install/moveit_resources_prbt_pg70_support:/RoverFlake2/install/moveit_resources_prbt_moveit_config:/RoverFlake2/install/moveit_ros_move_group:/RoverFlake2/install/moveit_planners_ompl:/RoverFlake2/install/moveit_ros_planning:/RoverFlake2/install/moveit_ros_occupancy_map_monitor:/RoverFlake2/install/moveit_resources_prbt_ikfast_manipulator_plugin:/RoverFlake2/install/moveit_planners_chomp:/RoverFlake2/install/moveit_kinematics:/RoverFlake2/install/moveit_chomp_optimizer_adapter:/RoverFlake2/install/chomp_motion_planner:/RoverFlake2/install/moveit_core:/RoverFlake2/install/srdfdom:/RoverFlake2/install/rviz_marker_tools:/RoverFlake2/install/rosparam_shortcuts:/RoverFlake2/install/moveit_task_constructor_msgs:/RoverFlake2/install/moveit_resources_prbt_support:/RoverFlake2/install/moveit_resources:/RoverFlake2/install/moveit_resources_pr2_description:/RoverFlake2/install/moveit_resources_panda_moveit_config:/RoverFlake2/install/moveit_resources_panda_description:/RoverFlake2/install/moveit_resources_fanuc_moveit_config:/RoverFlake2/install/moveit_resources_fanuc_description:/RoverFlake2/install/moveit_common:/opt/ros/humble CMAKE_PREFIX_PATH=/RoverFlake2/install/moveit_ros_occupancy_map_monitor:/RoverFlake2/install/moveit_core:/RoverFlake2/install/moveit_resources_panda_moveit_config:/RoverFlake2/install/srdfdom:/RoverFlake2/install/moveit_resources_pr2_description:/RoverFlake2/install/moveit_resources_panda_description:/RoverFlake2/install/moveit_common:/RoverFlake2/install/pilz_industrial_motion_planner_testutils:/RoverFlake2/install/moveit_visual_tools:/RoverFlake2/install/moveit_ros_control_interface:/RoverFlake2/install/moveit_plugins:/RoverFlake2/install/moveit_simple_controller_manager:/RoverFlake2/install/moveit_ros_planning_interface:/RoverFlake2/install/moveit_ros_benchmarks:/RoverFlake2/install/moveit_ros_warehouse:/RoverFlake2/install/moveit_ros_robot_interaction:/RoverFlake2/install/moveit_ros_perception:/RoverFlake2/install/moveit_resources_prbt_pg70_support:/RoverFlake2/install/moveit_resources_prbt_moveit_config:/RoverFlake2/install/moveit_ros_move_group:/RoverFlake2/install/moveit_planners_ompl:/RoverFlake2/install/moveit_ros_planning:/RoverFlake2/install/moveit_resources_prbt_ikfast_manipulator_plugin:/RoverFlake2/install/moveit_planners_chomp:/RoverFlake2/install/moveit_kinematics:/RoverFlake2/install/moveit_chomp_optimizer_adapter:/RoverFlake2/install/chomp_motion_planner:/RoverFlake2/install/rviz_marker_tools:/RoverFlake2/install/rosparam_shortcuts:/RoverFlake2/install/moveit_task_constructor_msgs:/RoverFlake2/install/moveit_resources_prbt_support:/RoverFlake2/install/moveit_resources:/RoverFlake2/install/moveit_resources_fanuc_moveit_config:/RoverFlake2/install/moveit_resources_fanuc_description:/RoverFlake2/install/moveit_configs_utils:/RoverFlake2/install/launch_param_builder:/opt/ros/humble LD_LIBRARY_PATH=/RoverFlake2/install/moveit_ros_occupancy_map_monitor/lib:/RoverFlake2/install/moveit_core/lib:/RoverFlake2/install/srdfdom/lib:/RoverFlake2/install/pilz_industrial_motion_planner_testutils/lib:/RoverFlake2/install/moveit_visual_tools/lib:/RoverFlake2/install/moveit_ros_control_interface/lib:/RoverFlake2/install/moveit_simple_controller_manager/lib:/RoverFlake2/install/moveit_ros_planning_interface/lib:/RoverFlake2/install/moveit_ros_benchmarks/lib:/RoverFlake2/install/moveit_ros_warehouse/lib:/RoverFlake2/install/moveit_ros_robot_interaction/lib:/RoverFlake2/install/moveit_ros_perception/lib:/RoverFlake2/install/moveit_ros_move_group/lib:/RoverFlake2/install/moveit_planners_ompl/lib:/RoverFlake2/install/moveit_ros_planning/lib:/RoverFlake2/install/moveit_resources_prbt_ikfast_manipulator_plugin/lib:/RoverFlake2/install/moveit_planners_chomp/lib:/RoverFlake2/install/moveit_kinematics/lib:/RoverFlake2/install/moveit_chomp_optimizer_adapter/lib:/RoverFlake2/install/chomp_motion_planner/lib:/RoverFlake2/install/rviz_marker_tools/lib:/RoverFlake2/install/rosparam_shortcuts/lib:/RoverFlake2/install/moveit_task_constructor_msgs/lib:/opt/ros/humble/opt/rviz_ogre_vendor/lib:/opt/ros/humble/lib/x86_64-linux-gnu:/opt/ros/humble/lib PYTHONPATH=/RoverFlake2/install/moveit_configs_utils/lib/python3.10/site-packages:/RoverFlake2/install/launch_param_builder/lib/python3.10/site-packages:/RoverFlake2/install/srdfdom/local/lib/python3.10/dist-packages:/RoverFlake2/install/moveit_task_constructor_msgs/local/lib/python3.10/dist-packages:/opt/ros/humble/lib/python3.10/site-packages:/opt/ros/humble/local/lib/python3.10/dist-packages /usr/bin/cmake --install /RoverFlake2/build/moveit_ros_planning
