[0.010s] Invoking command in '/RoverFlake2/build/moveit_resources': AMENT_PREFIX_PATH=/RoverFlake2/install/moveit_resources_panda_moveit_config:/RoverFlake2/install/moveit_resources_fanuc_moveit_config:/RoverFlake2/install/moveit_resources_pr2_description:/RoverFlake2/install/moveit_resources_panda_description:/RoverFlake2/install/moveit_resources_fanuc_description:${AMENT_PREFIX_PATH} CMAKE_PREFIX_PATH=/RoverFlake2/install/moveit_resources_panda_moveit_config:/RoverFlake2/install/moveit_resources_fanuc_moveit_config:/RoverFlake2/install/moveit_resources_pr2_description:/RoverFlake2/install/moveit_resources_panda_description:/RoverFlake2/install/moveit_resources_fanuc_description:/opt/ros/humble /usr/bin/cmake /RoverFlake2/src/moveit_resources/moveit_resources -DCMAKE_BUILD_TYPE=Release -DCMAKE_INSTALL_PREFIX=/RoverFlake2/install/moveit_resources
[0.061s] -- The C compiler identification is GNU 11.4.0
[0.108s] -- The CXX compiler identification is GNU 11.4.0
[0.115s] -- Detecting C compiler ABI info
[0.179s] -- Detecting C compiler ABI info - done
[0.185s] -- Check for working C compiler: /usr/bin/cc - skipped
[0.185s] -- Detecting C compile features
[0.185s] -- Detecting C compile features - done
[0.188s] -- Detecting CXX compiler ABI info
[0.271s] -- Detecting CXX compiler ABI info - done
[0.278s] -- Check for working CXX compiler: /usr/bin/c++ - skipped
[0.278s] -- Detecting CXX compile features
[0.278s] -- Detecting CXX compile features - done
[0.282s] -- Found ament_cmake: 1.3.12 (/opt/ros/humble/share/ament_cmake/cmake)
[0.405s] -- Found Python3: /usr/bin/python3 (found version "3.10.12") found components: Interpreter 
[0.547s] -- Configuring done
[0.551s] -- Generating done
[0.554s] -- Build files have been written to: /RoverFlake2/build/moveit_resources
[0.561s] Invoked command in '/RoverFlake2/build/moveit_resources' returned '0': AMENT_PREFIX_PATH=/RoverFlake2/install/moveit_resources_panda_moveit_config:/RoverFlake2/install/moveit_resources_fanuc_moveit_config:/RoverFlake2/install/moveit_resources_pr2_description:/RoverFlake2/install/moveit_resources_panda_description:/RoverFlake2/install/moveit_resources_fanuc_description:${AMENT_PREFIX_PATH} CMAKE_PREFIX_PATH=/RoverFlake2/install/moveit_resources_panda_moveit_config:/RoverFlake2/install/moveit_resources_fanuc_moveit_config:/RoverFlake2/install/moveit_resources_pr2_description:/RoverFlake2/install/moveit_resources_panda_description:/RoverFlake2/install/moveit_resources_fanuc_description:/opt/ros/humble /usr/bin/cmake /RoverFlake2/src/moveit_resources/moveit_resources -DCMAKE_BUILD_TYPE=Release -DCMAKE_INSTALL_PREFIX=/RoverFlake2/install/moveit_resources
[0.562s] Invoking command in '/RoverFlake2/build/moveit_resources': AMENT_PREFIX_PATH=/RoverFlake2/install/moveit_resources_panda_moveit_config:/RoverFlake2/install/moveit_resources_fanuc_moveit_config:/RoverFlake2/install/moveit_resources_pr2_description:/RoverFlake2/install/moveit_resources_panda_description:/RoverFlake2/install/moveit_resources_fanuc_description:${AMENT_PREFIX_PATH} CMAKE_PREFIX_PATH=/RoverFlake2/install/moveit_resources_panda_moveit_config:/RoverFlake2/install/moveit_resources_fanuc_moveit_config:/RoverFlake2/install/moveit_resources_pr2_description:/RoverFlake2/install/moveit_resources_panda_description:/RoverFlake2/install/moveit_resources_fanuc_description:/opt/ros/humble /usr/bin/cmake --build /RoverFlake2/build/moveit_resources -- -j32 -l32
[0.596s] Invoked command in '/RoverFlake2/build/moveit_resources' returned '0': AMENT_PREFIX_PATH=/RoverFlake2/install/moveit_resources_panda_moveit_config:/RoverFlake2/install/moveit_resources_fanuc_moveit_config:/RoverFlake2/install/moveit_resources_pr2_description:/RoverFlake2/install/moveit_resources_panda_description:/RoverFlake2/install/moveit_resources_fanuc_description:${AMENT_PREFIX_PATH} CMAKE_PREFIX_PATH=/RoverFlake2/install/moveit_resources_panda_moveit_config:/RoverFlake2/install/moveit_resources_fanuc_moveit_config:/RoverFlake2/install/moveit_resources_pr2_description:/RoverFlake2/install/moveit_resources_panda_description:/RoverFlake2/install/moveit_resources_fanuc_description:/opt/ros/humble /usr/bin/cmake --build /RoverFlake2/build/moveit_resources -- -j32 -l32
[0.598s] Invoking command in '/RoverFlake2/build/moveit_resources': AMENT_PREFIX_PATH=/RoverFlake2/install/moveit_resources_panda_moveit_config:/RoverFlake2/install/moveit_resources_fanuc_moveit_config:/RoverFlake2/install/moveit_resources_pr2_description:/RoverFlake2/install/moveit_resources_panda_description:/RoverFlake2/install/moveit_resources_fanuc_description:${AMENT_PREFIX_PATH} CMAKE_PREFIX_PATH=/RoverFlake2/install/moveit_resources_panda_moveit_config:/RoverFlake2/install/moveit_resources_fanuc_moveit_config:/RoverFlake2/install/moveit_resources_pr2_description:/RoverFlake2/install/moveit_resources_panda_description:/RoverFlake2/install/moveit_resources_fanuc_description:/opt/ros/humble /usr/bin/cmake --install /RoverFlake2/build/moveit_resources
[0.603s] -- Install configuration: "Release"
[0.603s] -- Installing: /RoverFlake2/install/moveit_resources/share/ament_index/resource_index/package_run_dependencies/moveit_resources
[0.603s] -- Installing: /RoverFlake2/install/moveit_resources/share/ament_index/resource_index/parent_prefix_path/moveit_resources
[0.604s] -- Installing: /RoverFlake2/install/moveit_resources/share/moveit_resources/environment/ament_prefix_path.sh
[0.604s] -- Installing: /RoverFlake2/install/moveit_resources/share/moveit_resources/environment/ament_prefix_path.dsv
[0.604s] -- Installing: /RoverFlake2/install/moveit_resources/share/moveit_resources/environment/path.sh
[0.604s] -- Installing: /RoverFlake2/install/moveit_resources/share/moveit_resources/environment/path.dsv
[0.604s] -- Installing: /RoverFlake2/install/moveit_resources/share/moveit_resources/local_setup.bash
[0.604s] -- Installing: /RoverFlake2/install/moveit_resources/share/moveit_resources/local_setup.sh
[0.604s] -- Installing: /RoverFlake2/install/moveit_resources/share/moveit_resources/local_setup.zsh
[0.604s] -- Installing: /RoverFlake2/install/moveit_resources/share/moveit_resources/local_setup.dsv
[0.604s] -- Installing: /RoverFlake2/install/moveit_resources/share/moveit_resources/package.dsv
[0.605s] -- Installing: /RoverFlake2/install/moveit_resources/share/ament_index/resource_index/packages/moveit_resources
[0.605s] -- Installing: /RoverFlake2/install/moveit_resources/share/moveit_resources/cmake/moveit_resourcesConfig.cmake
[0.605s] -- Installing: /RoverFlake2/install/moveit_resources/share/moveit_resources/cmake/moveit_resourcesConfig-version.cmake
[0.605s] -- Installing: /RoverFlake2/install/moveit_resources/share/moveit_resources/package.xml
[0.607s] Invoked command in '/RoverFlake2/build/moveit_resources' returned '0': AMENT_PREFIX_PATH=/RoverFlake2/install/moveit_resources_panda_moveit_config:/RoverFlake2/install/moveit_resources_fanuc_moveit_config:/RoverFlake2/install/moveit_resources_pr2_description:/RoverFlake2/install/moveit_resources_panda_description:/RoverFlake2/install/moveit_resources_fanuc_description:${AMENT_PREFIX_PATH} CMAKE_PREFIX_PATH=/RoverFlake2/install/moveit_resources_panda_moveit_config:/RoverFlake2/install/moveit_resources_fanuc_moveit_config:/RoverFlake2/install/moveit_resources_pr2_description:/RoverFlake2/install/moveit_resources_panda_description:/RoverFlake2/install/moveit_resources_fanuc_description:/opt/ros/humble /usr/bin/cmake --install /RoverFlake2/build/moveit_resources
