[0.461s] Invoking command in '/RoverFlake2/src/launch_param_builder': PYTHONPATH=/RoverFlake2/build/launch_param_builder/prefix_override:/usr/lib/python3/dist-packages/colcon_core/task/python/colcon_distutils_commands:/RoverFlake2/install/launch_param_builder/lib/python3.10/site-packages:${PYTHONPATH} /usr/bin/python3 -W ignore:setup.py install is deprecated -W ignore:easy_install command is deprecated setup.py egg_info --egg-base ../../build/launch_param_builder build --build-base /RoverFlake2/build/launch_param_builder/build install --record /RoverFlake2/build/launch_param_builder/install.log --single-version-externally-managed install_data
[0.599s] running egg_info
[0.600s] creating ../../build/launch_param_builder/launch_param_builder.egg-info
[0.600s] writing ../../build/launch_param_builder/launch_param_builder.egg-info/PKG-INFO
[0.601s] writing dependency_links to ../../build/launch_param_builder/launch_param_builder.egg-info/dependency_links.txt
[0.601s] writing entry points to ../../build/launch_param_builder/launch_param_builder.egg-info/entry_points.txt
[0.601s] writing requirements to ../../build/launch_param_builder/launch_param_builder.egg-info/requires.txt
[0.601s] writing top-level names to ../../build/launch_param_builder/launch_param_builder.egg-info/top_level.txt
[0.601s] writing manifest file '../../build/launch_param_builder/launch_param_builder.egg-info/SOURCES.txt'
[0.603s] reading manifest file '../../build/launch_param_builder/launch_param_builder.egg-info/SOURCES.txt'
[0.603s] adding license file 'LICENSE'
[0.603s] writing manifest file '../../build/launch_param_builder/launch_param_builder.egg-info/SOURCES.txt'
[0.603s] running build
[0.603s] running build_py
[0.604s] creating /RoverFlake2/build/launch_param_builder/build
[0.604s] creating /RoverFlake2/build/launch_param_builder/build/lib
[0.604s] creating /RoverFlake2/build/launch_param_builder/build/lib/launch_param_builder
[0.604s] copying launch_param_builder/utils.py -> /RoverFlake2/build/launch_param_builder/build/lib/launch_param_builder
[0.604s] copying launch_param_builder/launch_param_builder.py -> /RoverFlake2/build/launch_param_builder/build/lib/launch_param_builder
[0.604s] copying launch_param_builder/__init__.py -> /RoverFlake2/build/launch_param_builder/build/lib/launch_param_builder
[0.604s] running install
[0.604s] running install_lib
[0.605s] creating /RoverFlake2/install/launch_param_builder/lib/python3.10/site-packages/launch_param_builder
[0.605s] copying /RoverFlake2/build/launch_param_builder/build/lib/launch_param_builder/utils.py -> /RoverFlake2/install/launch_param_builder/lib/python3.10/site-packages/launch_param_builder
[0.605s] copying /RoverFlake2/build/launch_param_builder/build/lib/launch_param_builder/launch_param_builder.py -> /RoverFlake2/install/launch_param_builder/lib/python3.10/site-packages/launch_param_builder
[0.605s] copying /RoverFlake2/build/launch_param_builder/build/lib/launch_param_builder/__init__.py -> /RoverFlake2/install/launch_param_builder/lib/python3.10/site-packages/launch_param_builder
[0.605s] byte-compiling /RoverFlake2/install/launch_param_builder/lib/python3.10/site-packages/launch_param_builder/utils.py to utils.cpython-310.pyc
[0.605s] byte-compiling /RoverFlake2/install/launch_param_builder/lib/python3.10/site-packages/launch_param_builder/launch_param_builder.py to launch_param_builder.cpython-310.pyc
[0.605s] byte-compiling /RoverFlake2/install/launch_param_builder/lib/python3.10/site-packages/launch_param_builder/__init__.py to __init__.cpython-310.pyc
[0.605s] running install_data
[0.605s] creating /RoverFlake2/install/launch_param_builder/share/ament_index
[0.605s] creating /RoverFlake2/install/launch_param_builder/share/ament_index/resource_index
[0.605s] creating /RoverFlake2/install/launch_param_builder/share/ament_index/resource_index/packages
[0.605s] copying resource/launch_param_builder -> /RoverFlake2/install/launch_param_builder/share/ament_index/resource_index/packages
[0.605s] creating /RoverFlake2/install/launch_param_builder/share/launch_param_builder/launch
[0.605s] copying example/launch_param_builder_example.launch.py -> /RoverFlake2/install/launch_param_builder/share/launch_param_builder/launch
[0.605s] creating /RoverFlake2/install/launch_param_builder/share/launch_param_builder/config
[0.605s] copying test/data/parameters.yaml -> /RoverFlake2/install/launch_param_builder/share/launch_param_builder/config
[0.605s] copying test/data/parameter.xacro -> /RoverFlake2/install/launch_param_builder/share/launch_param_builder/config
[0.605s] copying test/data/parameters_injection.yaml -> /RoverFlake2/install/launch_param_builder/share/launch_param_builder/config
[0.606s] copying test/data/parameter_file -> /RoverFlake2/install/launch_param_builder/share/launch_param_builder/config
[0.606s] copying test/data/param_file_to_inject.yaml -> /RoverFlake2/install/launch_param_builder/share/launch_param_builder/config
[0.606s] copying package.xml -> /RoverFlake2/install/launch_param_builder/share/launch_param_builder
[0.606s] creating /RoverFlake2/install/launch_param_builder/lib/launch_param_builder
[0.606s] copying example/example_node.py -> /RoverFlake2/install/launch_param_builder/lib/launch_param_builder
[0.606s] running install_egg_info
[0.606s] Copying ../../build/launch_param_builder/launch_param_builder.egg-info to /RoverFlake2/install/launch_param_builder/lib/python3.10/site-packages/launch_param_builder-0.1.1-py3.10.egg-info
[0.606s] running install_scripts
[0.621s] writing list of installed files to '/RoverFlake2/build/launch_param_builder/install.log'
[0.656s] Invoked command in '/RoverFlake2/src/launch_param_builder' returned '0': PYTHONPATH=/RoverFlake2/build/launch_param_builder/prefix_override:/usr/lib/python3/dist-packages/colcon_core/task/python/colcon_distutils_commands:/RoverFlake2/install/launch_param_builder/lib/python3.10/site-packages:${PYTHONPATH} /usr/bin/python3 -W ignore:setup.py install is deprecated -W ignore:easy_install command is deprecated setup.py egg_info --egg-base ../../build/launch_param_builder build --build-base /RoverFlake2/build/launch_param_builder/build install --record /RoverFlake2/build/launch_param_builder/install.log --single-version-externally-managed install_data
