[0.010s] Invoking command in '/RoverFlake2/build/moveit_resources_panda_moveit_config': AMENT_PREFIX_PATH=/RoverFlake2/install/moveit_resources_panda_description:${AMENT_PREFIX_PATH} CMAKE_PREFIX_PATH=/RoverFlake2/install/moveit_resources_panda_description:/opt/ros/humble /usr/bin/cmake /RoverFlake2/src/moveit_resources/panda_moveit_config -DCMAKE_BUILD_TYPE=Release -DCMAKE_INSTALL_PREFIX=/RoverFlake2/install/moveit_resources_panda_moveit_config
[0.052s] -- The C compiler identification is GNU 11.4.0
[0.094s] -- The CXX compiler identification is GNU 11.4.0
[0.100s] -- Detecting C compiler ABI info
[0.156s] -- Detecting C compiler ABI info - done
[0.160s] -- Check for working C compiler: /usr/bin/cc - skipped
[0.160s] -- Detecting C compile features
[0.161s] -- Detecting C compile features - done
[0.163s] -- Detecting CXX compiler ABI info
[0.224s] -- Detecting CXX compiler ABI info - done
[0.228s] -- Check for working CXX compiler: /usr/bin/c++ - skipped
[0.228s] -- Detecting CXX compile features
[0.229s] -- Detecting CXX compile features - done
[0.231s] -- Found ament_cmake: 1.3.12 (/opt/ros/humble/share/ament_cmake/cmake)
[0.335s] -- Found Python3: /usr/bin/python3 (found version "3.10.12") found components: Interpreter 
[0.441s] -- Configuring done
[0.444s] -- Generating done
[0.445s] -- Build files have been written to: /RoverFlake2/build/moveit_resources_panda_moveit_config
[0.451s] Invoked command in '/RoverFlake2/build/moveit_resources_panda_moveit_config' returned '0': AMENT_PREFIX_PATH=/RoverFlake2/install/moveit_resources_panda_description:${AMENT_PREFIX_PATH} CMAKE_PREFIX_PATH=/RoverFlake2/install/moveit_resources_panda_description:/opt/ros/humble /usr/bin/cmake /RoverFlake2/src/moveit_resources/panda_moveit_config -DCMAKE_BUILD_TYPE=Release -DCMAKE_INSTALL_PREFIX=/RoverFlake2/install/moveit_resources_panda_moveit_config
[0.453s] Invoking command in '/RoverFlake2/build/moveit_resources_panda_moveit_config': AMENT_PREFIX_PATH=/RoverFlake2/install/moveit_resources_panda_description:${AMENT_PREFIX_PATH} CMAKE_PREFIX_PATH=/RoverFlake2/install/moveit_resources_panda_description:/opt/ros/humble /usr/bin/cmake --build /RoverFlake2/build/moveit_resources_panda_moveit_config -- -j32 -l32
[0.481s] Invoked command in '/RoverFlake2/build/moveit_resources_panda_moveit_config' returned '0': AMENT_PREFIX_PATH=/RoverFlake2/install/moveit_resources_panda_description:${AMENT_PREFIX_PATH} CMAKE_PREFIX_PATH=/RoverFlake2/install/moveit_resources_panda_description:/opt/ros/humble /usr/bin/cmake --build /RoverFlake2/build/moveit_resources_panda_moveit_config -- -j32 -l32
[0.484s] Invoking command in '/RoverFlake2/build/moveit_resources_panda_moveit_config': AMENT_PREFIX_PATH=/RoverFlake2/install/moveit_resources_panda_description:${AMENT_PREFIX_PATH} CMAKE_PREFIX_PATH=/RoverFlake2/install/moveit_resources_panda_description:/opt/ros/humble /usr/bin/cmake --install /RoverFlake2/build/moveit_resources_panda_moveit_config
[0.490s] -- Install configuration: "Release"
[0.490s] -- Installing: /RoverFlake2/install/moveit_resources_panda_moveit_config/share/ament_index/resource_index/package_run_dependencies/moveit_resources_panda_moveit_config
[0.491s] -- Installing: /RoverFlake2/install/moveit_resources_panda_moveit_config/share/ament_index/resource_index/parent_prefix_path/moveit_resources_panda_moveit_config
[0.491s] -- Installing: /RoverFlake2/install/moveit_resources_panda_moveit_config/share/moveit_resources_panda_moveit_config/environment/ament_prefix_path.sh
[0.491s] -- Installing: /RoverFlake2/install/moveit_resources_panda_moveit_config/share/moveit_resources_panda_moveit_config/environment/ament_prefix_path.dsv
[0.491s] -- Installing: /RoverFlake2/install/moveit_resources_panda_moveit_config/share/moveit_resources_panda_moveit_config/environment/path.sh
[0.491s] -- Installing: /RoverFlake2/install/moveit_resources_panda_moveit_config/share/moveit_resources_panda_moveit_config/environment/path.dsv
[0.491s] -- Installing: /RoverFlake2/install/moveit_resources_panda_moveit_config/share/moveit_resources_panda_moveit_config/local_setup.bash
[0.491s] -- Installing: /RoverFlake2/install/moveit_resources_panda_moveit_config/share/moveit_resources_panda_moveit_config/local_setup.sh
[0.491s] -- Installing: /RoverFlake2/install/moveit_resources_panda_moveit_config/share/moveit_resources_panda_moveit_config/local_setup.zsh
[0.491s] -- Installing: /RoverFlake2/install/moveit_resources_panda_moveit_config/share/moveit_resources_panda_moveit_config/local_setup.dsv
[0.492s] -- Installing: /RoverFlake2/install/moveit_resources_panda_moveit_config/share/moveit_resources_panda_moveit_config/package.dsv
[0.492s] -- Installing: /RoverFlake2/install/moveit_resources_panda_moveit_config/share/ament_index/resource_index/packages/moveit_resources_panda_moveit_config
[0.492s] -- Installing: /RoverFlake2/install/moveit_resources_panda_moveit_config/share/moveit_resources_panda_moveit_config/cmake/moveit_resources_panda_moveit_configConfig.cmake
[0.492s] -- Installing: /RoverFlake2/install/moveit_resources_panda_moveit_config/share/moveit_resources_panda_moveit_config/cmake/moveit_resources_panda_moveit_configConfig-version.cmake
[0.492s] -- Installing: /RoverFlake2/install/moveit_resources_panda_moveit_config/share/moveit_resources_panda_moveit_config/package.xml
[0.492s] -- Installing: /RoverFlake2/install/moveit_resources_panda_moveit_config/share/moveit_resources_panda_moveit_config/launch
[0.492s] -- Installing: /RoverFlake2/install/moveit_resources_panda_moveit_config/share/moveit_resources_panda_moveit_config/launch/moveit_rviz.launch.py
[0.492s] -- Installing: /RoverFlake2/install/moveit_resources_panda_moveit_config/share/moveit_resources_panda_moveit_config/launch/demo.launch.py
[0.492s] -- Installing: /RoverFlake2/install/moveit_resources_panda_moveit_config/share/moveit_resources_panda_moveit_config/launch/moveit_empty.rviz
[0.492s] -- Installing: /RoverFlake2/install/moveit_resources_panda_moveit_config/share/moveit_resources_panda_moveit_config/launch/moveit.rviz
[0.493s] -- Installing: /RoverFlake2/install/moveit_resources_panda_moveit_config/share/moveit_resources_panda_moveit_config/config
[0.493s] -- Installing: /RoverFlake2/install/moveit_resources_panda_moveit_config/share/moveit_resources_panda_moveit_config/config/panda.urdf.xacro
[0.493s] -- Installing: /RoverFlake2/install/moveit_resources_panda_moveit_config/share/moveit_resources_panda_moveit_config/config/moveit_controllers.yaml
[0.493s] -- Installing: /RoverFlake2/install/moveit_resources_panda_moveit_config/share/moveit_resources_panda_moveit_config/config/panda.srdf
[0.493s] -- Installing: /RoverFlake2/install/moveit_resources_panda_moveit_config/share/moveit_resources_panda_moveit_config/config/pilz_industrial_motion_planner_planning.yaml
[0.493s] -- Installing: /RoverFlake2/install/moveit_resources_panda_moveit_config/share/moveit_resources_panda_moveit_config/config/ompl_planning.yaml
[0.493s] -- Installing: /RoverFlake2/install/moveit_resources_panda_moveit_config/share/moveit_resources_panda_moveit_config/config/initial_positions.yaml
[0.493s] -- Installing: /RoverFlake2/install/moveit_resources_panda_moveit_config/share/moveit_resources_panda_moveit_config/config/kinematics.yaml
[0.493s] -- Installing: /RoverFlake2/install/moveit_resources_panda_moveit_config/share/moveit_resources_panda_moveit_config/config/joint_limits.yaml
[0.493s] -- Installing: /RoverFlake2/install/moveit_resources_panda_moveit_config/share/moveit_resources_panda_moveit_config/config/panda_arm.xacro
[0.493s] -- Installing: /RoverFlake2/install/moveit_resources_panda_moveit_config/share/moveit_resources_panda_moveit_config/config/sensors_kinect_pointcloud.yaml
[0.494s] -- Installing: /RoverFlake2/install/moveit_resources_panda_moveit_config/share/moveit_resources_panda_moveit_config/config/hand.xacro
[0.494s] -- Installing: /RoverFlake2/install/moveit_resources_panda_moveit_config/share/moveit_resources_panda_moveit_config/config/gripper_moveit_controllers.yaml
[0.494s] -- Installing: /RoverFlake2/install/moveit_resources_panda_moveit_config/share/moveit_resources_panda_moveit_config/config/panda.ros2_control.xacro
[0.494s] -- Installing: /RoverFlake2/install/moveit_resources_panda_moveit_config/share/moveit_resources_panda_moveit_config/config/pilz_cartesian_limits.yaml
[0.494s] -- Installing: /RoverFlake2/install/moveit_resources_panda_moveit_config/share/moveit_resources_panda_moveit_config/config/panda_arm.srdf.xacro
[0.494s] -- Installing: /RoverFlake2/install/moveit_resources_panda_moveit_config/share/moveit_resources_panda_moveit_config/config/sensors_kinect_depthmap.yaml
[0.494s] -- Installing: /RoverFlake2/install/moveit_resources_panda_moveit_config/share/moveit_resources_panda_moveit_config/config/panda_hand.ros2_control.xacro
[0.494s] -- Installing: /RoverFlake2/install/moveit_resources_panda_moveit_config/share/moveit_resources_panda_moveit_config/config/panda_arm_hand.srdf.xacro
[0.494s] -- Installing: /RoverFlake2/install/moveit_resources_panda_moveit_config/share/moveit_resources_panda_moveit_config/config/chomp_planning.yaml
[0.494s] -- Installing: /RoverFlake2/install/moveit_resources_panda_moveit_config/share/moveit_resources_panda_moveit_config/config/trajopt_planning.yaml
[0.494s] -- Installing: /RoverFlake2/install/moveit_resources_panda_moveit_config/share/moveit_resources_panda_moveit_config/config/ros2_controllers.yaml
[0.495s] -- Installing: /RoverFlake2/install/moveit_resources_panda_moveit_config/share/moveit_resources_panda_moveit_config/config/lerp_planning.yaml
[0.495s] -- Installing: /RoverFlake2/install/moveit_resources_panda_moveit_config/share/moveit_resources_panda_moveit_config/.setup_assistant
[0.498s] Invoked command in '/RoverFlake2/build/moveit_resources_panda_moveit_config' returned '0': AMENT_PREFIX_PATH=/RoverFlake2/install/moveit_resources_panda_description:${AMENT_PREFIX_PATH} CMAKE_PREFIX_PATH=/RoverFlake2/install/moveit_resources_panda_description:/opt/ros/humble /usr/bin/cmake --install /RoverFlake2/build/moveit_resources_panda_moveit_config
