[0.016s] Invoking command in '/RoverFlake2/build/moveit_ros_planning': AMENT_PREFIX_PATH=/RoverFlake2/install/moveit_ros_occupancy_map_monitor:/RoverFlake2/install/moveit_core:/RoverFlake2/install/moveit_resources_panda_moveit_config:/RoverFlake2/install/moveit_configs_utils:/RoverFlake2/install/srdfdom:/RoverFlake2/install/moveit_resources_pr2_description:/RoverFlake2/install/moveit_resources_panda_description:/RoverFlake2/install/moveit_common:/RoverFlake2/install/launch_param_builder:${AMENT_PREFIX_PATH} CMAKE_PREFIX_PATH=/RoverFlake2/install/moveit_ros_occupancy_map_monitor:/RoverFlake2/install/moveit_core:/RoverFlake2/install/moveit_resources_panda_moveit_config:/RoverFlake2/install/srdfdom:/RoverFlake2/install/moveit_resources_pr2_description:/RoverFlake2/install/moveit_resources_panda_description:/RoverFlake2/install/moveit_common:/opt/ros/humble LD_LIBRARY_PATH=/RoverFlake2/install/moveit_ros_occupancy_map_monitor/lib:/RoverFlake2/install/moveit_core/lib:/RoverFlake2/install/srdfdom/lib:${LD_LIBRARY_PATH} PATH=/RoverFlake2/install/moveit_core/bin:${PATH} PYTHONPATH=/RoverFlake2/install/moveit_configs_utils/lib/python3.10/site-packages:/RoverFlake2/install/srdfdom/local/lib/python3.10/dist-packages:/RoverFlake2/install/launch_param_builder/lib/python3.10/site-packages:${PYTHONPATH} /usr/bin/cmake /RoverFlake2/src/moveit2/moveit_ros/planning -DCMAKE_BUILD_TYPE=Release -DCMAKE_INSTALL_PREFIX=/RoverFlake2/install/moveit_ros_planning
[0.068s] -- The C compiler identification is GNU 11.4.0
[0.114s] -- The CXX compiler identification is GNU 11.4.0
[0.120s] -- Detecting C compiler ABI info
[0.167s] -- Detecting C compiler ABI info - done
[0.172s] -- Check for working C compiler: /usr/bin/cc - skipped
[0.172s] -- Detecting C compile features
[0.172s] -- Detecting C compile features - done
[0.174s] -- Detecting CXX compiler ABI info
[0.227s] -- Detecting CXX compiler ABI info - done
[0.231s] -- Check for working CXX compiler: /usr/bin/c++ - skipped
[0.231s] -- Detecting CXX compile features
[0.232s] -- Detecting CXX compile features - done
[0.233s] -- Found moveit_common: 2.5.9 (/RoverFlake2/install/moveit_common/share/moveit_common/cmake)
[0.236s] -- Found ament_cmake: 1.3.12 (/opt/ros/humble/share/ament_cmake/cmake)
[0.344s] -- Found Python3: /usr/bin/python3 (found version "3.10.12") found components: Interpreter 
[0.452s] -- Found moveit_msgs: 2.2.1 (/opt/ros/humble/share/moveit_msgs/cmake)
[0.484s] -- Found rosidl_generator_c: 3.1.8 (/opt/ros/humble/share/rosidl_generator_c/cmake)
[0.490s] -- Found rosidl_adapter: 3.1.8 (/opt/ros/humble/share/rosidl_adapter/cmake)
[0.498s] -- Found rosidl_generator_cpp: 3.1.8 (/opt/ros/humble/share/rosidl_generator_cpp/cmake)
[0.508s] -- Using all available rosidl_typesupport_c: rosidl_typesupport_fastrtps_c;rosidl_typesupport_introspection_c
[0.522s] -- Using all available rosidl_typesupport_cpp: rosidl_typesupport_fastrtps_cpp;rosidl_typesupport_introspection_cpp
[0.646s] -- Found pluginlib: 5.1.3 (/opt/ros/humble/share/pluginlib/cmake)
[0.677s] -- Found rclcpp: 16.0.17 (/opt/ros/humble/share/rclcpp/cmake)
[0.711s] -- Found rmw_implementation_cmake: 6.1.2 (/opt/ros/humble/share/rmw_implementation_cmake/cmake)
[0.715s] -- Found rmw_cyclonedds_cpp: 1.3.4 (/opt/ros/humble/share/rmw_cyclonedds_cpp/cmake)
[0.734s] -- Using RMW implementation 'rmw_cyclonedds_cpp' as default
[0.744s] -- Looking for pthread.h
[0.831s] -- Looking for pthread.h - found
[0.831s] -- Performing Test CMAKE_HAVE_LIBC_PTHREAD
[0.911s] -- Performing Test CMAKE_HAVE_LIBC_PTHREAD - Success
[0.912s] -- Found Threads: TRUE  
[0.948s] -- Found message_filters: 4.3.11 (/opt/ros/humble/share/message_filters/cmake)
[0.951s] -- Found srdfdom: 2.0.8 (/RoverFlake2/install/srdfdom/share/srdfdom/cmake)
[0.967s] -- Found tf2: 0.25.18 (/opt/ros/humble/share/tf2/cmake)
[0.972s] -- Found tf2_geometry_msgs: 0.25.18 (/opt/ros/humble/share/tf2_geometry_msgs/cmake)
[0.991s] -- Found eigen3_cmake_module: 0.1.1 (/opt/ros/humble/share/eigen3_cmake_module/cmake)
[0.992s] -- Found Eigen3: TRUE (found version "3.4.0") 
[0.993s] -- Ensuring Eigen3 include directory is part of orocos-kdl CMake target
[1.053s] -- Found tf2_eigen: 0.25.18 (/opt/ros/humble/share/tf2_eigen/cmake)
[1.057s] -- Found moveit_core: 2.5.9 (/RoverFlake2/install/moveit_core/share/moveit_core/cmake)
[1.103s] -- Found Boost: /usr/lib/x86_64-linux-gnu/cmake/Boost-1.74.0/BoostConfig.cmake (found version "1.74.0") found components: chrono date_time filesystem iostreams program_options regex serialization system thread 
[1.142s] -- Found parameter_traits: 0.6.0 (/opt/ros/humble/share/parameter_traits/cmake)
[1.159s] -- Found rclcpp_lifecycle: 16.0.17 (/opt/ros/humble/share/rclcpp_lifecycle/cmake)
[1.183s] -- Found Boost: /usr/lib/x86_64-linux-gnu/cmake/Boost-1.74.0/BoostConfig.cmake (found version "1.74.0") found components: filesystem 
[1.268s] -- library: /usr/lib/x86_64-linux-gnu/libcurl.so
[1.312s] -- Found moveit_ros_occupancy_map_monitor: 2.5.9 (/RoverFlake2/install/moveit_ros_occupancy_map_monitor/share/moveit_ros_occupancy_map_monitor/cmake)
[1.327s] -- Found Boost: /usr/lib/x86_64-linux-gnu/cmake/Boost-1.74.0/BoostConfig.cmake (found version "1.74.0") found components: system filesystem date_time program_options thread chrono 
[1.352s] -- Performing Test COMPILER_HAS_HIDDEN_VISIBILITY
[1.430s] -- Performing Test COMPILER_HAS_HIDDEN_VISIBILITY - Success
[1.430s] -- Performing Test COMPILER_HAS_HIDDEN_INLINE_VISIBILITY
[1.501s] -- Performing Test COMPILER_HAS_HIDDEN_INLINE_VISIBILITY - Success
[1.501s] -- Performing Test COMPILER_HAS_DEPRECATED_ATTR
[1.572s] -- Performing Test COMPILER_HAS_DEPRECATED_ATTR - Success
[1.592s] -- Found ament_cmake_gtest: 1.3.12 (/opt/ros/humble/share/ament_cmake_gtest/cmake)
[1.595s] -- Found ament_cmake_gmock: 1.3.12 (/opt/ros/humble/share/ament_cmake_gmock/cmake)
[1.598s] -- Found ros_testing: 0.4.0 (/opt/ros/humble/share/ros_testing/cmake)
[1.600s] -- Found launch_testing_ament_cmake: 1.0.13 (/opt/ros/humble/share/launch_testing_ament_cmake/cmake)
[1.603s] -- Found python_cmake_module: 0.10.0 (/opt/ros/humble/share/python_cmake_module/cmake)
[1.619s] -- Found PythonInterp: /usr/bin/python3 (found suitable version "3.10.12", minimum required is "3.6") 
[1.624s] -- Found PythonLibs: /usr/lib/x86_64-linux-gnu/libpython3.10.so (found suitable version "3.10.12", minimum required is "3.5") 
[1.624s] -- Using PYTHON_EXECUTABLE: /usr/bin/python3
[1.624s] -- Using PYTHON_INCLUDE_DIRS: /usr/include/python3.10
[1.624s] -- Using PYTHON_LIBRARIES: /usr/lib/x86_64-linux-gnu/libpython3.10.so
[1.640s] -- Found PythonExtra: .so  
[1.643s] -- Found gmock sources under '/opt/ros/humble/src/gmock_vendor': C++ tests using 'Google Mock' will be built
[1.647s] -- Found gtest sources under '/opt/ros/humble/src/gtest_vendor': C++ tests using 'Google Test' will be built
[1.670s] -- Found ament_lint_auto: 0.12.14 (/opt/ros/humble/share/ament_lint_auto/cmake)
[1.693s] -- Found launch_testing_ament_cmake: 1.0.13 (/opt/ros/humble/share/launch_testing_ament_cmake/cmake)
[1.693s] -- Found python_cmake_module: 0.10.0 (/opt/ros/humble/share/python_cmake_module/cmake)
[1.709s] -- Using PYTHON_EXECUTABLE: /usr/bin/python3
[1.709s] -- Using PYTHON_INCLUDE_DIRS: /usr/include/python3.10
[1.709s] -- Using PYTHON_LIBRARIES: /usr/lib/x86_64-linux-gnu/libpython3.10.so
[1.725s] -- Added test 'cppcheck' to perform static code analysis on C / C++ code
[1.726s] -- Configured cppcheck include dirs: /RoverFlake2/src/moveit2/moveit_ros/planning/rdf_loader/include;/RoverFlake2/src/moveit2/moveit_ros/planning/kinematics_plugin_loader/include;/RoverFlake2/src/moveit2/moveit_ros/planning/robot_model_loader/include;/RoverFlake2/src/moveit2/moveit_ros/planning/constraint_sampler_manager_loader/include;/RoverFlake2/src/moveit2/moveit_ros/planning/planning_pipeline/include;/RoverFlake2/src/moveit2/moveit_ros/planning/planning_scene_monitor/include;/RoverFlake2/src/moveit2/moveit_ros/planning/trajectory_execution_manager/include;/RoverFlake2/src/moveit2/moveit_ros/planning/plan_execution/include;/RoverFlake2/src/moveit2/moveit_ros/planning/collision_plugin_loader/include;/RoverFlake2/src/moveit2/moveit_ros/planning/moveit_cpp/include
[1.726s] -- Configured cppcheck exclude dirs and/or files: 
[1.728s] -- Added test 'lint_cmake' to check CMake code style
[1.729s] -- Added test 'pep257' to check Python code against some of the docstring style conventions in PEP 257
[1.730s] -- Added test 'xmllint' to check XML markup files
[1.733s] -- Configuring done
[1.993s] -- Generating done
[2.047s] -- Build files have been written to: /RoverFlake2/build/moveit_ros_planning
[2.075s] Invoked command in '/RoverFlake2/build/moveit_ros_planning' returned '0': AMENT_PREFIX_PATH=/RoverFlake2/install/moveit_ros_occupancy_map_monitor:/RoverFlake2/install/moveit_core:/RoverFlake2/install/moveit_resources_panda_moveit_config:/RoverFlake2/install/moveit_configs_utils:/RoverFlake2/install/srdfdom:/RoverFlake2/install/moveit_resources_pr2_description:/RoverFlake2/install/moveit_resources_panda_description:/RoverFlake2/install/moveit_common:/RoverFlake2/install/launch_param_builder:${AMENT_PREFIX_PATH} CMAKE_PREFIX_PATH=/RoverFlake2/install/moveit_ros_occupancy_map_monitor:/RoverFlake2/install/moveit_core:/RoverFlake2/install/moveit_resources_panda_moveit_config:/RoverFlake2/install/srdfdom:/RoverFlake2/install/moveit_resources_pr2_description:/RoverFlake2/install/moveit_resources_panda_description:/RoverFlake2/install/moveit_common:/opt/ros/humble LD_LIBRARY_PATH=/RoverFlake2/install/moveit_ros_occupancy_map_monitor/lib:/RoverFlake2/install/moveit_core/lib:/RoverFlake2/install/srdfdom/lib:${LD_LIBRARY_PATH} PATH=/RoverFlake2/install/moveit_core/bin:${PATH} PYTHONPATH=/RoverFlake2/install/moveit_configs_utils/lib/python3.10/site-packages:/RoverFlake2/install/srdfdom/local/lib/python3.10/dist-packages:/RoverFlake2/install/launch_param_builder/lib/python3.10/site-packages:${PYTHONPATH} /usr/bin/cmake /RoverFlake2/src/moveit2/moveit_ros/planning -DCMAKE_BUILD_TYPE=Release -DCMAKE_INSTALL_PREFIX=/RoverFlake2/install/moveit_ros_planning
[2.077s] Invoking command in '/RoverFlake2/build/moveit_ros_planning': AMENT_PREFIX_PATH=/RoverFlake2/install/moveit_ros_occupancy_map_monitor:/RoverFlake2/install/moveit_core:/RoverFlake2/install/moveit_resources_panda_moveit_config:/RoverFlake2/install/moveit_configs_utils:/RoverFlake2/install/srdfdom:/RoverFlake2/install/moveit_resources_pr2_description:/RoverFlake2/install/moveit_resources_panda_description:/RoverFlake2/install/moveit_common:/RoverFlake2/install/launch_param_builder:${AMENT_PREFIX_PATH} CMAKE_PREFIX_PATH=/RoverFlake2/install/moveit_ros_occupancy_map_monitor:/RoverFlake2/install/moveit_core:/RoverFlake2/install/moveit_resources_panda_moveit_config:/RoverFlake2/install/srdfdom:/RoverFlake2/install/moveit_resources_pr2_description:/RoverFlake2/install/moveit_resources_panda_description:/RoverFlake2/install/moveit_common:/opt/ros/humble LD_LIBRARY_PATH=/RoverFlake2/install/moveit_ros_occupancy_map_monitor/lib:/RoverFlake2/install/moveit_core/lib:/RoverFlake2/install/srdfdom/lib:${LD_LIBRARY_PATH} PATH=/RoverFlake2/install/moveit_core/bin:${PATH} PYTHONPATH=/RoverFlake2/install/moveit_configs_utils/lib/python3.10/site-packages:/RoverFlake2/install/srdfdom/local/lib/python3.10/dist-packages:/RoverFlake2/install/launch_param_builder/lib/python3.10/site-packages:${PYTHONPATH} /usr/bin/cmake --build /RoverFlake2/build/moveit_ros_planning -- -j32 -l32
[2.122s] [  8%] [32mBuilding CXX object planning_pipeline/CMakeFiles/moveit_planning_pipeline.dir/src/planning_pipeline.cpp.o[0m
[2.122s] [  8%] [32mBuilding CXX object rdf_loader/CMakeFiles/moveit_rdf_loader.dir/src/synchronized_string_parameter.cpp.o[0m
[2.122s] [  8%] [32mBuilding CXX object collision_plugin_loader/CMakeFiles/moveit_collision_plugin_loader.dir/src/collision_plugin_loader.cpp.o[0m
[2.122s] [  8%] [32mBuilding CXX object gmock/CMakeFiles/gmock.dir/src/gmock-all.cc.o[0m
[2.122s] [  8%] [32mBuilding CXX object gmock/CMakeFiles/gmock_main.dir/src/gmock_main.cc.o[0m
[2.122s] [  8%] [32mBuilding CXX object gmock/CMakeFiles/gmock.dir/opt/ros/humble/src/gtest_vendor/src/gtest-all.cc.o[0m
[2.122s] [ 11%] [32mBuilding CXX object planning_request_adapter_plugins/CMakeFiles/moveit_default_planning_request_adapter_plugins.dir/src/empty.cpp.o[0m
[2.122s] [ 11%] [32mBuilding CXX object rdf_loader/CMakeFiles/moveit_rdf_loader.dir/src/rdf_loader.cpp.o[0m
[2.123s] [ 13%] [32mBuilding CXX object planning_request_adapter_plugins/CMakeFiles/moveit_default_planning_request_adapter_plugins.dir/src/fix_start_state_collision.cpp.o[0m
[2.123s] [ 14%] [32mBuilding CXX object planning_request_adapter_plugins/CMakeFiles/moveit_default_planning_request_adapter_plugins.dir/src/fix_start_state_bounds.cpp.o[0m
[2.123s] [ 16%] [32mBuilding CXX object planning_request_adapter_plugins/CMakeFiles/moveit_default_planning_request_adapter_plugins.dir/src/fix_start_state_path_constraints.cpp.o[0m
[2.123s] [ 17%] [32mBuilding CXX object gtest/CMakeFiles/gtest_main.dir/src/gtest_main.cc.o[0m
[2.124s] [ 19%] [32mBuilding CXX object planning_request_adapter_plugins/CMakeFiles/moveit_default_planning_request_adapter_plugins.dir/src/fix_workspace_bounds.cpp.o[0m
[2.124s] [ 22%] [32mBuilding CXX object planning_request_adapter_plugins/CMakeFiles/moveit_list_request_adapter_plugins.dir/src/list.cpp.o[0m
[2.124s] [ 22%] [32mBuilding CXX object planning_request_adapter_plugins/CMakeFiles/moveit_default_planning_request_adapter_plugins.dir/src/add_time_parameterization.cpp.o[0m
[2.125s] [ 25%] [32mBuilding CXX object planning_request_adapter_plugins/CMakeFiles/moveit_default_planning_request_adapter_plugins.dir/src/add_ruckig_traj_smoothing.cpp.o[0m
[2.125s] [ 25%] [32mBuilding CXX object gtest/CMakeFiles/gtest.dir/src/gtest-all.cc.o[0m
[2.125s] [ 27%] [32mBuilding CXX object planning_request_adapter_plugins/CMakeFiles/moveit_default_planning_request_adapter_plugins.dir/src/add_iterative_spline_parameterization.cpp.o[0m
[2.125s] [ 27%] [32mBuilding CXX object planning_request_adapter_plugins/CMakeFiles/moveit_default_planning_request_adapter_plugins.dir/src/add_time_optimal_parameterization.cpp.o[0m
[2.126s] [ 29%] [32mBuilding CXX object planning_request_adapter_plugins/CMakeFiles/moveit_default_planning_request_adapter_plugins.dir/src/resolve_constraint_frames.cpp.o[0m
[3.259s] [ 30%] [32m[1mLinking CXX static library libgmock_main.a[0m
[3.286s] [ 32%] [32m[1mLinking CXX static library libgtest_main.a[0m
[3.303s] [ 32%] Built target gmock_main
[3.326s] [ 32%] Built target gtest_main
[8.737s] [ 33%] [32m[1mLinking CXX static library libgtest.a[0m
[8.784s] [ 33%] Built target gtest
[10.381s] [ 35%] [32m[1mLinking CXX static library libgmock.a[0m
[10.446s] [ 35%] Built target gmock
[12.207s] [ 36%] [32m[1mLinking CXX shared library libmoveit_collision_plugin_loader.so[0m
[12.332s] [ 36%] Built target moveit_collision_plugin_loader
[13.845s] [ 38%] [32m[1mLinking CXX shared library libmoveit_default_planning_request_adapter_plugins.so[0m
[13.976s] [ 38%] Built target moveit_default_planning_request_adapter_plugins
[14.472s] [ 39%] [32m[1mLinking CXX shared library libmoveit_rdf_loader.so[0m
[14.543s] [ 41%] [32m[1mLinking CXX executable moveit_list_request_adapter_plugins[0m
[14.615s] [ 41%] Built target moveit_rdf_loader
[14.631s] [ 42%] [32mBuilding CXX object constraint_sampler_manager_loader/CMakeFiles/moveit_constraint_sampler_manager_loader.dir/src/constraint_sampler_manager_loader.cpp.o[0m
[14.631s] [ 44%] [32mBuilding CXX object kinematics_plugin_loader/CMakeFiles/moveit_kinematics_plugin_loader.dir/src/kinematics_plugin_loader.cpp.o[0m
[14.654s] [ 44%] Built target moveit_list_request_adapter_plugins
[18.755s] [ 45%] [32m[1mLinking CXX shared library libmoveit_planning_pipeline.so[0m
[18.890s] [ 45%] Built target moveit_planning_pipeline
[21.304s] [ 47%] [32m[1mLinking CXX shared library libmoveit_kinematics_plugin_loader.so[0m
[21.418s] [ 47%] Built target moveit_kinematics_plugin_loader
[21.431s] [ 48%] [32mBuilding CXX object robot_model_loader/CMakeFiles/moveit_robot_model_loader.dir/src/robot_model_loader.cpp.o[0m
[21.707s] [ 50%] [32m[1mLinking CXX shared library libmoveit_constraint_sampler_manager_loader.so[0m
[21.847s] [ 50%] Built target moveit_constraint_sampler_manager_loader
[24.513s] [ 51%] [32m[1mLinking CXX shared library libmoveit_robot_model_loader.so[0m
[24.616s] [ 51%] Built target moveit_robot_model_loader
[24.630s] [ 52%] [32mBuilding CXX object planning_components_tools/CMakeFiles/moveit_print_planning_model_info.dir/src/print_planning_model_info.cpp.o[0m
[24.630s] [ 54%] [32mBuilding CXX object planning_scene_monitor/CMakeFiles/moveit_planning_scene_monitor.dir/src/current_state_monitor.cpp.o[0m
[24.630s] [ 55%] [32mBuilding CXX object planning_scene_monitor/CMakeFiles/moveit_planning_scene_monitor.dir/src/planning_scene_monitor.cpp.o[0m
[24.630s] [ 57%] [32mBuilding CXX object planning_scene_monitor/CMakeFiles/moveit_planning_scene_monitor.dir/src/current_state_monitor_middleware_handle.cpp.o[0m
[24.632s] [ 60%] [32mBuilding CXX object planning_scene_monitor/CMakeFiles/moveit_planning_scene_monitor.dir/src/trajectory_monitor_middleware_handle.cpp.o[0m
[24.632s] [ 60%] [32mBuilding CXX object planning_scene_monitor/CMakeFiles/moveit_planning_scene_monitor.dir/src/trajectory_monitor.cpp.o[0m
[28.202s] [ 61%] [32m[1mLinking CXX executable moveit_print_planning_model_info[0m
[28.384s] [ 61%] Built target moveit_print_planning_model_info
[41.889s] [ 63%] [32m[1mLinking CXX shared library libmoveit_planning_scene_monitor.so[0m
[42.134s] [ 63%] Built target moveit_planning_scene_monitor
[42.152s] [ 67%] [32mBuilding CXX object planning_scene_monitor/CMakeFiles/demo_scene.dir/demos/demo_scene.cpp.o[0m
[42.152s] [ 67%] [32mBuilding CXX object planning_scene_monitor/CMakeFiles/trajectory_monitor_tests.dir/test/trajectory_monitor_tests.cpp.o[0m
[42.152s] [ 67%] [32mBuilding CXX object planning_components_tools/CMakeFiles/moveit_display_random_state.dir/src/display_random_state.cpp.o[0m
[42.152s] [ 75%] [32mBuilding CXX object planning_components_tools/CMakeFiles/moveit_publish_scene_from_text.dir/src/publish_scene_from_text.cpp.o[0m
[42.152s] [ 75%] [32mBuilding CXX object planning_components_tools/CMakeFiles/moveit_evaluate_collision_checking_speed.dir/src/evaluate_collision_checking_speed.cpp.o[0m
[42.152s] [ 75%] [32mBuilding CXX object planning_components_tools/CMakeFiles/moveit_print_planning_scene_info.dir/src/print_planning_scene_info.cpp.o[0m
[42.152s] [ 75%] [32mBuilding CXX object planning_components_tools/CMakeFiles/moveit_visualize_robot_collision_volume.dir/src/visualize_robot_collision_volume.cpp.o[0m
[42.152s] [ 75%] [32mBuilding CXX object planning_scene_monitor/CMakeFiles/current_state_monitor_tests.dir/test/current_state_monitor_tests.cpp.o[0m
[42.152s] [ 76%] [32mBuilding CXX object planning_scene_monitor/CMakeFiles/planning_scene_monitor_test.dir/test/planning_scene_monitor_test.cpp.o[0m
[42.152s] [ 77%] [32mBuilding CXX object trajectory_execution_manager/CMakeFiles/moveit_trajectory_execution_manager.dir/src/trajectory_execution_manager.cpp.o[0m
[49.059s] [ 79%] [32m[1mLinking CXX executable moveit_print_planning_scene_info[0m
[49.272s] [ 79%] Built target moveit_print_planning_scene_info
[50.163s] [ 80%] [32m[1mLinking CXX executable current_state_monitor_tests[0m
[50.177s] [ 82%] [32m[1mLinking CXX executable trajectory_monitor_tests[0m
[50.427s] [ 82%] Built target trajectory_monitor_tests
[50.471s] [ 82%] Built target current_state_monitor_tests
[50.549s] [ 83%] [32m[1mLinking CXX executable moveit_evaluate_collision_checking_speed[0m
[50.784s] [ 83%] Built target moveit_evaluate_collision_checking_speed
[50.850s] [ 85%] [32m[1mLinking CXX executable planning_scene_monitor_test[0m
[50.903s] [ 86%] [32m[1mLinking CXX executable moveit_visualize_robot_collision_volume[0m
[50.996s] [ 88%] [32m[1mLinking CXX executable demo_scene[0m
[51.069s] [ 88%] Built target planning_scene_monitor_test
[51.073s] [ 89%] [32m[1mLinking CXX executable moveit_display_random_state[0m
[51.117s] [ 89%] Built target demo_scene
[51.120s] [ 89%] Built target moveit_visualize_robot_collision_volume
[51.252s] [ 89%] Built target moveit_display_random_state
[51.406s] [ 91%] [32m[1mLinking CXX executable moveit_publish_scene_from_text[0m
[51.593s] [ 91%] Built target moveit_publish_scene_from_text
[57.643s] [ 92%] [32m[1mLinking CXX shared library libmoveit_trajectory_execution_manager.so[0m
[57.798s] [ 92%] Built target moveit_trajectory_execution_manager
[57.812s] [ 95%] [32mBuilding CXX object moveit_cpp/CMakeFiles/moveit_cpp.dir/src/planning_component.cpp.o[0m
[57.812s] [ 95%] [32mBuilding CXX object plan_execution/CMakeFiles/moveit_plan_execution.dir/src/plan_execution.cpp.o[0m
[57.813s] [ 97%] [32mBuilding CXX object moveit_cpp/CMakeFiles/moveit_cpp.dir/src/moveit_cpp.cpp.o[0m
[63.564s] [ 98%] [32m[1mLinking CXX shared library libmoveit_plan_execution.so[0m
[63.703s] [ 98%] Built target moveit_plan_execution
[65.911s] [100%] [32m[1mLinking CXX shared library libmoveit_cpp.so[0m
[66.066s] [100%] Built target moveit_cpp
[66.076s] Invoked command in '/RoverFlake2/build/moveit_ros_planning' returned '0': AMENT_PREFIX_PATH=/RoverFlake2/install/moveit_ros_occupancy_map_monitor:/RoverFlake2/install/moveit_core:/RoverFlake2/install/moveit_resources_panda_moveit_config:/RoverFlake2/install/moveit_configs_utils:/RoverFlake2/install/srdfdom:/RoverFlake2/install/moveit_resources_pr2_description:/RoverFlake2/install/moveit_resources_panda_description:/RoverFlake2/install/moveit_common:/RoverFlake2/install/launch_param_builder:${AMENT_PREFIX_PATH} CMAKE_PREFIX_PATH=/RoverFlake2/install/moveit_ros_occupancy_map_monitor:/RoverFlake2/install/moveit_core:/RoverFlake2/install/moveit_resources_panda_moveit_config:/RoverFlake2/install/srdfdom:/RoverFlake2/install/moveit_resources_pr2_description:/RoverFlake2/install/moveit_resources_panda_description:/RoverFlake2/install/moveit_common:/opt/ros/humble LD_LIBRARY_PATH=/RoverFlake2/install/moveit_ros_occupancy_map_monitor/lib:/RoverFlake2/install/moveit_core/lib:/RoverFlake2/install/srdfdom/lib:${LD_LIBRARY_PATH} PATH=/RoverFlake2/install/moveit_core/bin:${PATH} PYTHONPATH=/RoverFlake2/install/moveit_configs_utils/lib/python3.10/site-packages:/RoverFlake2/install/srdfdom/local/lib/python3.10/dist-packages:/RoverFlake2/install/launch_param_builder/lib/python3.10/site-packages:${PYTHONPATH} /usr/bin/cmake --build /RoverFlake2/build/moveit_ros_planning -- -j32 -l32
[66.078s] Invoking command in '/RoverFlake2/build/moveit_ros_planning': AMENT_PREFIX_PATH=/RoverFlake2/install/moveit_ros_occupancy_map_monitor:/RoverFlake2/install/moveit_core:/RoverFlake2/install/moveit_resources_panda_moveit_config:/RoverFlake2/install/moveit_configs_utils:/RoverFlake2/install/srdfdom:/RoverFlake2/install/moveit_resources_pr2_description:/RoverFlake2/install/moveit_resources_panda_description:/RoverFlake2/install/moveit_common:/RoverFlake2/install/launch_param_builder:${AMENT_PREFIX_PATH} CMAKE_PREFIX_PATH=/RoverFlake2/install/moveit_ros_occupancy_map_monitor:/RoverFlake2/install/moveit_core:/RoverFlake2/install/moveit_resources_panda_moveit_config:/RoverFlake2/install/srdfdom:/RoverFlake2/install/moveit_resources_pr2_description:/RoverFlake2/install/moveit_resources_panda_description:/RoverFlake2/install/moveit_common:/opt/ros/humble LD_LIBRARY_PATH=/RoverFlake2/install/moveit_ros_occupancy_map_monitor/lib:/RoverFlake2/install/moveit_core/lib:/RoverFlake2/install/srdfdom/lib:${LD_LIBRARY_PATH} PATH=/RoverFlake2/install/moveit_core/bin:${PATH} PYTHONPATH=/RoverFlake2/install/moveit_configs_utils/lib/python3.10/site-packages:/RoverFlake2/install/srdfdom/local/lib/python3.10/dist-packages:/RoverFlake2/install/launch_param_builder/lib/python3.10/site-packages:${PYTHONPATH} /usr/bin/cmake --install /RoverFlake2/build/moveit_ros_planning
[66.082s] -- Install configuration: "Release"
[66.082s] -- Installing: /RoverFlake2/install/moveit_ros_planning/include
[66.082s] -- Installing: /RoverFlake2/install/moveit_ros_planning/include/moveit
[66.082s] -- Installing: /RoverFlake2/install/moveit_ros_planning/include/moveit/rdf_loader
[66.082s] -- Installing: /RoverFlake2/install/moveit_ros_planning/include/moveit/rdf_loader/rdf_loader.h
[66.082s] -- Installing: /RoverFlake2/install/moveit_ros_planning/include/moveit/rdf_loader/synchronized_string_parameter.h
[66.082s] -- Installing: /RoverFlake2/install/moveit_ros_planning/share/moveit_ros_planning/rdf_loader/test/data
[66.082s] -- Installing: /RoverFlake2/install/moveit_ros_planning/share/moveit_ros_planning/rdf_loader/test/data/kermit.srdf
[66.083s] -- Installing: /RoverFlake2/install/moveit_ros_planning/share/moveit_ros_planning/rdf_loader/test/data/gonzo.srdf
[66.083s] -- Installing: /RoverFlake2/install/moveit_ros_planning/share/moveit_ros_planning/rdf_loader/test/data/gonzo.urdf
[66.083s] -- Installing: /RoverFlake2/install/moveit_ros_planning/share/moveit_ros_planning/rdf_loader/test/data/robin.srdf.xacro
[66.083s] -- Installing: /RoverFlake2/install/moveit_ros_planning/share/moveit_ros_planning/rdf_loader/test/data/kermit.urdf
[66.083s] -- Installing: /RoverFlake2/install/moveit_ros_planning/share/moveit_ros_planning/rdf_loader/test/launch
[66.083s] -- Installing: /RoverFlake2/install/moveit_ros_planning/share/moveit_ros_planning/rdf_loader/test/launch/test_rdf_integration.test.py
[66.084s] -- Up-to-date: /RoverFlake2/install/moveit_ros_planning/include
[66.084s] -- Up-to-date: /RoverFlake2/install/moveit_ros_planning/include/moveit
[66.084s] -- Installing: /RoverFlake2/install/moveit_ros_planning/include/moveit/collision_plugin_loader
[66.084s] -- Installing: /RoverFlake2/install/moveit_ros_planning/include/moveit/collision_plugin_loader/collision_plugin_loader.h
[66.084s] -- Up-to-date: /RoverFlake2/install/moveit_ros_planning/include
[66.084s] -- Up-to-date: /RoverFlake2/install/moveit_ros_planning/include/moveit
[66.084s] -- Installing: /RoverFlake2/install/moveit_ros_planning/include/moveit/kinematics_plugin_loader
[66.084s] -- Installing: /RoverFlake2/install/moveit_ros_planning/include/moveit/kinematics_plugin_loader/kinematics_plugin_loader.h
[66.084s] -- Up-to-date: /RoverFlake2/install/moveit_ros_planning/include
[66.084s] -- Up-to-date: /RoverFlake2/install/moveit_ros_planning/include/moveit
[66.084s] -- Installing: /RoverFlake2/install/moveit_ros_planning/include/moveit/robot_model_loader
[66.084s] -- Installing: /RoverFlake2/install/moveit_ros_planning/include/moveit/robot_model_loader/robot_model_loader.h
[66.084s] -- Up-to-date: /RoverFlake2/install/moveit_ros_planning/include
[66.084s] -- Up-to-date: /RoverFlake2/install/moveit_ros_planning/include/moveit
[66.084s] -- Installing: /RoverFlake2/install/moveit_ros_planning/include/moveit/constraint_sampler_manager_loader
[66.084s] -- Installing: /RoverFlake2/install/moveit_ros_planning/include/moveit/constraint_sampler_manager_loader/constraint_sampler_manager_loader.h
[66.084s] -- Up-to-date: /RoverFlake2/install/moveit_ros_planning/include
[66.084s] -- Up-to-date: /RoverFlake2/install/moveit_ros_planning/include/moveit
[66.084s] -- Installing: /RoverFlake2/install/moveit_ros_planning/include/moveit/planning_pipeline
[66.085s] -- Installing: /RoverFlake2/install/moveit_ros_planning/include/moveit/planning_pipeline/planning_pipeline.h
[66.085s] -- Installing: /RoverFlake2/install/moveit_ros_planning/include/moveit_planning_pipeline_export.h
[66.085s] -- Installing: /RoverFlake2/install/moveit_ros_planning/lib/moveit_ros_planning/moveit_list_request_adapter_plugins
[66.085s] -- Set runtime path of "/RoverFlake2/install/moveit_ros_planning/lib/moveit_ros_planning/moveit_list_request_adapter_plugins" to ""
[66.085s] -- Installing: /RoverFlake2/install/moveit_ros_planning/lib/moveit_ros_planning/demo_scene
[66.086s] -- Set runtime path of "/RoverFlake2/install/moveit_ros_planning/lib/moveit_ros_planning/demo_scene" to ""
[66.086s] -- Up-to-date: /RoverFlake2/install/moveit_ros_planning/include
[66.086s] -- Up-to-date: /RoverFlake2/install/moveit_ros_planning/include/moveit
[66.086s] -- Installing: /RoverFlake2/install/moveit_ros_planning/include/moveit/planning_scene_monitor
[66.086s] -- Installing: /RoverFlake2/install/moveit_ros_planning/include/moveit/planning_scene_monitor/trajectory_monitor.h
[66.086s] -- Installing: /RoverFlake2/install/moveit_ros_planning/include/moveit/planning_scene_monitor/trajectory_monitor_middleware_handle.hpp
[66.086s] -- Installing: /RoverFlake2/install/moveit_ros_planning/include/moveit/planning_scene_monitor/planning_scene_monitor.h
[66.086s] -- Installing: /RoverFlake2/install/moveit_ros_planning/include/moveit/planning_scene_monitor/current_state_monitor.h
[66.086s] -- Installing: /RoverFlake2/install/moveit_ros_planning/include/moveit/planning_scene_monitor/current_state_monitor_middleware_handle.hpp
[66.087s] -- Installing: /RoverFlake2/install/moveit_ros_planning/include/moveit_planning_scene_monitor_export.h
[66.087s] -- Installing: /RoverFlake2/install/moveit_ros_planning/lib/moveit_ros_planning/moveit_print_planning_model_info
[66.087s] -- Set runtime path of "/RoverFlake2/install/moveit_ros_planning/lib/moveit_ros_planning/moveit_print_planning_model_info" to ""
[66.087s] -- Installing: /RoverFlake2/install/moveit_ros_planning/lib/moveit_ros_planning/moveit_print_planning_scene_info
[66.088s] -- Set runtime path of "/RoverFlake2/install/moveit_ros_planning/lib/moveit_ros_planning/moveit_print_planning_scene_info" to ""
[66.088s] -- Installing: /RoverFlake2/install/moveit_ros_planning/lib/moveit_ros_planning/moveit_display_random_state
[66.088s] -- Set runtime path of "/RoverFlake2/install/moveit_ros_planning/lib/moveit_ros_planning/moveit_display_random_state" to ""
[66.088s] -- Installing: /RoverFlake2/install/moveit_ros_planning/lib/moveit_ros_planning/moveit_visualize_robot_collision_volume
[66.089s] -- Set runtime path of "/RoverFlake2/install/moveit_ros_planning/lib/moveit_ros_planning/moveit_visualize_robot_collision_volume" to ""
[66.089s] -- Installing: /RoverFlake2/install/moveit_ros_planning/lib/moveit_ros_planning/moveit_evaluate_collision_checking_speed
[66.090s] -- Set runtime path of "/RoverFlake2/install/moveit_ros_planning/lib/moveit_ros_planning/moveit_evaluate_collision_checking_speed" to ""
[66.090s] -- Installing: /RoverFlake2/install/moveit_ros_planning/lib/moveit_ros_planning/moveit_publish_scene_from_text
[66.090s] -- Set runtime path of "/RoverFlake2/install/moveit_ros_planning/lib/moveit_ros_planning/moveit_publish_scene_from_text" to ""
[66.090s] -- Up-to-date: /RoverFlake2/install/moveit_ros_planning/include
[66.090s] -- Up-to-date: /RoverFlake2/install/moveit_ros_planning/include/moveit
[66.090s] -- Installing: /RoverFlake2/install/moveit_ros_planning/include/moveit/trajectory_execution_manager
[66.090s] -- Installing: /RoverFlake2/install/moveit_ros_planning/include/moveit/trajectory_execution_manager/trajectory_execution_manager.h
[66.090s] -- Installing: /RoverFlake2/install/moveit_ros_planning/include/moveit_trajectory_execution_manager_export.h
[66.091s] -- Up-to-date: /RoverFlake2/install/moveit_ros_planning/include
[66.091s] -- Up-to-date: /RoverFlake2/install/moveit_ros_planning/include/moveit
[66.091s] -- Installing: /RoverFlake2/install/moveit_ros_planning/include/moveit/plan_execution
[66.091s] -- Installing: /RoverFlake2/install/moveit_ros_planning/include/moveit/plan_execution/plan_execution.h
[66.091s] -- Installing: /RoverFlake2/install/moveit_ros_planning/include/moveit/plan_execution/plan_representation.h
[66.091s] -- Up-to-date: /RoverFlake2/install/moveit_ros_planning/include
[66.091s] -- Up-to-date: /RoverFlake2/install/moveit_ros_planning/include/moveit
[66.091s] -- Installing: /RoverFlake2/install/moveit_ros_planning/include/moveit/moveit_cpp
[66.091s] -- Installing: /RoverFlake2/install/moveit_ros_planning/include/moveit/moveit_cpp/planning_component.h
[66.091s] -- Installing: /RoverFlake2/install/moveit_ros_planning/include/moveit/moveit_cpp/moveit_cpp.h
[66.091s] -- Installing: /RoverFlake2/install/moveit_ros_planning/lib/libmoveit_rdf_loader.so.2.5.9
[66.092s] -- Set runtime path of "/RoverFlake2/install/moveit_ros_planning/lib/libmoveit_rdf_loader.so.2.5.9" to ""
[66.092s] -- Installing: /RoverFlake2/install/moveit_ros_planning/lib/libmoveit_rdf_loader.so
[66.093s] -- Installing: /RoverFlake2/install/moveit_ros_planning/lib/libmoveit_kinematics_plugin_loader.so.2.5.9
[66.093s] -- Set runtime path of "/RoverFlake2/install/moveit_ros_planning/lib/libmoveit_kinematics_plugin_loader.so.2.5.9" to ""
[66.093s] -- Installing: /RoverFlake2/install/moveit_ros_planning/lib/libmoveit_kinematics_plugin_loader.so
[66.093s] -- Installing: /RoverFlake2/install/moveit_ros_planning/lib/libmoveit_robot_model_loader.so.2.5.9
[66.094s] -- Set runtime path of "/RoverFlake2/install/moveit_ros_planning/lib/libmoveit_robot_model_loader.so.2.5.9" to ""
[66.094s] -- Installing: /RoverFlake2/install/moveit_ros_planning/lib/libmoveit_robot_model_loader.so
[66.094s] -- Installing: /RoverFlake2/install/moveit_ros_planning/lib/libmoveit_constraint_sampler_manager_loader.so.2.5.9
[66.095s] -- Set runtime path of "/RoverFlake2/install/moveit_ros_planning/lib/libmoveit_constraint_sampler_manager_loader.so.2.5.9" to ""
[66.095s] -- Installing: /RoverFlake2/install/moveit_ros_planning/lib/libmoveit_constraint_sampler_manager_loader.so
[66.095s] -- Installing: /RoverFlake2/install/moveit_ros_planning/lib/libmoveit_planning_pipeline.so.2.5.9
[66.096s] -- Set runtime path of "/RoverFlake2/install/moveit_ros_planning/lib/libmoveit_planning_pipeline.so.2.5.9" to ""
[66.096s] -- Installing: /RoverFlake2/install/moveit_ros_planning/lib/libmoveit_planning_pipeline.so
[66.096s] -- Installing: /RoverFlake2/install/moveit_ros_planning/lib/libmoveit_trajectory_execution_manager.so.2.5.9
[66.098s] -- Set runtime path of "/RoverFlake2/install/moveit_ros_planning/lib/libmoveit_trajectory_execution_manager.so.2.5.9" to ""
[66.098s] -- Installing: /RoverFlake2/install/moveit_ros_planning/lib/libmoveit_trajectory_execution_manager.so
[66.098s] -- Installing: /RoverFlake2/install/moveit_ros_planning/lib/libmoveit_plan_execution.so.2.5.9
[66.099s] -- Set runtime path of "/RoverFlake2/install/moveit_ros_planning/lib/libmoveit_plan_execution.so.2.5.9" to ""
[66.099s] -- Installing: /RoverFlake2/install/moveit_ros_planning/lib/libmoveit_plan_execution.so
[66.099s] -- Installing: /RoverFlake2/install/moveit_ros_planning/lib/libmoveit_planning_scene_monitor.so.2.5.9
[66.103s] -- Set runtime path of "/RoverFlake2/install/moveit_ros_planning/lib/libmoveit_planning_scene_monitor.so.2.5.9" to ""
[66.103s] -- Installing: /RoverFlake2/install/moveit_ros_planning/lib/libmoveit_planning_scene_monitor.so
[66.103s] -- Installing: /RoverFlake2/install/moveit_ros_planning/lib/libmoveit_collision_plugin_loader.so.2.5.9
[66.104s] -- Set runtime path of "/RoverFlake2/install/moveit_ros_planning/lib/libmoveit_collision_plugin_loader.so.2.5.9" to ""
[66.104s] -- Installing: /RoverFlake2/install/moveit_ros_planning/lib/libmoveit_collision_plugin_loader.so
[66.104s] -- Installing: /RoverFlake2/install/moveit_ros_planning/lib/libmoveit_default_planning_request_adapter_plugins.so.2.5.9
[66.104s] -- Set runtime path of "/RoverFlake2/install/moveit_ros_planning/lib/libmoveit_default_planning_request_adapter_plugins.so.2.5.9" to ""
[66.104s] -- Installing: /RoverFlake2/install/moveit_ros_planning/lib/libmoveit_default_planning_request_adapter_plugins.so
[66.104s] -- Installing: /RoverFlake2/install/moveit_ros_planning/lib/libmoveit_cpp.so.2.5.9
[66.105s] -- Set runtime path of "/RoverFlake2/install/moveit_ros_planning/lib/libmoveit_cpp.so.2.5.9" to ""
[66.105s] -- Installing: /RoverFlake2/install/moveit_ros_planning/lib/libmoveit_cpp.so
[66.105s] -- Installing: /RoverFlake2/install/moveit_ros_planning/share/moveit_ros_planning/environment/library_path.sh
[66.106s] -- Installing: /RoverFlake2/install/moveit_ros_planning/share/moveit_ros_planning/environment/library_path.dsv
[66.106s] -- Installing: /RoverFlake2/install/moveit_ros_planning/share/moveit_ros_planning/planning_request_adapters_plugin_description.xml
[66.108s] -- Installing: /RoverFlake2/install/moveit_ros_planning/share/ament_index/resource_index/package_run_dependencies/moveit_ros_planning
[66.108s] -- Installing: /RoverFlake2/install/moveit_ros_planning/share/ament_index/resource_index/parent_prefix_path/moveit_ros_planning
[66.108s] -- Installing: /RoverFlake2/install/moveit_ros_planning/share/moveit_ros_planning/environment/ament_prefix_path.sh
[66.108s] -- Installing: /RoverFlake2/install/moveit_ros_planning/share/moveit_ros_planning/environment/ament_prefix_path.dsv
[66.108s] -- Installing: /RoverFlake2/install/moveit_ros_planning/share/moveit_ros_planning/environment/path.sh
[66.108s] -- Installing: /RoverFlake2/install/moveit_ros_planning/share/moveit_ros_planning/environment/path.dsv
[66.108s] -- Installing: /RoverFlake2/install/moveit_ros_planning/share/moveit_ros_planning/local_setup.bash
[66.108s] -- Installing: /RoverFlake2/install/moveit_ros_planning/share/moveit_ros_planning/local_setup.sh
[66.108s] -- Installing: /RoverFlake2/install/moveit_ros_planning/share/moveit_ros_planning/local_setup.zsh
[66.108s] -- Installing: /RoverFlake2/install/moveit_ros_planning/share/moveit_ros_planning/local_setup.dsv
[66.109s] -- Installing: /RoverFlake2/install/moveit_ros_planning/share/moveit_ros_planning/package.dsv
[66.109s] -- Installing: /RoverFlake2/install/moveit_ros_planning/share/ament_index/resource_index/packages/moveit_ros_planning
[66.109s] -- Installing: /RoverFlake2/install/moveit_ros_planning/share/ament_index/resource_index/moveit_core__pluginlib__plugin/moveit_ros_planning
[66.109s] -- Installing: /RoverFlake2/install/moveit_ros_planning/share/moveit_ros_planning/cmake/export_moveit_ros_planningExport.cmake
[66.109s] -- Installing: /RoverFlake2/install/moveit_ros_planning/share/moveit_ros_planning/cmake/export_moveit_ros_planningExport-release.cmake
[66.109s] -- Installing: /RoverFlake2/install/moveit_ros_planning/share/moveit_ros_planning/cmake/ConfigExtras.cmake
[66.109s] -- Installing: /RoverFlake2/install/moveit_ros_planning/share/moveit_ros_planning/cmake/ament_cmake_export_targets-extras.cmake
[66.109s] -- Installing: /RoverFlake2/install/moveit_ros_planning/share/moveit_ros_planning/cmake/ament_cmake_export_dependencies-extras.cmake
[66.109s] -- Installing: /RoverFlake2/install/moveit_ros_planning/share/moveit_ros_planning/cmake/moveit_ros_planningConfig.cmake
[66.109s] -- Installing: /RoverFlake2/install/moveit_ros_planning/share/moveit_ros_planning/cmake/moveit_ros_planningConfig-version.cmake
[66.110s] -- Installing: /RoverFlake2/install/moveit_ros_planning/share/moveit_ros_planning/package.xml
[66.111s] Invoked command in '/RoverFlake2/build/moveit_ros_planning' returned '0': AMENT_PREFIX_PATH=/RoverFlake2/install/moveit_ros_occupancy_map_monitor:/RoverFlake2/install/moveit_core:/RoverFlake2/install/moveit_resources_panda_moveit_config:/RoverFlake2/install/moveit_configs_utils:/RoverFlake2/install/srdfdom:/RoverFlake2/install/moveit_resources_pr2_description:/RoverFlake2/install/moveit_resources_panda_description:/RoverFlake2/install/moveit_common:/RoverFlake2/install/launch_param_builder:${AMENT_PREFIX_PATH} CMAKE_PREFIX_PATH=/RoverFlake2/install/moveit_ros_occupancy_map_monitor:/RoverFlake2/install/moveit_core:/RoverFlake2/install/moveit_resources_panda_moveit_config:/RoverFlake2/install/srdfdom:/RoverFlake2/install/moveit_resources_pr2_description:/RoverFlake2/install/moveit_resources_panda_description:/RoverFlake2/install/moveit_common:/opt/ros/humble LD_LIBRARY_PATH=/RoverFlake2/install/moveit_ros_occupancy_map_monitor/lib:/RoverFlake2/install/moveit_core/lib:/RoverFlake2/install/srdfdom/lib:${LD_LIBRARY_PATH} PATH=/RoverFlake2/install/moveit_core/bin:${PATH} PYTHONPATH=/RoverFlake2/install/moveit_configs_utils/lib/python3.10/site-packages:/RoverFlake2/install/srdfdom/local/lib/python3.10/dist-packages:/RoverFlake2/install/launch_param_builder/lib/python3.10/site-packages:${PYTHONPATH} /usr/bin/cmake --install /RoverFlake2/build/moveit_ros_planning
