[0.035s] Invoking command in '/RoverFlake2/build/moveit_core': CMAKE_PREFIX_PATH=/RoverFlake2/install/moveit_resources_panda_moveit_config:/RoverFlake2/install/srdfdom:/RoverFlake2/install/moveit_resources_pr2_description:/RoverFlake2/install/moveit_resources_panda_description:/RoverFlake2/install/moveit_common:/RoverFlake2/install/pilz_industrial_motion_planner_testutils:/RoverFlake2/install/moveit_ros_control_interface:/RoverFlake2/install/moveit_plugins:/RoverFlake2/install/moveit_simple_controller_manager:/RoverFlake2/install/moveit_ros_planning:/RoverFlake2/install/moveit_ros_occupancy_map_monitor:/RoverFlake2/install/moveit_resources_prbt_ikfast_manipulator_plugin:/RoverFlake2/install/moveit_planners_chomp:/RoverFlake2/install/moveit_chomp_optimizer_adapter:/RoverFlake2/install/chomp_motion_planner:/RoverFlake2/install/moveit_core:/RoverFlake2/install/rviz_marker_tools:/RoverFlake2/install/rosparam_shortcuts:/RoverFlake2/install/moveit_task_constructor_msgs:/RoverFlake2/install/moveit_resources_prbt_support:/RoverFlake2/install/moveit_resources:/RoverFlake2/install/moveit_resources_fanuc_moveit_config:/RoverFlake2/install/moveit_resources_fanuc_description:/RoverFlake2/install/moveit_configs_utils:/RoverFlake2/install/launch_param_builder:/opt/ros/humble LD_LIBRARY_PATH=/RoverFlake2/install/srdfdom/lib:/RoverFlake2/install/pilz_industrial_motion_planner_testutils/lib:/RoverFlake2/install/moveit_ros_control_interface/lib:/RoverFlake2/install/moveit_simple_controller_manager/lib:/RoverFlake2/install/moveit_ros_planning/lib:/RoverFlake2/install/moveit_ros_occupancy_map_monitor/lib:/RoverFlake2/install/moveit_resources_prbt_ikfast_manipulator_plugin/lib:/RoverFlake2/install/moveit_planners_chomp/lib:/RoverFlake2/install/moveit_chomp_optimizer_adapter/lib:/RoverFlake2/install/chomp_motion_planner/lib:/RoverFlake2/install/moveit_core/lib:/RoverFlake2/install/rviz_marker_tools/lib:/RoverFlake2/install/rosparam_shortcuts/lib:/RoverFlake2/install/moveit_task_constructor_msgs/lib:/opt/ros/humble/opt/rviz_ogre_vendor/lib:/opt/ros/humble/lib/x86_64-linux-gnu:/opt/ros/humble/lib /usr/bin/cmake --build /RoverFlake2/build/moveit_core -- -j32 -l32
[0.097s] [35m[1mConsolidate compiler generated dependencies of target moveit_exceptions[0m
[0.097s] [35m[1mConsolidate compiler generated dependencies of target moveit_utils[0m
[0.102s] [35m[1mConsolidate compiler generated dependencies of target gtest_main[0m
[0.102s] [35m[1mConsolidate compiler generated dependencies of target gtest[0m
[0.102s] [35m[1mConsolidate compiler generated dependencies of target moveit_smoothing_base[0m
[0.103s] [35m[1mConsolidate compiler generated dependencies of target gmock[0m
[0.103s] [35m[1mConsolidate compiler generated dependencies of target moveit_kinematics_base[0m
[0.103s] [35m[1mConsolidate compiler generated dependencies of target gmock_main[0m
[0.103s] [35m[1mConsolidate compiler generated dependencies of target moveit_transforms[0m
[0.105s] [35m[1mConsolidate compiler generated dependencies of target moveit_version[0m
[0.107s] [35m[1mConsolidate compiler generated dependencies of target moveit_distance_field[0m
[0.110s] [  2%] Built target moveit_butterworth_parameters
[0.110s] [  3%] Built target moveit_exceptions
[0.110s] [  5%] Built target gtest
[0.110s] [  5%] Built target moveit_version
[0.110s] [  6%] Built target gtest_main
[0.110s] [  7%] Built target gmock_main
[0.110s] [  9%] Built target gmock
[0.110s] [ 12%] Built target moveit_utils
[0.111s] [ 13%] Built target moveit_smoothing_base
[0.111s] [ 14%] Built target moveit_kinematics_base
[0.111s] [ 15%] Built target moveit_transforms
[0.118s] [35m[1mConsolidate compiler generated dependencies of target test_transforms[0m
[0.122s] [35m[1mConsolidate compiler generated dependencies of target moveit_robot_model[0m
[0.124s] [ 18%] Built target moveit_distance_field
[0.135s] [ 19%] Built target test_transforms
[0.136s] [35m[1mConsolidate compiler generated dependencies of target test_voxel_grid[0m
[0.137s] [35m[1mConsolidate compiler generated dependencies of target test_distance_field[0m
[0.158s] [ 20%] Built target test_voxel_grid
[0.160s] [ 26%] Built target moveit_robot_model
[0.161s] [ 27%] Built target test_distance_field
[0.171s] [35m[1mConsolidate compiler generated dependencies of target moveit_butterworth_filter[0m
[0.171s] [35m[1mConsolidate compiler generated dependencies of target moveit_test_utils[0m
[0.173s] [35m[1mConsolidate compiler generated dependencies of target moveit_robot_state[0m
[0.192s] [ 28%] Built target moveit_butterworth_filter
[0.197s] [ 30%] Built target moveit_test_utils
[0.202s] [35m[1mConsolidate compiler generated dependencies of target test_butterworth_filter[0m
[0.202s] [ 33%] Built target moveit_robot_state
[0.206s] [35m[1mConsolidate compiler generated dependencies of target test_robot_model[0m
[0.212s] [35m[1mConsolidate compiler generated dependencies of target moveit_dynamics_solver[0m
[0.212s] [35m[1mConsolidate compiler generated dependencies of target moveit_robot_trajectory[0m
[0.213s] [35m[1mConsolidate compiler generated dependencies of target moveit_kinematics_metrics[0m
[0.213s] [35m[1mConsolidate compiler generated dependencies of target test_robot_state[0m
[0.213s] [35m[1mConsolidate compiler generated dependencies of target test_robot_state_benchmark[0m
[0.213s] [35m[1mConsolidate compiler generated dependencies of target test_robot_state_complex[0m
[0.213s] [35m[1mConsolidate compiler generated dependencies of target test_aabb[0m
[0.217s] [35m[1mConsolidate compiler generated dependencies of target test_cartesian_interpolator[0m
[0.220s] [35m[1mConsolidate compiler generated dependencies of target moveit_collision_detection[0m
[0.221s] [ 34%] Built target test_butterworth_filter
[0.224s] [ 35%] Built target test_robot_model
[0.233s] [ 36%] Built target moveit_kinematics_metrics
[0.233s] [ 37%] Built target test_robot_state_benchmark
[0.233s] [ 38%] Built target test_robot_state_complex
[0.234s] [ 39%] Built target moveit_dynamics_solver
[0.235s] [ 40%] Built target test_aabb
[0.236s] [ 42%] Built target moveit_robot_trajectory
[0.236s] [ 43%] Built target test_robot_state
[0.238s] [ 44%] Built target test_cartesian_interpolator
[0.247s] [35m[1mConsolidate compiler generated dependencies of target test_robot_trajectory[0m
[0.248s] [35m[1mConsolidate compiler generated dependencies of target moveit_planning_interface[0m
[0.250s] [35m[1mConsolidate compiler generated dependencies of target moveit_trajectory_processing[0m
[0.262s] [ 49%] Built target moveit_collision_detection
[0.268s] [ 50%] Built target test_robot_trajectory
[0.269s] [ 52%] Built target moveit_planning_interface
[0.273s] [35m[1mConsolidate compiler generated dependencies of target test_world_diff[0m
[0.273s] [35m[1mConsolidate compiler generated dependencies of target test_world[0m
[0.273s] [35m[1mConsolidate compiler generated dependencies of target test_all_valid[0m
[0.274s] [35m[1mConsolidate compiler generated dependencies of target moveit_collision_detection_fcl[0m
[0.279s] [ 55%] Built target moveit_trajectory_processing
[0.279s] [35m[1mConsolidate compiler generated dependencies of target moveit_collision_detection_bullet[0m
[0.287s] [ 57%] Built target test_world_diff
[0.288s] [ 58%] Built target test_world
[0.289s] [35m[1mConsolidate compiler generated dependencies of target test_time_parameterization[0m
[0.290s] [35m[1mConsolidate compiler generated dependencies of target test_ruckig_traj_smoothing[0m
[0.290s] [35m[1mConsolidate compiler generated dependencies of target test_time_optimal_trajectory_generation[0m
[0.293s] [ 59%] Built target test_all_valid
[0.303s] [ 61%] Built target moveit_collision_detection_fcl
[0.311s] [ 64%] Built target test_time_optimal_trajectory_generation
[0.311s] [ 64%] Built target test_time_parameterization
[0.311s] [ 65%] Built target test_ruckig_traj_smoothing
[0.314s] [35m[1mConsolidate compiler generated dependencies of target test_fcl_collision_detection[0m
[0.314s] [35m[1mConsolidate compiler generated dependencies of target test_fcl_collision_env[0m
[0.314s] [35m[1mConsolidate compiler generated dependencies of target test_fcl_collision_detection_panda[0m
[0.317s] [35m[1mConsolidate compiler generated dependencies of target moveit_kinematic_constraints[0m
[0.319s] [ 70%] Built target moveit_collision_detection_bullet
[0.330s] [35m[1mConsolidate compiler generated dependencies of target test_bullet_collision_detection[0m
[0.330s] [35m[1mConsolidate compiler generated dependencies of target test_bullet_continuous_collision_checking[0m
[0.331s] [35m[1mConsolidate compiler generated dependencies of target test_bullet_collision_detection_panda[0m
[0.341s] [ 71%] Built target test_fcl_collision_detection
[0.342s] [ 73%] Built target test_fcl_collision_env
[0.343s] [ 74%] Built target test_fcl_collision_detection_panda
[0.347s] [ 76%] Built target moveit_kinematic_constraints
[0.353s] [ 77%] Built target test_bullet_collision_detection
[0.354s] [ 78%] Built target test_bullet_continuous_collision_checking
[0.355s] [ 80%] Built target test_bullet_collision_detection_panda
[0.357s] [35m[1mConsolidate compiler generated dependencies of target test_constraints[0m
[0.357s] [35m[1mConsolidate compiler generated dependencies of target test_orientation_constraints[0m
[0.357s] [35m[1mConsolidate compiler generated dependencies of target moveit_planning_scene[0m
[0.376s] [ 82%] Built target test_constraints
[0.376s] [ 82%] Built target test_orientation_constraints
[0.383s] [ 84%] Built target moveit_planning_scene
[0.394s] [35m[1mConsolidate compiler generated dependencies of target moveit_planning_request_adapter[0m
[0.394s] [35m[1mConsolidate compiler generated dependencies of target test_collision_objects[0m
[0.394s] [35m[1mConsolidate compiler generated dependencies of target test_multi_threaded[0m
[0.394s] [35m[1mConsolidate compiler generated dependencies of target test_planning_scene[0m
[0.395s] [35m[1mConsolidate compiler generated dependencies of target collision_detector_fcl_plugin[0m
[0.396s] [35m[1mConsolidate compiler generated dependencies of target collision_detector_bullet_plugin[0m
[0.397s] [35m[1mConsolidate compiler generated dependencies of target moveit_collision_distance_field[0m
[0.401s] [35m[1mConsolidate compiler generated dependencies of target moveit_constraint_samplers[0m
[0.417s] [ 85%] Built target moveit_planning_request_adapter
[0.417s] [ 86%] Built target test_multi_threaded
[0.417s] [ 87%] Built target test_collision_objects
[0.418s] [ 88%] Built target collision_detector_bullet_plugin
[0.419s] [ 90%] Built target collision_detector_fcl_plugin
[0.419s] [ 90%] Built target test_planning_scene
[0.431s] [ 93%] Built target moveit_constraint_samplers
[0.432s] [ 96%] Built target moveit_collision_distance_field
[0.443s] [35m[1mConsolidate compiler generated dependencies of target test_constraint_samplers[0m
[0.444s] [35m[1mConsolidate compiler generated dependencies of target test_collision_distance_field[0m
[0.468s] [ 97%] Built target test_collision_distance_field
[0.473s] [100%] Built target test_constraint_samplers
[0.486s] Invoked command in '/RoverFlake2/build/moveit_core' returned '0': CMAKE_PREFIX_PATH=/RoverFlake2/install/moveit_resources_panda_moveit_config:/RoverFlake2/install/srdfdom:/RoverFlake2/install/moveit_resources_pr2_description:/RoverFlake2/install/moveit_resources_panda_description:/RoverFlake2/install/moveit_common:/RoverFlake2/install/pilz_industrial_motion_planner_testutils:/RoverFlake2/install/moveit_ros_control_interface:/RoverFlake2/install/moveit_plugins:/RoverFlake2/install/moveit_simple_controller_manager:/RoverFlake2/install/moveit_ros_planning:/RoverFlake2/install/moveit_ros_occupancy_map_monitor:/RoverFlake2/install/moveit_resources_prbt_ikfast_manipulator_plugin:/RoverFlake2/install/moveit_planners_chomp:/RoverFlake2/install/moveit_chomp_optimizer_adapter:/RoverFlake2/install/chomp_motion_planner:/RoverFlake2/install/moveit_core:/RoverFlake2/install/rviz_marker_tools:/RoverFlake2/install/rosparam_shortcuts:/RoverFlake2/install/moveit_task_constructor_msgs:/RoverFlake2/install/moveit_resources_prbt_support:/RoverFlake2/install/moveit_resources:/RoverFlake2/install/moveit_resources_fanuc_moveit_config:/RoverFlake2/install/moveit_resources_fanuc_description:/RoverFlake2/install/moveit_configs_utils:/RoverFlake2/install/launch_param_builder:/opt/ros/humble LD_LIBRARY_PATH=/RoverFlake2/install/srdfdom/lib:/RoverFlake2/install/pilz_industrial_motion_planner_testutils/lib:/RoverFlake2/install/moveit_ros_control_interface/lib:/RoverFlake2/install/moveit_simple_controller_manager/lib:/RoverFlake2/install/moveit_ros_planning/lib:/RoverFlake2/install/moveit_ros_occupancy_map_monitor/lib:/RoverFlake2/install/moveit_resources_prbt_ikfast_manipulator_plugin/lib:/RoverFlake2/install/moveit_planners_chomp/lib:/RoverFlake2/install/moveit_chomp_optimizer_adapter/lib:/RoverFlake2/install/chomp_motion_planner/lib:/RoverFlake2/install/moveit_core/lib:/RoverFlake2/install/rviz_marker_tools/lib:/RoverFlake2/install/rosparam_shortcuts/lib:/RoverFlake2/install/moveit_task_constructor_msgs/lib:/opt/ros/humble/opt/rviz_ogre_vendor/lib:/opt/ros/humble/lib/x86_64-linux-gnu:/opt/ros/humble/lib /usr/bin/cmake --build /RoverFlake2/build/moveit_core -- -j32 -l32
[0.487s] Invoking command in '/RoverFlake2/build/moveit_core': CMAKE_PREFIX_PATH=/RoverFlake2/install/moveit_resources_panda_moveit_config:/RoverFlake2/install/srdfdom:/RoverFlake2/install/moveit_resources_pr2_description:/RoverFlake2/install/moveit_resources_panda_description:/RoverFlake2/install/moveit_common:/RoverFlake2/install/pilz_industrial_motion_planner_testutils:/RoverFlake2/install/moveit_ros_control_interface:/RoverFlake2/install/moveit_plugins:/RoverFlake2/install/moveit_simple_controller_manager:/RoverFlake2/install/moveit_ros_planning:/RoverFlake2/install/moveit_ros_occupancy_map_monitor:/RoverFlake2/install/moveit_resources_prbt_ikfast_manipulator_plugin:/RoverFlake2/install/moveit_planners_chomp:/RoverFlake2/install/moveit_chomp_optimizer_adapter:/RoverFlake2/install/chomp_motion_planner:/RoverFlake2/install/moveit_core:/RoverFlake2/install/rviz_marker_tools:/RoverFlake2/install/rosparam_shortcuts:/RoverFlake2/install/moveit_task_constructor_msgs:/RoverFlake2/install/moveit_resources_prbt_support:/RoverFlake2/install/moveit_resources:/RoverFlake2/install/moveit_resources_fanuc_moveit_config:/RoverFlake2/install/moveit_resources_fanuc_description:/RoverFlake2/install/moveit_configs_utils:/RoverFlake2/install/launch_param_builder:/opt/ros/humble LD_LIBRARY_PATH=/RoverFlake2/install/srdfdom/lib:/RoverFlake2/install/pilz_industrial_motion_planner_testutils/lib:/RoverFlake2/install/moveit_ros_control_interface/lib:/RoverFlake2/install/moveit_simple_controller_manager/lib:/RoverFlake2/install/moveit_ros_planning/lib:/RoverFlake2/install/moveit_ros_occupancy_map_monitor/lib:/RoverFlake2/install/moveit_resources_prbt_ikfast_manipulator_plugin/lib:/RoverFlake2/install/moveit_planners_chomp/lib:/RoverFlake2/install/moveit_chomp_optimizer_adapter/lib:/RoverFlake2/install/chomp_motion_planner/lib:/RoverFlake2/install/moveit_core/lib:/RoverFlake2/install/rviz_marker_tools/lib:/RoverFlake2/install/rosparam_shortcuts/lib:/RoverFlake2/install/moveit_task_constructor_msgs/lib:/opt/ros/humble/opt/rviz_ogre_vendor/lib:/opt/ros/humble/lib/x86_64-linux-gnu:/opt/ros/humble/lib /usr/bin/cmake --install /RoverFlake2/build/moveit_core
[0.493s] -- Install configuration: "Release"
[0.493s] -- Up-to-date: /RoverFlake2/install/moveit_core/include/moveit/version.h
[0.493s] -- Up-to-date: /RoverFlake2/install/moveit_core/include
[0.493s] -- Up-to-date: /RoverFlake2/install/moveit_core/include/moveit
[0.493s] -- Up-to-date: /RoverFlake2/install/moveit_core/include/moveit/collision_distance_field
[0.493s] -- Up-to-date: /RoverFlake2/install/moveit_core/include/moveit/collision_distance_field/collision_env_hybrid.h
[0.493s] -- Up-to-date: /RoverFlake2/install/moveit_core/include/moveit/collision_distance_field/collision_distance_field_types.h
[0.493s] -- Up-to-date: /RoverFlake2/install/moveit_core/include/moveit/collision_distance_field/collision_env_distance_field.h
[0.493s] -- Up-to-date: /RoverFlake2/install/moveit_core/include/moveit/collision_distance_field/collision_detector_allocator_hybrid.h
[0.493s] -- Up-to-date: /RoverFlake2/install/moveit_core/include/moveit/collision_distance_field/collision_detector_allocator_distance_field.h
[0.493s] -- Up-to-date: /RoverFlake2/install/moveit_core/include/moveit/collision_distance_field/collision_common_distance_field.h
[0.493s] -- Up-to-date: /RoverFlake2/install/moveit_core/include/moveit_collision_distance_field_export.h
[0.494s] -- Up-to-date: /RoverFlake2/install/moveit_core/include
[0.494s] -- Up-to-date: /RoverFlake2/install/moveit_core/include/moveit
[0.494s] -- Up-to-date: /RoverFlake2/install/moveit_core/include/moveit/constraint_samplers
[0.494s] -- Up-to-date: /RoverFlake2/install/moveit_core/include/moveit/constraint_samplers/constraint_sampler.h
[0.494s] -- Up-to-date: /RoverFlake2/install/moveit_core/include/moveit/constraint_samplers/union_constraint_sampler.h
[0.494s] -- Up-to-date: /RoverFlake2/install/moveit_core/include/moveit/constraint_samplers/default_constraint_samplers.h
[0.494s] -- Up-to-date: /RoverFlake2/install/moveit_core/include/moveit/constraint_samplers/constraint_sampler_manager.h
[0.494s] -- Up-to-date: /RoverFlake2/install/moveit_core/include/moveit/constraint_samplers/constraint_sampler_allocator.h
[0.494s] -- Up-to-date: /RoverFlake2/install/moveit_core/include/moveit/constraint_samplers/constraint_sampler_tools.h
[0.494s] -- Up-to-date: /RoverFlake2/install/moveit_core/include
[0.494s] -- Up-to-date: /RoverFlake2/install/moveit_core/include/moveit
[0.494s] -- Up-to-date: /RoverFlake2/install/moveit_core/include/moveit/controller_manager
[0.494s] -- Up-to-date: /RoverFlake2/install/moveit_core/include/moveit/controller_manager/controller_manager.h
[0.494s] -- Up-to-date: /RoverFlake2/install/moveit_core/include
[0.494s] -- Up-to-date: /RoverFlake2/install/moveit_core/include/moveit
[0.494s] -- Up-to-date: /RoverFlake2/install/moveit_core/include/moveit/distance_field
[0.494s] -- Up-to-date: /RoverFlake2/install/moveit_core/include/moveit/distance_field/distance_field.h
[0.494s] -- Up-to-date: /RoverFlake2/install/moveit_core/include/moveit/distance_field/voxel_grid.h
[0.494s] -- Up-to-date: /RoverFlake2/install/moveit_core/include/moveit/distance_field/propagation_distance_field.h
[0.494s] -- Up-to-date: /RoverFlake2/install/moveit_core/include/moveit/distance_field/find_internal_points.h
[0.494s] -- Up-to-date: /RoverFlake2/install/moveit_core/include
[0.494s] -- Up-to-date: /RoverFlake2/install/moveit_core/include/moveit
[0.495s] -- Up-to-date: /RoverFlake2/install/moveit_core/include/moveit/dynamics_solver
[0.495s] -- Up-to-date: /RoverFlake2/install/moveit_core/include/moveit/dynamics_solver/dynamics_solver.h
[0.495s] -- Up-to-date: /RoverFlake2/install/moveit_core/include
[0.495s] -- Up-to-date: /RoverFlake2/install/moveit_core/include/moveit
[0.495s] -- Up-to-date: /RoverFlake2/install/moveit_core/include/moveit/exceptions
[0.495s] -- Up-to-date: /RoverFlake2/install/moveit_core/include/moveit/exceptions/exceptions.h
[0.495s] -- Up-to-date: /RoverFlake2/install/moveit_core/include
[0.495s] -- Up-to-date: /RoverFlake2/install/moveit_core/include/moveit
[0.495s] -- Up-to-date: /RoverFlake2/install/moveit_core/include/moveit/kinematics_base
[0.495s] -- Up-to-date: /RoverFlake2/install/moveit_core/include/moveit/kinematics_base/kinematics_base.h
[0.495s] -- Up-to-date: /RoverFlake2/install/moveit_core/include/moveit_kinematics_base_export.h
[0.495s] -- Up-to-date: /RoverFlake2/install/moveit_core/include
[0.495s] -- Up-to-date: /RoverFlake2/install/moveit_core/include/moveit
[0.495s] -- Up-to-date: /RoverFlake2/install/moveit_core/include/moveit/kinematic_constraints
[0.495s] -- Up-to-date: /RoverFlake2/install/moveit_core/include/moveit/kinematic_constraints/kinematic_constraint.h
[0.495s] -- Up-to-date: /RoverFlake2/install/moveit_core/include/moveit/kinematic_constraints/utils.h
[0.495s] -- Up-to-date: /RoverFlake2/install/moveit_core/include
[0.495s] -- Up-to-date: /RoverFlake2/install/moveit_core/include/moveit
[0.495s] -- Up-to-date: /RoverFlake2/install/moveit_core/include/moveit/kinematics_metrics
[0.495s] -- Up-to-date: /RoverFlake2/install/moveit_core/include/moveit/kinematics_metrics/kinematics_metrics.h
[0.495s] -- Up-to-date: /RoverFlake2/install/moveit_core/include
[0.495s] -- Up-to-date: /RoverFlake2/install/moveit_core/include/moveit
[0.495s] -- Up-to-date: /RoverFlake2/install/moveit_core/include/moveit/macros
[0.496s] -- Up-to-date: /RoverFlake2/install/moveit_core/include/moveit/macros/class_forward.h
[0.496s] -- Up-to-date: /RoverFlake2/install/moveit_core/include/moveit/macros/declare_ptr.h
[0.496s] -- Up-to-date: /RoverFlake2/install/moveit_core/include/moveit/macros/console_colors.h
[0.496s] -- Up-to-date: /RoverFlake2/install/moveit_core/include/moveit/macros/deprecation.h
[0.496s] -- Up-to-date: /RoverFlake2/install/moveit_core/include/moveit_core
[0.496s] -- Up-to-date: /RoverFlake2/install/moveit_core/include/moveit_core/moveit_butterworth_parameters.hpp
[0.496s] -- Up-to-date: /RoverFlake2/install/moveit_core/include
[0.496s] -- Up-to-date: /RoverFlake2/install/moveit_core/include/moveit
[0.496s] -- Up-to-date: /RoverFlake2/install/moveit_core/include/moveit/online_signal_smoothing
[0.496s] -- Up-to-date: /RoverFlake2/install/moveit_core/include/moveit/online_signal_smoothing/smoothing_base_class.h
[0.496s] -- Up-to-date: /RoverFlake2/install/moveit_core/include/moveit/online_signal_smoothing/butterworth_filter.h
[0.496s] -- Up-to-date: /RoverFlake2/install/moveit_core/include/moveit_smoothing_base_export.h
[0.496s] -- Up-to-date: /RoverFlake2/install/moveit_core/include/moveit_butterworth_filter_export.h
[0.496s] -- Up-to-date: /RoverFlake2/install/moveit_core/include
[0.496s] -- Up-to-date: /RoverFlake2/install/moveit_core/include/moveit
[0.496s] -- Up-to-date: /RoverFlake2/install/moveit_core/include/moveit/planning_interface
[0.496s] -- Up-to-date: /RoverFlake2/install/moveit_core/include/moveit/planning_interface/planning_response.h
[0.496s] -- Up-to-date: /RoverFlake2/install/moveit_core/include/moveit/planning_interface/planning_interface.h
[0.496s] -- Up-to-date: /RoverFlake2/install/moveit_core/include/moveit/planning_interface/planning_request.h
[0.496s] -- Up-to-date: /RoverFlake2/install/moveit_core/include
[0.496s] -- Up-to-date: /RoverFlake2/install/moveit_core/include/moveit
[0.496s] -- Up-to-date: /RoverFlake2/install/moveit_core/include/moveit/planning_request_adapter
[0.496s] -- Up-to-date: /RoverFlake2/install/moveit_core/include/moveit/planning_request_adapter/planning_request_adapter.h
[0.496s] -- Up-to-date: /RoverFlake2/install/moveit_core/include
[0.497s] -- Up-to-date: /RoverFlake2/install/moveit_core/include/moveit
[0.497s] -- Up-to-date: /RoverFlake2/install/moveit_core/include/moveit/planning_scene
[0.497s] -- Up-to-date: /RoverFlake2/install/moveit_core/include/moveit/planning_scene/planning_scene.h
[0.497s] -- Up-to-date: /RoverFlake2/install/moveit_core/include/moveit_planning_scene_export.h
[0.497s] -- Up-to-date: /RoverFlake2/install/moveit_core/include
[0.497s] -- Up-to-date: /RoverFlake2/install/moveit_core/include/moveit
[0.497s] -- Up-to-date: /RoverFlake2/install/moveit_core/include/moveit/robot_model
[0.497s] -- Up-to-date: /RoverFlake2/install/moveit_core/include/moveit/robot_model/floating_joint_model.h
[0.497s] -- Up-to-date: /RoverFlake2/install/moveit_core/include/moveit/robot_model/joint_model_group.h
[0.497s] -- Up-to-date: /RoverFlake2/install/moveit_core/include/moveit/robot_model/robot_model.h
[0.497s] -- Up-to-date: /RoverFlake2/install/moveit_core/include/moveit/robot_model/link_model.h
[0.497s] -- Up-to-date: /RoverFlake2/install/moveit_core/include/moveit/robot_model/joint_model.h
[0.497s] -- Up-to-date: /RoverFlake2/install/moveit_core/include/moveit/robot_model/prismatic_joint_model.h
[0.497s] -- Up-to-date: /RoverFlake2/install/moveit_core/include/moveit/robot_model/aabb.h
[0.497s] -- Up-to-date: /RoverFlake2/install/moveit_core/include/moveit/robot_model/revolute_joint_model.h
[0.497s] -- Up-to-date: /RoverFlake2/install/moveit_core/include/moveit/robot_model/planar_joint_model.h
[0.497s] -- Up-to-date: /RoverFlake2/install/moveit_core/include/moveit/robot_model/fixed_joint_model.h
[0.497s] -- Up-to-date: /RoverFlake2/install/moveit_core/include
[0.497s] -- Up-to-date: /RoverFlake2/install/moveit_core/include/moveit
[0.498s] -- Up-to-date: /RoverFlake2/install/moveit_core/include/moveit/robot_state
[0.498s] -- Up-to-date: /RoverFlake2/install/moveit_core/include/moveit/robot_state/cartesian_interpolator.h
[0.498s] -- Up-to-date: /RoverFlake2/install/moveit_core/include/moveit/robot_state/attached_body.h
[0.498s] -- Up-to-date: /RoverFlake2/install/moveit_core/include/moveit/robot_state/conversions.h
[0.498s] -- Up-to-date: /RoverFlake2/install/moveit_core/include/moveit/robot_state/robot_state.h
[0.498s] -- Up-to-date: /RoverFlake2/install/moveit_core/include
[0.498s] -- Up-to-date: /RoverFlake2/install/moveit_core/include/moveit
[0.498s] -- Up-to-date: /RoverFlake2/install/moveit_core/include/moveit/robot_trajectory
[0.498s] -- Up-to-date: /RoverFlake2/install/moveit_core/include/moveit/robot_trajectory/robot_trajectory.h
[0.498s] -- Up-to-date: /RoverFlake2/install/moveit_core/include
[0.498s] -- Up-to-date: /RoverFlake2/install/moveit_core/include/moveit
[0.498s] -- Up-to-date: /RoverFlake2/install/moveit_core/include/moveit/sensor_manager
[0.498s] -- Up-to-date: /RoverFlake2/install/moveit_core/include/moveit/sensor_manager/sensor_manager.h
[0.498s] -- Up-to-date: /RoverFlake2/install/moveit_core/include
[0.498s] -- Up-to-date: /RoverFlake2/install/moveit_core/include/moveit
[0.498s] -- Up-to-date: /RoverFlake2/install/moveit_core/include/moveit/trajectory_processing
[0.498s] -- Up-to-date: /RoverFlake2/install/moveit_core/include/moveit/trajectory_processing/time_parameterization.h
[0.498s] -- Up-to-date: /RoverFlake2/install/moveit_core/include/moveit/trajectory_processing/time_optimal_trajectory_generation.h
[0.498s] -- Up-to-date: /RoverFlake2/install/moveit_core/include/moveit/trajectory_processing/trajectory_tools.h
[0.498s] -- Up-to-date: /RoverFlake2/install/moveit_core/include/moveit/trajectory_processing/iterative_spline_parameterization.h
[0.498s] -- Up-to-date: /RoverFlake2/install/moveit_core/include/moveit/trajectory_processing/iterative_time_parameterization.h
[0.498s] -- Up-to-date: /RoverFlake2/install/moveit_core/include/moveit/trajectory_processing/ruckig_traj_smoothing.h
[0.498s] -- Up-to-date: /RoverFlake2/install/moveit_core/include
[0.498s] -- Up-to-date: /RoverFlake2/install/moveit_core/include/moveit
[0.498s] -- Up-to-date: /RoverFlake2/install/moveit_core/include/moveit/transforms
[0.498s] -- Up-to-date: /RoverFlake2/install/moveit_core/include/moveit/transforms/transforms.h
[0.498s] -- Up-to-date: /RoverFlake2/install/moveit_core/include
[0.499s] -- Up-to-date: /RoverFlake2/install/moveit_core/include/moveit
[0.499s] -- Up-to-date: /RoverFlake2/install/moveit_core/include/moveit/utils
[0.499s] -- Up-to-date: /RoverFlake2/install/moveit_core/include/moveit/utils/robot_model_test_utils.h
[0.499s] -- Up-to-date: /RoverFlake2/install/moveit_core/include/moveit/utils/lexical_casts.h
[0.499s] -- Up-to-date: /RoverFlake2/install/moveit_core/include/moveit/utils/message_checks.h
[0.499s] -- Up-to-date: /RoverFlake2/install/moveit_core/include/moveit/utils/moveit_error_code.h
[0.499s] -- Up-to-date: /RoverFlake2/install/moveit_core/include/moveit/utils/rclcpp_utils.h
[0.499s] -- Up-to-date: /RoverFlake2/install/moveit_core/bin/moveit_version
[0.499s] -- Up-to-date: /RoverFlake2/install/moveit_core/include
[0.499s] -- Up-to-date: /RoverFlake2/install/moveit_core/include/moveit
[0.499s] -- Up-to-date: /RoverFlake2/install/moveit_core/include/moveit/collision_detection
[0.499s] -- Up-to-date: /RoverFlake2/install/moveit_core/include/moveit/collision_detection/collision_tools.h
[0.499s] -- Up-to-date: /RoverFlake2/install/moveit_core/include/moveit/collision_detection/allvalid
[0.499s] -- Up-to-date: /RoverFlake2/install/moveit_core/include/moveit/collision_detection/allvalid/collision_detector_allocator_allvalid.h
[0.499s] -- Up-to-date: /RoverFlake2/install/moveit_core/include/moveit/collision_detection/allvalid/collision_env_allvalid.h
[0.499s] -- Up-to-date: /RoverFlake2/install/moveit_core/include/moveit/collision_detection/test_collision_common_pr2.h
[0.499s] -- Up-to-date: /RoverFlake2/install/moveit_core/include/moveit/collision_detection/collision_detector_allocator.h
[0.499s] -- Up-to-date: /RoverFlake2/install/moveit_core/include/moveit/collision_detection/occupancy_map.h
[0.499s] -- Up-to-date: /RoverFlake2/install/moveit_core/include/moveit/collision_detection/collision_plugin_cache.h
[0.499s] -- Up-to-date: /RoverFlake2/install/moveit_core/include/moveit/collision_detection/collision_plugin.h
[0.500s] -- Up-to-date: /RoverFlake2/install/moveit_core/include/moveit/collision_detection/test_collision_common_panda.h
[0.500s] -- Up-to-date: /RoverFlake2/install/moveit_core/include/moveit/collision_detection/collision_octomap_filter.h
[0.500s] -- Up-to-date: /RoverFlake2/install/moveit_core/include/moveit/collision_detection/world.h
[0.500s] -- Up-to-date: /RoverFlake2/install/moveit_core/include/moveit/collision_detection/collision_matrix.h
[0.500s] -- Up-to-date: /RoverFlake2/install/moveit_core/include/moveit/collision_detection/collision_common.h
[0.500s] -- Up-to-date: /RoverFlake2/install/moveit_core/include/moveit/collision_detection/world_diff.h
[0.500s] -- Up-to-date: /RoverFlake2/install/moveit_core/include/moveit/collision_detection/collision_env.h
[0.500s] -- Up-to-date: /RoverFlake2/install/moveit_core/include/moveit_collision_detection_export.h
[0.500s] -- Up-to-date: /RoverFlake2/install/moveit_core/include
[0.500s] -- Up-to-date: /RoverFlake2/install/moveit_core/include/moveit
[0.500s] -- Up-to-date: /RoverFlake2/install/moveit_core/include/moveit/collision_detection_bullet
[0.500s] -- Up-to-date: /RoverFlake2/install/moveit_core/include/moveit/collision_detection_bullet/collision_detector_allocator_bullet.h
[0.500s] -- Up-to-date: /RoverFlake2/install/moveit_core/include/moveit/collision_detection_bullet/collision_detector_bullet_plugin_loader.h
[0.500s] -- Up-to-date: /RoverFlake2/install/moveit_core/include/moveit/collision_detection_bullet/bullet_integration
[0.500s] -- Up-to-date: /RoverFlake2/install/moveit_core/include/moveit/collision_detection_bullet/bullet_integration/bullet_bvh_manager.h
[0.500s] -- Up-to-date: /RoverFlake2/install/moveit_core/include/moveit/collision_detection_bullet/bullet_integration/contact_checker_common.h
[0.500s] -- Up-to-date: /RoverFlake2/install/moveit_core/include/moveit/collision_detection_bullet/bullet_integration/basic_types.h
[0.500s] -- Up-to-date: /RoverFlake2/install/moveit_core/include/moveit/collision_detection_bullet/bullet_integration/ros_bullet_utils.h
[0.500s] -- Up-to-date: /RoverFlake2/install/moveit_core/include/moveit/collision_detection_bullet/bullet_integration/bullet_cast_bvh_manager.h
[0.500s] -- Up-to-date: /RoverFlake2/install/moveit_core/include/moveit/collision_detection_bullet/bullet_integration/bullet_discrete_bvh_manager.h
[0.500s] -- Up-to-date: /RoverFlake2/install/moveit_core/include/moveit/collision_detection_bullet/bullet_integration/bullet_utils.h
[0.500s] -- Up-to-date: /RoverFlake2/install/moveit_core/include/moveit/collision_detection_bullet/collision_env_bullet.h
[0.500s] -- Up-to-date: /RoverFlake2/install/moveit_core/include/moveit_collision_detection_bullet_export.h
[0.500s] -- Up-to-date: /RoverFlake2/install/moveit_core/include
[0.500s] -- Up-to-date: /RoverFlake2/install/moveit_core/include/moveit
[0.500s] -- Up-to-date: /RoverFlake2/install/moveit_core/include/moveit/collision_detection_fcl
[0.500s] -- Up-to-date: /RoverFlake2/install/moveit_core/include/moveit/collision_detection_fcl/collision_env_fcl.h
[0.500s] -- Up-to-date: /RoverFlake2/install/moveit_core/include/moveit/collision_detection_fcl/collision_detector_allocator_fcl.h
[0.500s] -- Up-to-date: /RoverFlake2/install/moveit_core/include/moveit/collision_detection_fcl/collision_detector_fcl_plugin_loader.h
[0.500s] -- Up-to-date: /RoverFlake2/install/moveit_core/include/moveit/collision_detection_fcl/fcl_compat.h
[0.500s] -- Up-to-date: /RoverFlake2/install/moveit_core/include/moveit/collision_detection_fcl/collision_common.h
[0.500s] -- Up-to-date: /RoverFlake2/install/moveit_core/include/moveit_collision_detection_fcl_export.h
[0.501s] -- Up-to-date: /RoverFlake2/install/moveit_core/lib/libcollision_detector_bullet_plugin.so.2.5.9
[0.501s] -- Up-to-date: /RoverFlake2/install/moveit_core/lib/libcollision_detector_bullet_plugin.so
[0.501s] -- Up-to-date: /RoverFlake2/install/moveit_core/lib/libmoveit_butterworth_filter.so.2.5.9
[0.501s] -- Up-to-date: /RoverFlake2/install/moveit_core/lib/libmoveit_butterworth_filter.so
[0.501s] -- Up-to-date: /RoverFlake2/install/moveit_core/lib/libmoveit_collision_distance_field.so.2.5.9
[0.502s] -- Up-to-date: /RoverFlake2/install/moveit_core/lib/libmoveit_collision_distance_field.so
[0.502s] -- Up-to-date: /RoverFlake2/install/moveit_core/lib/libmoveit_collision_detection.so.2.5.9
[0.502s] -- Up-to-date: /RoverFlake2/install/moveit_core/lib/libmoveit_collision_detection.so
[0.503s] -- Up-to-date: /RoverFlake2/install/moveit_core/lib/libmoveit_collision_detection_fcl.so.2.5.9
[0.503s] -- Up-to-date: /RoverFlake2/install/moveit_core/lib/libmoveit_collision_detection_fcl.so
[0.503s] -- Up-to-date: /RoverFlake2/install/moveit_core/lib/libmoveit_collision_detection_bullet.so.2.5.9
[0.504s] -- Up-to-date: /RoverFlake2/install/moveit_core/lib/libmoveit_collision_detection_bullet.so
[0.504s] -- Up-to-date: /RoverFlake2/install/moveit_core/lib/libmoveit_dynamics_solver.so.2.5.9
[0.504s] -- Up-to-date: /RoverFlake2/install/moveit_core/lib/libmoveit_dynamics_solver.so
[0.505s] -- Up-to-date: /RoverFlake2/install/moveit_core/lib/libmoveit_constraint_samplers.so.2.5.9
[0.505s] -- Up-to-date: /RoverFlake2/install/moveit_core/lib/libmoveit_constraint_samplers.so
[0.505s] -- Up-to-date: /RoverFlake2/install/moveit_core/lib/libmoveit_distance_field.so.2.5.9
[0.506s] -- Up-to-date: /RoverFlake2/install/moveit_core/lib/libmoveit_distance_field.so
[0.506s] -- Up-to-date: /RoverFlake2/install/moveit_core/lib/libmoveit_exceptions.so.2.5.9
[0.506s] -- Up-to-date: /RoverFlake2/install/moveit_core/lib/libmoveit_exceptions.so
[0.507s] -- Up-to-date: /RoverFlake2/install/moveit_core/lib/libmoveit_kinematics_base.so
[0.507s] -- Up-to-date: /RoverFlake2/install/moveit_core/lib/libmoveit_kinematic_constraints.so.2.5.9
[0.507s] -- Up-to-date: /RoverFlake2/install/moveit_core/lib/libmoveit_kinematic_constraints.so
[0.508s] -- Up-to-date: /RoverFlake2/install/moveit_core/lib/libmoveit_kinematics_metrics.so.2.5.9
[0.508s] -- Up-to-date: /RoverFlake2/install/moveit_core/lib/libmoveit_kinematics_metrics.so
[0.508s] -- Up-to-date: /RoverFlake2/install/moveit_core/lib/libmoveit_planning_interface.so.2.5.9
[0.509s] -- Up-to-date: /RoverFlake2/install/moveit_core/lib/libmoveit_planning_interface.so
[0.509s] -- Up-to-date: /RoverFlake2/install/moveit_core/lib/libmoveit_planning_scene.so.2.5.9
[0.509s] -- Up-to-date: /RoverFlake2/install/moveit_core/lib/libmoveit_planning_scene.so
[0.510s] -- Up-to-date: /RoverFlake2/install/moveit_core/lib/libmoveit_planning_request_adapter.so.2.5.9
[0.510s] -- Up-to-date: /RoverFlake2/install/moveit_core/lib/libmoveit_planning_request_adapter.so
[0.510s] -- Up-to-date: /RoverFlake2/install/moveit_core/lib/libmoveit_robot_model.so.2.5.9
[0.510s] -- Up-to-date: /RoverFlake2/install/moveit_core/lib/libmoveit_robot_model.so
[0.511s] -- Up-to-date: /RoverFlake2/install/moveit_core/lib/libmoveit_robot_state.so.2.5.9
[0.511s] -- Up-to-date: /RoverFlake2/install/moveit_core/lib/libmoveit_robot_state.so
[0.512s] -- Up-to-date: /RoverFlake2/install/moveit_core/lib/libmoveit_robot_trajectory.so.2.5.9
[0.512s] -- Up-to-date: /RoverFlake2/install/moveit_core/lib/libmoveit_robot_trajectory.so
[0.512s] -- Up-to-date: /RoverFlake2/install/moveit_core/lib/libmoveit_smoothing_base.so.2.5.9
[0.512s] -- Up-to-date: /RoverFlake2/install/moveit_core/lib/libmoveit_smoothing_base.so
[0.513s] -- Up-to-date: /RoverFlake2/install/moveit_core/lib/libmoveit_test_utils.so.2.5.9
[0.513s] -- Up-to-date: /RoverFlake2/install/moveit_core/lib/libmoveit_test_utils.so
[0.513s] -- Up-to-date: /RoverFlake2/install/moveit_core/lib/libmoveit_trajectory_processing.so.2.5.9
[0.514s] -- Up-to-date: /RoverFlake2/install/moveit_core/lib/libmoveit_trajectory_processing.so
[0.514s] -- Up-to-date: /RoverFlake2/install/moveit_core/lib/libmoveit_transforms.so.2.5.9
[0.514s] -- Up-to-date: /RoverFlake2/install/moveit_core/lib/libmoveit_transforms.so
[0.515s] -- Up-to-date: /RoverFlake2/install/moveit_core/lib/libmoveit_utils.so.2.5.9
[0.515s] -- Up-to-date: /RoverFlake2/install/moveit_core/lib/libmoveit_utils.so
[0.515s] -- Up-to-date: /RoverFlake2/install/moveit_core/share/moveit_core/environment/library_path.sh
[0.515s] -- Up-to-date: /RoverFlake2/install/moveit_core/share/moveit_core/environment/library_path.dsv
[0.515s] -- Up-to-date: /RoverFlake2/install/moveit_core/share/moveit_core/collision_detector_fcl_description.xml
[0.515s] -- Up-to-date: /RoverFlake2/install/moveit_core/share/moveit_core/collision_detector_bullet_description.xml
[0.515s] -- Up-to-date: /RoverFlake2/install/moveit_core/share/moveit_core/filter_plugin_butterworth.xml
[0.515s] -- Up-to-date: /RoverFlake2/install/moveit_core/share/ament_index/resource_index/package_run_dependencies/moveit_core
[0.515s] -- Up-to-date: /RoverFlake2/install/moveit_core/share/ament_index/resource_index/parent_prefix_path/moveit_core
[0.515s] -- Up-to-date: /RoverFlake2/install/moveit_core/share/moveit_core/environment/ament_prefix_path.sh
[0.515s] -- Up-to-date: /RoverFlake2/install/moveit_core/share/moveit_core/environment/ament_prefix_path.dsv
[0.515s] -- Up-to-date: /RoverFlake2/install/moveit_core/share/moveit_core/environment/path.sh
[0.515s] -- Up-to-date: /RoverFlake2/install/moveit_core/share/moveit_core/environment/path.dsv
[0.515s] -- Up-to-date: /RoverFlake2/install/moveit_core/share/moveit_core/local_setup.bash
[0.515s] -- Up-to-date: /RoverFlake2/install/moveit_core/share/moveit_core/local_setup.sh
[0.515s] -- Up-to-date: /RoverFlake2/install/moveit_core/share/moveit_core/local_setup.zsh
[0.515s] -- Up-to-date: /RoverFlake2/install/moveit_core/share/moveit_core/local_setup.dsv
[0.515s] -- Installing: /RoverFlake2/install/moveit_core/share/moveit_core/package.dsv
[0.515s] -- Up-to-date: /RoverFlake2/install/moveit_core/share/ament_index/resource_index/packages/moveit_core
[0.516s] -- Up-to-date: /RoverFlake2/install/moveit_core/share/ament_index/resource_index/moveit_core__pluginlib__plugin/moveit_core
[0.516s] -- Up-to-date: /RoverFlake2/install/moveit_core/share/moveit_core/cmake/export_moveit_coreExport.cmake
[0.516s] -- Up-to-date: /RoverFlake2/install/moveit_core/share/moveit_core/cmake/export_moveit_coreExport-release.cmake
[0.516s] -- Up-to-date: /RoverFlake2/install/moveit_core/share/moveit_core/cmake/ConfigExtras.cmake
[0.516s] -- Up-to-date: /RoverFlake2/install/moveit_core/share/moveit_core/cmake/ament_cmake_export_targets-extras.cmake
[0.516s] -- Up-to-date: /RoverFlake2/install/moveit_core/share/moveit_core/cmake/ament_cmake_export_dependencies-extras.cmake
[0.516s] -- Up-to-date: /RoverFlake2/install/moveit_core/share/moveit_core/cmake/moveit_coreConfig.cmake
[0.516s] -- Up-to-date: /RoverFlake2/install/moveit_core/share/moveit_core/cmake/moveit_coreConfig-version.cmake
[0.516s] -- Up-to-date: /RoverFlake2/install/moveit_core/share/moveit_core/package.xml
[0.517s] Invoked command in '/RoverFlake2/build/moveit_core' returned '0': CMAKE_PREFIX_PATH=/RoverFlake2/install/moveit_resources_panda_moveit_config:/RoverFlake2/install/srdfdom:/RoverFlake2/install/moveit_resources_pr2_description:/RoverFlake2/install/moveit_resources_panda_description:/RoverFlake2/install/moveit_common:/RoverFlake2/install/pilz_industrial_motion_planner_testutils:/RoverFlake2/install/moveit_ros_control_interface:/RoverFlake2/install/moveit_plugins:/RoverFlake2/install/moveit_simple_controller_manager:/RoverFlake2/install/moveit_ros_planning:/RoverFlake2/install/moveit_ros_occupancy_map_monitor:/RoverFlake2/install/moveit_resources_prbt_ikfast_manipulator_plugin:/RoverFlake2/install/moveit_planners_chomp:/RoverFlake2/install/moveit_chomp_optimizer_adapter:/RoverFlake2/install/chomp_motion_planner:/RoverFlake2/install/moveit_core:/RoverFlake2/install/rviz_marker_tools:/RoverFlake2/install/rosparam_shortcuts:/RoverFlake2/install/moveit_task_constructor_msgs:/RoverFlake2/install/moveit_resources_prbt_support:/RoverFlake2/install/moveit_resources:/RoverFlake2/install/moveit_resources_fanuc_moveit_config:/RoverFlake2/install/moveit_resources_fanuc_description:/RoverFlake2/install/moveit_configs_utils:/RoverFlake2/install/launch_param_builder:/opt/ros/humble LD_LIBRARY_PATH=/RoverFlake2/install/srdfdom/lib:/RoverFlake2/install/pilz_industrial_motion_planner_testutils/lib:/RoverFlake2/install/moveit_ros_control_interface/lib:/RoverFlake2/install/moveit_simple_controller_manager/lib:/RoverFlake2/install/moveit_ros_planning/lib:/RoverFlake2/install/moveit_ros_occupancy_map_monitor/lib:/RoverFlake2/install/moveit_resources_prbt_ikfast_manipulator_plugin/lib:/RoverFlake2/install/moveit_planners_chomp/lib:/RoverFlake2/install/moveit_chomp_optimizer_adapter/lib:/RoverFlake2/install/chomp_motion_planner/lib:/RoverFlake2/install/moveit_core/lib:/RoverFlake2/install/rviz_marker_tools/lib:/RoverFlake2/install/rosparam_shortcuts/lib:/RoverFlake2/install/moveit_task_constructor_msgs/lib:/opt/ros/humble/opt/rviz_ogre_vendor/lib:/opt/ros/humble/lib/x86_64-linux-gnu:/opt/ros/humble/lib /usr/bin/cmake --install /RoverFlake2/build/moveit_core
