[0.045s] Invoking command in '/RoverFlake2/build/pilz_industrial_motion_planner': AMENT_PREFIX_PATH=/RoverFlake2/install/moveit_resources_prbt_pg70_support:/RoverFlake2/install/moveit_ros_planning_interface:/RoverFlake2/install/moveit_resources_prbt_moveit_config:/RoverFlake2/install/moveit_ros_move_group:/RoverFlake2/install/moveit_ros_warehouse:/RoverFlake2/install/moveit_planners_ompl:/RoverFlake2/install/moveit_kinematics:/RoverFlake2/install/moveit_configs_utils:/RoverFlake2/install/launch_param_builder:/RoverFlake2/install/pilz_industrial_motion_planner_testutils:/RoverFlake2/install/moveit_ros_control_interface:/RoverFlake2/install/moveit_plugins:/RoverFlake2/install/moveit_simple_controller_manager:/RoverFlake2/install/moveit_ros_planning:/RoverFlake2/install/moveit_ros_occupancy_map_monitor:/RoverFlake2/install/moveit_resources_prbt_ikfast_manipulator_plugin:/RoverFlake2/install/moveit_planners_chomp:/RoverFlake2/install/moveit_chomp_optimizer_adapter:/RoverFlake2/install/chomp_motion_planner:/RoverFlake2/install/moveit_core:/RoverFlake2/install/srdfdom:/RoverFlake2/install/rviz_marker_tools:/RoverFlake2/install/rosparam_shortcuts:/RoverFlake2/install/moveit_task_constructor_msgs:/RoverFlake2/install/moveit_resources_prbt_support:/RoverFlake2/install/moveit_resources:/RoverFlake2/install/moveit_resources_pr2_description:/RoverFlake2/install/moveit_resources_panda_moveit_config:/RoverFlake2/install/moveit_resources_panda_description:/RoverFlake2/install/moveit_resources_fanuc_moveit_config:/RoverFlake2/install/moveit_resources_fanuc_description:/RoverFlake2/install/moveit_common:/opt/ros/humble CMAKE_PREFIX_PATH=/RoverFlake2/install/moveit_resources_prbt_pg70_support:/RoverFlake2/install/moveit_ros_planning_interface:/RoverFlake2/install/moveit_resources_prbt_moveit_config:/RoverFlake2/install/moveit_ros_move_group:/RoverFlake2/install/moveit_ros_warehouse:/RoverFlake2/install/moveit_planners_ompl:/RoverFlake2/install/moveit_kinematics:/RoverFlake2/install/moveit_ros_planning:/RoverFlake2/install/pilz_industrial_motion_planner_testutils:/RoverFlake2/install/moveit_simple_controller_manager:/RoverFlake2/install/moveit_ros_occupancy_map_monitor:/RoverFlake2/install/moveit_resources_prbt_ikfast_manipulator_plugin:/RoverFlake2/install/moveit_core:/RoverFlake2/install/moveit_resources_panda_moveit_config:/RoverFlake2/install/moveit_resources_fanuc_moveit_config:/RoverFlake2/install/srdfdom:/RoverFlake2/install/moveit_resources_prbt_support:/RoverFlake2/install/moveit_resources_pr2_description:/RoverFlake2/install/moveit_resources_panda_description:/RoverFlake2/install/moveit_resources_fanuc_description:/RoverFlake2/install/moveit_common:/RoverFlake2/install/moveit_ros_control_interface:/RoverFlake2/install/moveit_plugins:/RoverFlake2/install/moveit_planners_chomp:/RoverFlake2/install/moveit_chomp_optimizer_adapter:/RoverFlake2/install/chomp_motion_planner:/RoverFlake2/install/rviz_marker_tools:/RoverFlake2/install/rosparam_shortcuts:/RoverFlake2/install/moveit_task_constructor_msgs:/RoverFlake2/install/moveit_resources:/RoverFlake2/install/moveit_configs_utils:/RoverFlake2/install/launch_param_builder:/opt/ros/humble LD_LIBRARY_PATH=/RoverFlake2/install/moveit_ros_planning_interface/lib:/RoverFlake2/install/moveit_ros_move_group/lib:/RoverFlake2/install/moveit_ros_warehouse/lib:/RoverFlake2/install/moveit_planners_ompl/lib:/RoverFlake2/install/moveit_kinematics/lib:/RoverFlake2/install/moveit_ros_planning/lib:/RoverFlake2/install/pilz_industrial_motion_planner_testutils/lib:/RoverFlake2/install/moveit_simple_controller_manager/lib:/RoverFlake2/install/moveit_ros_occupancy_map_monitor/lib:/RoverFlake2/install/moveit_resources_prbt_ikfast_manipulator_plugin/lib:/RoverFlake2/install/moveit_core/lib:/RoverFlake2/install/srdfdom/lib:/RoverFlake2/install/moveit_ros_control_interface/lib:/RoverFlake2/install/moveit_planners_chomp/lib:/RoverFlake2/install/moveit_chomp_optimizer_adapter/lib:/RoverFlake2/install/chomp_motion_planner/lib:/RoverFlake2/install/rviz_marker_tools/lib:/RoverFlake2/install/rosparam_shortcuts/lib:/RoverFlake2/install/moveit_task_constructor_msgs/lib:/opt/ros/humble/opt/rviz_ogre_vendor/lib:/opt/ros/humble/lib/x86_64-linux-gnu:/opt/ros/humble/lib PYTHONPATH=/RoverFlake2/install/moveit_configs_utils/lib/python3.10/site-packages:/RoverFlake2/install/launch_param_builder/lib/python3.10/site-packages:/RoverFlake2/install/srdfdom/local/lib/python3.10/dist-packages:/RoverFlake2/install/moveit_task_constructor_msgs/local/lib/python3.10/dist-packages:/opt/ros/humble/lib/python3.10/site-packages:/opt/ros/humble/local/lib/python3.10/dist-packages /usr/bin/cmake /RoverFlake2/src/moveit2/moveit_planners/pilz_industrial_motion_planner -DCMAKE_BUILD_TYPE=Release -DCMAKE_INSTALL_PREFIX=/RoverFlake2/install/pilz_industrial_motion_planner
[0.087s] -- The C compiler identification is GNU 11.4.0
[0.129s] -- The CXX compiler identification is GNU 11.4.0
[0.135s] -- Detecting C compiler ABI info
[0.197s] -- Detecting C compiler ABI info - done
[0.202s] -- Check for working C compiler: /usr/bin/cc - skipped
[0.203s] -- Detecting C compile features
[0.203s] -- Detecting C compile features - done
[0.205s] -- Detecting CXX compiler ABI info
[0.266s] -- Detecting CXX compiler ABI info - done
[0.270s] -- Check for working CXX compiler: /usr/bin/c++ - skipped
[0.270s] -- Detecting CXX compile features
[0.271s] -- Detecting CXX compile features - done
[0.273s] -- Found moveit_common: 2.5.9 (/RoverFlake2/install/moveit_common/share/moveit_common/cmake)
[0.277s] -- Found ament_cmake: 1.3.12 (/opt/ros/humble/share/ament_cmake/cmake)
[0.395s] -- Found Python3: /usr/bin/python3 (found version "3.10.12") found components: Interpreter 
[0.542s] -- Found eigen3_cmake_module: 0.1.1 (/opt/ros/humble/share/eigen3_cmake_module/cmake)
[0.550s] -- Found Eigen3: TRUE (found version "3.4.0") 
[0.554s] -- Found geometry_msgs: 4.9.0 (/opt/ros/humble/share/geometry_msgs/cmake)
[0.603s] -- Found rosidl_generator_c: 3.1.8 (/opt/ros/humble/share/rosidl_generator_c/cmake)
[0.611s] -- Found rosidl_adapter: 3.1.8 (/opt/ros/humble/share/rosidl_adapter/cmake)
[0.622s] -- Found rosidl_generator_cpp: 3.1.8 (/opt/ros/humble/share/rosidl_generator_cpp/cmake)
[0.635s] -- Using all available rosidl_typesupport_c: rosidl_typesupport_fastrtps_c;rosidl_typesupport_introspection_c
[0.653s] -- Using all available rosidl_typesupport_cpp: rosidl_typesupport_fastrtps_cpp;rosidl_typesupport_introspection_cpp
[0.682s] -- Found moveit_core: 2.5.9 (/RoverFlake2/install/moveit_core/share/moveit_core/cmake)
[0.881s] -- Found Boost: /usr/lib/x86_64-linux-gnu/cmake/Boost-1.74.0/BoostConfig.cmake (found version "1.74.0") found components: chrono date_time filesystem iostreams program_options regex serialization system thread 
[0.930s] -- Found parameter_traits: 0.6.0 (/opt/ros/humble/share/parameter_traits/cmake)
[0.983s] -- Found rmw_implementation_cmake: 6.1.2 (/opt/ros/humble/share/rmw_implementation_cmake/cmake)
[0.988s] -- Found rmw_cyclonedds_cpp: 1.3.4 (/opt/ros/humble/share/rmw_cyclonedds_cpp/cmake)
[1.017s] -- Using RMW implementation 'rmw_cyclonedds_cpp' as default
[1.031s] -- Found Threads: TRUE  
[1.074s] -- Found rclcpp_lifecycle: 16.0.17 (/opt/ros/humble/share/rclcpp_lifecycle/cmake)
[1.096s] -- Found Boost: /usr/lib/x86_64-linux-gnu/cmake/Boost-1.74.0/BoostConfig.cmake (found version "1.74.0") found components: filesystem 
[1.184s] -- library: /usr/lib/x86_64-linux-gnu/libcurl.so
[1.237s] -- Ensuring Eigen3 include directory is part of orocos-kdl CMake target
[1.445s] -- Found moveit_ros_move_group: 2.5.9 (/RoverFlake2/install/moveit_ros_move_group/share/moveit_ros_move_group/cmake)
[1.448s] -- Found Boost: /usr/lib/x86_64-linux-gnu/cmake/Boost-1.74.0/BoostConfig.cmake (found version "1.74.0") found components: system filesystem date_time program_options thread 
[1.470s] -- Found Boost: /usr/lib/x86_64-linux-gnu/cmake/Boost-1.74.0/BoostConfig.cmake (found version "1.74.0") found components: system filesystem date_time program_options thread chrono 
[1.479s] -- Found moveit_ros_planning_interface: 2.5.9 (/RoverFlake2/install/moveit_ros_planning_interface/share/moveit_ros_planning_interface/cmake)
[1.482s] -- Found Boost: /usr/lib/x86_64-linux-gnu/cmake/Boost-1.74.0/BoostConfig.cmake (found version "1.74.0") found components: date_time filesystem program_options system thread 
[1.490s] -- Found Boost: /usr/lib/x86_64-linux-gnu/cmake/Boost-1.74.0/BoostConfig.cmake (found version "1.74.0") found components: thread system filesystem regex date_time program_options 
[1.560s] -- Found tf2_eigen_kdl: 0.25.18 (/opt/ros/humble/share/tf2_eigen_kdl/cmake)
[1.567s] -- Found Boost: /usr/lib/x86_64-linux-gnu/cmake/Boost-1.74.0/BoostConfig.cmake (found version "1.74.0")  
[1.651s] -- Found ament_cmake_gtest: 1.3.12 (/opt/ros/humble/share/ament_cmake_gtest/cmake)
[1.655s] -- Found ament_cmake_gmock: 1.3.12 (/opt/ros/humble/share/ament_cmake_gmock/cmake)
[1.659s] -- Found ros_testing: 0.4.0 (/opt/ros/humble/share/ros_testing/cmake)
[1.662s] -- Found launch_testing_ament_cmake: 1.0.13 (/opt/ros/humble/share/launch_testing_ament_cmake/cmake)
[1.666s] -- Found python_cmake_module: 0.10.0 (/opt/ros/humble/share/python_cmake_module/cmake)
[1.680s] -- Found PythonInterp: /usr/bin/python3 (found suitable version "3.10.12", minimum required is "3.6") 
[1.684s] -- Found PythonLibs: /usr/lib/x86_64-linux-gnu/libpython3.10.so (found suitable version "3.10.12", minimum required is "3.5") 
[1.684s] -- Using PYTHON_EXECUTABLE: /usr/bin/python3
[1.684s] -- Using PYTHON_INCLUDE_DIRS: /usr/include/python3.10
[1.684s] -- Using PYTHON_LIBRARIES: /usr/lib/x86_64-linux-gnu/libpython3.10.so
[1.698s] -- Found PythonExtra: .so  
[1.700s] -- Found moveit_resources_prbt_support: 2.5.9 (/RoverFlake2/install/moveit_resources_prbt_support/share/moveit_resources_prbt_support/cmake)
[1.701s] -- Found moveit_resources_prbt_moveit_config: 2.5.9 (/RoverFlake2/install/moveit_resources_prbt_moveit_config/share/moveit_resources_prbt_moveit_config/cmake)
[1.704s] -- Found Boost: /usr/lib/x86_64-linux-gnu/cmake/Boost-1.74.0/BoostConfig.cmake (found version "1.74.0") found components: thread 
[1.705s] -- Found pilz_industrial_motion_planner_testutils: 2.5.9 (/RoverFlake2/install/pilz_industrial_motion_planner_testutils/share/pilz_industrial_motion_planner_testutils/cmake)
[1.725s] -- Found gtest sources under '/opt/ros/humble/src/gtest_vendor': C++ tests using 'Google Test' will be built
[1.757s] -- Found gmock sources under '/opt/ros/humble/src/gmock_vendor': C++ tests using 'Google Mock' will be built
[1.762s] -- Found ament_lint_auto: 0.12.14 (/opt/ros/humble/share/ament_lint_auto/cmake)
[1.819s] -- Found launch_testing_ament_cmake: 1.0.13 (/opt/ros/humble/share/launch_testing_ament_cmake/cmake)
[1.820s] -- Found python_cmake_module: 0.10.0 (/opt/ros/humble/share/python_cmake_module/cmake)
[1.837s] -- Using PYTHON_EXECUTABLE: /usr/bin/python3
[1.837s] -- Using PYTHON_INCLUDE_DIRS: /usr/include/python3.10
[1.837s] -- Using PYTHON_LIBRARIES: /usr/lib/x86_64-linux-gnu/libpython3.10.so
[1.846s] -- Added test 'cppcheck' to perform static code analysis on C / C++ code
[1.846s] -- Configured cppcheck include dirs: /RoverFlake2/src/moveit2/moveit_planners/pilz_industrial_motion_planner/include
[1.846s] -- Configured cppcheck exclude dirs and/or files: 
[1.848s] -- Added test 'pep257' to check Python code against some of the docstring style conventions in PEP 257
[1.849s] -- Added test 'xmllint' to check XML markup files
[1.851s] -- Configuring done
[2.287s] -- Generating done
[2.372s] -- Build files have been written to: /RoverFlake2/build/pilz_industrial_motion_planner
[2.403s] Invoked command in '/RoverFlake2/build/pilz_industrial_motion_planner' returned '0': AMENT_PREFIX_PATH=/RoverFlake2/install/moveit_resources_prbt_pg70_support:/RoverFlake2/install/moveit_ros_planning_interface:/RoverFlake2/install/moveit_resources_prbt_moveit_config:/RoverFlake2/install/moveit_ros_move_group:/RoverFlake2/install/moveit_ros_warehouse:/RoverFlake2/install/moveit_planners_ompl:/RoverFlake2/install/moveit_kinematics:/RoverFlake2/install/moveit_configs_utils:/RoverFlake2/install/launch_param_builder:/RoverFlake2/install/pilz_industrial_motion_planner_testutils:/RoverFlake2/install/moveit_ros_control_interface:/RoverFlake2/install/moveit_plugins:/RoverFlake2/install/moveit_simple_controller_manager:/RoverFlake2/install/moveit_ros_planning:/RoverFlake2/install/moveit_ros_occupancy_map_monitor:/RoverFlake2/install/moveit_resources_prbt_ikfast_manipulator_plugin:/RoverFlake2/install/moveit_planners_chomp:/RoverFlake2/install/moveit_chomp_optimizer_adapter:/RoverFlake2/install/chomp_motion_planner:/RoverFlake2/install/moveit_core:/RoverFlake2/install/srdfdom:/RoverFlake2/install/rviz_marker_tools:/RoverFlake2/install/rosparam_shortcuts:/RoverFlake2/install/moveit_task_constructor_msgs:/RoverFlake2/install/moveit_resources_prbt_support:/RoverFlake2/install/moveit_resources:/RoverFlake2/install/moveit_resources_pr2_description:/RoverFlake2/install/moveit_resources_panda_moveit_config:/RoverFlake2/install/moveit_resources_panda_description:/RoverFlake2/install/moveit_resources_fanuc_moveit_config:/RoverFlake2/install/moveit_resources_fanuc_description:/RoverFlake2/install/moveit_common:/opt/ros/humble CMAKE_PREFIX_PATH=/RoverFlake2/install/moveit_resources_prbt_pg70_support:/RoverFlake2/install/moveit_ros_planning_interface:/RoverFlake2/install/moveit_resources_prbt_moveit_config:/RoverFlake2/install/moveit_ros_move_group:/RoverFlake2/install/moveit_ros_warehouse:/RoverFlake2/install/moveit_planners_ompl:/RoverFlake2/install/moveit_kinematics:/RoverFlake2/install/moveit_ros_planning:/RoverFlake2/install/pilz_industrial_motion_planner_testutils:/RoverFlake2/install/moveit_simple_controller_manager:/RoverFlake2/install/moveit_ros_occupancy_map_monitor:/RoverFlake2/install/moveit_resources_prbt_ikfast_manipulator_plugin:/RoverFlake2/install/moveit_core:/RoverFlake2/install/moveit_resources_panda_moveit_config:/RoverFlake2/install/moveit_resources_fanuc_moveit_config:/RoverFlake2/install/srdfdom:/RoverFlake2/install/moveit_resources_prbt_support:/RoverFlake2/install/moveit_resources_pr2_description:/RoverFlake2/install/moveit_resources_panda_description:/RoverFlake2/install/moveit_resources_fanuc_description:/RoverFlake2/install/moveit_common:/RoverFlake2/install/moveit_ros_control_interface:/RoverFlake2/install/moveit_plugins:/RoverFlake2/install/moveit_planners_chomp:/RoverFlake2/install/moveit_chomp_optimizer_adapter:/RoverFlake2/install/chomp_motion_planner:/RoverFlake2/install/rviz_marker_tools:/RoverFlake2/install/rosparam_shortcuts:/RoverFlake2/install/moveit_task_constructor_msgs:/RoverFlake2/install/moveit_resources:/RoverFlake2/install/moveit_configs_utils:/RoverFlake2/install/launch_param_builder:/opt/ros/humble LD_LIBRARY_PATH=/RoverFlake2/install/moveit_ros_planning_interface/lib:/RoverFlake2/install/moveit_ros_move_group/lib:/RoverFlake2/install/moveit_ros_warehouse/lib:/RoverFlake2/install/moveit_planners_ompl/lib:/RoverFlake2/install/moveit_kinematics/lib:/RoverFlake2/install/moveit_ros_planning/lib:/RoverFlake2/install/pilz_industrial_motion_planner_testutils/lib:/RoverFlake2/install/moveit_simple_controller_manager/lib:/RoverFlake2/install/moveit_ros_occupancy_map_monitor/lib:/RoverFlake2/install/moveit_resources_prbt_ikfast_manipulator_plugin/lib:/RoverFlake2/install/moveit_core/lib:/RoverFlake2/install/srdfdom/lib:/RoverFlake2/install/moveit_ros_control_interface/lib:/RoverFlake2/install/moveit_planners_chomp/lib:/RoverFlake2/install/moveit_chomp_optimizer_adapter/lib:/RoverFlake2/install/chomp_motion_planner/lib:/RoverFlake2/install/rviz_marker_tools/lib:/RoverFlake2/install/rosparam_shortcuts/lib:/RoverFlake2/install/moveit_task_constructor_msgs/lib:/opt/ros/humble/opt/rviz_ogre_vendor/lib:/opt/ros/humble/lib/x86_64-linux-gnu:/opt/ros/humble/lib PYTHONPATH=/RoverFlake2/install/moveit_configs_utils/lib/python3.10/site-packages:/RoverFlake2/install/launch_param_builder/lib/python3.10/site-packages:/RoverFlake2/install/srdfdom/local/lib/python3.10/dist-packages:/RoverFlake2/install/moveit_task_constructor_msgs/local/lib/python3.10/dist-packages:/opt/ros/humble/lib/python3.10/site-packages:/opt/ros/humble/local/lib/python3.10/dist-packages /usr/bin/cmake /RoverFlake2/src/moveit2/moveit_planners/pilz_industrial_motion_planner -DCMAKE_BUILD_TYPE=Release -DCMAKE_INSTALL_PREFIX=/RoverFlake2/install/pilz_industrial_motion_planner
[2.405s] Invoking command in '/RoverFlake2/build/pilz_industrial_motion_planner': AMENT_PREFIX_PATH=/RoverFlake2/install/moveit_resources_prbt_pg70_support:/RoverFlake2/install/moveit_ros_planning_interface:/RoverFlake2/install/moveit_resources_prbt_moveit_config:/RoverFlake2/install/moveit_ros_move_group:/RoverFlake2/install/moveit_ros_warehouse:/RoverFlake2/install/moveit_planners_ompl:/RoverFlake2/install/moveit_kinematics:/RoverFlake2/install/moveit_configs_utils:/RoverFlake2/install/launch_param_builder:/RoverFlake2/install/pilz_industrial_motion_planner_testutils:/RoverFlake2/install/moveit_ros_control_interface:/RoverFlake2/install/moveit_plugins:/RoverFlake2/install/moveit_simple_controller_manager:/RoverFlake2/install/moveit_ros_planning:/RoverFlake2/install/moveit_ros_occupancy_map_monitor:/RoverFlake2/install/moveit_resources_prbt_ikfast_manipulator_plugin:/RoverFlake2/install/moveit_planners_chomp:/RoverFlake2/install/moveit_chomp_optimizer_adapter:/RoverFlake2/install/chomp_motion_planner:/RoverFlake2/install/moveit_core:/RoverFlake2/install/srdfdom:/RoverFlake2/install/rviz_marker_tools:/RoverFlake2/install/rosparam_shortcuts:/RoverFlake2/install/moveit_task_constructor_msgs:/RoverFlake2/install/moveit_resources_prbt_support:/RoverFlake2/install/moveit_resources:/RoverFlake2/install/moveit_resources_pr2_description:/RoverFlake2/install/moveit_resources_panda_moveit_config:/RoverFlake2/install/moveit_resources_panda_description:/RoverFlake2/install/moveit_resources_fanuc_moveit_config:/RoverFlake2/install/moveit_resources_fanuc_description:/RoverFlake2/install/moveit_common:/opt/ros/humble CMAKE_PREFIX_PATH=/RoverFlake2/install/moveit_resources_prbt_pg70_support:/RoverFlake2/install/moveit_ros_planning_interface:/RoverFlake2/install/moveit_resources_prbt_moveit_config:/RoverFlake2/install/moveit_ros_move_group:/RoverFlake2/install/moveit_ros_warehouse:/RoverFlake2/install/moveit_planners_ompl:/RoverFlake2/install/moveit_kinematics:/RoverFlake2/install/moveit_ros_planning:/RoverFlake2/install/pilz_industrial_motion_planner_testutils:/RoverFlake2/install/moveit_simple_controller_manager:/RoverFlake2/install/moveit_ros_occupancy_map_monitor:/RoverFlake2/install/moveit_resources_prbt_ikfast_manipulator_plugin:/RoverFlake2/install/moveit_core:/RoverFlake2/install/moveit_resources_panda_moveit_config:/RoverFlake2/install/moveit_resources_fanuc_moveit_config:/RoverFlake2/install/srdfdom:/RoverFlake2/install/moveit_resources_prbt_support:/RoverFlake2/install/moveit_resources_pr2_description:/RoverFlake2/install/moveit_resources_panda_description:/RoverFlake2/install/moveit_resources_fanuc_description:/RoverFlake2/install/moveit_common:/RoverFlake2/install/moveit_ros_control_interface:/RoverFlake2/install/moveit_plugins:/RoverFlake2/install/moveit_planners_chomp:/RoverFlake2/install/moveit_chomp_optimizer_adapter:/RoverFlake2/install/chomp_motion_planner:/RoverFlake2/install/rviz_marker_tools:/RoverFlake2/install/rosparam_shortcuts:/RoverFlake2/install/moveit_task_constructor_msgs:/RoverFlake2/install/moveit_resources:/RoverFlake2/install/moveit_configs_utils:/RoverFlake2/install/launch_param_builder:/opt/ros/humble LD_LIBRARY_PATH=/RoverFlake2/install/moveit_ros_planning_interface/lib:/RoverFlake2/install/moveit_ros_move_group/lib:/RoverFlake2/install/moveit_ros_warehouse/lib:/RoverFlake2/install/moveit_planners_ompl/lib:/RoverFlake2/install/moveit_kinematics/lib:/RoverFlake2/install/moveit_ros_planning/lib:/RoverFlake2/install/pilz_industrial_motion_planner_testutils/lib:/RoverFlake2/install/moveit_simple_controller_manager/lib:/RoverFlake2/install/moveit_ros_occupancy_map_monitor/lib:/RoverFlake2/install/moveit_resources_prbt_ikfast_manipulator_plugin/lib:/RoverFlake2/install/moveit_core/lib:/RoverFlake2/install/srdfdom/lib:/RoverFlake2/install/moveit_ros_control_interface/lib:/RoverFlake2/install/moveit_planners_chomp/lib:/RoverFlake2/install/moveit_chomp_optimizer_adapter/lib:/RoverFlake2/install/chomp_motion_planner/lib:/RoverFlake2/install/rviz_marker_tools/lib:/RoverFlake2/install/rosparam_shortcuts/lib:/RoverFlake2/install/moveit_task_constructor_msgs/lib:/opt/ros/humble/opt/rviz_ogre_vendor/lib:/opt/ros/humble/lib/x86_64-linux-gnu:/opt/ros/humble/lib PYTHONPATH=/RoverFlake2/install/moveit_configs_utils/lib/python3.10/site-packages:/RoverFlake2/install/launch_param_builder/lib/python3.10/site-packages:/RoverFlake2/install/srdfdom/local/lib/python3.10/dist-packages:/RoverFlake2/install/moveit_task_constructor_msgs/local/lib/python3.10/dist-packages:/opt/ros/humble/lib/python3.10/site-packages:/opt/ros/humble/local/lib/python3.10/dist-packages /usr/bin/cmake --build /RoverFlake2/build/pilz_industrial_motion_planner -- -j32 -l32
[2.464s] [  1%] [32mBuilding CXX object CMakeFiles/trajectory_generation_common.dir/src/trajectory_functions.cpp.o[0m
[2.464s] [  3%] [32mBuilding CXX object CMakeFiles/trajectory_generation_common.dir/src/trajectory_blender_transition_window.cpp.o[0m
[2.464s] [  3%] [32mBuilding CXX object CMakeFiles/trajectory_generation_common.dir/src/trajectory_generator.cpp.o[0m
[2.466s] [  4%] [32mBuilding CXX object gtest/CMakeFiles/gtest_main.dir/src/gtest_main.cc.o[0m
[2.466s] [  6%] [32mBuilding CXX object gtest/CMakeFiles/gtest.dir/src/gtest-all.cc.o[0m
[2.466s] [  7%] [32mBuilding CXX object gmock/CMakeFiles/gmock_main.dir/src/gmock_main.cc.o[0m
[2.466s] [  8%] [32mBuilding CXX object CMakeFiles/joint_limits_common.dir/src/joint_limits_container.cpp.o[0m
[2.467s] [  9%] [32mBuilding CXX object CMakeFiles/joint_limits_common.dir/src/cartesian_limits_aggregator.cpp.o[0m
[2.468s] [ 10%] [32mBuilding CXX object CMakeFiles/joint_limits_common.dir/src/cartesian_limit.cpp.o[0m
[2.468s] [ 14%] [32mBuilding CXX object gmock/CMakeFiles/gmock.dir/opt/ros/humble/src/gtest_vendor/src/gtest-all.cc.o[0m
[2.468s] [ 14%] [32mBuilding CXX object gmock/CMakeFiles/gmock.dir/src/gmock-all.cc.o[0m
[2.468s] [ 14%] [32mBuilding CXX object CMakeFiles/planning_context_loader_base.dir/src/planning_context_loader.cpp.o[0m
[2.468s] [ 15%] [32mBuilding CXX object CMakeFiles/joint_limits_common.dir/src/joint_limits_aggregator.cpp.o[0m
[2.468s] [ 16%] [32mBuilding CXX object CMakeFiles/joint_limits_common.dir/src/limits_container.cpp.o[0m
[2.482s] [ 18%] [32mBuilding CXX object CMakeFiles/joint_limits_common.dir/src/joint_limits_validator.cpp.o[0m
[3.509s] [ 19%] [32m[1mLinking CXX static library libgtest_main.a[0m
[3.607s] [ 19%] Built target gtest_main
[3.824s] [ 20%] [32m[1mLinking CXX static library libgmock_main.a[0m
[3.889s] [ 20%] Built target gmock_main
[11.821s] [ 15%] [32m[1mLinking CXX static library libgtest.a[0m
[12.212s] [ 15%] Built target gtest
[12.492s] [ 16%] [32m[1mLinking CXX static library libgmock.a[0m
[12.746s] [ 18%] Built target gmock
[17.583s] [ 19%] [32m[1mLinking CXX shared library libplanning_context_loader_base.so[0m
[48.572s] [01m[Kc++:[m[K [01;31m[Kfatal error: [m[KKilled signal terminated program cc1plus
[48.580s] compilation terminated.
[48.581s] gmake[2]: *** [CMakeFiles/trajectory_generation_common.dir/build.make:90: CMakeFiles/trajectory_generation_common.dir/src/trajectory_generator.cpp.o] Error 1
[48.581s] gmake[2]: *** Waiting for unfinished jobs....
[63.108s] [01m[Kc++:[m[K [01;31m[Kfatal error: [m[KKilled signal terminated program cc1plus
[63.110s] compilation terminated.
[63.110s] gmake[2]: *** [CMakeFiles/trajectory_generation_common.dir/build.make:104: CMakeFiles/trajectory_generation_common.dir/src/trajectory_blender_transition_window.cpp.o] Error 1
[63.924s] [01m[Kc++:[m[K [01;31m[Kfatal error: [m[KKilled signal terminated program cc1plus
[63.926s] compilation terminated.
[63.928s] gmake[2]: *** [CMakeFiles/trajectory_generation_common.dir/build.make:76: CMakeFiles/trajectory_generation_common.dir/src/trajectory_functions.cpp.o] Error 1
[63.934s] gmake[1]: *** [CMakeFiles/Makefile2:328: CMakeFiles/trajectory_generation_common.dir/all] Error 2
[63.934s] gmake[1]: *** Waiting for unfinished jobs....
[68.307s] [ 19%] Built target planning_context_loader_base
[68.891s] [01m[Kc++:[m[K [01;31m[Kfatal error: [m[KKilled signal terminated program cc1plus
[68.892s] compilation terminated.
[68.897s] gmake[2]: *** [CMakeFiles/joint_limits_common.dir/build.make:76: CMakeFiles/joint_limits_common.dir/src/joint_limits_aggregator.cpp.o] Error 1
[68.905s] gmake[1]: *** [CMakeFiles/Makefile2:302: CMakeFiles/joint_limits_common.dir/all] Error 2
[68.910s] gmake: *** [Makefile:146: all] Error 2
