[0.287s] Invoking command in '/RoverFlake2/build/rosparam_shortcuts': CMAKE_PREFIX_PATH=${CMAKE_PREFIX_PATH}:/RoverFlake2/install/moveit_configs_utils:/RoverFlake2/install/launch_param_builder:/opt/ros/humble /usr/bin/cmake --build /RoverFlake2/build/rosparam_shortcuts -- -j32 -l32
[0.331s] [35m[1mConsolidate compiler generated dependencies of target gtest_main[0m
[0.331s] [35m[1mConsolidate compiler generated dependencies of target rosparam_shortcuts[0m
[0.331s] [35m[1mConsolidate compiler generated dependencies of target gtest[0m
[0.341s] [ 15%] Built target gtest_main
[0.345s] [ 30%] Built target gtest
[0.369s] [ 53%] Built target rosparam_shortcuts
[0.387s] [35m[1mConsolidate compiler generated dependencies of target rosparam_shortcuts_example[0m
[0.388s] [35m[1mConsolidate compiler generated dependencies of target test_node_parameters[0m
[0.389s] [35m[1mConsolidate compiler generated dependencies of target rosparam_shortcuts_node_parameters_example[0m
[0.400s] [ 69%] Built target rosparam_shortcuts_example
[0.401s] [ 84%] Built target test_node_parameters
[0.402s] [100%] Built target rosparam_shortcuts_node_parameters_example
[0.418s] Invoked command in '/RoverFlake2/build/rosparam_shortcuts' returned '0': CMAKE_PREFIX_PATH=${CMAKE_PREFIX_PATH}:/RoverFlake2/install/moveit_configs_utils:/RoverFlake2/install/launch_param_builder:/opt/ros/humble /usr/bin/cmake --build /RoverFlake2/build/rosparam_shortcuts -- -j32 -l32
[0.420s] Invoking command in '/RoverFlake2/build/rosparam_shortcuts': CMAKE_PREFIX_PATH=${CMAKE_PREFIX_PATH}:/RoverFlake2/install/moveit_configs_utils:/RoverFlake2/install/launch_param_builder:/opt/ros/humble /usr/bin/cmake --install /RoverFlake2/build/rosparam_shortcuts
[0.426s] -- Install configuration: "Release"
[0.427s] -- Up-to-date: /RoverFlake2/install/rosparam_shortcuts/lib/librosparam_shortcuts.so
[0.427s] -- Up-to-date: /RoverFlake2/install/rosparam_shortcuts/lib/rosparam_shortcuts/example
[0.428s] -- Up-to-date: /RoverFlake2/install/rosparam_shortcuts/lib/rosparam_shortcuts/node_parameters_example
[0.428s] -- Up-to-date: /RoverFlake2/install/rosparam_shortcuts/include
[0.428s] -- Up-to-date: /RoverFlake2/install/rosparam_shortcuts/include/rosparam_shortcuts
[0.428s] -- Up-to-date: /RoverFlake2/install/rosparam_shortcuts/include/rosparam_shortcuts/rosparam_shortcuts.h
[0.428s] -- Up-to-date: /RoverFlake2/install/rosparam_shortcuts/include/rosparam_shortcuts/node_parameters.h
[0.428s] -- Up-to-date: /RoverFlake2/install/rosparam_shortcuts/share/rosparam_shortcuts/launch
[0.428s] -- Up-to-date: /RoverFlake2/install/rosparam_shortcuts/share/rosparam_shortcuts/launch/example.launch.py
[0.428s] -- Up-to-date: /RoverFlake2/install/rosparam_shortcuts/share/rosparam_shortcuts/config
[0.428s] -- Up-to-date: /RoverFlake2/install/rosparam_shortcuts/share/rosparam_shortcuts/config/example.yaml
[0.428s] -- Up-to-date: /RoverFlake2/install/rosparam_shortcuts/share/rosparam_shortcuts/environment/library_path.sh
[0.428s] -- Up-to-date: /RoverFlake2/install/rosparam_shortcuts/share/rosparam_shortcuts/environment/library_path.dsv
[0.428s] -- Up-to-date: /RoverFlake2/install/rosparam_shortcuts/share/ament_index/resource_index/package_run_dependencies/rosparam_shortcuts
[0.428s] -- Up-to-date: /RoverFlake2/install/rosparam_shortcuts/share/ament_index/resource_index/parent_prefix_path/rosparam_shortcuts
[0.428s] -- Up-to-date: /RoverFlake2/install/rosparam_shortcuts/share/rosparam_shortcuts/environment/ament_prefix_path.sh
[0.428s] -- Up-to-date: /RoverFlake2/install/rosparam_shortcuts/share/rosparam_shortcuts/environment/ament_prefix_path.dsv
[0.428s] -- Up-to-date: /RoverFlake2/install/rosparam_shortcuts/share/rosparam_shortcuts/environment/path.sh
[0.429s] -- Up-to-date: /RoverFlake2/install/rosparam_shortcuts/share/rosparam_shortcuts/environment/path.dsv
[0.429s] -- Up-to-date: /RoverFlake2/install/rosparam_shortcuts/share/rosparam_shortcuts/local_setup.bash
[0.429s] -- Up-to-date: /RoverFlake2/install/rosparam_shortcuts/share/rosparam_shortcuts/local_setup.sh
[0.429s] -- Up-to-date: /RoverFlake2/install/rosparam_shortcuts/share/rosparam_shortcuts/local_setup.zsh
[0.429s] -- Up-to-date: /RoverFlake2/install/rosparam_shortcuts/share/rosparam_shortcuts/local_setup.dsv
[0.429s] -- Installing: /RoverFlake2/install/rosparam_shortcuts/share/rosparam_shortcuts/package.dsv
[0.429s] -- Up-to-date: /RoverFlake2/install/rosparam_shortcuts/share/ament_index/resource_index/packages/rosparam_shortcuts
[0.429s] -- Up-to-date: /RoverFlake2/install/rosparam_shortcuts/share/rosparam_shortcuts/cmake/export_rosparam_shortcutsExport.cmake
[0.429s] -- Up-to-date: /RoverFlake2/install/rosparam_shortcuts/share/rosparam_shortcuts/cmake/export_rosparam_shortcutsExport-release.cmake
[0.429s] -- Up-to-date: /RoverFlake2/install/rosparam_shortcuts/share/rosparam_shortcuts/cmake/ament_cmake_export_targets-extras.cmake
[0.429s] -- Up-to-date: /RoverFlake2/install/rosparam_shortcuts/share/rosparam_shortcuts/cmake/ament_cmake_export_dependencies-extras.cmake
[0.429s] -- Up-to-date: /RoverFlake2/install/rosparam_shortcuts/share/rosparam_shortcuts/cmake/rosparam_shortcutsConfig.cmake
[0.429s] -- Up-to-date: /RoverFlake2/install/rosparam_shortcuts/share/rosparam_shortcuts/cmake/rosparam_shortcutsConfig-version.cmake
[0.429s] -- Up-to-date: /RoverFlake2/install/rosparam_shortcuts/share/rosparam_shortcuts/package.xml
[0.431s] Invoked command in '/RoverFlake2/build/rosparam_shortcuts' returned '0': CMAKE_PREFIX_PATH=${CMAKE_PREFIX_PATH}:/RoverFlake2/install/moveit_configs_utils:/RoverFlake2/install/launch_param_builder:/opt/ros/humble /usr/bin/cmake --install /RoverFlake2/build/rosparam_shortcuts
