[0.026s] Invoking command in '/RoverFlake2/build/moveit_kinematics': AMENT_PREFIX_PATH=/RoverFlake2/install/moveit_configs_utils:/RoverFlake2/install/launch_param_builder:/RoverFlake2/install/pilz_industrial_motion_planner_testutils:/RoverFlake2/install/moveit_ros_control_interface:/RoverFlake2/install/moveit_plugins:/RoverFlake2/install/moveit_simple_controller_manager:/RoverFlake2/install/moveit_ros_planning:/RoverFlake2/install/moveit_ros_occupancy_map_monitor:/RoverFlake2/install/moveit_resources_prbt_ikfast_manipulator_plugin:/RoverFlake2/install/moveit_planners_chomp:/RoverFlake2/install/moveit_chomp_optimizer_adapter:/RoverFlake2/install/chomp_motion_planner:/RoverFlake2/install/moveit_core:/RoverFlake2/install/srdfdom:/RoverFlake2/install/rviz_marker_tools:/RoverFlake2/install/rosparam_shortcuts:/RoverFlake2/install/moveit_task_constructor_msgs:/RoverFlake2/install/moveit_resources_prbt_support:/RoverFlake2/install/moveit_resources:/RoverFlake2/install/moveit_resources_pr2_description:/RoverFlake2/install/moveit_resources_panda_moveit_config:/RoverFlake2/install/moveit_resources_panda_description:/RoverFlake2/install/moveit_resources_fanuc_moveit_config:/RoverFlake2/install/moveit_resources_fanuc_description:/RoverFlake2/install/moveit_common:/opt/ros/humble CMAKE_PREFIX_PATH=/RoverFlake2/install/moveit_ros_planning:/RoverFlake2/install/moveit_ros_occupancy_map_monitor:/RoverFlake2/install/moveit_core:/RoverFlake2/install/moveit_resources_panda_moveit_config:/RoverFlake2/install/moveit_resources_fanuc_moveit_config:/RoverFlake2/install/srdfdom:/RoverFlake2/install/moveit_resources_pr2_description:/RoverFlake2/install/moveit_resources_panda_description:/RoverFlake2/install/moveit_resources_fanuc_description:/RoverFlake2/install/moveit_common:/RoverFlake2/install/pilz_industrial_motion_planner_testutils:/RoverFlake2/install/moveit_ros_control_interface:/RoverFlake2/install/moveit_plugins:/RoverFlake2/install/moveit_simple_controller_manager:/RoverFlake2/install/moveit_resources_prbt_ikfast_manipulator_plugin:/RoverFlake2/install/moveit_planners_chomp:/RoverFlake2/install/moveit_chomp_optimizer_adapter:/RoverFlake2/install/chomp_motion_planner:/RoverFlake2/install/rviz_marker_tools:/RoverFlake2/install/rosparam_shortcuts:/RoverFlake2/install/moveit_task_constructor_msgs:/RoverFlake2/install/moveit_resources_prbt_support:/RoverFlake2/install/moveit_resources:/RoverFlake2/install/moveit_configs_utils:/RoverFlake2/install/launch_param_builder:/opt/ros/humble LD_LIBRARY_PATH=/RoverFlake2/install/moveit_ros_planning/lib:/RoverFlake2/install/moveit_ros_occupancy_map_monitor/lib:/RoverFlake2/install/moveit_core/lib:/RoverFlake2/install/srdfdom/lib:/RoverFlake2/install/pilz_industrial_motion_planner_testutils/lib:/RoverFlake2/install/moveit_ros_control_interface/lib:/RoverFlake2/install/moveit_simple_controller_manager/lib:/RoverFlake2/install/moveit_resources_prbt_ikfast_manipulator_plugin/lib:/RoverFlake2/install/moveit_planners_chomp/lib:/RoverFlake2/install/moveit_chomp_optimizer_adapter/lib:/RoverFlake2/install/chomp_motion_planner/lib:/RoverFlake2/install/rviz_marker_tools/lib:/RoverFlake2/install/rosparam_shortcuts/lib:/RoverFlake2/install/moveit_task_constructor_msgs/lib:/opt/ros/humble/opt/rviz_ogre_vendor/lib:/opt/ros/humble/lib/x86_64-linux-gnu:/opt/ros/humble/lib PYTHONPATH=/RoverFlake2/install/moveit_configs_utils/lib/python3.10/site-packages:/RoverFlake2/install/launch_param_builder/lib/python3.10/site-packages:/RoverFlake2/install/srdfdom/local/lib/python3.10/dist-packages:/RoverFlake2/install/moveit_task_constructor_msgs/local/lib/python3.10/dist-packages:/opt/ros/humble/lib/python3.10/site-packages:/opt/ros/humble/local/lib/python3.10/dist-packages /usr/bin/cmake --build /RoverFlake2/build/moveit_kinematics -- -j32 -l32
[0.074s] [35m[1mConsolidate compiler generated dependencies of target moveit_srv_kinematics_plugin[0m
[0.074s] [35m[1mConsolidate compiler generated dependencies of target moveit_cached_ik_kinematics_base[0m
[0.075s] [35m[1mConsolidate compiler generated dependencies of target gtest[0m
[0.075s] [35m[1mConsolidate compiler generated dependencies of target moveit_lma_kinematics_plugin[0m
[0.075s] [35m[1mConsolidate compiler generated dependencies of target gtest_main[0m
[0.075s] [35m[1mConsolidate compiler generated dependencies of target benchmark_ik[0m
[0.076s] [35m[1mConsolidate compiler generated dependencies of target moveit_kdl_kinematics_plugin[0m
[0.091s] [ 10%] Built target gtest_main
[0.091s] [ 21%] Built target gtest
[0.100s] [ 31%] Built target moveit_srv_kinematics_plugin
[0.103s] [ 52%] Built target moveit_cached_ik_kinematics_base
[0.103s] [ 52%] Built target moveit_lma_kinematics_plugin
[0.104s] [ 68%] Built target moveit_kdl_kinematics_plugin
[0.104s] [ 78%] Built target benchmark_ik
[0.116s] [35m[1mConsolidate compiler generated dependencies of target moveit_cached_ik_kinematics_plugin[0m
[0.116s] [35m[1mConsolidate compiler generated dependencies of target test_kinematics_plugin[0m
[0.139s] [ 89%] Built target moveit_cached_ik_kinematics_plugin
[0.141s] [100%] Built target test_kinematics_plugin
[0.152s] Invoked command in '/RoverFlake2/build/moveit_kinematics' returned '0': AMENT_PREFIX_PATH=/RoverFlake2/install/moveit_configs_utils:/RoverFlake2/install/launch_param_builder:/RoverFlake2/install/pilz_industrial_motion_planner_testutils:/RoverFlake2/install/moveit_ros_control_interface:/RoverFlake2/install/moveit_plugins:/RoverFlake2/install/moveit_simple_controller_manager:/RoverFlake2/install/moveit_ros_planning:/RoverFlake2/install/moveit_ros_occupancy_map_monitor:/RoverFlake2/install/moveit_resources_prbt_ikfast_manipulator_plugin:/RoverFlake2/install/moveit_planners_chomp:/RoverFlake2/install/moveit_chomp_optimizer_adapter:/RoverFlake2/install/chomp_motion_planner:/RoverFlake2/install/moveit_core:/RoverFlake2/install/srdfdom:/RoverFlake2/install/rviz_marker_tools:/RoverFlake2/install/rosparam_shortcuts:/RoverFlake2/install/moveit_task_constructor_msgs:/RoverFlake2/install/moveit_resources_prbt_support:/RoverFlake2/install/moveit_resources:/RoverFlake2/install/moveit_resources_pr2_description:/RoverFlake2/install/moveit_resources_panda_moveit_config:/RoverFlake2/install/moveit_resources_panda_description:/RoverFlake2/install/moveit_resources_fanuc_moveit_config:/RoverFlake2/install/moveit_resources_fanuc_description:/RoverFlake2/install/moveit_common:/opt/ros/humble CMAKE_PREFIX_PATH=/RoverFlake2/install/moveit_ros_planning:/RoverFlake2/install/moveit_ros_occupancy_map_monitor:/RoverFlake2/install/moveit_core:/RoverFlake2/install/moveit_resources_panda_moveit_config:/RoverFlake2/install/moveit_resources_fanuc_moveit_config:/RoverFlake2/install/srdfdom:/RoverFlake2/install/moveit_resources_pr2_description:/RoverFlake2/install/moveit_resources_panda_description:/RoverFlake2/install/moveit_resources_fanuc_description:/RoverFlake2/install/moveit_common:/RoverFlake2/install/pilz_industrial_motion_planner_testutils:/RoverFlake2/install/moveit_ros_control_interface:/RoverFlake2/install/moveit_plugins:/RoverFlake2/install/moveit_simple_controller_manager:/RoverFlake2/install/moveit_resources_prbt_ikfast_manipulator_plugin:/RoverFlake2/install/moveit_planners_chomp:/RoverFlake2/install/moveit_chomp_optimizer_adapter:/RoverFlake2/install/chomp_motion_planner:/RoverFlake2/install/rviz_marker_tools:/RoverFlake2/install/rosparam_shortcuts:/RoverFlake2/install/moveit_task_constructor_msgs:/RoverFlake2/install/moveit_resources_prbt_support:/RoverFlake2/install/moveit_resources:/RoverFlake2/install/moveit_configs_utils:/RoverFlake2/install/launch_param_builder:/opt/ros/humble LD_LIBRARY_PATH=/RoverFlake2/install/moveit_ros_planning/lib:/RoverFlake2/install/moveit_ros_occupancy_map_monitor/lib:/RoverFlake2/install/moveit_core/lib:/RoverFlake2/install/srdfdom/lib:/RoverFlake2/install/pilz_industrial_motion_planner_testutils/lib:/RoverFlake2/install/moveit_ros_control_interface/lib:/RoverFlake2/install/moveit_simple_controller_manager/lib:/RoverFlake2/install/moveit_resources_prbt_ikfast_manipulator_plugin/lib:/RoverFlake2/install/moveit_planners_chomp/lib:/RoverFlake2/install/moveit_chomp_optimizer_adapter/lib:/RoverFlake2/install/chomp_motion_planner/lib:/RoverFlake2/install/rviz_marker_tools/lib:/RoverFlake2/install/rosparam_shortcuts/lib:/RoverFlake2/install/moveit_task_constructor_msgs/lib:/opt/ros/humble/opt/rviz_ogre_vendor/lib:/opt/ros/humble/lib/x86_64-linux-gnu:/opt/ros/humble/lib PYTHONPATH=/RoverFlake2/install/moveit_configs_utils/lib/python3.10/site-packages:/RoverFlake2/install/launch_param_builder/lib/python3.10/site-packages:/RoverFlake2/install/srdfdom/local/lib/python3.10/dist-packages:/RoverFlake2/install/moveit_task_constructor_msgs/local/lib/python3.10/dist-packages:/opt/ros/humble/lib/python3.10/site-packages:/opt/ros/humble/local/lib/python3.10/dist-packages /usr/bin/cmake --build /RoverFlake2/build/moveit_kinematics -- -j32 -l32
[0.154s] Invoking command in '/RoverFlake2/build/moveit_kinematics': AMENT_PREFIX_PATH=/RoverFlake2/install/moveit_configs_utils:/RoverFlake2/install/launch_param_builder:/RoverFlake2/install/pilz_industrial_motion_planner_testutils:/RoverFlake2/install/moveit_ros_control_interface:/RoverFlake2/install/moveit_plugins:/RoverFlake2/install/moveit_simple_controller_manager:/RoverFlake2/install/moveit_ros_planning:/RoverFlake2/install/moveit_ros_occupancy_map_monitor:/RoverFlake2/install/moveit_resources_prbt_ikfast_manipulator_plugin:/RoverFlake2/install/moveit_planners_chomp:/RoverFlake2/install/moveit_chomp_optimizer_adapter:/RoverFlake2/install/chomp_motion_planner:/RoverFlake2/install/moveit_core:/RoverFlake2/install/srdfdom:/RoverFlake2/install/rviz_marker_tools:/RoverFlake2/install/rosparam_shortcuts:/RoverFlake2/install/moveit_task_constructor_msgs:/RoverFlake2/install/moveit_resources_prbt_support:/RoverFlake2/install/moveit_resources:/RoverFlake2/install/moveit_resources_pr2_description:/RoverFlake2/install/moveit_resources_panda_moveit_config:/RoverFlake2/install/moveit_resources_panda_description:/RoverFlake2/install/moveit_resources_fanuc_moveit_config:/RoverFlake2/install/moveit_resources_fanuc_description:/RoverFlake2/install/moveit_common:/opt/ros/humble CMAKE_PREFIX_PATH=/RoverFlake2/install/moveit_ros_planning:/RoverFlake2/install/moveit_ros_occupancy_map_monitor:/RoverFlake2/install/moveit_core:/RoverFlake2/install/moveit_resources_panda_moveit_config:/RoverFlake2/install/moveit_resources_fanuc_moveit_config:/RoverFlake2/install/srdfdom:/RoverFlake2/install/moveit_resources_pr2_description:/RoverFlake2/install/moveit_resources_panda_description:/RoverFlake2/install/moveit_resources_fanuc_description:/RoverFlake2/install/moveit_common:/RoverFlake2/install/pilz_industrial_motion_planner_testutils:/RoverFlake2/install/moveit_ros_control_interface:/RoverFlake2/install/moveit_plugins:/RoverFlake2/install/moveit_simple_controller_manager:/RoverFlake2/install/moveit_resources_prbt_ikfast_manipulator_plugin:/RoverFlake2/install/moveit_planners_chomp:/RoverFlake2/install/moveit_chomp_optimizer_adapter:/RoverFlake2/install/chomp_motion_planner:/RoverFlake2/install/rviz_marker_tools:/RoverFlake2/install/rosparam_shortcuts:/RoverFlake2/install/moveit_task_constructor_msgs:/RoverFlake2/install/moveit_resources_prbt_support:/RoverFlake2/install/moveit_resources:/RoverFlake2/install/moveit_configs_utils:/RoverFlake2/install/launch_param_builder:/opt/ros/humble LD_LIBRARY_PATH=/RoverFlake2/install/moveit_ros_planning/lib:/RoverFlake2/install/moveit_ros_occupancy_map_monitor/lib:/RoverFlake2/install/moveit_core/lib:/RoverFlake2/install/srdfdom/lib:/RoverFlake2/install/pilz_industrial_motion_planner_testutils/lib:/RoverFlake2/install/moveit_ros_control_interface/lib:/RoverFlake2/install/moveit_simple_controller_manager/lib:/RoverFlake2/install/moveit_resources_prbt_ikfast_manipulator_plugin/lib:/RoverFlake2/install/moveit_planners_chomp/lib:/RoverFlake2/install/moveit_chomp_optimizer_adapter/lib:/RoverFlake2/install/chomp_motion_planner/lib:/RoverFlake2/install/rviz_marker_tools/lib:/RoverFlake2/install/rosparam_shortcuts/lib:/RoverFlake2/install/moveit_task_constructor_msgs/lib:/opt/ros/humble/opt/rviz_ogre_vendor/lib:/opt/ros/humble/lib/x86_64-linux-gnu:/opt/ros/humble/lib PYTHONPATH=/RoverFlake2/install/moveit_configs_utils/lib/python3.10/site-packages:/RoverFlake2/install/launch_param_builder/lib/python3.10/site-packages:/RoverFlake2/install/srdfdom/local/lib/python3.10/dist-packages:/RoverFlake2/install/moveit_task_constructor_msgs/local/lib/python3.10/dist-packages:/opt/ros/humble/lib/python3.10/site-packages:/opt/ros/humble/local/lib/python3.10/dist-packages /usr/bin/cmake --install /RoverFlake2/build/moveit_kinematics
[0.160s] -- Install configuration: "Release"
[0.160s] -- Installing: /RoverFlake2/install/moveit_kinematics/share/moveit_kinematics/kdl_kinematics_plugin_description.xml
[0.160s] -- Installing: /RoverFlake2/install/moveit_kinematics/share/moveit_kinematics/lma_kinematics_plugin_description.xml
[0.161s] -- Installing: /RoverFlake2/install/moveit_kinematics/share/moveit_kinematics/srv_kinematics_plugin_description.xml
[0.161s] -- Installing: /RoverFlake2/install/moveit_kinematics/share/moveit_kinematics/cached_ik_kinematics_plugin_description.xml
[0.161s] -- Installing: /RoverFlake2/install/moveit_kinematics/include
[0.161s] -- Installing: /RoverFlake2/install/moveit_kinematics/include/moveit
[0.161s] -- Installing: /RoverFlake2/install/moveit_kinematics/include/moveit/cached_ik_kinematics_plugin
[0.161s] -- Installing: /RoverFlake2/install/moveit_kinematics/include/moveit/cached_ik_kinematics_plugin/cached_ik_kinematics_plugin-inl.h
[0.161s] -- Installing: /RoverFlake2/install/moveit_kinematics/include/moveit/cached_ik_kinematics_plugin/detail
[0.161s] -- Installing: /RoverFlake2/install/moveit_kinematics/include/moveit/cached_ik_kinematics_plugin/detail/NearestNeighborsGNAT.h
[0.162s] -- Installing: /RoverFlake2/install/moveit_kinematics/include/moveit/cached_ik_kinematics_plugin/detail/NearestNeighbors.h
[0.162s] -- Installing: /RoverFlake2/install/moveit_kinematics/include/moveit/cached_ik_kinematics_plugin/detail/GreedyKCenters.h
[0.162s] -- Installing: /RoverFlake2/install/moveit_kinematics/include/moveit/cached_ik_kinematics_plugin/cached_ik_kinematics_plugin.h
[0.162s] -- Installing: /RoverFlake2/install/moveit_kinematics/share/moveit_kinematics/launch
[0.162s] -- Installing: /RoverFlake2/install/moveit_kinematics/share/moveit_kinematics/launch/measure_ik_call_cost.launch
[0.163s] -- Installing: /RoverFlake2/install/moveit_kinematics/lib/moveit_kinematics/auto_create_ikfast_moveit_plugin.sh
[0.163s] -- Installing: /RoverFlake2/install/moveit_kinematics/lib/moveit_kinematics/create_ikfast_moveit_plugin.py
[0.163s] -- Installing: /RoverFlake2/install/moveit_kinematics/lib/moveit_kinematics/round_collada_numbers.py
[0.163s] -- Installing: /RoverFlake2/install/moveit_kinematics/share/moveit_kinematics/ikfast_kinematics_plugin/templates
[0.163s] -- Installing: /RoverFlake2/install/moveit_kinematics/share/moveit_kinematics/ikfast_kinematics_plugin/templates/ikfast.h
[0.163s] -- Installing: /RoverFlake2/install/moveit_kinematics/share/moveit_kinematics/ikfast_kinematics_plugin/templates/CMakeLists.txt
[0.164s] -- Installing: /RoverFlake2/install/moveit_kinematics/share/moveit_kinematics/ikfast_kinematics_plugin/templates/ikfast61_moveit_plugin_template.cpp
[0.164s] -- Up-to-date: /RoverFlake2/install/moveit_kinematics/include
[0.164s] -- Up-to-date: /RoverFlake2/install/moveit_kinematics/include/moveit
[0.164s] -- Installing: /RoverFlake2/install/moveit_kinematics/include/moveit/kdl_kinematics_plugin
[0.164s] -- Installing: /RoverFlake2/install/moveit_kinematics/include/moveit/kdl_kinematics_plugin/kdl_kinematics_plugin.h
[0.164s] -- Installing: /RoverFlake2/install/moveit_kinematics/include/moveit/kdl_kinematics_plugin/chainiksolver_vel_mimic_svd.hpp
[0.165s] -- Installing: /RoverFlake2/install/moveit_kinematics/include/moveit/kdl_kinematics_plugin/joint_mimic.hpp
[0.165s] -- Up-to-date: /RoverFlake2/install/moveit_kinematics/include
[0.165s] -- Up-to-date: /RoverFlake2/install/moveit_kinematics/include/moveit
[0.165s] -- Installing: /RoverFlake2/install/moveit_kinematics/include/moveit/lma_kinematics_plugin
[0.165s] -- Installing: /RoverFlake2/install/moveit_kinematics/include/moveit/lma_kinematics_plugin/lma_kinematics_plugin.h
[0.165s] -- Up-to-date: /RoverFlake2/install/moveit_kinematics/include
[0.165s] -- Up-to-date: /RoverFlake2/install/moveit_kinematics/include/moveit
[0.165s] -- Installing: /RoverFlake2/install/moveit_kinematics/include/moveit/srv_kinematics_plugin
[0.165s] -- Installing: /RoverFlake2/install/moveit_kinematics/include/moveit/srv_kinematics_plugin/srv_kinematics_plugin.h
[0.166s] -- Installing: /RoverFlake2/install/moveit_kinematics/share/moveit_kinematics/config
[0.166s] -- Installing: /RoverFlake2/install/moveit_kinematics/share/moveit_kinematics/config/fanuc-lma-singular-test.yaml
[0.166s] -- Installing: /RoverFlake2/install/moveit_kinematics/share/moveit_kinematics/config/panda-lma-test.yaml
[0.166s] -- Installing: /RoverFlake2/install/moveit_kinematics/share/moveit_kinematics/config/panda-kdl-test.yaml
[0.166s] -- Installing: /RoverFlake2/install/moveit_kinematics/share/moveit_kinematics/config/fanuc-lma-test.yaml
[0.166s] -- Installing: /RoverFlake2/install/moveit_kinematics/share/moveit_kinematics/config/panda-lma-singular-test.yaml
[0.167s] -- Installing: /RoverFlake2/install/moveit_kinematics/share/moveit_kinematics/config/panda-kdl-singular-test.yaml
[0.167s] -- Installing: /RoverFlake2/install/moveit_kinematics/share/moveit_kinematics/config/fanuc-kdl-singular-test.yaml
[0.167s] -- Installing: /RoverFlake2/install/moveit_kinematics/share/moveit_kinematics/config/fanuc-kdl-test.yaml
[0.167s] -- Up-to-date: /RoverFlake2/install/moveit_kinematics/share/moveit_kinematics/launch
[0.167s] -- Installing: /RoverFlake2/install/moveit_kinematics/share/moveit_kinematics/launch/panda-kdl-singular.test.py
[0.167s] -- Installing: /RoverFlake2/install/moveit_kinematics/share/moveit_kinematics/launch/panda-lma-singular.test.py
[0.167s] -- Installing: /RoverFlake2/install/moveit_kinematics/share/moveit_kinematics/launch/panda-kdl.test.py
[0.167s] -- Installing: /RoverFlake2/install/moveit_kinematics/share/moveit_kinematics/launch/fanuc-kdl.test.py
[0.168s] -- Installing: /RoverFlake2/install/moveit_kinematics/share/moveit_kinematics/launch/fanuc-kdl-singular.test.py
[0.168s] -- Installing: /RoverFlake2/install/moveit_kinematics/share/moveit_kinematics/launch/panda-lma.test.py
[0.168s] -- Installing: /RoverFlake2/install/moveit_kinematics/share/moveit_kinematics/launch/fanuc-lma-singular.test.py
[0.168s] -- Installing: /RoverFlake2/install/moveit_kinematics/share/moveit_kinematics/launch/fanuc-lma.test.py
[0.168s] -- Installing: /RoverFlake2/install/moveit_kinematics/lib/moveit_kinematics/benchmark_ik
[0.169s] -- Set runtime path of "/RoverFlake2/install/moveit_kinematics/lib/moveit_kinematics/benchmark_ik" to ""
[0.169s] -- Installing: /RoverFlake2/install/moveit_kinematics/lib/moveit_kinematics/test_kinematics_plugin
[0.172s] -- Set runtime path of "/RoverFlake2/install/moveit_kinematics/lib/moveit_kinematics/test_kinematics_plugin" to ""
[0.172s] -- Installing: /RoverFlake2/install/moveit_kinematics/lib/libmoveit_cached_ik_kinematics_base.so.2.5.9
[0.173s] -- Set runtime path of "/RoverFlake2/install/moveit_kinematics/lib/libmoveit_cached_ik_kinematics_base.so.2.5.9" to ""
[0.173s] -- Installing: /RoverFlake2/install/moveit_kinematics/lib/libmoveit_cached_ik_kinematics_base.so
[0.173s] -- Installing: /RoverFlake2/install/moveit_kinematics/lib/libmoveit_cached_ik_kinematics_plugin.so.2.5.9
[0.174s] -- Set runtime path of "/RoverFlake2/install/moveit_kinematics/lib/libmoveit_cached_ik_kinematics_plugin.so.2.5.9" to ""
[0.174s] -- Installing: /RoverFlake2/install/moveit_kinematics/lib/libmoveit_cached_ik_kinematics_plugin.so
[0.174s] -- Installing: /RoverFlake2/install/moveit_kinematics/lib/libmoveit_kdl_kinematics_plugin.so
[0.175s] -- Set runtime path of "/RoverFlake2/install/moveit_kinematics/lib/libmoveit_kdl_kinematics_plugin.so" to ""
[0.175s] -- Installing: /RoverFlake2/install/moveit_kinematics/lib/libmoveit_lma_kinematics_plugin.so.2.5.9
[0.176s] -- Set runtime path of "/RoverFlake2/install/moveit_kinematics/lib/libmoveit_lma_kinematics_plugin.so.2.5.9" to ""
[0.176s] -- Installing: /RoverFlake2/install/moveit_kinematics/lib/libmoveit_lma_kinematics_plugin.so
[0.176s] -- Installing: /RoverFlake2/install/moveit_kinematics/lib/libmoveit_srv_kinematics_plugin.so.2.5.9
[0.177s] -- Set runtime path of "/RoverFlake2/install/moveit_kinematics/lib/libmoveit_srv_kinematics_plugin.so.2.5.9" to ""
[0.177s] -- Installing: /RoverFlake2/install/moveit_kinematics/lib/libmoveit_srv_kinematics_plugin.so
[0.177s] -- Installing: /RoverFlake2/install/moveit_kinematics/share/moveit_kinematics/environment/library_path.sh
[0.177s] -- Installing: /RoverFlake2/install/moveit_kinematics/share/moveit_kinematics/environment/library_path.dsv
[0.177s] -- Installing: /RoverFlake2/install/moveit_kinematics/share/ament_index/resource_index/package_run_dependencies/moveit_kinematics
[0.178s] -- Installing: /RoverFlake2/install/moveit_kinematics/share/ament_index/resource_index/parent_prefix_path/moveit_kinematics
[0.178s] -- Installing: /RoverFlake2/install/moveit_kinematics/share/moveit_kinematics/environment/ament_prefix_path.sh
[0.178s] -- Installing: /RoverFlake2/install/moveit_kinematics/share/moveit_kinematics/environment/ament_prefix_path.dsv
[0.179s] -- Installing: /RoverFlake2/install/moveit_kinematics/share/moveit_kinematics/environment/path.sh
[0.179s] -- Installing: /RoverFlake2/install/moveit_kinematics/share/moveit_kinematics/environment/path.dsv
[0.179s] -- Installing: /RoverFlake2/install/moveit_kinematics/share/moveit_kinematics/local_setup.bash
[0.179s] -- Installing: /RoverFlake2/install/moveit_kinematics/share/moveit_kinematics/local_setup.sh
[0.179s] -- Installing: /RoverFlake2/install/moveit_kinematics/share/moveit_kinematics/local_setup.zsh
[0.179s] -- Installing: /RoverFlake2/install/moveit_kinematics/share/moveit_kinematics/local_setup.dsv
[0.179s] -- Installing: /RoverFlake2/install/moveit_kinematics/share/moveit_kinematics/package.dsv
[0.180s] -- Installing: /RoverFlake2/install/moveit_kinematics/share/ament_index/resource_index/packages/moveit_kinematics
[0.180s] -- Installing: /RoverFlake2/install/moveit_kinematics/share/ament_index/resource_index/moveit_core__pluginlib__plugin/moveit_kinematics
[0.180s] -- Installing: /RoverFlake2/install/moveit_kinematics/share/moveit_kinematics/cmake/export_moveit_kinematicsExport.cmake
[0.181s] -- Installing: /RoverFlake2/install/moveit_kinematics/share/moveit_kinematics/cmake/export_moveit_kinematicsExport-release.cmake
[0.181s] -- Installing: /RoverFlake2/install/moveit_kinematics/share/moveit_kinematics/cmake/ConfigExtras.cmake
[0.181s] -- Installing: /RoverFlake2/install/moveit_kinematics/share/moveit_kinematics/cmake/ament_cmake_export_targets-extras.cmake
[0.181s] -- Installing: /RoverFlake2/install/moveit_kinematics/share/moveit_kinematics/cmake/ament_cmake_export_dependencies-extras.cmake
[0.181s] -- Installing: /RoverFlake2/install/moveit_kinematics/share/moveit_kinematics/cmake/moveit_kinematicsConfig.cmake
[0.182s] -- Installing: /RoverFlake2/install/moveit_kinematics/share/moveit_kinematics/cmake/moveit_kinematicsConfig-version.cmake
[0.182s] -- Installing: /RoverFlake2/install/moveit_kinematics/share/moveit_kinematics/package.xml
[0.184s] Invoked command in '/RoverFlake2/build/moveit_kinematics' returned '0': AMENT_PREFIX_PATH=/RoverFlake2/install/moveit_configs_utils:/RoverFlake2/install/launch_param_builder:/RoverFlake2/install/pilz_industrial_motion_planner_testutils:/RoverFlake2/install/moveit_ros_control_interface:/RoverFlake2/install/moveit_plugins:/RoverFlake2/install/moveit_simple_controller_manager:/RoverFlake2/install/moveit_ros_planning:/RoverFlake2/install/moveit_ros_occupancy_map_monitor:/RoverFlake2/install/moveit_resources_prbt_ikfast_manipulator_plugin:/RoverFlake2/install/moveit_planners_chomp:/RoverFlake2/install/moveit_chomp_optimizer_adapter:/RoverFlake2/install/chomp_motion_planner:/RoverFlake2/install/moveit_core:/RoverFlake2/install/srdfdom:/RoverFlake2/install/rviz_marker_tools:/RoverFlake2/install/rosparam_shortcuts:/RoverFlake2/install/moveit_task_constructor_msgs:/RoverFlake2/install/moveit_resources_prbt_support:/RoverFlake2/install/moveit_resources:/RoverFlake2/install/moveit_resources_pr2_description:/RoverFlake2/install/moveit_resources_panda_moveit_config:/RoverFlake2/install/moveit_resources_panda_description:/RoverFlake2/install/moveit_resources_fanuc_moveit_config:/RoverFlake2/install/moveit_resources_fanuc_description:/RoverFlake2/install/moveit_common:/opt/ros/humble CMAKE_PREFIX_PATH=/RoverFlake2/install/moveit_ros_planning:/RoverFlake2/install/moveit_ros_occupancy_map_monitor:/RoverFlake2/install/moveit_core:/RoverFlake2/install/moveit_resources_panda_moveit_config:/RoverFlake2/install/moveit_resources_fanuc_moveit_config:/RoverFlake2/install/srdfdom:/RoverFlake2/install/moveit_resources_pr2_description:/RoverFlake2/install/moveit_resources_panda_description:/RoverFlake2/install/moveit_resources_fanuc_description:/RoverFlake2/install/moveit_common:/RoverFlake2/install/pilz_industrial_motion_planner_testutils:/RoverFlake2/install/moveit_ros_control_interface:/RoverFlake2/install/moveit_plugins:/RoverFlake2/install/moveit_simple_controller_manager:/RoverFlake2/install/moveit_resources_prbt_ikfast_manipulator_plugin:/RoverFlake2/install/moveit_planners_chomp:/RoverFlake2/install/moveit_chomp_optimizer_adapter:/RoverFlake2/install/chomp_motion_planner:/RoverFlake2/install/rviz_marker_tools:/RoverFlake2/install/rosparam_shortcuts:/RoverFlake2/install/moveit_task_constructor_msgs:/RoverFlake2/install/moveit_resources_prbt_support:/RoverFlake2/install/moveit_resources:/RoverFlake2/install/moveit_configs_utils:/RoverFlake2/install/launch_param_builder:/opt/ros/humble LD_LIBRARY_PATH=/RoverFlake2/install/moveit_ros_planning/lib:/RoverFlake2/install/moveit_ros_occupancy_map_monitor/lib:/RoverFlake2/install/moveit_core/lib:/RoverFlake2/install/srdfdom/lib:/RoverFlake2/install/pilz_industrial_motion_planner_testutils/lib:/RoverFlake2/install/moveit_ros_control_interface/lib:/RoverFlake2/install/moveit_simple_controller_manager/lib:/RoverFlake2/install/moveit_resources_prbt_ikfast_manipulator_plugin/lib:/RoverFlake2/install/moveit_planners_chomp/lib:/RoverFlake2/install/moveit_chomp_optimizer_adapter/lib:/RoverFlake2/install/chomp_motion_planner/lib:/RoverFlake2/install/rviz_marker_tools/lib:/RoverFlake2/install/rosparam_shortcuts/lib:/RoverFlake2/install/moveit_task_constructor_msgs/lib:/opt/ros/humble/opt/rviz_ogre_vendor/lib:/opt/ros/humble/lib/x86_64-linux-gnu:/opt/ros/humble/lib PYTHONPATH=/RoverFlake2/install/moveit_configs_utils/lib/python3.10/site-packages:/RoverFlake2/install/launch_param_builder/lib/python3.10/site-packages:/RoverFlake2/install/srdfdom/local/lib/python3.10/dist-packages:/RoverFlake2/install/moveit_task_constructor_msgs/local/lib/python3.10/dist-packages:/opt/ros/humble/lib/python3.10/site-packages:/opt/ros/humble/local/lib/python3.10/dist-packages /usr/bin/cmake --install /RoverFlake2/build/moveit_kinematics
