[0.030s] Invoking command in '/RoverFlake2/build/moveit_common': CMAKE_PREFIX_PATH=/opt/ros/humble /usr/bin/cmake /RoverFlake2/src/moveit2/moveit_common -DCMAKE_BUILD_TYPE=Release -DCMAKE_INSTALL_PREFIX=/RoverFlake2/install/moveit_common
[0.202s] -- Found ament_cmake: 1.3.12 (/opt/ros/humble/share/ament_cmake/cmake)
[0.202s] -- Found Python3: /usr/bin/python3 (found version "3.10.12") found components: Interpreter 
[0.254s] -- Found ament_lint_auto: 0.12.14 (/opt/ros/humble/share/ament_lint_auto/cmake)
[0.323s] -- Added test 'copyright' to check source files copyright and LICENSE
[0.324s] -- Added test 'lint_cmake' to check CMake code style
[0.325s] -- Added test 'xmllint' to check XML markup files
[0.326s] -- Configuring done
[0.329s] -- Generating done
[0.330s] -- Build files have been written to: /RoverFlake2/build/moveit_common
[0.335s] Invoked command in '/RoverFlake2/build/moveit_common' returned '0': CMAKE_PREFIX_PATH=/opt/ros/humble /usr/bin/cmake /RoverFlake2/src/moveit2/moveit_common -DCMAKE_BUILD_TYPE=Release -DCMAKE_INSTALL_PREFIX=/RoverFlake2/install/moveit_common
[0.336s] Invoking command in '/RoverFlake2/build/moveit_common': CMAKE_PREFIX_PATH=/opt/ros/humble /usr/bin/cmake --build /RoverFlake2/build/moveit_common -- -j32 -l32
[0.370s] Invoked command in '/RoverFlake2/build/moveit_common' returned '0': CMAKE_PREFIX_PATH=/opt/ros/humble /usr/bin/cmake --build /RoverFlake2/build/moveit_common -- -j32 -l32
[0.378s] Invoking command in '/RoverFlake2/build/moveit_common': CMAKE_PREFIX_PATH=/opt/ros/humble /usr/bin/cmake --install /RoverFlake2/build/moveit_common
[0.384s] -- Install configuration: "Release"
[0.384s] -- Installing: /RoverFlake2/install/moveit_common/share/ament_index/resource_index/package_run_dependencies/moveit_common
[0.384s] -- Installing: /RoverFlake2/install/moveit_common/share/ament_index/resource_index/parent_prefix_path/moveit_common
[0.385s] -- Installing: /RoverFlake2/install/moveit_common/share/moveit_common/environment/ament_prefix_path.sh
[0.385s] -- Installing: /RoverFlake2/install/moveit_common/share/moveit_common/environment/ament_prefix_path.dsv
[0.385s] -- Installing: /RoverFlake2/install/moveit_common/share/moveit_common/environment/path.sh
[0.385s] -- Installing: /RoverFlake2/install/moveit_common/share/moveit_common/environment/path.dsv
[0.385s] -- Installing: /RoverFlake2/install/moveit_common/share/moveit_common/local_setup.bash
[0.385s] -- Installing: /RoverFlake2/install/moveit_common/share/moveit_common/local_setup.sh
[0.385s] -- Installing: /RoverFlake2/install/moveit_common/share/moveit_common/local_setup.zsh
[0.385s] -- Installing: /RoverFlake2/install/moveit_common/share/moveit_common/local_setup.dsv
[0.385s] -- Installing: /RoverFlake2/install/moveit_common/share/moveit_common/package.dsv
[0.385s] -- Installing: /RoverFlake2/install/moveit_common/share/ament_index/resource_index/packages/moveit_common
[0.386s] -- Installing: /RoverFlake2/install/moveit_common/share/moveit_common/cmake/moveit_common-extras.cmake
[0.386s] -- Installing: /RoverFlake2/install/moveit_common/share/moveit_common/cmake/moveit_commonConfig.cmake
[0.386s] -- Installing: /RoverFlake2/install/moveit_common/share/moveit_common/cmake/moveit_commonConfig-version.cmake
[0.386s] -- Installing: /RoverFlake2/install/moveit_common/share/moveit_common/package.xml
[0.386s] -- Up-to-date: /RoverFlake2/install/moveit_common/share/moveit_common/cmake
[0.386s] -- Installing: /RoverFlake2/install/moveit_common/share/moveit_common/cmake/moveit_package.cmake
[0.388s] Invoked command in '/RoverFlake2/build/moveit_common' returned '0': CMAKE_PREFIX_PATH=/opt/ros/humble /usr/bin/cmake --install /RoverFlake2/build/moveit_common
