[0.333s] Invoking command in '/RoverFlake2/src/moveit2/moveit_configs_utils': AMENT_PREFIX_PATH=/RoverFlake2/install/srdfdom:/RoverFlake2/install/launch_param_builder:${AMENT_PREFIX_PATH} CMAKE_PREFIX_PATH=/RoverFlake2/install/srdfdom LD_LIBRARY_PATH=/RoverFlake2/install/srdfdom/lib:${LD_LIBRARY_PATH} PYTHONPATH=/RoverFlake2/build/moveit_configs_utils/prefix_override:/usr/lib/python3/dist-packages/colcon_core/task/python/colcon_distutils_commands:/RoverFlake2/install/moveit_configs_utils/lib/python3.10/site-packages:/RoverFlake2/install/srdfdom/local/lib/python3.10/dist-packages:/RoverFlake2/install/launch_param_builder/lib/python3.10/site-packages:${PYTHONPATH} /usr/bin/python3 -W ignore:setup.py install is deprecated -W ignore:easy_install command is deprecated setup.py egg_info --egg-base ../../../build/moveit_configs_utils build --build-base /RoverFlake2/build/moveit_configs_utils/build install --record /RoverFlake2/build/moveit_configs_utils/install.log --single-version-externally-managed install_data
[0.450s] running egg_info
[0.451s] creating ../../../build/moveit_configs_utils/moveit_configs_utils.egg-info
[0.451s] writing ../../../build/moveit_configs_utils/moveit_configs_utils.egg-info/PKG-INFO
[0.451s] writing dependency_links to ../../../build/moveit_configs_utils/moveit_configs_utils.egg-info/dependency_links.txt
[0.451s] writing entry points to ../../../build/moveit_configs_utils/moveit_configs_utils.egg-info/entry_points.txt
[0.451s] writing requirements to ../../../build/moveit_configs_utils/moveit_configs_utils.egg-info/requires.txt
[0.451s] writing top-level names to ../../../build/moveit_configs_utils/moveit_configs_utils.egg-info/top_level.txt
[0.451s] writing manifest file '../../../build/moveit_configs_utils/moveit_configs_utils.egg-info/SOURCES.txt'
[0.452s] reading manifest file '../../../build/moveit_configs_utils/moveit_configs_utils.egg-info/SOURCES.txt'
[0.453s] writing manifest file '../../../build/moveit_configs_utils/moveit_configs_utils.egg-info/SOURCES.txt'
[0.453s] running build
[0.453s] running build_py
[0.453s] creating /RoverFlake2/build/moveit_configs_utils/build
[0.453s] creating /RoverFlake2/build/moveit_configs_utils/build/lib
[0.453s] creating /RoverFlake2/build/moveit_configs_utils/build/lib/moveit_configs_utils
[0.453s] copying moveit_configs_utils/launch_utils.py -> /RoverFlake2/build/moveit_configs_utils/build/lib/moveit_configs_utils
[0.454s] copying moveit_configs_utils/launches.py -> /RoverFlake2/build/moveit_configs_utils/build/lib/moveit_configs_utils
[0.454s] copying moveit_configs_utils/moveit_configs_builder.py -> /RoverFlake2/build/moveit_configs_utils/build/lib/moveit_configs_utils
[0.454s] copying moveit_configs_utils/__init__.py -> /RoverFlake2/build/moveit_configs_utils/build/lib/moveit_configs_utils
[0.455s] creating /RoverFlake2/build/moveit_configs_utils/build/lib/moveit_configs_utils/substitutions
[0.455s] copying moveit_configs_utils/substitutions/xacro.py -> /RoverFlake2/build/moveit_configs_utils/build/lib/moveit_configs_utils/substitutions
[0.455s] copying moveit_configs_utils/substitutions/__init__.py -> /RoverFlake2/build/moveit_configs_utils/build/lib/moveit_configs_utils/substitutions
[0.455s] running install
[0.455s] running install_lib
[0.456s] creating /RoverFlake2/install/moveit_configs_utils/lib/python3.10/site-packages/moveit_configs_utils
[0.456s] creating /RoverFlake2/install/moveit_configs_utils/lib/python3.10/site-packages/moveit_configs_utils/substitutions
[0.456s] copying /RoverFlake2/build/moveit_configs_utils/build/lib/moveit_configs_utils/substitutions/xacro.py -> /RoverFlake2/install/moveit_configs_utils/lib/python3.10/site-packages/moveit_configs_utils/substitutions
[0.456s] copying /RoverFlake2/build/moveit_configs_utils/build/lib/moveit_configs_utils/substitutions/__init__.py -> /RoverFlake2/install/moveit_configs_utils/lib/python3.10/site-packages/moveit_configs_utils/substitutions
[0.456s] copying /RoverFlake2/build/moveit_configs_utils/build/lib/moveit_configs_utils/launch_utils.py -> /RoverFlake2/install/moveit_configs_utils/lib/python3.10/site-packages/moveit_configs_utils
[0.456s] copying /RoverFlake2/build/moveit_configs_utils/build/lib/moveit_configs_utils/launches.py -> /RoverFlake2/install/moveit_configs_utils/lib/python3.10/site-packages/moveit_configs_utils
[0.456s] copying /RoverFlake2/build/moveit_configs_utils/build/lib/moveit_configs_utils/moveit_configs_builder.py -> /RoverFlake2/install/moveit_configs_utils/lib/python3.10/site-packages/moveit_configs_utils
[0.456s] copying /RoverFlake2/build/moveit_configs_utils/build/lib/moveit_configs_utils/__init__.py -> /RoverFlake2/install/moveit_configs_utils/lib/python3.10/site-packages/moveit_configs_utils
[0.456s] byte-compiling /RoverFlake2/install/moveit_configs_utils/lib/python3.10/site-packages/moveit_configs_utils/substitutions/xacro.py to xacro.cpython-310.pyc
[0.457s] byte-compiling /RoverFlake2/install/moveit_configs_utils/lib/python3.10/site-packages/moveit_configs_utils/substitutions/__init__.py to __init__.cpython-310.pyc
[0.457s] byte-compiling /RoverFlake2/install/moveit_configs_utils/lib/python3.10/site-packages/moveit_configs_utils/launch_utils.py to launch_utils.cpython-310.pyc
[0.457s] byte-compiling /RoverFlake2/install/moveit_configs_utils/lib/python3.10/site-packages/moveit_configs_utils/launches.py to launches.cpython-310.pyc
[0.458s] byte-compiling /RoverFlake2/install/moveit_configs_utils/lib/python3.10/site-packages/moveit_configs_utils/moveit_configs_builder.py to moveit_configs_builder.cpython-310.pyc
[0.459s] byte-compiling /RoverFlake2/install/moveit_configs_utils/lib/python3.10/site-packages/moveit_configs_utils/__init__.py to __init__.cpython-310.pyc
[0.459s] running install_data
[0.459s] creating /RoverFlake2/install/moveit_configs_utils/share/ament_index
[0.459s] creating /RoverFlake2/install/moveit_configs_utils/share/ament_index/resource_index
[0.459s] creating /RoverFlake2/install/moveit_configs_utils/share/ament_index/resource_index/packages
[0.460s] copying resource/moveit_configs_utils -> /RoverFlake2/install/moveit_configs_utils/share/ament_index/resource_index/packages
[0.460s] copying package.xml -> /RoverFlake2/install/moveit_configs_utils/share/moveit_configs_utils
[0.460s] creating /RoverFlake2/install/moveit_configs_utils/share/moveit_configs_utils/default_configs
[0.460s] copying default_configs/pilz_industrial_motion_planner_planning.yaml -> /RoverFlake2/install/moveit_configs_utils/share/moveit_configs_utils/default_configs
[0.460s] copying default_configs/ompl_planning.yaml -> /RoverFlake2/install/moveit_configs_utils/share/moveit_configs_utils/default_configs
[0.460s] copying default_configs/ompl_defaults.yaml -> /RoverFlake2/install/moveit_configs_utils/share/moveit_configs_utils/default_configs
[0.460s] copying default_configs/chomp_planning.yaml -> /RoverFlake2/install/moveit_configs_utils/share/moveit_configs_utils/default_configs
[0.460s] running install_egg_info
[0.461s] Copying ../../../build/moveit_configs_utils/moveit_configs_utils.egg-info to /RoverFlake2/install/moveit_configs_utils/lib/python3.10/site-packages/moveit_configs_utils-2.5.9-py3.10.egg-info
[0.462s] running install_scripts
[0.473s] writing list of installed files to '/RoverFlake2/build/moveit_configs_utils/install.log'
[0.488s] Invoked command in '/RoverFlake2/src/moveit2/moveit_configs_utils' returned '0': AMENT_PREFIX_PATH=/RoverFlake2/install/srdfdom:/RoverFlake2/install/launch_param_builder:${AMENT_PREFIX_PATH} CMAKE_PREFIX_PATH=/RoverFlake2/install/srdfdom LD_LIBRARY_PATH=/RoverFlake2/install/srdfdom/lib:${LD_LIBRARY_PATH} PYTHONPATH=/RoverFlake2/build/moveit_configs_utils/prefix_override:/usr/lib/python3/dist-packages/colcon_core/task/python/colcon_distutils_commands:/RoverFlake2/install/moveit_configs_utils/lib/python3.10/site-packages:/RoverFlake2/install/srdfdom/local/lib/python3.10/dist-packages:/RoverFlake2/install/launch_param_builder/lib/python3.10/site-packages:${PYTHONPATH} /usr/bin/python3 -W ignore:setup.py install is deprecated -W ignore:easy_install command is deprecated setup.py egg_info --egg-base ../../../build/moveit_configs_utils build --build-base /RoverFlake2/build/moveit_configs_utils/build install --record /RoverFlake2/build/moveit_configs_utils/install.log --single-version-externally-managed install_data
