[0.041s] Invoking command in '/RoverFlake2/build/moveit_kinematics': AMENT_PREFIX_PATH=/RoverFlake2/install/moveit_ros_planning:/RoverFlake2/install/moveit_ros_occupancy_map_monitor:/RoverFlake2/install/moveit_core:/RoverFlake2/install/moveit_resources_panda_moveit_config:/RoverFlake2/install/moveit_resources_fanuc_moveit_config:/RoverFlake2/install/moveit_configs_utils:/RoverFlake2/install/srdfdom:/RoverFlake2/install/moveit_resources_pr2_description:/RoverFlake2/install/moveit_resources_panda_description:/RoverFlake2/install/moveit_resources_fanuc_description:/RoverFlake2/install/moveit_common:/RoverFlake2/install/launch_param_builder:${AMENT_PREFIX_PATH} CMAKE_PREFIX_PATH=/RoverFlake2/install/moveit_ros_planning:/RoverFlake2/install/moveit_ros_occupancy_map_monitor:/RoverFlake2/install/moveit_core:/RoverFlake2/install/moveit_resources_panda_moveit_config:/RoverFlake2/install/moveit_resources_fanuc_moveit_config:/RoverFlake2/install/srdfdom:/RoverFlake2/install/moveit_resources_pr2_description:/RoverFlake2/install/moveit_resources_panda_description:/RoverFlake2/install/moveit_resources_fanuc_description:/RoverFlake2/install/moveit_common:/opt/ros/humble LD_LIBRARY_PATH=/RoverFlake2/install/moveit_ros_planning/lib:/RoverFlake2/install/moveit_ros_occupancy_map_monitor/lib:/RoverFlake2/install/moveit_core/lib:/RoverFlake2/install/srdfdom/lib:${LD_LIBRARY_PATH} PATH=/RoverFlake2/install/moveit_core/bin:${PATH} PYTHONPATH=/RoverFlake2/install/moveit_configs_utils/lib/python3.10/site-packages:/RoverFlake2/install/srdfdom/local/lib/python3.10/dist-packages:/RoverFlake2/install/launch_param_builder/lib/python3.10/site-packages:${PYTHONPATH} /usr/bin/cmake /RoverFlake2/src/moveit2/moveit_kinematics -DCMAKE_BUILD_TYPE=Release -DCMAKE_INSTALL_PREFIX=/RoverFlake2/install/moveit_kinematics
[0.105s] -- The C compiler identification is GNU 11.4.0
[0.146s] -- The CXX compiler identification is GNU 11.4.0
[0.152s] -- Detecting C compiler ABI info
[0.207s] -- Detecting C compiler ABI info - done
[0.211s] -- Check for working C compiler: /usr/bin/cc - skipped
[0.212s] -- Detecting C compile features
[0.213s] -- Detecting C compile features - done
[0.215s] -- Detecting CXX compiler ABI info
[0.274s] -- Detecting CXX compiler ABI info - done
[0.278s] -- Check for working CXX compiler: /usr/bin/c++ - skipped
[0.279s] -- Detecting CXX compile features
[0.279s] -- Detecting CXX compile features - done
[0.280s] -- Found moveit_common: 2.5.9 (/RoverFlake2/install/moveit_common/share/moveit_common/cmake)
[0.287s] -- Found ament_cmake: 1.3.12 (/opt/ros/humble/share/ament_cmake/cmake)
[0.403s] -- Found Python3: /usr/bin/python3 (found version "3.10.12") found components: Interpreter 
[0.574s] -- Found tf2_kdl: 0.25.18 (/opt/ros/humble/share/tf2_kdl/cmake)
[0.608s] -- Found rosidl_generator_c: 3.1.8 (/opt/ros/humble/share/rosidl_generator_c/cmake)
[0.613s] -- Found rosidl_adapter: 3.1.8 (/opt/ros/humble/share/rosidl_adapter/cmake)
[0.622s] -- Found rosidl_generator_cpp: 3.1.8 (/opt/ros/humble/share/rosidl_generator_cpp/cmake)
[0.638s] -- Using all available rosidl_typesupport_c: rosidl_typesupport_fastrtps_c;rosidl_typesupport_introspection_c
[0.656s] -- Using all available rosidl_typesupport_cpp: rosidl_typesupport_fastrtps_cpp;rosidl_typesupport_introspection_cpp
[0.694s] -- Found eigen3_cmake_module: 0.1.1 (/opt/ros/humble/share/eigen3_cmake_module/cmake)
[0.695s] -- Found Eigen3: TRUE (found version "3.4.0") 
[0.695s] -- Ensuring Eigen3 include directory is part of orocos-kdl CMake target
[0.776s] -- Found rmw_implementation_cmake: 6.1.2 (/opt/ros/humble/share/rmw_implementation_cmake/cmake)
[0.779s] -- Found rmw_cyclonedds_cpp: 1.3.4 (/opt/ros/humble/share/rmw_cyclonedds_cpp/cmake)
[0.797s] -- Using RMW implementation 'rmw_cyclonedds_cpp' as default
[0.807s] -- Looking for pthread.h
[0.868s] -- Looking for pthread.h - found
[0.868s] -- Performing Test CMAKE_HAVE_LIBC_PTHREAD
[0.938s] -- Performing Test CMAKE_HAVE_LIBC_PTHREAD - Success
[0.939s] -- Found Threads: TRUE  
[1.028s] -- Found kdl_parser: 2.6.4 (/opt/ros/humble/share/kdl_parser/cmake)
[1.033s] -- Found random_numbers: 2.0.1 (/opt/ros/humble/share/random_numbers/cmake)
[1.044s] -- Found pluginlib: 5.1.3 (/opt/ros/humble/share/pluginlib/cmake)
[1.061s] -- Found moveit_core: 2.5.9 (/RoverFlake2/install/moveit_core/share/moveit_core/cmake)
[1.091s] -- Found Boost: /usr/lib/x86_64-linux-gnu/cmake/Boost-1.74.0/BoostConfig.cmake (found version "1.74.0") found components: chrono date_time filesystem iostreams program_options regex serialization system thread 
[1.120s] -- Found parameter_traits: 0.6.0 (/opt/ros/humble/share/parameter_traits/cmake)
[1.133s] -- Found rclcpp_lifecycle: 16.0.17 (/opt/ros/humble/share/rclcpp_lifecycle/cmake)
[1.152s] -- Found Boost: /usr/lib/x86_64-linux-gnu/cmake/Boost-1.74.0/BoostConfig.cmake (found version "1.74.0") found components: filesystem 
[1.218s] -- library: /usr/lib/x86_64-linux-gnu/libcurl.so
[1.352s] -- Found moveit_ros_planning: 2.5.9 (/RoverFlake2/install/moveit_ros_planning/share/moveit_ros_planning/cmake)
[1.355s] -- Found Boost: /usr/lib/x86_64-linux-gnu/cmake/Boost-1.74.0/BoostConfig.cmake (found version "1.74.0") found components: system filesystem date_time program_options thread chrono 
[1.371s] -- Found Boost: /usr/lib/x86_64-linux-gnu/cmake/Boost-1.74.0/BoostConfig.cmake (found version "1.74.0") found components: program_options system 
[1.414s] -- Found ament_cmake_gtest: 1.3.12 (/opt/ros/humble/share/ament_cmake_gtest/cmake)
[1.418s] -- Found ros_testing: 0.4.0 (/opt/ros/humble/share/ros_testing/cmake)
[1.420s] -- Found launch_testing_ament_cmake: 1.0.13 (/opt/ros/humble/share/launch_testing_ament_cmake/cmake)
[1.424s] -- Found python_cmake_module: 0.10.0 (/opt/ros/humble/share/python_cmake_module/cmake)
[1.442s] -- Found PythonInterp: /usr/bin/python3 (found suitable version "3.10.12", minimum required is "3.6") 
[1.447s] -- Found PythonLibs: /usr/lib/x86_64-linux-gnu/libpython3.10.so (found suitable version "3.10.12", minimum required is "3.5") 
[1.447s] -- Using PYTHON_EXECUTABLE: /usr/bin/python3
[1.447s] -- Using PYTHON_INCLUDE_DIRS: /usr/include/python3.10
[1.447s] -- Using PYTHON_LIBRARIES: /usr/lib/x86_64-linux-gnu/libpython3.10.so
[1.465s] -- Found PythonExtra: .so  
[1.467s] -- Found moveit_resources_fanuc_description: 2.0.7 (/RoverFlake2/install/moveit_resources_fanuc_description/share/moveit_resources_fanuc_description/cmake)
[1.468s] -- Found moveit_resources_fanuc_moveit_config: 2.0.7 (/RoverFlake2/install/moveit_resources_fanuc_moveit_config/share/moveit_resources_fanuc_moveit_config/cmake)
[1.469s] -- Found moveit_resources_panda_description: 2.0.7 (/RoverFlake2/install/moveit_resources_panda_description/share/moveit_resources_panda_description/cmake)
[1.470s] -- Found moveit_resources_panda_moveit_config: 2.0.7 (/RoverFlake2/install/moveit_resources_panda_moveit_config/share/moveit_resources_panda_moveit_config/cmake)
[1.473s] -- Found gtest sources under '/opt/ros/humble/src/gtest_vendor': C++ tests using 'Google Test' will be built
[1.485s] -- Found ament_lint_auto: 0.12.14 (/opt/ros/humble/share/ament_lint_auto/cmake)
[1.497s] -- Found launch_testing_ament_cmake: 1.0.13 (/opt/ros/humble/share/launch_testing_ament_cmake/cmake)
[1.497s] -- Found python_cmake_module: 0.10.0 (/opt/ros/humble/share/python_cmake_module/cmake)
[1.515s] -- Using PYTHON_EXECUTABLE: /usr/bin/python3
[1.515s] -- Using PYTHON_INCLUDE_DIRS: /usr/include/python3.10
[1.515s] -- Using PYTHON_LIBRARIES: /usr/lib/x86_64-linux-gnu/libpython3.10.so
[1.552s] -- Added test 'cppcheck' to perform static code analysis on C / C++ code
[1.552s] -- Configured cppcheck include dirs: /RoverFlake2/src/moveit2/moveit_kinematics/kdl_kinematics_plugin/include;/RoverFlake2/src/moveit2/moveit_kinematics/lma_kinematics_plugin/include;/RoverFlake2/src/moveit2/moveit_kinematics/srv_kinematics_plugin/include;/RoverFlake2/src/moveit2/moveit_kinematics/cached_ik_kinematics_plugin/include
[1.552s] -- Configured cppcheck exclude dirs and/or files: 
[1.553s] -- Added test 'lint_cmake' to check CMake code style
[1.555s] -- Configuring done
[1.649s] -- Generating done
[1.668s] -- Build files have been written to: /RoverFlake2/build/moveit_kinematics
[1.683s] Invoked command in '/RoverFlake2/build/moveit_kinematics' returned '0': AMENT_PREFIX_PATH=/RoverFlake2/install/moveit_ros_planning:/RoverFlake2/install/moveit_ros_occupancy_map_monitor:/RoverFlake2/install/moveit_core:/RoverFlake2/install/moveit_resources_panda_moveit_config:/RoverFlake2/install/moveit_resources_fanuc_moveit_config:/RoverFlake2/install/moveit_configs_utils:/RoverFlake2/install/srdfdom:/RoverFlake2/install/moveit_resources_pr2_description:/RoverFlake2/install/moveit_resources_panda_description:/RoverFlake2/install/moveit_resources_fanuc_description:/RoverFlake2/install/moveit_common:/RoverFlake2/install/launch_param_builder:${AMENT_PREFIX_PATH} CMAKE_PREFIX_PATH=/RoverFlake2/install/moveit_ros_planning:/RoverFlake2/install/moveit_ros_occupancy_map_monitor:/RoverFlake2/install/moveit_core:/RoverFlake2/install/moveit_resources_panda_moveit_config:/RoverFlake2/install/moveit_resources_fanuc_moveit_config:/RoverFlake2/install/srdfdom:/RoverFlake2/install/moveit_resources_pr2_description:/RoverFlake2/install/moveit_resources_panda_description:/RoverFlake2/install/moveit_resources_fanuc_description:/RoverFlake2/install/moveit_common:/opt/ros/humble LD_LIBRARY_PATH=/RoverFlake2/install/moveit_ros_planning/lib:/RoverFlake2/install/moveit_ros_occupancy_map_monitor/lib:/RoverFlake2/install/moveit_core/lib:/RoverFlake2/install/srdfdom/lib:${LD_LIBRARY_PATH} PATH=/RoverFlake2/install/moveit_core/bin:${PATH} PYTHONPATH=/RoverFlake2/install/moveit_configs_utils/lib/python3.10/site-packages:/RoverFlake2/install/srdfdom/local/lib/python3.10/dist-packages:/RoverFlake2/install/launch_param_builder/lib/python3.10/site-packages:${PYTHONPATH} /usr/bin/cmake /RoverFlake2/src/moveit2/moveit_kinematics -DCMAKE_BUILD_TYPE=Release -DCMAKE_INSTALL_PREFIX=/RoverFlake2/install/moveit_kinematics
[1.685s] Invoking command in '/RoverFlake2/build/moveit_kinematics': AMENT_PREFIX_PATH=/RoverFlake2/install/moveit_ros_planning:/RoverFlake2/install/moveit_ros_occupancy_map_monitor:/RoverFlake2/install/moveit_core:/RoverFlake2/install/moveit_resources_panda_moveit_config:/RoverFlake2/install/moveit_resources_fanuc_moveit_config:/RoverFlake2/install/moveit_configs_utils:/RoverFlake2/install/srdfdom:/RoverFlake2/install/moveit_resources_pr2_description:/RoverFlake2/install/moveit_resources_panda_description:/RoverFlake2/install/moveit_resources_fanuc_description:/RoverFlake2/install/moveit_common:/RoverFlake2/install/launch_param_builder:${AMENT_PREFIX_PATH} CMAKE_PREFIX_PATH=/RoverFlake2/install/moveit_ros_planning:/RoverFlake2/install/moveit_ros_occupancy_map_monitor:/RoverFlake2/install/moveit_core:/RoverFlake2/install/moveit_resources_panda_moveit_config:/RoverFlake2/install/moveit_resources_fanuc_moveit_config:/RoverFlake2/install/srdfdom:/RoverFlake2/install/moveit_resources_pr2_description:/RoverFlake2/install/moveit_resources_panda_description:/RoverFlake2/install/moveit_resources_fanuc_description:/RoverFlake2/install/moveit_common:/opt/ros/humble LD_LIBRARY_PATH=/RoverFlake2/install/moveit_ros_planning/lib:/RoverFlake2/install/moveit_ros_occupancy_map_monitor/lib:/RoverFlake2/install/moveit_core/lib:/RoverFlake2/install/srdfdom/lib:${LD_LIBRARY_PATH} PATH=/RoverFlake2/install/moveit_core/bin:${PATH} PYTHONPATH=/RoverFlake2/install/moveit_configs_utils/lib/python3.10/site-packages:/RoverFlake2/install/srdfdom/local/lib/python3.10/dist-packages:/RoverFlake2/install/launch_param_builder/lib/python3.10/site-packages:${PYTHONPATH} /usr/bin/cmake --build /RoverFlake2/build/moveit_kinematics -- -j32 -l32
[1.725s] [  5%] [32mBuilding CXX object cached_ik_kinematics_plugin/CMakeFiles/moveit_cached_ik_kinematics_base.dir/src/ik_cache.cpp.o[0m
[1.726s] [ 10%] [32mBuilding CXX object srv_kinematics_plugin/CMakeFiles/moveit_srv_kinematics_plugin.dir/src/srv_kinematics_plugin.cpp.o[0m
[1.727s] [ 15%] [32mBuilding CXX object lma_kinematics_plugin/CMakeFiles/moveit_lma_kinematics_plugin.dir/src/lma_kinematics_plugin.cpp.o[0m
[1.727s] [ 21%] [32mBuilding CXX object gtest/CMakeFiles/gtest_main.dir/src/gtest_main.cc.o[0m
[1.727s] [ 26%] [32mBuilding CXX object kdl_kinematics_plugin/CMakeFiles/moveit_kdl_kinematics_plugin.dir/src/kdl_kinematics_plugin.cpp.o[0m
[1.728s] [ 31%] [32mBuilding CXX object gtest/CMakeFiles/gtest.dir/src/gtest-all.cc.o[0m
[1.729s] [ 36%] [32mBuilding CXX object kdl_kinematics_plugin/CMakeFiles/moveit_kdl_kinematics_plugin.dir/src/chainiksolver_vel_mimic_svd.cpp.o[0m
[1.729s] [ 42%] [32mBuilding CXX object test/CMakeFiles/benchmark_ik.dir/benchmark_ik.cpp.o[0m
[3.271s] [ 47%] [32m[1mLinking CXX static library libgtest_main.a[0m
[3.392s] [ 47%] Built target gtest_main
[84.649s] [ 52%] [32m[1mLinking CXX static library libgtest.a[0m
[84.763s] [ 52%] Built target gtest
[115.012s] [ 57%] [32m[1mLinking CXX shared library libmoveit_kdl_kinematics_plugin.so[0m
[115.386s] [ 57%] Built target moveit_kdl_kinematics_plugin
[115.563s] [ 63%] [32m[1mLinking CXX shared library libmoveit_srv_kinematics_plugin.so[0m
[115.613s] [ 68%] [32m[1mLinking CXX shared library libmoveit_lma_kinematics_plugin.so[0m
[115.671s] [ 73%] [32m[1mLinking CXX shared library libmoveit_cached_ik_kinematics_base.so[0m
[115.829s] [ 73%] Built target moveit_cached_ik_kinematics_base
[115.830s] [ 73%] Built target moveit_lma_kinematics_plugin
[115.837s] [ 73%] Built target moveit_srv_kinematics_plugin
[117.579s] [ 78%] [32m[1mLinking CXX executable benchmark_ik[0m
[117.814s] [ 78%] Built target benchmark_ik
[117.836s] [ 84%] [32mBuilding CXX object cached_ik_kinematics_plugin/CMakeFiles/moveit_cached_ik_kinematics_plugin.dir/src/cached_ik_kinematics_plugin.cpp.o[0m
[122.895s] [ 89%] [32m[1mLinking CXX shared library libmoveit_cached_ik_kinematics_plugin.so[0m
[123.004s] [ 89%] Built target moveit_cached_ik_kinematics_plugin
[123.019s] [ 94%] [32mBuilding CXX object test/CMakeFiles/test_kinematics_plugin.dir/test_kinematics_plugin.cpp.o[0m
[133.168s] [100%] [32m[1mLinking CXX executable test_kinematics_plugin[0m
[133.358s] [100%] Built target test_kinematics_plugin
