[0.009s] Invoking command in '/RoverFlake2/build/moveit_core': AMENT_PREFIX_PATH=/RoverFlake2/install/moveit_resources_panda_moveit_config:/RoverFlake2/install/srdfdom:/RoverFlake2/install/moveit_resources_pr2_description:/RoverFlake2/install/moveit_resources_panda_description:/RoverFlake2/install/moveit_common:${AMENT_PREFIX_PATH} CMAKE_PREFIX_PATH=/RoverFlake2/install/moveit_resources_panda_moveit_config:/RoverFlake2/install/srdfdom:/RoverFlake2/install/moveit_resources_pr2_description:/RoverFlake2/install/moveit_resources_panda_description:/RoverFlake2/install/moveit_common:/opt/ros/humble LD_LIBRARY_PATH=/RoverFlake2/install/srdfdom/lib:${LD_LIBRARY_PATH} PYTHONPATH=/RoverFlake2/install/srdfdom/local/lib/python3.10/dist-packages:${PYTHONPATH} /usr/bin/cmake /RoverFlake2/src/moveit2/moveit_core -DCMAKE_BUILD_TYPE=Release -DCMAKE_INSTALL_PREFIX=/RoverFlake2/install/moveit_core
[0.052s] -- The CXX compiler identification is GNU 11.4.0
[0.057s] -- Detecting CXX compiler ABI info
[0.109s] -- Detecting CXX compiler ABI info - done
[0.113s] -- Check for working CXX compiler: /usr/bin/c++ - skipped
[0.113s] -- Detecting CXX compile features
[0.113s] -- Detecting CXX compile features - done
[0.114s] -- Found moveit_common: 2.5.9 (/RoverFlake2/install/moveit_common/share/moveit_common/cmake)
[0.116s] -- Found ament_cmake: 1.3.12 (/opt/ros/humble/share/ament_cmake/cmake)
[0.217s] -- Found Python3: /usr/bin/python3 (found version "3.10.12") found components: Interpreter 
[0.330s] -- Found angles: 1.15.0 (/opt/ros/humble/share/angles/cmake)
[0.345s] -- Found Bullet: /usr/lib/x86_64-linux-gnu/libBulletDynamics.so (Required is at least version "2.87") 
[0.347s] -- Found common_interfaces: 4.9.0 (/opt/ros/humble/share/common_interfaces/cmake)
[0.350s] -- Found eigen_stl_containers: 1.1.0 (/opt/ros/humble/share/eigen_stl_containers/cmake)
[0.359s] -- Found eigen3_cmake_module: 0.1.1 (/opt/ros/humble/share/eigen3_cmake_module/cmake)
[0.362s] -- Found Eigen3: TRUE (found version "3.4.0") 
[0.366s] -- Found generate_parameter_library: 0.6.0 (/opt/ros/humble/share/generate_parameter_library/cmake)
[0.370s] -- Found parameter_traits: 0.6.0 (/opt/ros/humble/share/parameter_traits/cmake)
[0.401s] -- Found rosidl_generator_c: 3.1.8 (/opt/ros/humble/share/rosidl_generator_c/cmake)
[0.405s] -- Found rosidl_adapter: 3.1.8 (/opt/ros/humble/share/rosidl_adapter/cmake)
[0.412s] -- Found rosidl_generator_cpp: 3.1.8 (/opt/ros/humble/share/rosidl_generator_cpp/cmake)
[0.421s] -- Using all available rosidl_typesupport_c: rosidl_typesupport_fastrtps_c;rosidl_typesupport_introspection_c
[0.432s] -- Using all available rosidl_typesupport_cpp: rosidl_typesupport_fastrtps_cpp;rosidl_typesupport_introspection_cpp
[0.465s] -- Found rmw_implementation_cmake: 6.1.2 (/opt/ros/humble/share/rmw_implementation_cmake/cmake)
[0.468s] -- Found rmw_cyclonedds_cpp: 1.3.4 (/opt/ros/humble/share/rmw_cyclonedds_cpp/cmake)
[0.483s] -- Using RMW implementation 'rmw_cyclonedds_cpp' as default
[0.491s] -- Looking for C++ include pthread.h
[0.570s] -- Looking for C++ include pthread.h - found
[0.571s] -- Performing Test CMAKE_HAVE_LIBC_PTHREAD
[0.643s] -- Performing Test CMAKE_HAVE_LIBC_PTHREAD - Success
[0.643s] -- Found Threads: TRUE  
[0.691s] -- Found rclcpp_lifecycle: 16.0.17 (/opt/ros/humble/share/rclcpp_lifecycle/cmake)
[0.711s] -- Found geometric_shapes: 2.3.2 (/opt/ros/humble/share/geometric_shapes/cmake)
[0.721s] -- Found Boost: /usr/lib/x86_64-linux-gnu/cmake/Boost-1.74.0/BoostConfig.cmake (found version "1.74.0") found components: filesystem 
[0.799s] -- library: /usr/lib/x86_64-linux-gnu/libcurl.so
[0.836s] -- Found kdl_parser: 2.6.4 (/opt/ros/humble/share/kdl_parser/cmake)
[0.843s] -- Ensuring Eigen3 include directory is part of orocos-kdl CMake target
[0.847s] -- Found moveit_msgs: 2.2.1 (/opt/ros/humble/share/moveit_msgs/cmake)
[0.923s] -- Found pluginlib: 5.1.3 (/opt/ros/humble/share/pluginlib/cmake)
[0.940s] -- Found srdfdom: 2.0.8 (/RoverFlake2/install/srdfdom/share/srdfdom/cmake)
[0.950s] -- Found tf2_eigen: 0.25.18 (/opt/ros/humble/share/tf2_eigen/cmake)
[0.998s] -- Found tf2_geometry_msgs: 0.25.18 (/opt/ros/humble/share/tf2_geometry_msgs/cmake)
[1.003s] -- Found tf2_kdl: 0.25.18 (/opt/ros/humble/share/tf2_kdl/cmake)
[1.034s] -- Found Boost: /usr/lib/x86_64-linux-gnu/cmake/Boost-1.74.0/BoostConfig.cmake (found version "1.74.0") found components: chrono date_time filesystem iostreams program_options regex serialization system thread 
[1.035s] --  *** Building MoveIt 2.5.9-Alpha ***
[1.039s] -- Performing Test COMPILER_HAS_HIDDEN_VISIBILITY
[1.107s] -- Performing Test COMPILER_HAS_HIDDEN_VISIBILITY - Success
[1.107s] -- Performing Test COMPILER_HAS_HIDDEN_INLINE_VISIBILITY
[1.167s] -- Performing Test COMPILER_HAS_HIDDEN_INLINE_VISIBILITY - Success
[1.167s] -- Performing Test COMPILER_HAS_DEPRECATED_ATTR
[1.227s] -- Performing Test COMPILER_HAS_DEPRECATED_ATTR - Success
[1.233s] -- Found ament_cmake_gtest: 1.3.12 (/opt/ros/humble/share/ament_cmake_gtest/cmake)
[1.236s] -- Found gtest sources under '/opt/ros/humble/src/gtest_vendor': C++ tests using 'Google Test' will be built
[1.262s] -- The C compiler identification is GNU 11.4.0
[1.267s] -- Detecting C compiler ABI info
[1.322s] -- Detecting C compiler ABI info - done
[1.326s] -- Check for working C compiler: /usr/bin/cc - skipped
[1.326s] -- Detecting C compile features
[1.326s] -- Detecting C compile features - done
[1.334s] -- Found ament_cmake_gmock: 1.3.12 (/opt/ros/humble/share/ament_cmake_gmock/cmake)
[1.338s] -- Found gmock sources under '/opt/ros/humble/src/gmock_vendor': C++ tests using 'Google Mock' will be built
[1.340s] -- Found ament_cmake_gtest: 1.3.12 (/opt/ros/humble/share/ament_cmake_gtest/cmake)
[1.341s] -- Found gtest sources under '/opt/ros/humble/src/gtest_vendor': C++ tests using 'Google Test' will be built
[1.345s] -- Found ament_cmake_gtest: 1.3.12 (/opt/ros/humble/share/ament_cmake_gtest/cmake)
[1.345s] -- Found gtest sources under '/opt/ros/humble/src/gtest_vendor': C++ tests using 'Google Test' will be built
[1.356s] -- Found ament_cmake_gtest: 1.3.12 (/opt/ros/humble/share/ament_cmake_gtest/cmake)
[1.357s] -- Found gtest sources under '/opt/ros/humble/src/gtest_vendor': C++ tests using 'Google Test' will be built
[1.365s] -- Found ament_lint_auto: 0.12.14 (/opt/ros/humble/share/ament_lint_auto/cmake)
[1.365s] -- Found ament_cmake_gtest: 1.3.12 (/opt/ros/humble/share/ament_cmake_gtest/cmake)
[1.366s] -- Found gtest sources under '/opt/ros/humble/src/gtest_vendor': C++ tests using 'Google Test' will be built
[1.373s] -- Found ament_cmake_gtest: 1.3.12 (/opt/ros/humble/share/ament_cmake_gtest/cmake)
[1.374s] -- Found gtest sources under '/opt/ros/humble/src/gtest_vendor': C++ tests using 'Google Test' will be built
[1.379s] -- Found ament_cmake_gtest: 1.3.12 (/opt/ros/humble/share/ament_cmake_gtest/cmake)
[1.380s] -- Found gtest sources under '/opt/ros/humble/src/gtest_vendor': C++ tests using 'Google Test' will be built
[1.383s] -- Found ament_cmake_gtest: 1.3.12 (/opt/ros/humble/share/ament_cmake_gtest/cmake)
[1.384s] -- Found gmock sources under '/opt/ros/humble/src/gmock_vendor': C++ tests using 'Google Mock' will be built
[1.384s] -- Found gtest sources under '/opt/ros/humble/src/gtest_vendor': C++ tests using 'Google Test' will be built
[1.390s] -- Found gtest sources under '/opt/ros/humble/src/gtest_vendor': C++ tests using 'Google Test' will be built
[1.394s] -- Found gtest sources under '/opt/ros/humble/src/gtest_vendor': C++ tests using 'Google Test' will be built
[1.399s] -- Found ament_cmake_gtest: 1.3.12 (/opt/ros/humble/share/ament_cmake_gtest/cmake)
[1.400s] -- Found gtest sources under '/opt/ros/humble/src/gtest_vendor': C++ tests using 'Google Test' will be built
[1.408s] -- Found gtest sources under '/opt/ros/humble/src/gtest_vendor': C++ tests using 'Google Test' will be built
[1.417s] -- Found gtest sources under '/opt/ros/humble/src/gtest_vendor': C++ tests using 'Google Test' will be built
[1.424s] -- Found gtest sources under '/opt/ros/humble/src/gtest_vendor': C++ tests using 'Google Test' will be built
[1.428s] -- Found ament_lint_auto: 0.12.14 (/opt/ros/humble/share/ament_lint_auto/cmake)
[1.452s] -- Added test 'cppcheck' to perform static code analysis on C / C++ code
[1.453s] -- Configured cppcheck include dirs: /RoverFlake2/src/moveit2/moveit_core/exceptions/include;/RoverFlake2/src/moveit2/moveit_core/collision_detection/include;/RoverFlake2/src/moveit2/moveit_core/collision_detection_fcl/include;/RoverFlake2/src/moveit2/moveit_core/collision_detection_bullet/include;/RoverFlake2/src/moveit2/moveit_core/constraint_samplers/include;/RoverFlake2/src/moveit2/moveit_core/controller_manager/include;/RoverFlake2/src/moveit2/moveit_core/distance_field/include;/RoverFlake2/src/moveit2/moveit_core/collision_distance_field/include;/RoverFlake2/src/moveit2/moveit_core/dynamics_solver/include;/RoverFlake2/src/moveit2/moveit_core/kinematics_base/include;/RoverFlake2/src/moveit2/moveit_core/kinematics_metrics/include;/RoverFlake2/src/moveit2/moveit_core/robot_model/include;/RoverFlake2/src/moveit2/moveit_core/transforms/include;/RoverFlake2/src/moveit2/moveit_core/robot_state/include;/RoverFlake2/src/moveit2/moveit_core/robot_trajectory/include;/RoverFlake2/src/moveit2/moveit_core/kinematic_constraints/include;/RoverFlake2/src/moveit2/moveit_core/macros/include;/RoverFlake2/src/moveit2/moveit_core/online_signal_smoothing/include;/RoverFlake2/src/moveit2/moveit_core/planning_interface/include;/RoverFlake2/src/moveit2/moveit_core/planning_request_adapter/include;/RoverFlake2/src/moveit2/moveit_core/planning_scene/include;/RoverFlake2/src/moveit2/moveit_core/sensor_manager/include;/RoverFlake2/src/moveit2/moveit_core/trajectory_processing/include;/RoverFlake2/src/moveit2/moveit_core/utils/include
[1.453s] -- Configured cppcheck exclude dirs and/or files: 
[1.455s] -- Added test 'pep257' to check Python code against some of the docstring style conventions in PEP 257
[1.456s] -- Added test 'xmllint' to check XML markup files
[1.458s] -- Configuring done
[1.903s] -- Generating done
[1.992s] -- Build files have been written to: /RoverFlake2/build/moveit_core
[2.020s] Invoked command in '/RoverFlake2/build/moveit_core' returned '0': AMENT_PREFIX_PATH=/RoverFlake2/install/moveit_resources_panda_moveit_config:/RoverFlake2/install/srdfdom:/RoverFlake2/install/moveit_resources_pr2_description:/RoverFlake2/install/moveit_resources_panda_description:/RoverFlake2/install/moveit_common:${AMENT_PREFIX_PATH} CMAKE_PREFIX_PATH=/RoverFlake2/install/moveit_resources_panda_moveit_config:/RoverFlake2/install/srdfdom:/RoverFlake2/install/moveit_resources_pr2_description:/RoverFlake2/install/moveit_resources_panda_description:/RoverFlake2/install/moveit_common:/opt/ros/humble LD_LIBRARY_PATH=/RoverFlake2/install/srdfdom/lib:${LD_LIBRARY_PATH} PYTHONPATH=/RoverFlake2/install/srdfdom/local/lib/python3.10/dist-packages:${PYTHONPATH} /usr/bin/cmake /RoverFlake2/src/moveit2/moveit_core -DCMAKE_BUILD_TYPE=Release -DCMAKE_INSTALL_PREFIX=/RoverFlake2/install/moveit_core
[2.021s] Invoking command in '/RoverFlake2/build/moveit_core': AMENT_PREFIX_PATH=/RoverFlake2/install/moveit_resources_panda_moveit_config:/RoverFlake2/install/srdfdom:/RoverFlake2/install/moveit_resources_pr2_description:/RoverFlake2/install/moveit_resources_panda_description:/RoverFlake2/install/moveit_common:${AMENT_PREFIX_PATH} CMAKE_PREFIX_PATH=/RoverFlake2/install/moveit_resources_panda_moveit_config:/RoverFlake2/install/srdfdom:/RoverFlake2/install/moveit_resources_pr2_description:/RoverFlake2/install/moveit_resources_panda_description:/RoverFlake2/install/moveit_common:/opt/ros/humble LD_LIBRARY_PATH=/RoverFlake2/install/srdfdom/lib:${LD_LIBRARY_PATH} PYTHONPATH=/RoverFlake2/install/srdfdom/local/lib/python3.10/dist-packages:${PYTHONPATH} /usr/bin/cmake --build /RoverFlake2/build/moveit_core -- -j32 -l32
[2.063s] [  3%] [32mBuilding CXX object exceptions/CMakeFiles/moveit_exceptions.dir/src/exceptions.cpp.o[0m
[2.063s] [  3%] [32mBuilding CXX object transforms/CMakeFiles/moveit_transforms.dir/src/transforms.cpp.o[0m
[2.063s] [  3%] [32mBuilding CXX object utils/CMakeFiles/moveit_utils.dir/src/message_checks.cpp.o[0m
[2.063s] [  3%] [32mBuilding CXX object distance_field/CMakeFiles/moveit_distance_field.dir/src/find_internal_points.cpp.o[0m
[2.063s] [  3%] [32mBuilding CXX object gtest/CMakeFiles/gtest.dir/src/gtest-all.cc.o[0m
[2.063s] [  4%] [32mBuilding CXX object utils/CMakeFiles/moveit_utils.dir/src/lexical_casts.cpp.o[0m
[2.063s] [  4%] [32mBuilding CXX object gmock/CMakeFiles/gmock_main.dir/src/gmock_main.cc.o[0m
[2.063s] [  5%] [32mBuilding CXX object distance_field/CMakeFiles/moveit_distance_field.dir/src/propagation_distance_field.cpp.o[0m
[2.063s] [  7%] [32mBuilding CXX object utils/CMakeFiles/moveit_utils.dir/src/rclcpp_utils.cpp.o[0m
[2.063s] [  5%] [32mBuilding CXX object gmock/CMakeFiles/gmock.dir/opt/ros/humble/src/gtest_vendor/src/gtest-all.cc.o[0m
[2.064s] [  9%] [32mBuilding CXX object kinematics_base/CMakeFiles/moveit_kinematics_base.dir/src/kinematics_base.cpp.o[0m
[2.064s] [  9%] [34m[1mRunning `/opt/ros/humble/bin/generate_parameter_library_cpp /RoverFlake2/build/moveit_core/online_signal_smoothing/include/moveit_core/moveit_butterworth_parameters.hpp /RoverFlake2/src/moveit2/moveit_core/online_signal_smoothing/src/butterworth_parameters.yaml `[0m
[2.064s] [  9%] [32mBuilding CXX object gtest/CMakeFiles/gtest_main.dir/src/gtest_main.cc.o[0m
[2.064s] [  9%] [32mBuilding CXX object gmock/CMakeFiles/gmock.dir/src/gmock-all.cc.o[0m
[2.064s] [  9%] [32mBuilding CXX object version/CMakeFiles/moveit_version.dir/version.cpp.o[0m
[2.064s] [ 11%] [32mBuilding CXX object online_signal_smoothing/CMakeFiles/moveit_smoothing_base.dir/src/smoothing_base_class.cpp.o[0m
[2.064s] [ 11%] [32mBuilding CXX object distance_field/CMakeFiles/moveit_distance_field.dir/src/distance_field.cpp.o[0m
[2.101s] [ 12%] [32m[1mLinking CXX executable moveit_version[0m
[2.168s] [ 12%] Built target moveit_version
[2.182s] [ 13%] [34m[1mCreating deprecated header file /RoverFlake2/build/moveit_core/online_signal_smoothing/include/moveit_butterworth_parameters.hpp[0m
[2.197s] [ 13%] Built target moveit_butterworth_parameters
[2.616s] [ 13%] [32m[1mLinking CXX shared library libmoveit_exceptions.so[0m
[2.714s] [ 13%] Built target moveit_exceptions
[2.745s] [ 13%] [32m[1mLinking CXX static library libgtest_main.a[0m
[2.776s] [ 13%] Built target gtest_main
[2.823s] [ 14%] [32m[1mLinking CXX shared library libmoveit_utils.so[0m
[2.948s] [ 15%] [32m[1mLinking CXX static library libgmock_main.a[0m
[2.974s] [ 15%] Built target gmock_main
[3.214s] [ 15%] Built target moveit_utils
[4.124s] [ 15%] [32m[1mLinking CXX shared library libmoveit_smoothing_base.so[0m
[4.200s] [ 15%] Built target moveit_smoothing_base
[5.426s] [ 15%] [32m[1mLinking CXX shared library libmoveit_kinematics_base.so[0m
[5.513s] [ 15%] Built target moveit_kinematics_base
[5.529s] [ 17%] [32mBuilding CXX object robot_model/CMakeFiles/moveit_robot_model.dir/src/fixed_joint_model.cpp.o[0m
[5.529s] [ 17%] [32mBuilding CXX object robot_model/CMakeFiles/moveit_robot_model.dir/src/aabb.cpp.o[0m
[5.529s] [ 17%] [32mBuilding CXX object robot_model/CMakeFiles/moveit_robot_model.dir/src/joint_model_group.cpp.o[0m
[5.529s] [ 17%] [32mBuilding CXX object robot_model/CMakeFiles/moveit_robot_model.dir/src/joint_model.cpp.o[0m
[5.529s] [ 18%] [32mBuilding CXX object robot_model/CMakeFiles/moveit_robot_model.dir/src/prismatic_joint_model.cpp.o[0m
[5.529s] [ 19%] [32mBuilding CXX object robot_model/CMakeFiles/moveit_robot_model.dir/src/planar_joint_model.cpp.o[0m
[5.529s] [ 19%] [32mBuilding CXX object robot_model/CMakeFiles/moveit_robot_model.dir/src/revolute_joint_model.cpp.o[0m
[5.530s] [ 19%] [32mBuilding CXX object robot_model/CMakeFiles/moveit_robot_model.dir/src/robot_model.cpp.o[0m
[5.530s] [ 20%] [32mBuilding CXX object robot_model/CMakeFiles/moveit_robot_model.dir/src/link_model.cpp.o[0m
[5.530s] [ 20%] [32mBuilding CXX object robot_model/CMakeFiles/moveit_robot_model.dir/src/floating_joint_model.cpp.o[0m
[6.899s] [ 21%] [32m[1mLinking CXX static library libgtest.a[0m
[6.904s] [ 22%] [32m[1mLinking CXX static library libgmock.a[0m
[6.936s] [ 22%] Built target gtest
[6.942s] [ 22%] Built target gmock
[6.979s] [ 22%] [32m[1mLinking CXX shared library libmoveit_transforms.so[0m
[7.092s] [ 22%] Built target moveit_transforms
[7.107s] [ 22%] [32mBuilding CXX object transforms/CMakeFiles/test_transforms.dir/test/test_transforms.cpp.o[0m
[7.358s] [ 23%] [32m[1mLinking CXX shared library libmoveit_distance_field.so[0m
[7.499s] [ 23%] Built target moveit_distance_field
[7.513s] [ 24%] [32mBuilding CXX object distance_field/CMakeFiles/test_voxel_grid.dir/test/test_voxel_grid.cpp.o[0m
[7.514s] [ 25%] [32mBuilding CXX object distance_field/CMakeFiles/test_distance_field.dir/test/test_distance_field.cpp.o[0m
[9.177s] [ 26%] [32m[1mLinking CXX executable test_transforms[0m
[9.274s] [ 26%] Built target test_transforms
[10.279s] [ 26%] [32m[1mLinking CXX executable test_voxel_grid[0m
[10.380s] [ 26%] Built target test_voxel_grid
[11.634s] [ 27%] [32m[1mLinking CXX shared library libmoveit_robot_model.so[0m
[11.736s] [ 27%] Built target moveit_robot_model
[11.750s] [ 29%] [32mBuilding CXX object utils/CMakeFiles/moveit_test_utils.dir/src/robot_model_test_utils.cpp.o[0m
[11.750s] [ 29%] [32mBuilding CXX object online_signal_smoothing/CMakeFiles/moveit_butterworth_filter.dir/src/butterworth_filter.cpp.o[0m
[11.751s] [ 29%] [32mBuilding CXX object robot_state/CMakeFiles/moveit_robot_state.dir/src/conversions.cpp.o[0m
[11.751s] [ 31%] [32mBuilding CXX object robot_state/CMakeFiles/moveit_robot_state.dir/src/cartesian_interpolator.cpp.o[0m
[11.752s] [ 31%] [32mBuilding CXX object robot_state/CMakeFiles/moveit_robot_state.dir/src/attached_body.cpp.o[0m
[11.752s] [ 31%] [32mBuilding CXX object robot_state/CMakeFiles/moveit_robot_state.dir/src/robot_state.cpp.o[0m
[13.106s] [ 31%] [32m[1mLinking CXX executable test_distance_field[0m
[13.273s] [ 31%] Built target test_distance_field
[15.779s] [ 31%] [32m[1mLinking CXX shared library libmoveit_butterworth_filter.so[0m
[15.875s] [ 31%] Built target moveit_butterworth_filter
[15.895s] [ 31%] [32mBuilding CXX object online_signal_smoothing/CMakeFiles/test_butterworth_filter.dir/test/test_butterworth_filter.cpp.o[0m
[17.255s] [ 32%] [32m[1mLinking CXX shared library libmoveit_test_utils.so[0m
[17.360s] [ 32%] Built target moveit_test_utils
[17.374s] [ 33%] [32mBuilding CXX object robot_model/CMakeFiles/test_robot_model.dir/test/test.cpp.o[0m
[20.587s] [ 34%] [32m[1mLinking CXX executable test_butterworth_filter[0m
[20.697s] [ 34%] Built target test_butterworth_filter
[21.439s] [ 34%] [32m[1mLinking CXX executable test_robot_model[0m
[21.584s] [ 34%] Built target test_robot_model
[25.529s] [ 35%] [32m[1mLinking CXX shared library libmoveit_robot_state.so[0m
[25.632s] [ 35%] Built target moveit_robot_state
[25.651s] [ 38%] [32mBuilding CXX object collision_detection/CMakeFiles/moveit_collision_detection.dir/src/allvalid/collision_env_allvalid.cpp.o[0m
[25.651s] [ 38%] [32mBuilding CXX object robot_state/CMakeFiles/test_robot_state.dir/test/robot_state_test.cpp.o[0m
[25.651s] [ 38%] [32mBuilding CXX object collision_detection/CMakeFiles/moveit_collision_detection.dir/src/collision_octomap_filter.cpp.o[0m
[25.651s] [ 39%] [32mBuilding CXX object kinematics_metrics/CMakeFiles/moveit_kinematics_metrics.dir/src/kinematics_metrics.cpp.o[0m
[25.651s] [ 39%] [32mBuilding CXX object robot_trajectory/CMakeFiles/moveit_robot_trajectory.dir/src/robot_trajectory.cpp.o[0m
[25.651s] [ 39%] [32mBuilding CXX object collision_detection/CMakeFiles/moveit_collision_detection.dir/src/collision_matrix.cpp.o[0m
[25.651s] [ 40%] [32mBuilding CXX object collision_detection/CMakeFiles/moveit_collision_detection.dir/src/collision_common.cpp.o[0m
[25.651s] [ 41%] [32mBuilding CXX object collision_detection/CMakeFiles/moveit_collision_detection.dir/src/collision_tools.cpp.o[0m
[25.651s] [ 42%] [32mBuilding CXX object robot_state/CMakeFiles/test_robot_state_complex.dir/test/test_kinematic_complex.cpp.o[0m
[25.651s] [ 42%] [32mBuilding CXX object collision_detection/CMakeFiles/moveit_collision_detection.dir/src/world_diff.cpp.o[0m
[25.652s] [ 42%] [32mBuilding CXX object collision_detection/CMakeFiles/moveit_collision_detection.dir/src/world.cpp.o[0m
[25.652s] [ 42%] [32mBuilding CXX object robot_state/CMakeFiles/test_aabb.dir/test/test_aabb.cpp.o[0m
[25.652s] [ 43%] [32mBuilding CXX object robot_state/CMakeFiles/test_robot_state_benchmark.dir/test/robot_state_benchmark.cpp.o[0m
[25.652s] [ 43%] [32mBuilding CXX object collision_detection/CMakeFiles/moveit_collision_detection.dir/src/collision_env.cpp.o[0m
[25.652s] [ 43%] [32mBuilding CXX object dynamics_solver/CMakeFiles/moveit_dynamics_solver.dir/src/dynamics_solver.cpp.o[0m
[25.652s] [ 43%] [32mBuilding CXX object robot_state/CMakeFiles/test_cartesian_interpolator.dir/test/test_cartesian_interpolator.cpp.o[0m
[25.652s] [ 44%] [32mBuilding CXX object collision_detection/CMakeFiles/moveit_collision_detection.dir/src/collision_plugin_cache.cpp.o[0m
[32.426s] [ 45%] [32m[1mLinking CXX shared library libmoveit_dynamics_solver.so[0m
[32.577s] [ 45%] Built target moveit_dynamics_solver
[32.861s] [ 45%] [32m[1mLinking CXX executable test_cartesian_interpolator[0m
[33.084s] [ 45%] Built target test_cartesian_interpolator
[33.369s] [ 46%] [32m[1mLinking CXX executable test_robot_state_benchmark[0m
[33.564s] [ 46%] Built target test_robot_state_benchmark
[33.848s] [ 47%] [32m[1mLinking CXX executable test_aabb[0m
[34.019s] [ 47%] Built target test_aabb
[34.322s] [ 48%] [32m[1mLinking CXX executable test_robot_state_complex[0m
[34.412s] [ 48%] [32m[1mLinking CXX shared library libmoveit_robot_trajectory.so[0m
[34.501s] [ 48%] Built target test_robot_state_complex
[34.509s] [ 48%] Built target moveit_robot_trajectory
[34.523s] [ 49%] [32mBuilding CXX object planning_interface/CMakeFiles/moveit_planning_interface.dir/src/planning_response.cpp.o[0m
[34.523s] [ 50%] [32mBuilding CXX object robot_trajectory/CMakeFiles/test_robot_trajectory.dir/test/test_robot_trajectory.cpp.o[0m
[34.525s] [ 51%] [32mBuilding CXX object trajectory_processing/CMakeFiles/moveit_trajectory_processing.dir/src/iterative_time_parameterization.cpp.o[0m
[34.525s] [ 51%] [32mBuilding CXX object trajectory_processing/CMakeFiles/moveit_trajectory_processing.dir/src/ruckig_traj_smoothing.cpp.o[0m
[34.525s] [ 52%] [32mBuilding CXX object trajectory_processing/CMakeFiles/moveit_trajectory_processing.dir/src/time_optimal_trajectory_generation.cpp.o[0m
[34.525s] [ 52%] [32mBuilding CXX object trajectory_processing/CMakeFiles/moveit_trajectory_processing.dir/src/iterative_spline_parameterization.cpp.o[0m
[34.525s] [ 53%] [32mBuilding CXX object planning_interface/CMakeFiles/moveit_planning_interface.dir/src/planning_interface.cpp.o[0m
[34.525s] [ 53%] [32mBuilding CXX object trajectory_processing/CMakeFiles/moveit_trajectory_processing.dir/src/trajectory_tools.cpp.o[0m
[35.671s] [ 54%] [32m[1mLinking CXX executable test_robot_state[0m
[35.911s] [ 54%] Built target test_robot_state
[37.199s] [ 54%] [32m[1mLinking CXX shared library libmoveit_collision_detection.so[0m
[37.341s] [ 54%] Built target moveit_collision_detection
[37.361s] [ 56%] [32mBuilding CXX object collision_detection_fcl/CMakeFiles/moveit_collision_detection_fcl.dir/src/collision_env_fcl.cpp.o[0m
[37.362s] [ 59%] [32mBuilding CXX object collision_detection/CMakeFiles/test_all_valid.dir/test/test_all_valid.cpp.o[0m
[37.362s] [ 59%] [32mBuilding CXX object collision_detection/CMakeFiles/test_world_diff.dir/test/test_world_diff.cpp.o[0m
[37.362s] [ 59%] [32mBuilding CXX object collision_detection_bullet/CMakeFiles/moveit_collision_detection_bullet.dir/src/bullet_integration/ros_bullet_utils.cpp.o[0m
[37.362s] [ 59%] [32mBuilding CXX object collision_detection_bullet/CMakeFiles/moveit_collision_detection_bullet.dir/src/bullet_integration/bullet_discrete_bvh_manager.cpp.o[0m
[37.362s] [ 59%] [32mBuilding CXX object collision_detection_bullet/CMakeFiles/moveit_collision_detection_bullet.dir/src/bullet_integration/contact_checker_common.cpp.o[0m
[37.362s] [ 62%] [32mBuilding CXX object collision_detection_bullet/CMakeFiles/moveit_collision_detection_bullet.dir/src/bullet_integration/bullet_cast_bvh_manager.cpp.o[0m
[37.362s] [ 62%] [32mBuilding CXX object collision_detection_fcl/CMakeFiles/moveit_collision_detection_fcl.dir/src/collision_common.cpp.o[0m
[37.362s] [ 62%] [32mBuilding CXX object collision_detection_bullet/CMakeFiles/moveit_collision_detection_bullet.dir/src/bullet_integration/bullet_utils.cpp.o[0m
[37.362s] [ 62%] [32mBuilding CXX object collision_detection_bullet/CMakeFiles/moveit_collision_detection_bullet.dir/src/bullet_integration/bullet_bvh_manager.cpp.o[0m
[37.362s] [ 62%] [32mBuilding CXX object collision_detection_bullet/CMakeFiles/moveit_collision_detection_bullet.dir/src/collision_env_bullet.cpp.o[0m
[37.364s] [ 63%] [32mBuilding CXX object collision_detection/CMakeFiles/test_world.dir/test/test_world.cpp.o[0m
[42.515s] [ 63%] [32m[1mLinking CXX executable test_robot_trajectory[0m
[42.901s] [ 63%] Built target test_robot_trajectory
[43.023s] [ 64%] [32m[1mLinking CXX shared library libmoveit_trajectory_processing.so[0m
[43.048s] [ 65%] [32m[1mLinking CXX executable test_world_diff[0m
[43.178s] [ 65%] Built target moveit_trajectory_processing
[43.205s] [ 65%] [32mBuilding CXX object trajectory_processing/CMakeFiles/test_time_parameterization.dir/test/test_time_parameterization.cpp.o[0m
[43.205s] [ 67%] [32mBuilding CXX object trajectory_processing/CMakeFiles/test_ruckig_traj_smoothing.dir/test/test_ruckig_traj_smoothing.cpp.o[0m
[43.205s] [ 67%] [32mBuilding CXX object trajectory_processing/CMakeFiles/test_time_optimal_trajectory_generation.dir/test/test_time_optimal_trajectory_generation.cpp.o[0m
[43.214s] [ 67%] [32m[1mLinking CXX shared library libmoveit_kinematics_metrics.so[0m
[43.231s] [ 67%] [32m[1mLinking CXX shared library libmoveit_planning_interface.so[0m
[43.289s] [ 67%] Built target test_world_diff
[43.359s] [ 67%] Built target moveit_kinematics_metrics
[43.380s] [ 67%] Built target moveit_planning_interface
[43.876s] [ 67%] [32m[1mLinking CXX executable test_world[0m
[44.054s] [ 67%] Built target test_world
[44.792s] [ 67%] [32m[1mLinking CXX executable test_all_valid[0m
[44.968s] [ 67%] Built target test_all_valid
[45.687s] [ 67%] [32m[1mLinking CXX shared library libmoveit_collision_detection_bullet.so[0m
[45.824s] [ 67%] Built target moveit_collision_detection_bullet
[45.838s] [ 68%] [32mBuilding CXX object collision_detection_bullet/CMakeFiles/test_bullet_collision_detection.dir/test/test_bullet_collision_detection_pr2.cpp.o[0m
[45.838s] [ 68%] [32mBuilding CXX object collision_detection_bullet/CMakeFiles/test_bullet_continuous_collision_checking.dir/test/test_bullet_continuous_collision_checking.cpp.o[0m
[45.839s] [ 69%] [32mBuilding CXX object collision_detection_bullet/CMakeFiles/test_bullet_collision_detection_panda.dir/test/test_bullet_collision_detection_panda.cpp.o[0m
[46.434s] [ 70%] [32m[1mLinking CXX shared library libmoveit_collision_detection_fcl.so[0m
[46.565s] [ 70%] Built target moveit_collision_detection_fcl
[46.579s] [ 71%] [32mBuilding CXX object kinematic_constraints/CMakeFiles/moveit_kinematic_constraints.dir/src/utils.cpp.o[0m
[46.580s] [ 72%] [32mBuilding CXX object collision_detection_fcl/CMakeFiles/test_fcl_collision_detection.dir/test/test_fcl_collision_detection_pr2.cpp.o[0m
[46.580s] [ 72%] [32mBuilding CXX object collision_detection_fcl/CMakeFiles/test_fcl_collision_detection_panda.dir/test/test_fcl_collision_detection_panda.cpp.o[0m
[46.580s] [ 73%] [32mBuilding CXX object kinematic_constraints/CMakeFiles/moveit_kinematic_constraints.dir/src/kinematic_constraint.cpp.o[0m
[46.580s] [ 73%] [32mBuilding CXX object collision_detection_fcl/CMakeFiles/test_fcl_collision_env.dir/test/test_fcl_env.cpp.o[0m
[48.852s] [ 73%] [32m[1mLinking CXX executable test_ruckig_traj_smoothing[0m
[48.904s] [ 74%] [32m[1mLinking CXX executable test_time_parameterization[0m
[49.082s] [ 74%] Built target test_ruckig_traj_smoothing
[49.148s] [ 74%] Built target test_time_parameterization
[49.908s] [ 75%] [32m[1mLinking CXX executable test_time_optimal_trajectory_generation[0m
[50.089s] [ 75%] Built target test_time_optimal_trajectory_generation
[52.060s] [ 76%] [32m[1mLinking CXX executable test_bullet_collision_detection_panda[0m
[52.300s] [ 76%] Built target test_bullet_collision_detection_panda
[53.087s] [ 76%] [32m[1mLinking CXX executable test_bullet_collision_detection[0m
[53.309s] [ 76%] Built target test_bullet_collision_detection
[53.405s] [ 77%] [32m[1mLinking CXX executable test_fcl_collision_env[0m
[53.485s] [ 78%] [32m[1mLinking CXX executable test_bullet_continuous_collision_checking[0m
[53.623s] [ 78%] Built target test_fcl_collision_env
[53.685s] [ 78%] Built target test_bullet_continuous_collision_checking
[53.742s] [ 79%] [32m[1mLinking CXX executable test_fcl_collision_detection_panda[0m
[53.911s] [ 79%] Built target test_fcl_collision_detection_panda
[54.079s] [ 79%] [32m[1mLinking CXX executable test_fcl_collision_detection[0m
[54.250s] [ 79%] Built target test_fcl_collision_detection
[55.980s] [ 80%] [32m[1mLinking CXX shared library libmoveit_kinematic_constraints.so[0m
[56.078s] [ 80%] Built target moveit_kinematic_constraints
[56.092s] [ 81%] [32mBuilding CXX object kinematic_constraints/CMakeFiles/test_orientation_constraints.dir/test/test_orientation_constraints.cpp.o[0m
[56.093s] [ 82%] [32mBuilding CXX object planning_scene/CMakeFiles/moveit_planning_scene.dir/src/planning_scene.cpp.o[0m
[56.093s] [ 82%] [32mBuilding CXX object kinematic_constraints/CMakeFiles/test_constraints.dir/test/test_constraints.cpp.o[0m
[61.513s] [ 82%] [32m[1mLinking CXX executable test_orientation_constraints[0m
[61.667s] [ 82%] Built target test_orientation_constraints
[62.165s] [ 83%] [32m[1mLinking CXX executable test_constraints[0m
[62.305s] [ 83%] Built target test_constraints
[65.399s] [ 84%] [32m[1mLinking CXX shared library libmoveit_planning_scene.so[0m
[65.504s] [ 84%] Built target moveit_planning_scene
[65.520s] [ 84%] [32mBuilding CXX object collision_distance_field/CMakeFiles/moveit_collision_distance_field.dir/src/collision_env_hybrid.cpp.o[0m
[65.520s] [ 85%] [32mBuilding CXX object collision_distance_field/CMakeFiles/moveit_collision_distance_field.dir/src/collision_common_distance_field.cpp.o[0m
[65.520s] [ 85%] [32mBuilding CXX object collision_distance_field/CMakeFiles/moveit_collision_distance_field.dir/src/collision_distance_field_types.cpp.o[0m
[65.520s] [ 87%] [32mBuilding CXX object planning_scene/CMakeFiles/test_collision_objects.dir/test/test_collision_objects.cpp.o[0m
[65.520s] [ 87%] [32mBuilding CXX object collision_distance_field/CMakeFiles/moveit_collision_distance_field.dir/src/collision_env_distance_field.cpp.o[0m
[65.520s] [ 88%] [32mBuilding CXX object planning_request_adapter/CMakeFiles/moveit_planning_request_adapter.dir/src/planning_request_adapter.cpp.o[0m
[65.521s] [ 88%] [32mBuilding CXX object planning_scene/CMakeFiles/test_multi_threaded.dir/test/test_multi_threaded.cpp.o[0m
[65.521s] [ 88%] [32mBuilding CXX object constraint_samplers/CMakeFiles/moveit_constraint_samplers.dir/src/default_constraint_samplers.cpp.o[0m
[65.521s] [ 89%] [32mBuilding CXX object planning_scene/CMakeFiles/test_planning_scene.dir/test/test_planning_scene.cpp.o[0m
[65.521s] [ 90%] [32mBuilding CXX object constraint_samplers/CMakeFiles/moveit_constraint_samplers.dir/src/constraint_sampler_manager.cpp.o[0m
[65.521s] [ 90%] [32mBuilding CXX object constraint_samplers/CMakeFiles/moveit_constraint_samplers.dir/src/constraint_sampler.cpp.o[0m
[65.521s] [ 90%] [32mBuilding CXX object collision_detection_bullet/CMakeFiles/collision_detector_bullet_plugin.dir/src/collision_detector_bullet_plugin_loader.cpp.o[0m
[65.521s] [ 91%] [32mBuilding CXX object constraint_samplers/CMakeFiles/moveit_constraint_samplers.dir/src/union_constraint_sampler.cpp.o[0m
[65.522s] [ 92%] [32mBuilding CXX object constraint_samplers/CMakeFiles/moveit_constraint_samplers.dir/src/constraint_sampler_tools.cpp.o[0m
[65.523s] [ 92%] [32mBuilding CXX object collision_detection_fcl/CMakeFiles/collision_detector_fcl_plugin.dir/src/collision_detector_fcl_plugin_loader.cpp.o[0m
[72.289s] [ 92%] [32m[1mLinking CXX shared library libmoveit_planning_request_adapter.so[0m
[72.438s] [ 92%] Built target moveit_planning_request_adapter
[72.903s] [ 93%] [32m[1mLinking CXX shared library libcollision_detector_bullet_plugin.so[0m
[73.041s] [ 93%] Built target collision_detector_bullet_plugin
[73.375s] [ 94%] [32m[1mLinking CXX executable test_multi_threaded[0m
[73.593s] [ 94%] Built target test_multi_threaded
[74.161s] [ 95%] [32m[1mLinking CXX shared library libcollision_detector_fcl_plugin.so[0m
[74.263s] [ 95%] Built target collision_detector_fcl_plugin
[74.780s] [ 95%] [32m[1mLinking CXX shared library libmoveit_constraint_samplers.so[0m
[74.887s] [ 95%] Built target moveit_constraint_samplers
[74.902s] [ 95%] [32mBuilding CXX object constraint_samplers/CMakeFiles/test_constraint_samplers.dir/test/pr2_arm_ik.cpp.o[0m
[74.903s] [ 96%] [32mBuilding CXX object constraint_samplers/CMakeFiles/test_constraint_samplers.dir/test/pr2_arm_kinematics_plugin.cpp.o[0m
[74.904s] [ 97%] [32mBuilding CXX object constraint_samplers/CMakeFiles/test_constraint_samplers.dir/test/test_constraint_samplers.cpp.o[0m
[75.375s] [ 97%] [32m[1mLinking CXX executable test_collision_objects[0m
[75.562s] [ 97%] Built target test_collision_objects
[77.156s] [ 98%] [32m[1mLinking CXX shared library libmoveit_collision_distance_field.so[0m
[77.288s] [ 98%] Built target moveit_collision_distance_field
[77.303s] [ 99%] [32mBuilding CXX object collision_distance_field/CMakeFiles/test_collision_distance_field.dir/test/test_collision_distance_field.cpp.o[0m
[77.426s] [ 99%] [32m[1mLinking CXX executable test_planning_scene[0m
[77.616s] [ 99%] Built target test_planning_scene
[82.744s] [100%] [32m[1mLinking CXX executable test_constraint_samplers[0m
[82.922s] [100%] Built target test_constraint_samplers
[83.165s] [100%] [32m[1mLinking CXX executable test_collision_distance_field[0m
[83.315s] [100%] Built target test_collision_distance_field
[83.335s] Invoked command in '/RoverFlake2/build/moveit_core' returned '0': AMENT_PREFIX_PATH=/RoverFlake2/install/moveit_resources_panda_moveit_config:/RoverFlake2/install/srdfdom:/RoverFlake2/install/moveit_resources_pr2_description:/RoverFlake2/install/moveit_resources_panda_description:/RoverFlake2/install/moveit_common:${AMENT_PREFIX_PATH} CMAKE_PREFIX_PATH=/RoverFlake2/install/moveit_resources_panda_moveit_config:/RoverFlake2/install/srdfdom:/RoverFlake2/install/moveit_resources_pr2_description:/RoverFlake2/install/moveit_resources_panda_description:/RoverFlake2/install/moveit_common:/opt/ros/humble LD_LIBRARY_PATH=/RoverFlake2/install/srdfdom/lib:${LD_LIBRARY_PATH} PYTHONPATH=/RoverFlake2/install/srdfdom/local/lib/python3.10/dist-packages:${PYTHONPATH} /usr/bin/cmake --build /RoverFlake2/build/moveit_core -- -j32 -l32
[83.342s] Invoking command in '/RoverFlake2/build/moveit_core': AMENT_PREFIX_PATH=/RoverFlake2/install/moveit_resources_panda_moveit_config:/RoverFlake2/install/srdfdom:/RoverFlake2/install/moveit_resources_pr2_description:/RoverFlake2/install/moveit_resources_panda_description:/RoverFlake2/install/moveit_common:${AMENT_PREFIX_PATH} CMAKE_PREFIX_PATH=/RoverFlake2/install/moveit_resources_panda_moveit_config:/RoverFlake2/install/srdfdom:/RoverFlake2/install/moveit_resources_pr2_description:/RoverFlake2/install/moveit_resources_panda_description:/RoverFlake2/install/moveit_common:/opt/ros/humble LD_LIBRARY_PATH=/RoverFlake2/install/srdfdom/lib:${LD_LIBRARY_PATH} PYTHONPATH=/RoverFlake2/install/srdfdom/local/lib/python3.10/dist-packages:${PYTHONPATH} /usr/bin/cmake --install /RoverFlake2/build/moveit_core
[83.347s] -- Install configuration: "Release"
[83.347s] -- Installing: /RoverFlake2/install/moveit_core/include/moveit/version.h
[83.348s] -- Up-to-date: /RoverFlake2/install/moveit_core/include
[83.348s] -- Up-to-date: /RoverFlake2/install/moveit_core/include/moveit
[83.348s] -- Installing: /RoverFlake2/install/moveit_core/include/moveit/collision_distance_field
[83.348s] -- Installing: /RoverFlake2/install/moveit_core/include/moveit/collision_distance_field/collision_env_hybrid.h
[83.348s] -- Installing: /RoverFlake2/install/moveit_core/include/moveit/collision_distance_field/collision_distance_field_types.h
[83.348s] -- Installing: /RoverFlake2/install/moveit_core/include/moveit/collision_distance_field/collision_env_distance_field.h
[83.348s] -- Installing: /RoverFlake2/install/moveit_core/include/moveit/collision_distance_field/collision_detector_allocator_hybrid.h
[83.348s] -- Installing: /RoverFlake2/install/moveit_core/include/moveit/collision_distance_field/collision_detector_allocator_distance_field.h
[83.348s] -- Installing: /RoverFlake2/install/moveit_core/include/moveit/collision_distance_field/collision_common_distance_field.h
[83.348s] -- Installing: /RoverFlake2/install/moveit_core/include/moveit_collision_distance_field_export.h
[83.349s] -- Up-to-date: /RoverFlake2/install/moveit_core/include
[83.349s] -- Up-to-date: /RoverFlake2/install/moveit_core/include/moveit
[83.349s] -- Installing: /RoverFlake2/install/moveit_core/include/moveit/constraint_samplers
[83.349s] -- Installing: /RoverFlake2/install/moveit_core/include/moveit/constraint_samplers/constraint_sampler.h
[83.349s] -- Installing: /RoverFlake2/install/moveit_core/include/moveit/constraint_samplers/union_constraint_sampler.h
[83.349s] -- Installing: /RoverFlake2/install/moveit_core/include/moveit/constraint_samplers/default_constraint_samplers.h
[83.349s] -- Installing: /RoverFlake2/install/moveit_core/include/moveit/constraint_samplers/constraint_sampler_manager.h
[83.349s] -- Installing: /RoverFlake2/install/moveit_core/include/moveit/constraint_samplers/constraint_sampler_allocator.h
[83.349s] -- Installing: /RoverFlake2/install/moveit_core/include/moveit/constraint_samplers/constraint_sampler_tools.h
[83.350s] -- Up-to-date: /RoverFlake2/install/moveit_core/include
[83.350s] -- Up-to-date: /RoverFlake2/install/moveit_core/include/moveit
[83.350s] -- Installing: /RoverFlake2/install/moveit_core/include/moveit/controller_manager
[83.350s] -- Installing: /RoverFlake2/install/moveit_core/include/moveit/controller_manager/controller_manager.h
[83.350s] -- Up-to-date: /RoverFlake2/install/moveit_core/include
[83.350s] -- Up-to-date: /RoverFlake2/install/moveit_core/include/moveit
[83.350s] -- Installing: /RoverFlake2/install/moveit_core/include/moveit/distance_field
[83.350s] -- Installing: /RoverFlake2/install/moveit_core/include/moveit/distance_field/distance_field.h
[83.350s] -- Installing: /RoverFlake2/install/moveit_core/include/moveit/distance_field/voxel_grid.h
[83.350s] -- Installing: /RoverFlake2/install/moveit_core/include/moveit/distance_field/propagation_distance_field.h
[83.350s] -- Installing: /RoverFlake2/install/moveit_core/include/moveit/distance_field/find_internal_points.h
[83.351s] -- Up-to-date: /RoverFlake2/install/moveit_core/include
[83.351s] -- Up-to-date: /RoverFlake2/install/moveit_core/include/moveit
[83.351s] -- Installing: /RoverFlake2/install/moveit_core/include/moveit/dynamics_solver
[83.351s] -- Installing: /RoverFlake2/install/moveit_core/include/moveit/dynamics_solver/dynamics_solver.h
[83.351s] -- Up-to-date: /RoverFlake2/install/moveit_core/include
[83.351s] -- Up-to-date: /RoverFlake2/install/moveit_core/include/moveit
[83.351s] -- Installing: /RoverFlake2/install/moveit_core/include/moveit/exceptions
[83.351s] -- Installing: /RoverFlake2/install/moveit_core/include/moveit/exceptions/exceptions.h
[83.351s] -- Up-to-date: /RoverFlake2/install/moveit_core/include
[83.351s] -- Up-to-date: /RoverFlake2/install/moveit_core/include/moveit
[83.351s] -- Installing: /RoverFlake2/install/moveit_core/include/moveit/kinematics_base
[83.351s] -- Installing: /RoverFlake2/install/moveit_core/include/moveit/kinematics_base/kinematics_base.h
[83.351s] -- Installing: /RoverFlake2/install/moveit_core/include/moveit_kinematics_base_export.h
[83.352s] -- Up-to-date: /RoverFlake2/install/moveit_core/include
[83.352s] -- Up-to-date: /RoverFlake2/install/moveit_core/include/moveit
[83.352s] -- Installing: /RoverFlake2/install/moveit_core/include/moveit/kinematic_constraints
[83.352s] -- Installing: /RoverFlake2/install/moveit_core/include/moveit/kinematic_constraints/kinematic_constraint.h
[83.352s] -- Installing: /RoverFlake2/install/moveit_core/include/moveit/kinematic_constraints/utils.h
[83.352s] -- Up-to-date: /RoverFlake2/install/moveit_core/include
[83.352s] -- Up-to-date: /RoverFlake2/install/moveit_core/include/moveit
[83.352s] -- Installing: /RoverFlake2/install/moveit_core/include/moveit/kinematics_metrics
[83.352s] -- Installing: /RoverFlake2/install/moveit_core/include/moveit/kinematics_metrics/kinematics_metrics.h
[83.353s] -- Up-to-date: /RoverFlake2/install/moveit_core/include
[83.353s] -- Up-to-date: /RoverFlake2/install/moveit_core/include/moveit
[83.353s] -- Installing: /RoverFlake2/install/moveit_core/include/moveit/macros
[83.353s] -- Installing: /RoverFlake2/install/moveit_core/include/moveit/macros/class_forward.h
[83.353s] -- Installing: /RoverFlake2/install/moveit_core/include/moveit/macros/declare_ptr.h
[83.353s] -- Installing: /RoverFlake2/install/moveit_core/include/moveit/macros/console_colors.h
[83.353s] -- Installing: /RoverFlake2/install/moveit_core/include/moveit/macros/deprecation.h
[83.353s] -- Installing: /RoverFlake2/install/moveit_core/include/moveit_core
[83.353s] -- Installing: /RoverFlake2/install/moveit_core/include/moveit_core/moveit_butterworth_parameters.hpp
[83.353s] -- Up-to-date: /RoverFlake2/install/moveit_core/include
[83.354s] -- Up-to-date: /RoverFlake2/install/moveit_core/include/moveit
[83.354s] -- Installing: /RoverFlake2/install/moveit_core/include/moveit/online_signal_smoothing
[83.354s] -- Installing: /RoverFlake2/install/moveit_core/include/moveit/online_signal_smoothing/smoothing_base_class.h
[83.354s] -- Installing: /RoverFlake2/install/moveit_core/include/moveit/online_signal_smoothing/butterworth_filter.h
[83.354s] -- Installing: /RoverFlake2/install/moveit_core/include/moveit_smoothing_base_export.h
[83.354s] -- Installing: /RoverFlake2/install/moveit_core/include/moveit_butterworth_filter_export.h
[83.354s] -- Up-to-date: /RoverFlake2/install/moveit_core/include
[83.354s] -- Up-to-date: /RoverFlake2/install/moveit_core/include/moveit
[83.354s] -- Installing: /RoverFlake2/install/moveit_core/include/moveit/planning_interface
[83.354s] -- Installing: /RoverFlake2/install/moveit_core/include/moveit/planning_interface/planning_response.h
[83.355s] -- Installing: /RoverFlake2/install/moveit_core/include/moveit/planning_interface/planning_interface.h
[83.355s] -- Installing: /RoverFlake2/install/moveit_core/include/moveit/planning_interface/planning_request.h
[83.355s] -- Up-to-date: /RoverFlake2/install/moveit_core/include
[83.355s] -- Up-to-date: /RoverFlake2/install/moveit_core/include/moveit
[83.355s] -- Installing: /RoverFlake2/install/moveit_core/include/moveit/planning_request_adapter
[83.355s] -- Installing: /RoverFlake2/install/moveit_core/include/moveit/planning_request_adapter/planning_request_adapter.h
[83.355s] -- Up-to-date: /RoverFlake2/install/moveit_core/include
[83.355s] -- Up-to-date: /RoverFlake2/install/moveit_core/include/moveit
[83.355s] -- Installing: /RoverFlake2/install/moveit_core/include/moveit/planning_scene
[83.355s] -- Installing: /RoverFlake2/install/moveit_core/include/moveit/planning_scene/planning_scene.h
[83.356s] -- Installing: /RoverFlake2/install/moveit_core/include/moveit_planning_scene_export.h
[83.356s] -- Up-to-date: /RoverFlake2/install/moveit_core/include
[83.356s] -- Up-to-date: /RoverFlake2/install/moveit_core/include/moveit
[83.356s] -- Installing: /RoverFlake2/install/moveit_core/include/moveit/robot_model
[83.356s] -- Installing: /RoverFlake2/install/moveit_core/include/moveit/robot_model/floating_joint_model.h
[83.356s] -- Installing: /RoverFlake2/install/moveit_core/include/moveit/robot_model/joint_model_group.h
[83.356s] -- Installing: /RoverFlake2/install/moveit_core/include/moveit/robot_model/robot_model.h
[83.356s] -- Installing: /RoverFlake2/install/moveit_core/include/moveit/robot_model/link_model.h
[83.356s] -- Installing: /RoverFlake2/install/moveit_core/include/moveit/robot_model/joint_model.h
[83.356s] -- Installing: /RoverFlake2/install/moveit_core/include/moveit/robot_model/prismatic_joint_model.h
[83.356s] -- Installing: /RoverFlake2/install/moveit_core/include/moveit/robot_model/aabb.h
[83.356s] -- Installing: /RoverFlake2/install/moveit_core/include/moveit/robot_model/revolute_joint_model.h
[83.356s] -- Installing: /RoverFlake2/install/moveit_core/include/moveit/robot_model/planar_joint_model.h
[83.357s] -- Installing: /RoverFlake2/install/moveit_core/include/moveit/robot_model/fixed_joint_model.h
[83.357s] -- Up-to-date: /RoverFlake2/install/moveit_core/include
[83.357s] -- Up-to-date: /RoverFlake2/install/moveit_core/include/moveit
[83.357s] -- Installing: /RoverFlake2/install/moveit_core/include/moveit/robot_state
[83.357s] -- Installing: /RoverFlake2/install/moveit_core/include/moveit/robot_state/cartesian_interpolator.h
[83.357s] -- Installing: /RoverFlake2/install/moveit_core/include/moveit/robot_state/attached_body.h
[83.357s] -- Installing: /RoverFlake2/install/moveit_core/include/moveit/robot_state/conversions.h
[83.357s] -- Installing: /RoverFlake2/install/moveit_core/include/moveit/robot_state/robot_state.h
[83.357s] -- Up-to-date: /RoverFlake2/install/moveit_core/include
[83.357s] -- Up-to-date: /RoverFlake2/install/moveit_core/include/moveit
[83.357s] -- Installing: /RoverFlake2/install/moveit_core/include/moveit/robot_trajectory
[83.358s] -- Installing: /RoverFlake2/install/moveit_core/include/moveit/robot_trajectory/robot_trajectory.h
[83.358s] -- Up-to-date: /RoverFlake2/install/moveit_core/include
[83.358s] -- Up-to-date: /RoverFlake2/install/moveit_core/include/moveit
[83.358s] -- Installing: /RoverFlake2/install/moveit_core/include/moveit/sensor_manager
[83.358s] -- Installing: /RoverFlake2/install/moveit_core/include/moveit/sensor_manager/sensor_manager.h
[83.358s] -- Up-to-date: /RoverFlake2/install/moveit_core/include
[83.358s] -- Up-to-date: /RoverFlake2/install/moveit_core/include/moveit
[83.358s] -- Installing: /RoverFlake2/install/moveit_core/include/moveit/trajectory_processing
[83.358s] -- Installing: /RoverFlake2/install/moveit_core/include/moveit/trajectory_processing/time_parameterization.h
[83.358s] -- Installing: /RoverFlake2/install/moveit_core/include/moveit/trajectory_processing/time_optimal_trajectory_generation.h
[83.358s] -- Installing: /RoverFlake2/install/moveit_core/include/moveit/trajectory_processing/trajectory_tools.h
[83.359s] -- Installing: /RoverFlake2/install/moveit_core/include/moveit/trajectory_processing/iterative_spline_parameterization.h
[83.359s] -- Installing: /RoverFlake2/install/moveit_core/include/moveit/trajectory_processing/iterative_time_parameterization.h
[83.359s] -- Installing: /RoverFlake2/install/moveit_core/include/moveit/trajectory_processing/ruckig_traj_smoothing.h
[83.359s] -- Up-to-date: /RoverFlake2/install/moveit_core/include
[83.359s] -- Up-to-date: /RoverFlake2/install/moveit_core/include/moveit
[83.359s] -- Installing: /RoverFlake2/install/moveit_core/include/moveit/transforms
[83.359s] -- Installing: /RoverFlake2/install/moveit_core/include/moveit/transforms/transforms.h
[83.359s] -- Up-to-date: /RoverFlake2/install/moveit_core/include
[83.359s] -- Up-to-date: /RoverFlake2/install/moveit_core/include/moveit
[83.360s] -- Installing: /RoverFlake2/install/moveit_core/include/moveit/utils
[83.360s] -- Installing: /RoverFlake2/install/moveit_core/include/moveit/utils/robot_model_test_utils.h
[83.360s] -- Installing: /RoverFlake2/install/moveit_core/include/moveit/utils/lexical_casts.h
[83.360s] -- Installing: /RoverFlake2/install/moveit_core/include/moveit/utils/message_checks.h
[83.360s] -- Installing: /RoverFlake2/install/moveit_core/include/moveit/utils/moveit_error_code.h
[83.360s] -- Installing: /RoverFlake2/install/moveit_core/include/moveit/utils/rclcpp_utils.h
[83.360s] -- Installing: /RoverFlake2/install/moveit_core/bin/moveit_version
[83.361s] -- Up-to-date: /RoverFlake2/install/moveit_core/include
[83.361s] -- Up-to-date: /RoverFlake2/install/moveit_core/include/moveit
[83.361s] -- Installing: /RoverFlake2/install/moveit_core/include/moveit/collision_detection
[83.361s] -- Installing: /RoverFlake2/install/moveit_core/include/moveit/collision_detection/collision_tools.h
[83.361s] -- Installing: /RoverFlake2/install/moveit_core/include/moveit/collision_detection/allvalid
[83.361s] -- Installing: /RoverFlake2/install/moveit_core/include/moveit/collision_detection/allvalid/collision_detector_allocator_allvalid.h
[83.361s] -- Installing: /RoverFlake2/install/moveit_core/include/moveit/collision_detection/allvalid/collision_env_allvalid.h
[83.361s] -- Installing: /RoverFlake2/install/moveit_core/include/moveit/collision_detection/test_collision_common_pr2.h
[83.361s] -- Installing: /RoverFlake2/install/moveit_core/include/moveit/collision_detection/collision_detector_allocator.h
[83.362s] -- Installing: /RoverFlake2/install/moveit_core/include/moveit/collision_detection/occupancy_map.h
[83.362s] -- Installing: /RoverFlake2/install/moveit_core/include/moveit/collision_detection/collision_plugin_cache.h
[83.362s] -- Installing: /RoverFlake2/install/moveit_core/include/moveit/collision_detection/collision_plugin.h
[83.362s] -- Installing: /RoverFlake2/install/moveit_core/include/moveit/collision_detection/test_collision_common_panda.h
[83.362s] -- Installing: /RoverFlake2/install/moveit_core/include/moveit/collision_detection/collision_octomap_filter.h
[83.362s] -- Installing: /RoverFlake2/install/moveit_core/include/moveit/collision_detection/world.h
[83.362s] -- Installing: /RoverFlake2/install/moveit_core/include/moveit/collision_detection/collision_matrix.h
[83.362s] -- Installing: /RoverFlake2/install/moveit_core/include/moveit/collision_detection/collision_common.h
[83.362s] -- Installing: /RoverFlake2/install/moveit_core/include/moveit/collision_detection/world_diff.h
[83.363s] -- Installing: /RoverFlake2/install/moveit_core/include/moveit/collision_detection/collision_env.h
[83.363s] -- Installing: /RoverFlake2/install/moveit_core/include/moveit_collision_detection_export.h
[83.363s] -- Up-to-date: /RoverFlake2/install/moveit_core/include
[83.363s] -- Up-to-date: /RoverFlake2/install/moveit_core/include/moveit
[83.363s] -- Installing: /RoverFlake2/install/moveit_core/include/moveit/collision_detection_bullet
[83.363s] -- Installing: /RoverFlake2/install/moveit_core/include/moveit/collision_detection_bullet/collision_detector_allocator_bullet.h
[83.363s] -- Installing: /RoverFlake2/install/moveit_core/include/moveit/collision_detection_bullet/collision_detector_bullet_plugin_loader.h
[83.363s] -- Installing: /RoverFlake2/install/moveit_core/include/moveit/collision_detection_bullet/bullet_integration
[83.363s] -- Installing: /RoverFlake2/install/moveit_core/include/moveit/collision_detection_bullet/bullet_integration/bullet_bvh_manager.h
[83.363s] -- Installing: /RoverFlake2/install/moveit_core/include/moveit/collision_detection_bullet/bullet_integration/contact_checker_common.h
[83.363s] -- Installing: /RoverFlake2/install/moveit_core/include/moveit/collision_detection_bullet/bullet_integration/basic_types.h
[83.364s] -- Installing: /RoverFlake2/install/moveit_core/include/moveit/collision_detection_bullet/bullet_integration/ros_bullet_utils.h
[83.364s] -- Installing: /RoverFlake2/install/moveit_core/include/moveit/collision_detection_bullet/bullet_integration/bullet_cast_bvh_manager.h
[83.364s] -- Installing: /RoverFlake2/install/moveit_core/include/moveit/collision_detection_bullet/bullet_integration/bullet_discrete_bvh_manager.h
[83.364s] -- Installing: /RoverFlake2/install/moveit_core/include/moveit/collision_detection_bullet/bullet_integration/bullet_utils.h
[83.364s] -- Installing: /RoverFlake2/install/moveit_core/include/moveit/collision_detection_bullet/collision_env_bullet.h
[83.364s] -- Installing: /RoverFlake2/install/moveit_core/include/moveit_collision_detection_bullet_export.h
[83.364s] -- Up-to-date: /RoverFlake2/install/moveit_core/include
[83.364s] -- Up-to-date: /RoverFlake2/install/moveit_core/include/moveit
[83.364s] -- Installing: /RoverFlake2/install/moveit_core/include/moveit/collision_detection_fcl
[83.364s] -- Installing: /RoverFlake2/install/moveit_core/include/moveit/collision_detection_fcl/collision_env_fcl.h
[83.365s] -- Installing: /RoverFlake2/install/moveit_core/include/moveit/collision_detection_fcl/collision_detector_allocator_fcl.h
[83.365s] -- Installing: /RoverFlake2/install/moveit_core/include/moveit/collision_detection_fcl/collision_detector_fcl_plugin_loader.h
[83.365s] -- Installing: /RoverFlake2/install/moveit_core/include/moveit/collision_detection_fcl/fcl_compat.h
[83.365s] -- Installing: /RoverFlake2/install/moveit_core/include/moveit/collision_detection_fcl/collision_common.h
[83.365s] -- Installing: /RoverFlake2/install/moveit_core/include/moveit_collision_detection_fcl_export.h
[83.365s] -- Installing: /RoverFlake2/install/moveit_core/lib/libcollision_detector_bullet_plugin.so.2.5.9
[83.366s] -- Set runtime path of "/RoverFlake2/install/moveit_core/lib/libcollision_detector_bullet_plugin.so.2.5.9" to ""
[83.366s] -- Installing: /RoverFlake2/install/moveit_core/lib/libcollision_detector_bullet_plugin.so
[83.366s] -- Installing: /RoverFlake2/install/moveit_core/lib/libmoveit_butterworth_filter.so.2.5.9
[83.367s] -- Set runtime path of "/RoverFlake2/install/moveit_core/lib/libmoveit_butterworth_filter.so.2.5.9" to ""
[83.367s] -- Installing: /RoverFlake2/install/moveit_core/lib/libmoveit_butterworth_filter.so
[83.367s] -- Installing: /RoverFlake2/install/moveit_core/lib/libmoveit_collision_distance_field.so.2.5.9
[83.367s] -- Set runtime path of "/RoverFlake2/install/moveit_core/lib/libmoveit_collision_distance_field.so.2.5.9" to ""
[83.367s] -- Installing: /RoverFlake2/install/moveit_core/lib/libmoveit_collision_distance_field.so
[83.367s] -- Installing: /RoverFlake2/install/moveit_core/lib/libmoveit_collision_detection.so.2.5.9
[83.369s] -- Set runtime path of "/RoverFlake2/install/moveit_core/lib/libmoveit_collision_detection.so.2.5.9" to ""
[83.369s] -- Installing: /RoverFlake2/install/moveit_core/lib/libmoveit_collision_detection.so
[83.369s] -- Installing: /RoverFlake2/install/moveit_core/lib/libmoveit_collision_detection_fcl.so.2.5.9
[83.370s] -- Set runtime path of "/RoverFlake2/install/moveit_core/lib/libmoveit_collision_detection_fcl.so.2.5.9" to ""
[83.370s] -- Installing: /RoverFlake2/install/moveit_core/lib/libmoveit_collision_detection_fcl.so
[83.370s] -- Installing: /RoverFlake2/install/moveit_core/lib/libmoveit_collision_detection_bullet.so.2.5.9
[83.371s] -- Set runtime path of "/RoverFlake2/install/moveit_core/lib/libmoveit_collision_detection_bullet.so.2.5.9" to ""
[83.371s] -- Installing: /RoverFlake2/install/moveit_core/lib/libmoveit_collision_detection_bullet.so
[83.371s] -- Installing: /RoverFlake2/install/moveit_core/lib/libmoveit_dynamics_solver.so.2.5.9
[83.372s] -- Set runtime path of "/RoverFlake2/install/moveit_core/lib/libmoveit_dynamics_solver.so.2.5.9" to ""
[83.372s] -- Installing: /RoverFlake2/install/moveit_core/lib/libmoveit_dynamics_solver.so
[83.372s] -- Installing: /RoverFlake2/install/moveit_core/lib/libmoveit_constraint_samplers.so.2.5.9
[83.372s] -- Set runtime path of "/RoverFlake2/install/moveit_core/lib/libmoveit_constraint_samplers.so.2.5.9" to ""
[83.373s] -- Installing: /RoverFlake2/install/moveit_core/lib/libmoveit_constraint_samplers.so
[83.373s] -- Installing: /RoverFlake2/install/moveit_core/lib/libmoveit_distance_field.so.2.5.9
[83.373s] -- Set runtime path of "/RoverFlake2/install/moveit_core/lib/libmoveit_distance_field.so.2.5.9" to ""
[83.373s] -- Installing: /RoverFlake2/install/moveit_core/lib/libmoveit_distance_field.so
[83.374s] -- Installing: /RoverFlake2/install/moveit_core/lib/libmoveit_exceptions.so.2.5.9
[83.374s] -- Set runtime path of "/RoverFlake2/install/moveit_core/lib/libmoveit_exceptions.so.2.5.9" to ""
[83.374s] -- Installing: /RoverFlake2/install/moveit_core/lib/libmoveit_exceptions.so
[83.374s] -- Installing: /RoverFlake2/install/moveit_core/lib/libmoveit_kinematics_base.so
[83.375s] -- Set runtime path of "/RoverFlake2/install/moveit_core/lib/libmoveit_kinematics_base.so" to ""
[83.375s] -- Installing: /RoverFlake2/install/moveit_core/lib/libmoveit_kinematic_constraints.so.2.5.9
[83.376s] -- Set runtime path of "/RoverFlake2/install/moveit_core/lib/libmoveit_kinematic_constraints.so.2.5.9" to ""
[83.376s] -- Installing: /RoverFlake2/install/moveit_core/lib/libmoveit_kinematic_constraints.so
[83.376s] -- Installing: /RoverFlake2/install/moveit_core/lib/libmoveit_kinematics_metrics.so.2.5.9
[83.377s] -- Set runtime path of "/RoverFlake2/install/moveit_core/lib/libmoveit_kinematics_metrics.so.2.5.9" to ""
[83.377s] -- Installing: /RoverFlake2/install/moveit_core/lib/libmoveit_kinematics_metrics.so
[83.377s] -- Installing: /RoverFlake2/install/moveit_core/lib/libmoveit_planning_interface.so.2.5.9
[83.378s] -- Set runtime path of "/RoverFlake2/install/moveit_core/lib/libmoveit_planning_interface.so.2.5.9" to ""
[83.378s] -- Installing: /RoverFlake2/install/moveit_core/lib/libmoveit_planning_interface.so
[83.378s] -- Installing: /RoverFlake2/install/moveit_core/lib/libmoveit_planning_scene.so.2.5.9
[83.379s] -- Set runtime path of "/RoverFlake2/install/moveit_core/lib/libmoveit_planning_scene.so.2.5.9" to ""
[83.379s] -- Installing: /RoverFlake2/install/moveit_core/lib/libmoveit_planning_scene.so
[83.379s] -- Installing: /RoverFlake2/install/moveit_core/lib/libmoveit_planning_request_adapter.so.2.5.9
[83.380s] -- Set runtime path of "/RoverFlake2/install/moveit_core/lib/libmoveit_planning_request_adapter.so.2.5.9" to ""
[83.380s] -- Installing: /RoverFlake2/install/moveit_core/lib/libmoveit_planning_request_adapter.so
[83.380s] -- Installing: /RoverFlake2/install/moveit_core/lib/libmoveit_robot_model.so.2.5.9
[83.381s] -- Set runtime path of "/RoverFlake2/install/moveit_core/lib/libmoveit_robot_model.so.2.5.9" to ""
[83.381s] -- Installing: /RoverFlake2/install/moveit_core/lib/libmoveit_robot_model.so
[83.381s] -- Installing: /RoverFlake2/install/moveit_core/lib/libmoveit_robot_state.so.2.5.9
[83.383s] -- Set runtime path of "/RoverFlake2/install/moveit_core/lib/libmoveit_robot_state.so.2.5.9" to ""
[83.383s] -- Installing: /RoverFlake2/install/moveit_core/lib/libmoveit_robot_state.so
[83.383s] -- Installing: /RoverFlake2/install/moveit_core/lib/libmoveit_robot_trajectory.so.2.5.9
[83.384s] -- Set runtime path of "/RoverFlake2/install/moveit_core/lib/libmoveit_robot_trajectory.so.2.5.9" to ""
[83.384s] -- Installing: /RoverFlake2/install/moveit_core/lib/libmoveit_robot_trajectory.so
[83.384s] -- Installing: /RoverFlake2/install/moveit_core/lib/libmoveit_smoothing_base.so.2.5.9
[83.385s] -- Set runtime path of "/RoverFlake2/install/moveit_core/lib/libmoveit_smoothing_base.so.2.5.9" to ""
[83.385s] -- Installing: /RoverFlake2/install/moveit_core/lib/libmoveit_smoothing_base.so
[83.385s] -- Installing: /RoverFlake2/install/moveit_core/lib/libmoveit_test_utils.so.2.5.9
[83.386s] -- Set runtime path of "/RoverFlake2/install/moveit_core/lib/libmoveit_test_utils.so.2.5.9" to ""
[83.386s] -- Installing: /RoverFlake2/install/moveit_core/lib/libmoveit_test_utils.so
[83.386s] -- Installing: /RoverFlake2/install/moveit_core/lib/libmoveit_trajectory_processing.so.2.5.9
[83.387s] -- Set runtime path of "/RoverFlake2/install/moveit_core/lib/libmoveit_trajectory_processing.so.2.5.9" to ""
[83.387s] -- Installing: /RoverFlake2/install/moveit_core/lib/libmoveit_trajectory_processing.so
[83.387s] -- Installing: /RoverFlake2/install/moveit_core/lib/libmoveit_transforms.so.2.5.9
[83.387s] -- Set runtime path of "/RoverFlake2/install/moveit_core/lib/libmoveit_transforms.so.2.5.9" to ""
[83.388s] -- Installing: /RoverFlake2/install/moveit_core/lib/libmoveit_transforms.so
[83.388s] -- Installing: /RoverFlake2/install/moveit_core/lib/libmoveit_utils.so.2.5.9
[83.388s] -- Set runtime path of "/RoverFlake2/install/moveit_core/lib/libmoveit_utils.so.2.5.9" to ""
[83.388s] -- Installing: /RoverFlake2/install/moveit_core/lib/libmoveit_utils.so
[83.388s] -- Installing: /RoverFlake2/install/moveit_core/share/moveit_core/environment/library_path.sh
[83.389s] -- Installing: /RoverFlake2/install/moveit_core/share/moveit_core/environment/library_path.dsv
[83.389s] -- Installing: /RoverFlake2/install/moveit_core/share/moveit_core/collision_detector_fcl_description.xml
[83.389s] -- Installing: /RoverFlake2/install/moveit_core/share/moveit_core/collision_detector_bullet_description.xml
[83.389s] -- Installing: /RoverFlake2/install/moveit_core/share/moveit_core/filter_plugin_butterworth.xml
[83.389s] -- Installing: /RoverFlake2/install/moveit_core/share/ament_index/resource_index/package_run_dependencies/moveit_core
[83.389s] -- Installing: /RoverFlake2/install/moveit_core/share/ament_index/resource_index/parent_prefix_path/moveit_core
[83.390s] -- Installing: /RoverFlake2/install/moveit_core/share/moveit_core/environment/ament_prefix_path.sh
[83.390s] -- Installing: /RoverFlake2/install/moveit_core/share/moveit_core/environment/ament_prefix_path.dsv
[83.390s] -- Installing: /RoverFlake2/install/moveit_core/share/moveit_core/environment/path.sh
[83.390s] -- Installing: /RoverFlake2/install/moveit_core/share/moveit_core/environment/path.dsv
[83.390s] -- Installing: /RoverFlake2/install/moveit_core/share/moveit_core/local_setup.bash
[83.391s] -- Installing: /RoverFlake2/install/moveit_core/share/moveit_core/local_setup.sh
[83.391s] -- Installing: /RoverFlake2/install/moveit_core/share/moveit_core/local_setup.zsh
[83.391s] -- Installing: /RoverFlake2/install/moveit_core/share/moveit_core/local_setup.dsv
[83.391s] -- Installing: /RoverFlake2/install/moveit_core/share/moveit_core/package.dsv
[83.391s] -- Installing: /RoverFlake2/install/moveit_core/share/ament_index/resource_index/packages/moveit_core
[83.391s] -- Installing: /RoverFlake2/install/moveit_core/share/ament_index/resource_index/moveit_core__pluginlib__plugin/moveit_core
[83.391s] -- Installing: /RoverFlake2/install/moveit_core/share/moveit_core/cmake/export_moveit_coreExport.cmake
[83.392s] -- Installing: /RoverFlake2/install/moveit_core/share/moveit_core/cmake/export_moveit_coreExport-release.cmake
[83.392s] -- Installing: /RoverFlake2/install/moveit_core/share/moveit_core/cmake/ConfigExtras.cmake
[83.392s] -- Installing: /RoverFlake2/install/moveit_core/share/moveit_core/cmake/ament_cmake_export_targets-extras.cmake
[83.392s] -- Installing: /RoverFlake2/install/moveit_core/share/moveit_core/cmake/ament_cmake_export_dependencies-extras.cmake
[83.393s] -- Installing: /RoverFlake2/install/moveit_core/share/moveit_core/cmake/moveit_coreConfig.cmake
[83.393s] -- Installing: /RoverFlake2/install/moveit_core/share/moveit_core/cmake/moveit_coreConfig-version.cmake
[83.393s] -- Installing: /RoverFlake2/install/moveit_core/share/moveit_core/package.xml
[83.397s] Invoked command in '/RoverFlake2/build/moveit_core' returned '0': AMENT_PREFIX_PATH=/RoverFlake2/install/moveit_resources_panda_moveit_config:/RoverFlake2/install/srdfdom:/RoverFlake2/install/moveit_resources_pr2_description:/RoverFlake2/install/moveit_resources_panda_description:/RoverFlake2/install/moveit_common:${AMENT_PREFIX_PATH} CMAKE_PREFIX_PATH=/RoverFlake2/install/moveit_resources_panda_moveit_config:/RoverFlake2/install/srdfdom:/RoverFlake2/install/moveit_resources_pr2_description:/RoverFlake2/install/moveit_resources_panda_description:/RoverFlake2/install/moveit_common:/opt/ros/humble LD_LIBRARY_PATH=/RoverFlake2/install/srdfdom/lib:${LD_LIBRARY_PATH} PYTHONPATH=/RoverFlake2/install/srdfdom/local/lib/python3.10/dist-packages:${PYTHONPATH} /usr/bin/cmake --install /RoverFlake2/build/moveit_core
