[0.058s] Invoking command in '/RoverFlake2/build/moveit_task_constructor_visualization': AMENT_PREFIX_PATH=/RoverFlake2/install/moveit_task_constructor_core:/RoverFlake2/install/moveit_planners:/RoverFlake2/install/pilz_industrial_motion_planner:/RoverFlake2/install/moveit_ros_visualization:/RoverFlake2/install/moveit_configs_utils:/RoverFlake2/install/launch_param_builder:/RoverFlake2/install/pilz_industrial_motion_planner_testutils:/RoverFlake2/install/moveit_visual_tools:/RoverFlake2/install/moveit_ros_control_interface:/RoverFlake2/install/moveit_plugins:/RoverFlake2/install/moveit_simple_controller_manager:/RoverFlake2/install/moveit_ros_planning_interface:/RoverFlake2/install/moveit_ros_benchmarks:/RoverFlake2/install/moveit_ros_warehouse:/RoverFlake2/install/moveit_ros_robot_interaction:/RoverFlake2/install/moveit_ros_perception:/RoverFlake2/install/moveit_resources_prbt_pg70_support:/RoverFlake2/install/moveit_resources_prbt_moveit_config:/RoverFlake2/install/moveit_ros_move_group:/RoverFlake2/install/moveit_planners_ompl:/RoverFlake2/install/moveit_ros_planning:/RoverFlake2/install/moveit_ros_occupancy_map_monitor:/RoverFlake2/install/moveit_resources_prbt_ikfast_manipulator_plugin:/RoverFlake2/install/moveit_planners_chomp:/RoverFlake2/install/moveit_kinematics:/RoverFlake2/install/moveit_chomp_optimizer_adapter:/RoverFlake2/install/chomp_motion_planner:/RoverFlake2/install/moveit_core:/RoverFlake2/install/srdfdom:/RoverFlake2/install/rviz_marker_tools:/RoverFlake2/install/rosparam_shortcuts:/RoverFlake2/install/moveit_task_constructor_msgs:/RoverFlake2/install/moveit_resources_prbt_support:/RoverFlake2/install/moveit_resources:/RoverFlake2/install/moveit_resources_pr2_description:/RoverFlake2/install/moveit_resources_panda_moveit_config:/RoverFlake2/install/moveit_resources_panda_description:/RoverFlake2/install/moveit_resources_fanuc_moveit_config:/RoverFlake2/install/moveit_resources_fanuc_description:/RoverFlake2/install/moveit_common:/opt/ros/humble CMAKE_MODULE_PATH=/RoverFlake2/install/moveit_task_constructor_core/share/moveit_task_constructor_core/cmake CMAKE_PREFIX_PATH=/RoverFlake2/install/moveit_task_constructor_core:/RoverFlake2/install/moveit_planners:/RoverFlake2/install/pilz_industrial_motion_planner:/RoverFlake2/install/moveit_ros_visualization:/RoverFlake2/install/moveit_resources_prbt_pg70_support:/RoverFlake2/install/moveit_ros_planning_interface:/RoverFlake2/install/moveit_resources_prbt_moveit_config:/RoverFlake2/install/moveit_ros_move_group:/RoverFlake2/install/moveit_ros_warehouse:/RoverFlake2/install/moveit_ros_robot_interaction:/RoverFlake2/install/moveit_planners_ompl:/RoverFlake2/install/moveit_kinematics:/RoverFlake2/install/moveit_ros_planning:/RoverFlake2/install/moveit_planners_chomp:/RoverFlake2/install/pilz_industrial_motion_planner_testutils:/RoverFlake2/install/moveit_simple_controller_manager:/RoverFlake2/install/moveit_ros_occupancy_map_monitor:/RoverFlake2/install/moveit_resources_prbt_ikfast_manipulator_plugin:/RoverFlake2/install/chomp_motion_planner:/RoverFlake2/install/moveit_core:/RoverFlake2/install/rviz_marker_tools:/RoverFlake2/install/moveit_resources_panda_moveit_config:/RoverFlake2/install/moveit_resources_fanuc_moveit_config:/RoverFlake2/install/srdfdom:/RoverFlake2/install/moveit_task_constructor_msgs:/RoverFlake2/install/moveit_resources_prbt_support:/RoverFlake2/install/moveit_resources_pr2_description:/RoverFlake2/install/moveit_resources_panda_description:/RoverFlake2/install/moveit_resources_fanuc_description:/RoverFlake2/install/moveit_common:/RoverFlake2/install/moveit_visual_tools:/RoverFlake2/install/moveit_ros_control_interface:/RoverFlake2/install/moveit_plugins:/RoverFlake2/install/moveit_ros_benchmarks:/RoverFlake2/install/moveit_ros_perception:/RoverFlake2/install/moveit_chomp_optimizer_adapter:/RoverFlake2/install/rosparam_shortcuts:/RoverFlake2/install/moveit_resources:/RoverFlake2/install/moveit_configs_utils:/RoverFlake2/install/launch_param_builder:/opt/ros/humble LD_LIBRARY_PATH=/RoverFlake2/install/moveit_task_constructor_core/lib:/RoverFlake2/install/pilz_industrial_motion_planner/lib:/RoverFlake2/install/moveit_ros_visualization/lib:/RoverFlake2/install/moveit_ros_planning_interface/lib:/RoverFlake2/install/moveit_ros_move_group/lib:/RoverFlake2/install/moveit_ros_warehouse/lib:/RoverFlake2/install/moveit_ros_robot_interaction/lib:/RoverFlake2/install/moveit_planners_ompl/lib:/RoverFlake2/install/moveit_kinematics/lib:/RoverFlake2/install/moveit_ros_planning/lib:/RoverFlake2/install/moveit_planners_chomp/lib:/RoverFlake2/install/pilz_industrial_motion_planner_testutils/lib:/RoverFlake2/install/moveit_simple_controller_manager/lib:/RoverFlake2/install/moveit_ros_occupancy_map_monitor/lib:/RoverFlake2/install/moveit_resources_prbt_ikfast_manipulator_plugin/lib:/RoverFlake2/install/chomp_motion_planner/lib:/RoverFlake2/install/moveit_core/lib:/RoverFlake2/install/rviz_marker_tools/lib:/RoverFlake2/install/srdfdom/lib:/RoverFlake2/install/moveit_task_constructor_msgs/lib:/RoverFlake2/install/moveit_visual_tools/lib:/RoverFlake2/install/moveit_ros_control_interface/lib:/RoverFlake2/install/moveit_ros_benchmarks/lib:/RoverFlake2/install/moveit_ros_perception/lib:/RoverFlake2/install/moveit_chomp_optimizer_adapter/lib:/RoverFlake2/install/rosparam_shortcuts/lib:/opt/ros/humble/opt/rviz_ogre_vendor/lib:/opt/ros/humble/lib/x86_64-linux-gnu:/opt/ros/humble/lib PYTHONPATH=/RoverFlake2/install/moveit_task_constructor_core/local/lib/python3.10/dist-packages:/RoverFlake2/install/moveit_configs_utils/lib/python3.10/site-packages:/RoverFlake2/install/launch_param_builder/lib/python3.10/site-packages:/RoverFlake2/install/srdfdom/local/lib/python3.10/dist-packages:/RoverFlake2/install/moveit_task_constructor_msgs/local/lib/python3.10/dist-packages:/opt/ros/humble/lib/python3.10/site-packages:/opt/ros/humble/local/lib/python3.10/dist-packages /usr/bin/cmake /RoverFlake2/src/moveit_task_constructor/visualization -DCMAKE_BUILD_TYPE=Release -DCMAKE_INSTALL_PREFIX=/RoverFlake2/install/moveit_task_constructor_visualization
[0.096s] -- The C compiler identification is GNU 11.4.0
[0.133s] -- The CXX compiler identification is GNU 11.4.0
[0.137s] -- Detecting C compiler ABI info
[0.191s] -- Detecting C compiler ABI info - done
[0.195s] -- Check for working C compiler: /usr/bin/cc - skipped
[0.195s] -- Detecting C compile features
[0.195s] -- Detecting C compile features - done
[0.197s] -- Detecting CXX compiler ABI info
[0.256s] -- Detecting CXX compiler ABI info - done
[0.260s] -- Check for working CXX compiler: /usr/bin/c++ - skipped
[0.260s] -- Detecting CXX compile features
[0.260s] -- Detecting CXX compile features - done
[0.265s] -- Found ament_cmake: 1.3.12 (/opt/ros/humble/share/ament_cmake/cmake)
[0.364s] -- Found Python3: /usr/bin/python3 (found version "3.10.12") found components: Interpreter 
[0.477s] -- Found Boost: /usr/lib/x86_64-linux-gnu/cmake/Boost-1.74.0/BoostConfig.cmake (found version "1.74.0")  
[0.480s] -- Found moveit_common: 2.5.9 (/RoverFlake2/install/moveit_common/share/moveit_common/cmake)
[0.520s] -- Found moveit_core: 2.5.9 (/RoverFlake2/install/moveit_core/share/moveit_core/cmake)
[0.702s] -- Found Boost: /usr/lib/x86_64-linux-gnu/cmake/Boost-1.74.0/BoostConfig.cmake (found version "1.74.0") found components: chrono date_time filesystem iostreams program_options regex serialization system thread 
[0.763s] -- Found parameter_traits: 0.6.0 (/opt/ros/humble/share/parameter_traits/cmake)
[0.823s] -- Found rosidl_generator_c: 3.1.8 (/opt/ros/humble/share/rosidl_generator_c/cmake)
[0.833s] -- Found rosidl_adapter: 3.1.8 (/opt/ros/humble/share/rosidl_adapter/cmake)
[0.844s] -- Found rosidl_generator_cpp: 3.1.8 (/opt/ros/humble/share/rosidl_generator_cpp/cmake)
[0.858s] -- Using all available rosidl_typesupport_c: rosidl_typesupport_fastrtps_c;rosidl_typesupport_introspection_c
[0.878s] -- Using all available rosidl_typesupport_cpp: rosidl_typesupport_fastrtps_cpp;rosidl_typesupport_introspection_cpp
[0.937s] -- Found rmw_implementation_cmake: 6.1.2 (/opt/ros/humble/share/rmw_implementation_cmake/cmake)
[0.943s] -- Found rmw_cyclonedds_cpp: 1.3.4 (/opt/ros/humble/share/rmw_cyclonedds_cpp/cmake)
[0.973s] -- Using RMW implementation 'rmw_cyclonedds_cpp' as default
[0.988s] -- Found Threads: TRUE  
[1.041s] -- Found rclcpp_lifecycle: 16.0.17 (/opt/ros/humble/share/rclcpp_lifecycle/cmake)
[1.063s] -- Found Boost: /usr/lib/x86_64-linux-gnu/cmake/Boost-1.74.0/BoostConfig.cmake (found version "1.74.0") found components: filesystem 
[1.172s] -- library: /usr/lib/x86_64-linux-gnu/libcurl.so
[1.226s] -- Found Eigen3: TRUE (found version "3.4.0") 
[1.226s] -- Ensuring Eigen3 include directory is part of orocos-kdl CMake target
[1.441s] -- Found moveit_ros_visualization: 2.5.9 (/RoverFlake2/install/moveit_ros_visualization/share/moveit_ros_visualization/cmake)
[1.444s] -- Found Boost: /usr/lib/x86_64-linux-gnu/cmake/Boost-1.74.0/BoostConfig.cmake (found version "1.74.0") found components: thread date_time system filesystem 
[1.455s] -- Found Boost: /usr/lib/x86_64-linux-gnu/cmake/Boost-1.74.0/BoostConfig.cmake (found version "1.74.0") found components: system filesystem date_time program_options thread chrono 
[1.473s] -- Found Boost: /usr/lib/x86_64-linux-gnu/cmake/Boost-1.74.0/BoostConfig.cmake (found version "1.74.0") found components: date_time filesystem program_options system thread 
[1.481s] -- Found Boost: /usr/lib/x86_64-linux-gnu/cmake/Boost-1.74.0/BoostConfig.cmake (found version "1.74.0") found components: thread system filesystem regex date_time program_options 
[1.560s] -- Found Boost: /usr/lib/x86_64-linux-gnu/cmake/Boost-1.74.0/BoostConfig.cmake (found version "1.74.0") found components: system filesystem date_time program_options thread 
[1.604s] -- Setting OGRE_DIR to: '/opt/ros/humble/share/rviz_ogre_vendor/cmake/../../../opt/rviz_ogre_vendor/lib/OGRE/cmake'
[1.608s] -- Found OGRE
[1.608s] --   static     : OFF
[1.608s] --   components : HLMS;MeshLodGenerator;Overlay;Paging;Property;RTShaderSystem;Terrain;Volume
[1.608s] --   plugins    : Plugin_BSPSceneManager;Plugin_OctreeSceneManager;Plugin_PCZSceneManager;Plugin_ParticleFX;RenderSystem_GL;RenderSystem_GL3Plus;Codec_STBI
[1.608s] --   media      : /opt/ros/humble/opt/rviz_ogre_vendor/share/OGRE/Media
[1.608s] -- OGRE_LIBRARIES: OgreHLMS;OgreMeshLodGenerator;OgreOverlay;OgrePaging;OgreProperty;OgreRTShaderSystem;OgreTerrain;OgreVolume;OgreMain
[1.608s] -- OGRE_LIBRARY_DIRS: /opt/ros/humble/opt/rviz_ogre_vendor/lib
[1.608s] -- OGRE_PLUGINS: Plugin_BSPSceneManager;Plugin_OctreeSceneManager;Plugin_PCZSceneManager;Plugin_ParticleFX;RenderSystem_GL;RenderSystem_GL3Plus;Codec_STBI
[1.608s] -- OGRE_PLUGIN_DIR: /opt/ros/humble/opt/rviz_ogre_vendor/lib/OGRE
[1.608s] -- rviz_ogre_vendor::OgreOverlay for IMPORTED_LOCATION_RELEASE: /opt/ros/humble/opt/rviz_ogre_vendor/lib/libOgreOverlay.so
[1.608s] -- rviz_ogre_vendor::OgreOverlay for IMPORTED_LOCATION_DEBUG: /opt/ros/humble/opt/rviz_ogre_vendor/lib/libOgreOverlay.so
[1.608s] -- rviz_ogre_vendor::OgreMain for IMPORTED_LOCATION_RELEASE: /opt/ros/humble/opt/rviz_ogre_vendor/lib/libOgreMain.so
[1.608s] -- rviz_ogre_vendor::OgreMain for IMPORTED_LOCATION_DEBUG: /opt/ros/humble/opt/rviz_ogre_vendor/lib/libOgreMain.so
[1.608s] -- Could not find freeimage library
[1.619s] -- Found ZLIB: /usr/lib/x86_64-linux-gnu/libz.so (found version "1.2.11") 
[1.623s] -- Found OpenGL: /usr/lib/x86_64-linux-gnu/libOpenGL.so   
[1.711s] -- Found X11: /usr/include   
[1.712s] -- Looking for XOpenDisplay in /usr/lib/x86_64-linux-gnu/libX11.so;/usr/lib/x86_64-linux-gnu/libXext.so
[1.787s] -- Looking for XOpenDisplay in /usr/lib/x86_64-linux-gnu/libX11.so;/usr/lib/x86_64-linux-gnu/libXext.so - found
[1.787s] -- Looking for gethostbyname
[1.859s] -- Looking for gethostbyname - found
[1.859s] -- Looking for connect
[1.933s] -- Looking for connect - found
[1.933s] -- Looking for remove
[2.011s] -- Looking for remove - found
[2.011s] -- Looking for shmat
[2.085s] -- Looking for shmat - found
[2.085s] -- Looking for IceConnectionNumber in ICE
[2.163s] -- Looking for IceConnectionNumber in ICE - found
[2.189s] -- Setting assimp_DIR to: '/opt/ros/humble/share/rviz_assimp_vendor/cmake/../../../opt/rviz_assimp_vendor/lib/cmake/assimp-4.1'
[2.263s] -- Found moveit_task_constructor_core: 0.1.3 (/RoverFlake2/install/moveit_task_constructor_core/share/moveit_task_constructor_core/cmake)
[2.318s] -- Found PkgConfig: /usr/bin/pkg-config (found version "0.29.2") 
[2.319s] -- Checking for module 'yaml-0.1'
[2.336s] --   Found yaml-0.1, version 0.2.2
[2.385s] -- Found ament_cmake_gtest: 1.3.12 (/opt/ros/humble/share/ament_cmake_gtest/cmake)
[2.390s] -- Found ament_cmake_gmock: 1.3.12 (/opt/ros/humble/share/ament_cmake_gmock/cmake)
[2.395s] -- Found launch_testing_ament_cmake: 1.0.13 (/opt/ros/humble/share/launch_testing_ament_cmake/cmake)
[2.399s] -- Found python_cmake_module: 0.10.0 (/opt/ros/humble/share/python_cmake_module/cmake)
[2.413s] -- Found PythonInterp: /usr/bin/python3 (found suitable version "3.10.12", minimum required is "3.6") 
[2.418s] -- Found PythonLibs: /usr/lib/x86_64-linux-gnu/libpython3.10.so (found suitable version "3.10.12", minimum required is "3.5") 
[2.418s] -- Using PYTHON_EXECUTABLE: /usr/bin/python3
[2.418s] -- Using PYTHON_INCLUDE_DIRS: /usr/include/python3.10
[2.418s] -- Using PYTHON_LIBRARIES: /usr/lib/x86_64-linux-gnu/libpython3.10.so
[2.431s] -- Found PythonExtra: .so  
[2.436s] -- Found gtest sources under '/opt/ros/humble/src/gtest_vendor': C++ tests using 'Google Test' will be built
[2.445s] -- Found gmock sources under '/opt/ros/humble/src/gmock_vendor': C++ tests using 'Google Mock' will be built
[2.452s] -- Configuring done
[2.606s] -- Generating done
[2.625s] -- Build files have been written to: /RoverFlake2/build/moveit_task_constructor_visualization
[2.641s] Invoked command in '/RoverFlake2/build/moveit_task_constructor_visualization' returned '0': AMENT_PREFIX_PATH=/RoverFlake2/install/moveit_task_constructor_core:/RoverFlake2/install/moveit_planners:/RoverFlake2/install/pilz_industrial_motion_planner:/RoverFlake2/install/moveit_ros_visualization:/RoverFlake2/install/moveit_configs_utils:/RoverFlake2/install/launch_param_builder:/RoverFlake2/install/pilz_industrial_motion_planner_testutils:/RoverFlake2/install/moveit_visual_tools:/RoverFlake2/install/moveit_ros_control_interface:/RoverFlake2/install/moveit_plugins:/RoverFlake2/install/moveit_simple_controller_manager:/RoverFlake2/install/moveit_ros_planning_interface:/RoverFlake2/install/moveit_ros_benchmarks:/RoverFlake2/install/moveit_ros_warehouse:/RoverFlake2/install/moveit_ros_robot_interaction:/RoverFlake2/install/moveit_ros_perception:/RoverFlake2/install/moveit_resources_prbt_pg70_support:/RoverFlake2/install/moveit_resources_prbt_moveit_config:/RoverFlake2/install/moveit_ros_move_group:/RoverFlake2/install/moveit_planners_ompl:/RoverFlake2/install/moveit_ros_planning:/RoverFlake2/install/moveit_ros_occupancy_map_monitor:/RoverFlake2/install/moveit_resources_prbt_ikfast_manipulator_plugin:/RoverFlake2/install/moveit_planners_chomp:/RoverFlake2/install/moveit_kinematics:/RoverFlake2/install/moveit_chomp_optimizer_adapter:/RoverFlake2/install/chomp_motion_planner:/RoverFlake2/install/moveit_core:/RoverFlake2/install/srdfdom:/RoverFlake2/install/rviz_marker_tools:/RoverFlake2/install/rosparam_shortcuts:/RoverFlake2/install/moveit_task_constructor_msgs:/RoverFlake2/install/moveit_resources_prbt_support:/RoverFlake2/install/moveit_resources:/RoverFlake2/install/moveit_resources_pr2_description:/RoverFlake2/install/moveit_resources_panda_moveit_config:/RoverFlake2/install/moveit_resources_panda_description:/RoverFlake2/install/moveit_resources_fanuc_moveit_config:/RoverFlake2/install/moveit_resources_fanuc_description:/RoverFlake2/install/moveit_common:/opt/ros/humble CMAKE_MODULE_PATH=/RoverFlake2/install/moveit_task_constructor_core/share/moveit_task_constructor_core/cmake CMAKE_PREFIX_PATH=/RoverFlake2/install/moveit_task_constructor_core:/RoverFlake2/install/moveit_planners:/RoverFlake2/install/pilz_industrial_motion_planner:/RoverFlake2/install/moveit_ros_visualization:/RoverFlake2/install/moveit_resources_prbt_pg70_support:/RoverFlake2/install/moveit_ros_planning_interface:/RoverFlake2/install/moveit_resources_prbt_moveit_config:/RoverFlake2/install/moveit_ros_move_group:/RoverFlake2/install/moveit_ros_warehouse:/RoverFlake2/install/moveit_ros_robot_interaction:/RoverFlake2/install/moveit_planners_ompl:/RoverFlake2/install/moveit_kinematics:/RoverFlake2/install/moveit_ros_planning:/RoverFlake2/install/moveit_planners_chomp:/RoverFlake2/install/pilz_industrial_motion_planner_testutils:/RoverFlake2/install/moveit_simple_controller_manager:/RoverFlake2/install/moveit_ros_occupancy_map_monitor:/RoverFlake2/install/moveit_resources_prbt_ikfast_manipulator_plugin:/RoverFlake2/install/chomp_motion_planner:/RoverFlake2/install/moveit_core:/RoverFlake2/install/rviz_marker_tools:/RoverFlake2/install/moveit_resources_panda_moveit_config:/RoverFlake2/install/moveit_resources_fanuc_moveit_config:/RoverFlake2/install/srdfdom:/RoverFlake2/install/moveit_task_constructor_msgs:/RoverFlake2/install/moveit_resources_prbt_support:/RoverFlake2/install/moveit_resources_pr2_description:/RoverFlake2/install/moveit_resources_panda_description:/RoverFlake2/install/moveit_resources_fanuc_description:/RoverFlake2/install/moveit_common:/RoverFlake2/install/moveit_visual_tools:/RoverFlake2/install/moveit_ros_control_interface:/RoverFlake2/install/moveit_plugins:/RoverFlake2/install/moveit_ros_benchmarks:/RoverFlake2/install/moveit_ros_perception:/RoverFlake2/install/moveit_chomp_optimizer_adapter:/RoverFlake2/install/rosparam_shortcuts:/RoverFlake2/install/moveit_resources:/RoverFlake2/install/moveit_configs_utils:/RoverFlake2/install/launch_param_builder:/opt/ros/humble LD_LIBRARY_PATH=/RoverFlake2/install/moveit_task_constructor_core/lib:/RoverFlake2/install/pilz_industrial_motion_planner/lib:/RoverFlake2/install/moveit_ros_visualization/lib:/RoverFlake2/install/moveit_ros_planning_interface/lib:/RoverFlake2/install/moveit_ros_move_group/lib:/RoverFlake2/install/moveit_ros_warehouse/lib:/RoverFlake2/install/moveit_ros_robot_interaction/lib:/RoverFlake2/install/moveit_planners_ompl/lib:/RoverFlake2/install/moveit_kinematics/lib:/RoverFlake2/install/moveit_ros_planning/lib:/RoverFlake2/install/moveit_planners_chomp/lib:/RoverFlake2/install/pilz_industrial_motion_planner_testutils/lib:/RoverFlake2/install/moveit_simple_controller_manager/lib:/RoverFlake2/install/moveit_ros_occupancy_map_monitor/lib:/RoverFlake2/install/moveit_resources_prbt_ikfast_manipulator_plugin/lib:/RoverFlake2/install/chomp_motion_planner/lib:/RoverFlake2/install/moveit_core/lib:/RoverFlake2/install/rviz_marker_tools/lib:/RoverFlake2/install/srdfdom/lib:/RoverFlake2/install/moveit_task_constructor_msgs/lib:/RoverFlake2/install/moveit_visual_tools/lib:/RoverFlake2/install/moveit_ros_control_interface/lib:/RoverFlake2/install/moveit_ros_benchmarks/lib:/RoverFlake2/install/moveit_ros_perception/lib:/RoverFlake2/install/moveit_chomp_optimizer_adapter/lib:/RoverFlake2/install/rosparam_shortcuts/lib:/opt/ros/humble/opt/rviz_ogre_vendor/lib:/opt/ros/humble/lib/x86_64-linux-gnu:/opt/ros/humble/lib PYTHONPATH=/RoverFlake2/install/moveit_task_constructor_core/local/lib/python3.10/dist-packages:/RoverFlake2/install/moveit_configs_utils/lib/python3.10/site-packages:/RoverFlake2/install/launch_param_builder/lib/python3.10/site-packages:/RoverFlake2/install/srdfdom/local/lib/python3.10/dist-packages:/RoverFlake2/install/moveit_task_constructor_msgs/local/lib/python3.10/dist-packages:/opt/ros/humble/lib/python3.10/site-packages:/opt/ros/humble/local/lib/python3.10/dist-packages /usr/bin/cmake /RoverFlake2/src/moveit_task_constructor/visualization -DCMAKE_BUILD_TYPE=Release -DCMAKE_INSTALL_PREFIX=/RoverFlake2/install/moveit_task_constructor_visualization
[2.643s] Invoking command in '/RoverFlake2/build/moveit_task_constructor_visualization': AMENT_PREFIX_PATH=/RoverFlake2/install/moveit_task_constructor_core:/RoverFlake2/install/moveit_planners:/RoverFlake2/install/pilz_industrial_motion_planner:/RoverFlake2/install/moveit_ros_visualization:/RoverFlake2/install/moveit_configs_utils:/RoverFlake2/install/launch_param_builder:/RoverFlake2/install/pilz_industrial_motion_planner_testutils:/RoverFlake2/install/moveit_visual_tools:/RoverFlake2/install/moveit_ros_control_interface:/RoverFlake2/install/moveit_plugins:/RoverFlake2/install/moveit_simple_controller_manager:/RoverFlake2/install/moveit_ros_planning_interface:/RoverFlake2/install/moveit_ros_benchmarks:/RoverFlake2/install/moveit_ros_warehouse:/RoverFlake2/install/moveit_ros_robot_interaction:/RoverFlake2/install/moveit_ros_perception:/RoverFlake2/install/moveit_resources_prbt_pg70_support:/RoverFlake2/install/moveit_resources_prbt_moveit_config:/RoverFlake2/install/moveit_ros_move_group:/RoverFlake2/install/moveit_planners_ompl:/RoverFlake2/install/moveit_ros_planning:/RoverFlake2/install/moveit_ros_occupancy_map_monitor:/RoverFlake2/install/moveit_resources_prbt_ikfast_manipulator_plugin:/RoverFlake2/install/moveit_planners_chomp:/RoverFlake2/install/moveit_kinematics:/RoverFlake2/install/moveit_chomp_optimizer_adapter:/RoverFlake2/install/chomp_motion_planner:/RoverFlake2/install/moveit_core:/RoverFlake2/install/srdfdom:/RoverFlake2/install/rviz_marker_tools:/RoverFlake2/install/rosparam_shortcuts:/RoverFlake2/install/moveit_task_constructor_msgs:/RoverFlake2/install/moveit_resources_prbt_support:/RoverFlake2/install/moveit_resources:/RoverFlake2/install/moveit_resources_pr2_description:/RoverFlake2/install/moveit_resources_panda_moveit_config:/RoverFlake2/install/moveit_resources_panda_description:/RoverFlake2/install/moveit_resources_fanuc_moveit_config:/RoverFlake2/install/moveit_resources_fanuc_description:/RoverFlake2/install/moveit_common:/opt/ros/humble CMAKE_MODULE_PATH=/RoverFlake2/install/moveit_task_constructor_core/share/moveit_task_constructor_core/cmake CMAKE_PREFIX_PATH=/RoverFlake2/install/moveit_task_constructor_core:/RoverFlake2/install/moveit_planners:/RoverFlake2/install/pilz_industrial_motion_planner:/RoverFlake2/install/moveit_ros_visualization:/RoverFlake2/install/moveit_resources_prbt_pg70_support:/RoverFlake2/install/moveit_ros_planning_interface:/RoverFlake2/install/moveit_resources_prbt_moveit_config:/RoverFlake2/install/moveit_ros_move_group:/RoverFlake2/install/moveit_ros_warehouse:/RoverFlake2/install/moveit_ros_robot_interaction:/RoverFlake2/install/moveit_planners_ompl:/RoverFlake2/install/moveit_kinematics:/RoverFlake2/install/moveit_ros_planning:/RoverFlake2/install/moveit_planners_chomp:/RoverFlake2/install/pilz_industrial_motion_planner_testutils:/RoverFlake2/install/moveit_simple_controller_manager:/RoverFlake2/install/moveit_ros_occupancy_map_monitor:/RoverFlake2/install/moveit_resources_prbt_ikfast_manipulator_plugin:/RoverFlake2/install/chomp_motion_planner:/RoverFlake2/install/moveit_core:/RoverFlake2/install/rviz_marker_tools:/RoverFlake2/install/moveit_resources_panda_moveit_config:/RoverFlake2/install/moveit_resources_fanuc_moveit_config:/RoverFlake2/install/srdfdom:/RoverFlake2/install/moveit_task_constructor_msgs:/RoverFlake2/install/moveit_resources_prbt_support:/RoverFlake2/install/moveit_resources_pr2_description:/RoverFlake2/install/moveit_resources_panda_description:/RoverFlake2/install/moveit_resources_fanuc_description:/RoverFlake2/install/moveit_common:/RoverFlake2/install/moveit_visual_tools:/RoverFlake2/install/moveit_ros_control_interface:/RoverFlake2/install/moveit_plugins:/RoverFlake2/install/moveit_ros_benchmarks:/RoverFlake2/install/moveit_ros_perception:/RoverFlake2/install/moveit_chomp_optimizer_adapter:/RoverFlake2/install/rosparam_shortcuts:/RoverFlake2/install/moveit_resources:/RoverFlake2/install/moveit_configs_utils:/RoverFlake2/install/launch_param_builder:/opt/ros/humble LD_LIBRARY_PATH=/RoverFlake2/install/moveit_task_constructor_core/lib:/RoverFlake2/install/pilz_industrial_motion_planner/lib:/RoverFlake2/install/moveit_ros_visualization/lib:/RoverFlake2/install/moveit_ros_planning_interface/lib:/RoverFlake2/install/moveit_ros_move_group/lib:/RoverFlake2/install/moveit_ros_warehouse/lib:/RoverFlake2/install/moveit_ros_robot_interaction/lib:/RoverFlake2/install/moveit_planners_ompl/lib:/RoverFlake2/install/moveit_kinematics/lib:/RoverFlake2/install/moveit_ros_planning/lib:/RoverFlake2/install/moveit_planners_chomp/lib:/RoverFlake2/install/pilz_industrial_motion_planner_testutils/lib:/RoverFlake2/install/moveit_simple_controller_manager/lib:/RoverFlake2/install/moveit_ros_occupancy_map_monitor/lib:/RoverFlake2/install/moveit_resources_prbt_ikfast_manipulator_plugin/lib:/RoverFlake2/install/chomp_motion_planner/lib:/RoverFlake2/install/moveit_core/lib:/RoverFlake2/install/rviz_marker_tools/lib:/RoverFlake2/install/srdfdom/lib:/RoverFlake2/install/moveit_task_constructor_msgs/lib:/RoverFlake2/install/moveit_visual_tools/lib:/RoverFlake2/install/moveit_ros_control_interface/lib:/RoverFlake2/install/moveit_ros_benchmarks/lib:/RoverFlake2/install/moveit_ros_perception/lib:/RoverFlake2/install/moveit_chomp_optimizer_adapter/lib:/RoverFlake2/install/rosparam_shortcuts/lib:/opt/ros/humble/opt/rviz_ogre_vendor/lib:/opt/ros/humble/lib/x86_64-linux-gnu:/opt/ros/humble/lib PYTHONPATH=/RoverFlake2/install/moveit_task_constructor_core/local/lib/python3.10/dist-packages:/RoverFlake2/install/moveit_configs_utils/lib/python3.10/site-packages:/RoverFlake2/install/launch_param_builder/lib/python3.10/site-packages:/RoverFlake2/install/srdfdom/local/lib/python3.10/dist-packages:/RoverFlake2/install/moveit_task_constructor_msgs/local/lib/python3.10/dist-packages:/opt/ros/humble/lib/python3.10/site-packages:/opt/ros/humble/local/lib/python3.10/dist-packages /usr/bin/cmake --build /RoverFlake2/build/moveit_task_constructor_visualization -- -j32 -l32
[2.688s] [  1%] [34m[1mAutomatic MOC for target moveit_task_visualization_tools[0m
[2.689s] [  3%] [34m[1mAutomatic MOC for target motion_planning_tasks_utils[0m
[2.689s] [  4%] [34m[1mAutomatic MOC for target gtest[0m
[2.691s] [  6%] [34m[1mAutomatic MOC for target gmock_main[0m
[2.691s] [  7%] [34m[1mAutomatic MOC for target motion_planning_tasks_properties[0m
[2.691s] [  9%] [34m[1mAutomatic MOC for target gmock[0m
[2.692s] [ 10%] [34m[1mAutomatic MOC for target gtest_main[0m
[2.715s] [ 10%] Built target gtest_autogen
[2.715s] [ 10%] Built target gmock_main_autogen
[2.715s] [ 10%] Built target gmock_autogen
[2.715s] [ 10%] Built target motion_planning_tasks_properties_autogen
[2.717s] [ 10%] Built target gtest_main_autogen
[2.734s] [ 13%] [32mBuilding CXX object gmock/CMakeFiles/gmock_main.dir/src/gmock_main.cc.o[0m
[2.734s] [ 13%] [32mBuilding CXX object gmock/CMakeFiles/gmock_main.dir/gmock_main_autogen/mocs_compilation.cpp.o[0m
[2.734s] [ 15%] [32mBuilding CXX object gmock/CMakeFiles/gmock.dir/src/gmock-all.cc.o[0m
[2.734s] [ 16%] [32mBuilding CXX object gmock/CMakeFiles/gmock.dir/gmock_autogen/mocs_compilation.cpp.o[0m
[2.734s] [ 18%] [32mBuilding CXX object motion_planning_tasks/properties/CMakeFiles/motion_planning_tasks_properties.dir/property_factory.cpp.o[0m
[2.734s] [ 20%] [32mBuilding CXX object motion_planning_tasks/properties/CMakeFiles/motion_planning_tasks_properties.dir/property_from_yaml.cpp.o[0m
[2.736s] [ 26%] [32mBuilding CXX object gmock/CMakeFiles/gmock.dir/opt/ros/humble/src/gtest_vendor/src/gtest-all.cc.o[0m
[2.736s] [ 26%] [32mBuilding CXX object motion_planning_tasks/properties/CMakeFiles/motion_planning_tasks_properties.dir/motion_planning_tasks_properties_autogen/mocs_compilation.cpp.o[0m
[2.736s] [ 26%] [32mBuilding CXX object gtest/CMakeFiles/gtest.dir/src/gtest-all.cc.o[0m
[2.736s] [ 26%] [32mBuilding CXX object gtest/CMakeFiles/gtest.dir/gtest_autogen/mocs_compilation.cpp.o[0m
[2.736s] [ 29%] [32mBuilding CXX object gtest/CMakeFiles/gtest_main.dir/gtest_main_autogen/mocs_compilation.cpp.o[0m
[2.736s] [ 29%] [32mBuilding CXX object gtest/CMakeFiles/gtest_main.dir/src/gtest_main.cc.o[0m
[2.817s] [ 29%] Built target motion_planning_tasks_utils_autogen
[2.854s] [ 33%] [32mBuilding CXX object motion_planning_tasks/utils/CMakeFiles/motion_planning_tasks_utils.dir/tree_merge_proxy_model.cpp.o[0m
[2.854s] [ 33%] [32mBuilding CXX object motion_planning_tasks/utils/CMakeFiles/motion_planning_tasks_utils.dir/motion_planning_tasks_utils_autogen/mocs_compilation.cpp.o[0m
[2.854s] [ 33%] [32mBuilding CXX object motion_planning_tasks/utils/CMakeFiles/motion_planning_tasks_utils.dir/flat_merge_proxy_model.cpp.o[0m
[2.854s] [ 35%] [32mBuilding CXX object motion_planning_tasks/utils/CMakeFiles/motion_planning_tasks_utils.dir/icon.cpp.o[0m
[2.895s] [ 35%] Built target moveit_task_visualization_tools_autogen
[2.922s] [ 43%] [32mBuilding CXX object visualization_tools/CMakeFiles/moveit_task_visualization_tools.dir/moveit_task_visualization_tools_autogen/mocs_compilation.cpp.o[0m
[2.922s] [ 43%] [32mBuilding CXX object visualization_tools/CMakeFiles/moveit_task_visualization_tools.dir/src/display_solution.cpp.o[0m
[2.922s] [ 43%] [32mBuilding CXX object visualization_tools/CMakeFiles/moveit_task_visualization_tools.dir/src/task_solution_visualization.cpp.o[0m
[2.922s] [ 43%] [32mBuilding CXX object visualization_tools/CMakeFiles/moveit_task_visualization_tools.dir/src/task_solution_panel.cpp.o[0m
[2.922s] [ 43%] [32mBuilding CXX object visualization_tools/CMakeFiles/moveit_task_visualization_tools.dir/src/marker_visualization.cpp.o[0m
[3.331s] [ 44%] [32m[1mLinking CXX static library libgtest_main.a[0m
[3.365s] [ 44%] Built target gtest_main
[3.501s] [ 46%] [32m[1mLinking CXX static library libgmock_main.a[0m
[3.536s] [ 46%] Built target gmock_main
[4.109s] [ 47%] [32m[1mLinking CXX shared library libmotion_planning_tasks_utils.so[0m
[4.274s] [ 47%] Built target motion_planning_tasks_utils
[5.050s] [ 49%] [32m[1mLinking CXX shared library libmotion_planning_tasks_properties.so[0m
[5.360s] [ 49%] Built target motion_planning_tasks_properties
[6.958s] [ 52%] [32m[1mLinking CXX static library libgtest.a[0m
[6.959s] [ 52%] [32m[1mLinking CXX static library libgmock.a[0m
[6.990s] [ 52%] Built target gmock
[6.990s] [ 52%] Built target gtest
[7.008s] [ 53%] [34m[1mAutomatic MOC for target moveit_task_constructor_visualization-test-merge-models[0m
[7.037s] [ 53%] Built target moveit_task_constructor_visualization-test-merge-models_autogen
[7.054s] [ 55%] [32mBuilding CXX object motion_planning_tasks/test/CMakeFiles/moveit_task_constructor_visualization-test-merge-models.dir/moveit_task_constructor_visualization-test-merge-models_autogen/mocs_compilation.cpp.o[0m
[7.054s] [ 56%] [32mBuilding CXX object motion_planning_tasks/test/CMakeFiles/moveit_task_constructor_visualization-test-merge-models.dir/test_merge_models.cpp.o[0m
[8.654s] [ 58%] [32m[1mLinking CXX executable moveit_task_constructor_visualization-test-merge-models[0m
[8.847s] [ 58%] Built target moveit_task_constructor_visualization-test-merge-models
[10.981s] [ 60%] [32m[1mLinking CXX shared library libmoveit_task_visualization_tools.so[0m
[12.256s] [ 60%] Built target moveit_task_visualization_tools
[12.272s] [ 61%] [34m[1mAutomatic MOC for target motion_planning_tasks_rviz_plugin[0m
[12.623s] [ 61%] Built target motion_planning_tasks_rviz_plugin_autogen
[12.633s] [ 63%] [34m[1mGenerating ui_task_view.h[0m
[12.633s] [ 64%] [34m[1mGenerating ui_global_settings.h[0m
[12.633s] [ 67%] [34m[1mAutomatic RCC for resources.qrc[0m
[12.633s] [ 67%] [34m[1mGenerating ui_task_panel.h[0m
[12.668s] [ 69%] [32mBuilding CXX object motion_planning_tasks/src/CMakeFiles/motion_planning_tasks_rviz_plugin.dir/motion_planning_tasks_rviz_plugin_autogen/mocs_compilation.cpp.o[0m
[12.669s] [ 72%] [32mBuilding CXX object motion_planning_tasks/src/CMakeFiles/motion_planning_tasks_rviz_plugin.dir/factory_model.cpp.o[0m
[12.669s] [ 72%] [32mBuilding CXX object motion_planning_tasks/src/CMakeFiles/motion_planning_tasks_rviz_plugin.dir/icons.cpp.o[0m
[12.669s] [ 73%] [32mBuilding CXX object motion_planning_tasks/src/CMakeFiles/motion_planning_tasks_rviz_plugin.dir/job_queue.cpp.o[0m
[12.669s] [ 75%] [32mBuilding CXX object motion_planning_tasks/src/CMakeFiles/motion_planning_tasks_rviz_plugin.dir/meta_task_list_model.cpp.o[0m
[12.669s] [ 76%] [32mBuilding CXX object motion_planning_tasks/src/CMakeFiles/motion_planning_tasks_rviz_plugin.dir/plugin_init.cpp.o[0m
[12.670s] [ 78%] [32mBuilding CXX object motion_planning_tasks/src/CMakeFiles/motion_planning_tasks_rviz_plugin.dir/local_task_model.cpp.o[0m
[12.670s] [ 83%] [32mBuilding CXX object motion_planning_tasks/src/CMakeFiles/motion_planning_tasks_rviz_plugin.dir/task_display.cpp.o[0m
[12.670s] [ 83%] [32mBuilding CXX object motion_planning_tasks/src/CMakeFiles/motion_planning_tasks_rviz_plugin.dir/task_list_model.cpp.o[0m
[12.670s] [ 83%] [32mBuilding CXX object motion_planning_tasks/src/CMakeFiles/motion_planning_tasks_rviz_plugin.dir/remote_task_model.cpp.o[0m
[12.670s] [ 86%] [32mBuilding CXX object motion_planning_tasks/src/CMakeFiles/motion_planning_tasks_rviz_plugin.dir/motion_planning_tasks_rviz_plugin_autogen/EWIEGA46WW/qrc_resources.cpp.o[0m
[12.670s] [ 86%] [32mBuilding CXX object motion_planning_tasks/src/CMakeFiles/motion_planning_tasks_rviz_plugin.dir/task_panel.cpp.o[0m
[26.630s] [ 87%] [32m[1mLinking CXX shared library libmotion_planning_tasks_rviz_plugin.so[0m
[28.189s] [ 87%] Built target motion_planning_tasks_rviz_plugin
[28.208s] [ 90%] [34m[1mAutomatic MOC for target moveit_task_constructor_visualization-test-solution-models[0m
[28.208s] [ 90%] [34m[1mAutomatic MOC for target moveit_task_constructor_visualization-test-task_model[0m
[28.236s] [ 90%] Built target moveit_task_constructor_visualization-test-task_model_autogen
[28.236s] [ 90%] Built target moveit_task_constructor_visualization-test-solution-models_autogen
[28.255s] [ 92%] [32mBuilding CXX object motion_planning_tasks/test/CMakeFiles/moveit_task_constructor_visualization-test-task_model.dir/moveit_task_constructor_visualization-test-task_model_autogen/mocs_compilation.cpp.o[0m
[28.255s] [ 93%] [32mBuilding CXX object motion_planning_tasks/test/CMakeFiles/moveit_task_constructor_visualization-test-task_model.dir/test_task_model.cpp.o[0m
[28.256s] [ 96%] [32mBuilding CXX object motion_planning_tasks/test/CMakeFiles/moveit_task_constructor_visualization-test-solution-models.dir/moveit_task_constructor_visualization-test-solution-models_autogen/mocs_compilation.cpp.o[0m
[28.256s] [ 96%] [32mBuilding CXX object motion_planning_tasks/test/CMakeFiles/moveit_task_constructor_visualization-test-solution-models.dir/test_solution_models.cpp.o[0m
[31.912s] [ 98%] [32m[1mLinking CXX executable moveit_task_constructor_visualization-test-solution-models[0m
[32.214s] [100%] [32m[1mLinking CXX executable moveit_task_constructor_visualization-test-task_model[0m
[32.365s] [100%] Built target moveit_task_constructor_visualization-test-solution-models
[32.661s] [100%] Built target moveit_task_constructor_visualization-test-task_model
[32.671s] Invoked command in '/RoverFlake2/build/moveit_task_constructor_visualization' returned '0': AMENT_PREFIX_PATH=/RoverFlake2/install/moveit_task_constructor_core:/RoverFlake2/install/moveit_planners:/RoverFlake2/install/pilz_industrial_motion_planner:/RoverFlake2/install/moveit_ros_visualization:/RoverFlake2/install/moveit_configs_utils:/RoverFlake2/install/launch_param_builder:/RoverFlake2/install/pilz_industrial_motion_planner_testutils:/RoverFlake2/install/moveit_visual_tools:/RoverFlake2/install/moveit_ros_control_interface:/RoverFlake2/install/moveit_plugins:/RoverFlake2/install/moveit_simple_controller_manager:/RoverFlake2/install/moveit_ros_planning_interface:/RoverFlake2/install/moveit_ros_benchmarks:/RoverFlake2/install/moveit_ros_warehouse:/RoverFlake2/install/moveit_ros_robot_interaction:/RoverFlake2/install/moveit_ros_perception:/RoverFlake2/install/moveit_resources_prbt_pg70_support:/RoverFlake2/install/moveit_resources_prbt_moveit_config:/RoverFlake2/install/moveit_ros_move_group:/RoverFlake2/install/moveit_planners_ompl:/RoverFlake2/install/moveit_ros_planning:/RoverFlake2/install/moveit_ros_occupancy_map_monitor:/RoverFlake2/install/moveit_resources_prbt_ikfast_manipulator_plugin:/RoverFlake2/install/moveit_planners_chomp:/RoverFlake2/install/moveit_kinematics:/RoverFlake2/install/moveit_chomp_optimizer_adapter:/RoverFlake2/install/chomp_motion_planner:/RoverFlake2/install/moveit_core:/RoverFlake2/install/srdfdom:/RoverFlake2/install/rviz_marker_tools:/RoverFlake2/install/rosparam_shortcuts:/RoverFlake2/install/moveit_task_constructor_msgs:/RoverFlake2/install/moveit_resources_prbt_support:/RoverFlake2/install/moveit_resources:/RoverFlake2/install/moveit_resources_pr2_description:/RoverFlake2/install/moveit_resources_panda_moveit_config:/RoverFlake2/install/moveit_resources_panda_description:/RoverFlake2/install/moveit_resources_fanuc_moveit_config:/RoverFlake2/install/moveit_resources_fanuc_description:/RoverFlake2/install/moveit_common:/opt/ros/humble CMAKE_MODULE_PATH=/RoverFlake2/install/moveit_task_constructor_core/share/moveit_task_constructor_core/cmake CMAKE_PREFIX_PATH=/RoverFlake2/install/moveit_task_constructor_core:/RoverFlake2/install/moveit_planners:/RoverFlake2/install/pilz_industrial_motion_planner:/RoverFlake2/install/moveit_ros_visualization:/RoverFlake2/install/moveit_resources_prbt_pg70_support:/RoverFlake2/install/moveit_ros_planning_interface:/RoverFlake2/install/moveit_resources_prbt_moveit_config:/RoverFlake2/install/moveit_ros_move_group:/RoverFlake2/install/moveit_ros_warehouse:/RoverFlake2/install/moveit_ros_robot_interaction:/RoverFlake2/install/moveit_planners_ompl:/RoverFlake2/install/moveit_kinematics:/RoverFlake2/install/moveit_ros_planning:/RoverFlake2/install/moveit_planners_chomp:/RoverFlake2/install/pilz_industrial_motion_planner_testutils:/RoverFlake2/install/moveit_simple_controller_manager:/RoverFlake2/install/moveit_ros_occupancy_map_monitor:/RoverFlake2/install/moveit_resources_prbt_ikfast_manipulator_plugin:/RoverFlake2/install/chomp_motion_planner:/RoverFlake2/install/moveit_core:/RoverFlake2/install/rviz_marker_tools:/RoverFlake2/install/moveit_resources_panda_moveit_config:/RoverFlake2/install/moveit_resources_fanuc_moveit_config:/RoverFlake2/install/srdfdom:/RoverFlake2/install/moveit_task_constructor_msgs:/RoverFlake2/install/moveit_resources_prbt_support:/RoverFlake2/install/moveit_resources_pr2_description:/RoverFlake2/install/moveit_resources_panda_description:/RoverFlake2/install/moveit_resources_fanuc_description:/RoverFlake2/install/moveit_common:/RoverFlake2/install/moveit_visual_tools:/RoverFlake2/install/moveit_ros_control_interface:/RoverFlake2/install/moveit_plugins:/RoverFlake2/install/moveit_ros_benchmarks:/RoverFlake2/install/moveit_ros_perception:/RoverFlake2/install/moveit_chomp_optimizer_adapter:/RoverFlake2/install/rosparam_shortcuts:/RoverFlake2/install/moveit_resources:/RoverFlake2/install/moveit_configs_utils:/RoverFlake2/install/launch_param_builder:/opt/ros/humble LD_LIBRARY_PATH=/RoverFlake2/install/moveit_task_constructor_core/lib:/RoverFlake2/install/pilz_industrial_motion_planner/lib:/RoverFlake2/install/moveit_ros_visualization/lib:/RoverFlake2/install/moveit_ros_planning_interface/lib:/RoverFlake2/install/moveit_ros_move_group/lib:/RoverFlake2/install/moveit_ros_warehouse/lib:/RoverFlake2/install/moveit_ros_robot_interaction/lib:/RoverFlake2/install/moveit_planners_ompl/lib:/RoverFlake2/install/moveit_kinematics/lib:/RoverFlake2/install/moveit_ros_planning/lib:/RoverFlake2/install/moveit_planners_chomp/lib:/RoverFlake2/install/pilz_industrial_motion_planner_testutils/lib:/RoverFlake2/install/moveit_simple_controller_manager/lib:/RoverFlake2/install/moveit_ros_occupancy_map_monitor/lib:/RoverFlake2/install/moveit_resources_prbt_ikfast_manipulator_plugin/lib:/RoverFlake2/install/chomp_motion_planner/lib:/RoverFlake2/install/moveit_core/lib:/RoverFlake2/install/rviz_marker_tools/lib:/RoverFlake2/install/srdfdom/lib:/RoverFlake2/install/moveit_task_constructor_msgs/lib:/RoverFlake2/install/moveit_visual_tools/lib:/RoverFlake2/install/moveit_ros_control_interface/lib:/RoverFlake2/install/moveit_ros_benchmarks/lib:/RoverFlake2/install/moveit_ros_perception/lib:/RoverFlake2/install/moveit_chomp_optimizer_adapter/lib:/RoverFlake2/install/rosparam_shortcuts/lib:/opt/ros/humble/opt/rviz_ogre_vendor/lib:/opt/ros/humble/lib/x86_64-linux-gnu:/opt/ros/humble/lib PYTHONPATH=/RoverFlake2/install/moveit_task_constructor_core/local/lib/python3.10/dist-packages:/RoverFlake2/install/moveit_configs_utils/lib/python3.10/site-packages:/RoverFlake2/install/launch_param_builder/lib/python3.10/site-packages:/RoverFlake2/install/srdfdom/local/lib/python3.10/dist-packages:/RoverFlake2/install/moveit_task_constructor_msgs/local/lib/python3.10/dist-packages:/opt/ros/humble/lib/python3.10/site-packages:/opt/ros/humble/local/lib/python3.10/dist-packages /usr/bin/cmake --build /RoverFlake2/build/moveit_task_constructor_visualization -- -j32 -l32
[32.672s] Invoking command in '/RoverFlake2/build/moveit_task_constructor_visualization': AMENT_PREFIX_PATH=/RoverFlake2/install/moveit_task_constructor_core:/RoverFlake2/install/moveit_planners:/RoverFlake2/install/pilz_industrial_motion_planner:/RoverFlake2/install/moveit_ros_visualization:/RoverFlake2/install/moveit_configs_utils:/RoverFlake2/install/launch_param_builder:/RoverFlake2/install/pilz_industrial_motion_planner_testutils:/RoverFlake2/install/moveit_visual_tools:/RoverFlake2/install/moveit_ros_control_interface:/RoverFlake2/install/moveit_plugins:/RoverFlake2/install/moveit_simple_controller_manager:/RoverFlake2/install/moveit_ros_planning_interface:/RoverFlake2/install/moveit_ros_benchmarks:/RoverFlake2/install/moveit_ros_warehouse:/RoverFlake2/install/moveit_ros_robot_interaction:/RoverFlake2/install/moveit_ros_perception:/RoverFlake2/install/moveit_resources_prbt_pg70_support:/RoverFlake2/install/moveit_resources_prbt_moveit_config:/RoverFlake2/install/moveit_ros_move_group:/RoverFlake2/install/moveit_planners_ompl:/RoverFlake2/install/moveit_ros_planning:/RoverFlake2/install/moveit_ros_occupancy_map_monitor:/RoverFlake2/install/moveit_resources_prbt_ikfast_manipulator_plugin:/RoverFlake2/install/moveit_planners_chomp:/RoverFlake2/install/moveit_kinematics:/RoverFlake2/install/moveit_chomp_optimizer_adapter:/RoverFlake2/install/chomp_motion_planner:/RoverFlake2/install/moveit_core:/RoverFlake2/install/srdfdom:/RoverFlake2/install/rviz_marker_tools:/RoverFlake2/install/rosparam_shortcuts:/RoverFlake2/install/moveit_task_constructor_msgs:/RoverFlake2/install/moveit_resources_prbt_support:/RoverFlake2/install/moveit_resources:/RoverFlake2/install/moveit_resources_pr2_description:/RoverFlake2/install/moveit_resources_panda_moveit_config:/RoverFlake2/install/moveit_resources_panda_description:/RoverFlake2/install/moveit_resources_fanuc_moveit_config:/RoverFlake2/install/moveit_resources_fanuc_description:/RoverFlake2/install/moveit_common:/opt/ros/humble CMAKE_MODULE_PATH=/RoverFlake2/install/moveit_task_constructor_core/share/moveit_task_constructor_core/cmake CMAKE_PREFIX_PATH=/RoverFlake2/install/moveit_task_constructor_core:/RoverFlake2/install/moveit_planners:/RoverFlake2/install/pilz_industrial_motion_planner:/RoverFlake2/install/moveit_ros_visualization:/RoverFlake2/install/moveit_resources_prbt_pg70_support:/RoverFlake2/install/moveit_ros_planning_interface:/RoverFlake2/install/moveit_resources_prbt_moveit_config:/RoverFlake2/install/moveit_ros_move_group:/RoverFlake2/install/moveit_ros_warehouse:/RoverFlake2/install/moveit_ros_robot_interaction:/RoverFlake2/install/moveit_planners_ompl:/RoverFlake2/install/moveit_kinematics:/RoverFlake2/install/moveit_ros_planning:/RoverFlake2/install/moveit_planners_chomp:/RoverFlake2/install/pilz_industrial_motion_planner_testutils:/RoverFlake2/install/moveit_simple_controller_manager:/RoverFlake2/install/moveit_ros_occupancy_map_monitor:/RoverFlake2/install/moveit_resources_prbt_ikfast_manipulator_plugin:/RoverFlake2/install/chomp_motion_planner:/RoverFlake2/install/moveit_core:/RoverFlake2/install/rviz_marker_tools:/RoverFlake2/install/moveit_resources_panda_moveit_config:/RoverFlake2/install/moveit_resources_fanuc_moveit_config:/RoverFlake2/install/srdfdom:/RoverFlake2/install/moveit_task_constructor_msgs:/RoverFlake2/install/moveit_resources_prbt_support:/RoverFlake2/install/moveit_resources_pr2_description:/RoverFlake2/install/moveit_resources_panda_description:/RoverFlake2/install/moveit_resources_fanuc_description:/RoverFlake2/install/moveit_common:/RoverFlake2/install/moveit_visual_tools:/RoverFlake2/install/moveit_ros_control_interface:/RoverFlake2/install/moveit_plugins:/RoverFlake2/install/moveit_ros_benchmarks:/RoverFlake2/install/moveit_ros_perception:/RoverFlake2/install/moveit_chomp_optimizer_adapter:/RoverFlake2/install/rosparam_shortcuts:/RoverFlake2/install/moveit_resources:/RoverFlake2/install/moveit_configs_utils:/RoverFlake2/install/launch_param_builder:/opt/ros/humble LD_LIBRARY_PATH=/RoverFlake2/install/moveit_task_constructor_core/lib:/RoverFlake2/install/pilz_industrial_motion_planner/lib:/RoverFlake2/install/moveit_ros_visualization/lib:/RoverFlake2/install/moveit_ros_planning_interface/lib:/RoverFlake2/install/moveit_ros_move_group/lib:/RoverFlake2/install/moveit_ros_warehouse/lib:/RoverFlake2/install/moveit_ros_robot_interaction/lib:/RoverFlake2/install/moveit_planners_ompl/lib:/RoverFlake2/install/moveit_kinematics/lib:/RoverFlake2/install/moveit_ros_planning/lib:/RoverFlake2/install/moveit_planners_chomp/lib:/RoverFlake2/install/pilz_industrial_motion_planner_testutils/lib:/RoverFlake2/install/moveit_simple_controller_manager/lib:/RoverFlake2/install/moveit_ros_occupancy_map_monitor/lib:/RoverFlake2/install/moveit_resources_prbt_ikfast_manipulator_plugin/lib:/RoverFlake2/install/chomp_motion_planner/lib:/RoverFlake2/install/moveit_core/lib:/RoverFlake2/install/rviz_marker_tools/lib:/RoverFlake2/install/srdfdom/lib:/RoverFlake2/install/moveit_task_constructor_msgs/lib:/RoverFlake2/install/moveit_visual_tools/lib:/RoverFlake2/install/moveit_ros_control_interface/lib:/RoverFlake2/install/moveit_ros_benchmarks/lib:/RoverFlake2/install/moveit_ros_perception/lib:/RoverFlake2/install/moveit_chomp_optimizer_adapter/lib:/RoverFlake2/install/rosparam_shortcuts/lib:/opt/ros/humble/opt/rviz_ogre_vendor/lib:/opt/ros/humble/lib/x86_64-linux-gnu:/opt/ros/humble/lib PYTHONPATH=/RoverFlake2/install/moveit_task_constructor_core/local/lib/python3.10/dist-packages:/RoverFlake2/install/moveit_configs_utils/lib/python3.10/site-packages:/RoverFlake2/install/launch_param_builder/lib/python3.10/site-packages:/RoverFlake2/install/srdfdom/local/lib/python3.10/dist-packages:/RoverFlake2/install/moveit_task_constructor_msgs/local/lib/python3.10/dist-packages:/opt/ros/humble/lib/python3.10/site-packages:/opt/ros/humble/local/lib/python3.10/dist-packages /usr/bin/cmake --install /RoverFlake2/build/moveit_task_constructor_visualization
[32.679s] -- Install configuration: "Release"
[32.679s] -- Installing: /RoverFlake2/install/moveit_task_constructor_visualization/include
[32.679s] -- Installing: /RoverFlake2/install/moveit_task_constructor_visualization/include/moveit
[32.679s] -- Installing: /RoverFlake2/install/moveit_task_constructor_visualization/include/moveit/visualization_tools
[32.679s] -- Installing: /RoverFlake2/install/moveit_task_constructor_visualization/include/moveit/visualization_tools/task_solution_panel.h
[32.680s] -- Installing: /RoverFlake2/install/moveit_task_constructor_visualization/include/moveit/visualization_tools/display_solution.h
[32.680s] -- Installing: /RoverFlake2/install/moveit_task_constructor_visualization/include/moveit/visualization_tools/marker_visualization.h
[32.680s] -- Installing: /RoverFlake2/install/moveit_task_constructor_visualization/include/moveit/visualization_tools/task_solution_visualization.h
[32.680s] -- Installing: /RoverFlake2/install/moveit_task_constructor_visualization/lib/libmoveit_task_visualization_tools.so.0.1.3
[32.680s] -- Set runtime path of "/RoverFlake2/install/moveit_task_constructor_visualization/lib/libmoveit_task_visualization_tools.so.0.1.3" to ""
[32.680s] -- Installing: /RoverFlake2/install/moveit_task_constructor_visualization/lib/libmoveit_task_visualization_tools.so
[32.681s] -- Installing: /RoverFlake2/install/moveit_task_constructor_visualization/lib/libmotion_planning_tasks_utils.so
[32.681s] -- Installing: /RoverFlake2/install/moveit_task_constructor_visualization/lib/libmotion_planning_tasks_properties.so
[32.681s] -- Set runtime path of "/RoverFlake2/install/moveit_task_constructor_visualization/lib/libmotion_planning_tasks_properties.so" to ""
[32.681s] -- Installing: /RoverFlake2/install/moveit_task_constructor_visualization/lib/libmotion_planning_tasks_rviz_plugin.so.0.1.3
[32.685s] -- Set runtime path of "/RoverFlake2/install/moveit_task_constructor_visualization/lib/libmotion_planning_tasks_rviz_plugin.so.0.1.3" to ""
[32.685s] -- Installing: /RoverFlake2/install/moveit_task_constructor_visualization/lib/libmotion_planning_tasks_rviz_plugin.so
[32.685s] -- Installing: /RoverFlake2/install/moveit_task_constructor_visualization/share/icons
[32.685s] -- Installing: /RoverFlake2/install/moveit_task_constructor_visualization/share/icons/classes
[32.685s] -- Installing: /RoverFlake2/install/moveit_task_constructor_visualization/share/icons/classes/Motion Planning Tasks.svg
[32.686s] -- Installing: /RoverFlake2/install/moveit_task_constructor_visualization/share/moveit_task_constructor_visualization/motion_planning_tasks_rviz_plugin_description.xml
[32.686s] -- Installing: /RoverFlake2/install/moveit_task_constructor_visualization/share/moveit_task_constructor_visualization/environment/library_path.sh
[32.686s] -- Installing: /RoverFlake2/install/moveit_task_constructor_visualization/share/moveit_task_constructor_visualization/environment/library_path.dsv
[32.686s] -- Installing: /RoverFlake2/install/moveit_task_constructor_visualization/share/ament_index/resource_index/package_run_dependencies/moveit_task_constructor_visualization
[32.686s] -- Installing: /RoverFlake2/install/moveit_task_constructor_visualization/share/ament_index/resource_index/parent_prefix_path/moveit_task_constructor_visualization
[32.686s] -- Installing: /RoverFlake2/install/moveit_task_constructor_visualization/share/moveit_task_constructor_visualization/environment/ament_prefix_path.sh
[32.686s] -- Installing: /RoverFlake2/install/moveit_task_constructor_visualization/share/moveit_task_constructor_visualization/environment/ament_prefix_path.dsv
[32.687s] -- Installing: /RoverFlake2/install/moveit_task_constructor_visualization/share/moveit_task_constructor_visualization/environment/path.sh
[32.687s] -- Installing: /RoverFlake2/install/moveit_task_constructor_visualization/share/moveit_task_constructor_visualization/environment/path.dsv
[32.687s] -- Installing: /RoverFlake2/install/moveit_task_constructor_visualization/share/moveit_task_constructor_visualization/local_setup.bash
[32.687s] -- Installing: /RoverFlake2/install/moveit_task_constructor_visualization/share/moveit_task_constructor_visualization/local_setup.sh
[32.687s] -- Installing: /RoverFlake2/install/moveit_task_constructor_visualization/share/moveit_task_constructor_visualization/local_setup.zsh
[32.687s] -- Installing: /RoverFlake2/install/moveit_task_constructor_visualization/share/moveit_task_constructor_visualization/local_setup.dsv
[32.687s] -- Installing: /RoverFlake2/install/moveit_task_constructor_visualization/share/moveit_task_constructor_visualization/package.dsv
[32.687s] -- Installing: /RoverFlake2/install/moveit_task_constructor_visualization/share/ament_index/resource_index/packages/moveit_task_constructor_visualization
[32.687s] -- Installing: /RoverFlake2/install/moveit_task_constructor_visualization/share/ament_index/resource_index/rviz_common__pluginlib__plugin/moveit_task_constructor_visualization
[32.687s] -- Installing: /RoverFlake2/install/moveit_task_constructor_visualization/share/moveit_task_constructor_visualization/cmake/ament_cmake_export_include_directories-extras.cmake
[32.687s] -- Installing: /RoverFlake2/install/moveit_task_constructor_visualization/share/moveit_task_constructor_visualization/cmake/ament_cmake_export_libraries-extras.cmake
[32.688s] -- Installing: /RoverFlake2/install/moveit_task_constructor_visualization/share/moveit_task_constructor_visualization/cmake/ament_cmake_export_dependencies-extras.cmake
[32.688s] -- Installing: /RoverFlake2/install/moveit_task_constructor_visualization/share/moveit_task_constructor_visualization/cmake/moveit_task_constructor_visualizationConfig.cmake
[32.688s] -- Installing: /RoverFlake2/install/moveit_task_constructor_visualization/share/moveit_task_constructor_visualization/cmake/moveit_task_constructor_visualizationConfig-version.cmake
[32.688s] -- Installing: /RoverFlake2/install/moveit_task_constructor_visualization/share/moveit_task_constructor_visualization/package.xml
[32.689s] Invoked command in '/RoverFlake2/build/moveit_task_constructor_visualization' returned '0': AMENT_PREFIX_PATH=/RoverFlake2/install/moveit_task_constructor_core:/RoverFlake2/install/moveit_planners:/RoverFlake2/install/pilz_industrial_motion_planner:/RoverFlake2/install/moveit_ros_visualization:/RoverFlake2/install/moveit_configs_utils:/RoverFlake2/install/launch_param_builder:/RoverFlake2/install/pilz_industrial_motion_planner_testutils:/RoverFlake2/install/moveit_visual_tools:/RoverFlake2/install/moveit_ros_control_interface:/RoverFlake2/install/moveit_plugins:/RoverFlake2/install/moveit_simple_controller_manager:/RoverFlake2/install/moveit_ros_planning_interface:/RoverFlake2/install/moveit_ros_benchmarks:/RoverFlake2/install/moveit_ros_warehouse:/RoverFlake2/install/moveit_ros_robot_interaction:/RoverFlake2/install/moveit_ros_perception:/RoverFlake2/install/moveit_resources_prbt_pg70_support:/RoverFlake2/install/moveit_resources_prbt_moveit_config:/RoverFlake2/install/moveit_ros_move_group:/RoverFlake2/install/moveit_planners_ompl:/RoverFlake2/install/moveit_ros_planning:/RoverFlake2/install/moveit_ros_occupancy_map_monitor:/RoverFlake2/install/moveit_resources_prbt_ikfast_manipulator_plugin:/RoverFlake2/install/moveit_planners_chomp:/RoverFlake2/install/moveit_kinematics:/RoverFlake2/install/moveit_chomp_optimizer_adapter:/RoverFlake2/install/chomp_motion_planner:/RoverFlake2/install/moveit_core:/RoverFlake2/install/srdfdom:/RoverFlake2/install/rviz_marker_tools:/RoverFlake2/install/rosparam_shortcuts:/RoverFlake2/install/moveit_task_constructor_msgs:/RoverFlake2/install/moveit_resources_prbt_support:/RoverFlake2/install/moveit_resources:/RoverFlake2/install/moveit_resources_pr2_description:/RoverFlake2/install/moveit_resources_panda_moveit_config:/RoverFlake2/install/moveit_resources_panda_description:/RoverFlake2/install/moveit_resources_fanuc_moveit_config:/RoverFlake2/install/moveit_resources_fanuc_description:/RoverFlake2/install/moveit_common:/opt/ros/humble CMAKE_MODULE_PATH=/RoverFlake2/install/moveit_task_constructor_core/share/moveit_task_constructor_core/cmake CMAKE_PREFIX_PATH=/RoverFlake2/install/moveit_task_constructor_core:/RoverFlake2/install/moveit_planners:/RoverFlake2/install/pilz_industrial_motion_planner:/RoverFlake2/install/moveit_ros_visualization:/RoverFlake2/install/moveit_resources_prbt_pg70_support:/RoverFlake2/install/moveit_ros_planning_interface:/RoverFlake2/install/moveit_resources_prbt_moveit_config:/RoverFlake2/install/moveit_ros_move_group:/RoverFlake2/install/moveit_ros_warehouse:/RoverFlake2/install/moveit_ros_robot_interaction:/RoverFlake2/install/moveit_planners_ompl:/RoverFlake2/install/moveit_kinematics:/RoverFlake2/install/moveit_ros_planning:/RoverFlake2/install/moveit_planners_chomp:/RoverFlake2/install/pilz_industrial_motion_planner_testutils:/RoverFlake2/install/moveit_simple_controller_manager:/RoverFlake2/install/moveit_ros_occupancy_map_monitor:/RoverFlake2/install/moveit_resources_prbt_ikfast_manipulator_plugin:/RoverFlake2/install/chomp_motion_planner:/RoverFlake2/install/moveit_core:/RoverFlake2/install/rviz_marker_tools:/RoverFlake2/install/moveit_resources_panda_moveit_config:/RoverFlake2/install/moveit_resources_fanuc_moveit_config:/RoverFlake2/install/srdfdom:/RoverFlake2/install/moveit_task_constructor_msgs:/RoverFlake2/install/moveit_resources_prbt_support:/RoverFlake2/install/moveit_resources_pr2_description:/RoverFlake2/install/moveit_resources_panda_description:/RoverFlake2/install/moveit_resources_fanuc_description:/RoverFlake2/install/moveit_common:/RoverFlake2/install/moveit_visual_tools:/RoverFlake2/install/moveit_ros_control_interface:/RoverFlake2/install/moveit_plugins:/RoverFlake2/install/moveit_ros_benchmarks:/RoverFlake2/install/moveit_ros_perception:/RoverFlake2/install/moveit_chomp_optimizer_adapter:/RoverFlake2/install/rosparam_shortcuts:/RoverFlake2/install/moveit_resources:/RoverFlake2/install/moveit_configs_utils:/RoverFlake2/install/launch_param_builder:/opt/ros/humble LD_LIBRARY_PATH=/RoverFlake2/install/moveit_task_constructor_core/lib:/RoverFlake2/install/pilz_industrial_motion_planner/lib:/RoverFlake2/install/moveit_ros_visualization/lib:/RoverFlake2/install/moveit_ros_planning_interface/lib:/RoverFlake2/install/moveit_ros_move_group/lib:/RoverFlake2/install/moveit_ros_warehouse/lib:/RoverFlake2/install/moveit_ros_robot_interaction/lib:/RoverFlake2/install/moveit_planners_ompl/lib:/RoverFlake2/install/moveit_kinematics/lib:/RoverFlake2/install/moveit_ros_planning/lib:/RoverFlake2/install/moveit_planners_chomp/lib:/RoverFlake2/install/pilz_industrial_motion_planner_testutils/lib:/RoverFlake2/install/moveit_simple_controller_manager/lib:/RoverFlake2/install/moveit_ros_occupancy_map_monitor/lib:/RoverFlake2/install/moveit_resources_prbt_ikfast_manipulator_plugin/lib:/RoverFlake2/install/chomp_motion_planner/lib:/RoverFlake2/install/moveit_core/lib:/RoverFlake2/install/rviz_marker_tools/lib:/RoverFlake2/install/srdfdom/lib:/RoverFlake2/install/moveit_task_constructor_msgs/lib:/RoverFlake2/install/moveit_visual_tools/lib:/RoverFlake2/install/moveit_ros_control_interface/lib:/RoverFlake2/install/moveit_ros_benchmarks/lib:/RoverFlake2/install/moveit_ros_perception/lib:/RoverFlake2/install/moveit_chomp_optimizer_adapter/lib:/RoverFlake2/install/rosparam_shortcuts/lib:/opt/ros/humble/opt/rviz_ogre_vendor/lib:/opt/ros/humble/lib/x86_64-linux-gnu:/opt/ros/humble/lib PYTHONPATH=/RoverFlake2/install/moveit_task_constructor_core/local/lib/python3.10/dist-packages:/RoverFlake2/install/moveit_configs_utils/lib/python3.10/site-packages:/RoverFlake2/install/launch_param_builder/lib/python3.10/site-packages:/RoverFlake2/install/srdfdom/local/lib/python3.10/dist-packages:/RoverFlake2/install/moveit_task_constructor_msgs/local/lib/python3.10/dist-packages:/opt/ros/humble/lib/python3.10/site-packages:/opt/ros/humble/local/lib/python3.10/dist-packages /usr/bin/cmake --install /RoverFlake2/build/moveit_task_constructor_visualization
