[0.042s] Invoking command in '/RoverFlake2/build/moveit_ros_control_interface': CMAKE_PREFIX_PATH=/RoverFlake2/install/moveit_simple_controller_manager:/RoverFlake2/install/moveit_core:/RoverFlake2/install/moveit_resources_panda_moveit_config:/RoverFlake2/install/srdfdom:/RoverFlake2/install/moveit_resources_pr2_description:/RoverFlake2/install/moveit_resources_panda_description:/RoverFlake2/install/moveit_common:/RoverFlake2/install/pilz_industrial_motion_planner_testutils:/RoverFlake2/install/moveit_ros_control_interface:/RoverFlake2/install/moveit_plugins:/RoverFlake2/install/moveit_ros_planning:/RoverFlake2/install/moveit_ros_occupancy_map_monitor:/RoverFlake2/install/moveit_resources_prbt_ikfast_manipulator_plugin:/RoverFlake2/install/moveit_planners_chomp:/RoverFlake2/install/moveit_chomp_optimizer_adapter:/RoverFlake2/install/chomp_motion_planner:/RoverFlake2/install/rviz_marker_tools:/RoverFlake2/install/rosparam_shortcuts:/RoverFlake2/install/moveit_task_constructor_msgs:/RoverFlake2/install/moveit_resources_prbt_support:/RoverFlake2/install/moveit_resources:/RoverFlake2/install/moveit_resources_fanuc_moveit_config:/RoverFlake2/install/moveit_resources_fanuc_description:/RoverFlake2/install/moveit_configs_utils:/RoverFlake2/install/launch_param_builder:/opt/ros/humble LD_LIBRARY_PATH=/RoverFlake2/install/moveit_simple_controller_manager/lib:/RoverFlake2/install/moveit_core/lib:/RoverFlake2/install/srdfdom/lib:/RoverFlake2/install/pilz_industrial_motion_planner_testutils/lib:/RoverFlake2/install/moveit_ros_control_interface/lib:/RoverFlake2/install/moveit_ros_planning/lib:/RoverFlake2/install/moveit_ros_occupancy_map_monitor/lib:/RoverFlake2/install/moveit_resources_prbt_ikfast_manipulator_plugin/lib:/RoverFlake2/install/moveit_planners_chomp/lib:/RoverFlake2/install/moveit_chomp_optimizer_adapter/lib:/RoverFlake2/install/chomp_motion_planner/lib:/RoverFlake2/install/rviz_marker_tools/lib:/RoverFlake2/install/rosparam_shortcuts/lib:/RoverFlake2/install/moveit_task_constructor_msgs/lib:/opt/ros/humble/opt/rviz_ogre_vendor/lib:/opt/ros/humble/lib/x86_64-linux-gnu:/opt/ros/humble/lib /usr/bin/cmake --build /RoverFlake2/build/moveit_ros_control_interface -- -j32 -l32
[0.083s] [35m[1mConsolidate compiler generated dependencies of target gtest_main[0m
[0.083s] [35m[1mConsolidate compiler generated dependencies of target moveit_ros_control_interface_plugin[0m
[0.085s] [35m[1mConsolidate compiler generated dependencies of target gtest[0m
[0.086s] [35m[1mConsolidate compiler generated dependencies of target moveit_ros_control_interface_gripper_plugin[0m
[0.086s] [35m[1mConsolidate compiler generated dependencies of target moveit_ros_control_interface_trajectory_plugin[0m
[0.091s] [35m[1mConsolidate compiler generated dependencies of target moveit_ros_control_interface_empty_plugin[0m
[0.100s] [ 14%] Built target gtest_main
[0.104s] [ 28%] Built target gtest
[0.107s] [ 42%] Built target moveit_ros_control_interface_trajectory_plugin
[0.108s] [ 71%] Built target moveit_ros_control_interface_empty_plugin
[0.108s] [ 71%] Built target moveit_ros_control_interface_gripper_plugin
[0.114s] [ 85%] Built target moveit_ros_control_interface_plugin
[0.125s] [35m[1mConsolidate compiler generated dependencies of target test_controller_manager_plugin[0m
[0.144s] [100%] Built target test_controller_manager_plugin
[0.155s] Invoked command in '/RoverFlake2/build/moveit_ros_control_interface' returned '0': CMAKE_PREFIX_PATH=/RoverFlake2/install/moveit_simple_controller_manager:/RoverFlake2/install/moveit_core:/RoverFlake2/install/moveit_resources_panda_moveit_config:/RoverFlake2/install/srdfdom:/RoverFlake2/install/moveit_resources_pr2_description:/RoverFlake2/install/moveit_resources_panda_description:/RoverFlake2/install/moveit_common:/RoverFlake2/install/pilz_industrial_motion_planner_testutils:/RoverFlake2/install/moveit_ros_control_interface:/RoverFlake2/install/moveit_plugins:/RoverFlake2/install/moveit_ros_planning:/RoverFlake2/install/moveit_ros_occupancy_map_monitor:/RoverFlake2/install/moveit_resources_prbt_ikfast_manipulator_plugin:/RoverFlake2/install/moveit_planners_chomp:/RoverFlake2/install/moveit_chomp_optimizer_adapter:/RoverFlake2/install/chomp_motion_planner:/RoverFlake2/install/rviz_marker_tools:/RoverFlake2/install/rosparam_shortcuts:/RoverFlake2/install/moveit_task_constructor_msgs:/RoverFlake2/install/moveit_resources_prbt_support:/RoverFlake2/install/moveit_resources:/RoverFlake2/install/moveit_resources_fanuc_moveit_config:/RoverFlake2/install/moveit_resources_fanuc_description:/RoverFlake2/install/moveit_configs_utils:/RoverFlake2/install/launch_param_builder:/opt/ros/humble LD_LIBRARY_PATH=/RoverFlake2/install/moveit_simple_controller_manager/lib:/RoverFlake2/install/moveit_core/lib:/RoverFlake2/install/srdfdom/lib:/RoverFlake2/install/pilz_industrial_motion_planner_testutils/lib:/RoverFlake2/install/moveit_ros_control_interface/lib:/RoverFlake2/install/moveit_ros_planning/lib:/RoverFlake2/install/moveit_ros_occupancy_map_monitor/lib:/RoverFlake2/install/moveit_resources_prbt_ikfast_manipulator_plugin/lib:/RoverFlake2/install/moveit_planners_chomp/lib:/RoverFlake2/install/moveit_chomp_optimizer_adapter/lib:/RoverFlake2/install/chomp_motion_planner/lib:/RoverFlake2/install/rviz_marker_tools/lib:/RoverFlake2/install/rosparam_shortcuts/lib:/RoverFlake2/install/moveit_task_constructor_msgs/lib:/opt/ros/humble/opt/rviz_ogre_vendor/lib:/opt/ros/humble/lib/x86_64-linux-gnu:/opt/ros/humble/lib /usr/bin/cmake --build /RoverFlake2/build/moveit_ros_control_interface -- -j32 -l32
[0.157s] Invoking command in '/RoverFlake2/build/moveit_ros_control_interface': CMAKE_PREFIX_PATH=/RoverFlake2/install/moveit_simple_controller_manager:/RoverFlake2/install/moveit_core:/RoverFlake2/install/moveit_resources_panda_moveit_config:/RoverFlake2/install/srdfdom:/RoverFlake2/install/moveit_resources_pr2_description:/RoverFlake2/install/moveit_resources_panda_description:/RoverFlake2/install/moveit_common:/RoverFlake2/install/pilz_industrial_motion_planner_testutils:/RoverFlake2/install/moveit_ros_control_interface:/RoverFlake2/install/moveit_plugins:/RoverFlake2/install/moveit_ros_planning:/RoverFlake2/install/moveit_ros_occupancy_map_monitor:/RoverFlake2/install/moveit_resources_prbt_ikfast_manipulator_plugin:/RoverFlake2/install/moveit_planners_chomp:/RoverFlake2/install/moveit_chomp_optimizer_adapter:/RoverFlake2/install/chomp_motion_planner:/RoverFlake2/install/rviz_marker_tools:/RoverFlake2/install/rosparam_shortcuts:/RoverFlake2/install/moveit_task_constructor_msgs:/RoverFlake2/install/moveit_resources_prbt_support:/RoverFlake2/install/moveit_resources:/RoverFlake2/install/moveit_resources_fanuc_moveit_config:/RoverFlake2/install/moveit_resources_fanuc_description:/RoverFlake2/install/moveit_configs_utils:/RoverFlake2/install/launch_param_builder:/opt/ros/humble LD_LIBRARY_PATH=/RoverFlake2/install/moveit_simple_controller_manager/lib:/RoverFlake2/install/moveit_core/lib:/RoverFlake2/install/srdfdom/lib:/RoverFlake2/install/pilz_industrial_motion_planner_testutils/lib:/RoverFlake2/install/moveit_ros_control_interface/lib:/RoverFlake2/install/moveit_ros_planning/lib:/RoverFlake2/install/moveit_ros_occupancy_map_monitor/lib:/RoverFlake2/install/moveit_resources_prbt_ikfast_manipulator_plugin/lib:/RoverFlake2/install/moveit_planners_chomp/lib:/RoverFlake2/install/moveit_chomp_optimizer_adapter/lib:/RoverFlake2/install/chomp_motion_planner/lib:/RoverFlake2/install/rviz_marker_tools/lib:/RoverFlake2/install/rosparam_shortcuts/lib:/RoverFlake2/install/moveit_task_constructor_msgs/lib:/opt/ros/humble/opt/rviz_ogre_vendor/lib:/opt/ros/humble/lib/x86_64-linux-gnu:/opt/ros/humble/lib /usr/bin/cmake --install /RoverFlake2/build/moveit_ros_control_interface
[0.163s] -- Install configuration: "Release"
[0.164s] -- Up-to-date: /RoverFlake2/install/moveit_ros_control_interface/lib/libmoveit_ros_control_interface_plugin.so.2.5.9
[0.164s] -- Up-to-date: /RoverFlake2/install/moveit_ros_control_interface/lib/libmoveit_ros_control_interface_plugin.so
[0.164s] -- Up-to-date: /RoverFlake2/install/moveit_ros_control_interface/lib/libmoveit_ros_control_interface_trajectory_plugin.so.2.5.9
[0.165s] -- Up-to-date: /RoverFlake2/install/moveit_ros_control_interface/lib/libmoveit_ros_control_interface_trajectory_plugin.so
[0.165s] -- Up-to-date: /RoverFlake2/install/moveit_ros_control_interface/lib/libmoveit_ros_control_interface_gripper_plugin.so.2.5.9
[0.165s] -- Up-to-date: /RoverFlake2/install/moveit_ros_control_interface/lib/libmoveit_ros_control_interface_gripper_plugin.so
[0.166s] -- Up-to-date: /RoverFlake2/install/moveit_ros_control_interface/lib/libmoveit_ros_control_interface_empty_plugin.so.2.5.9
[0.166s] -- Up-to-date: /RoverFlake2/install/moveit_ros_control_interface/lib/libmoveit_ros_control_interface_empty_plugin.so
[0.166s] -- Up-to-date: /RoverFlake2/install/moveit_ros_control_interface/include
[0.166s] -- Up-to-date: /RoverFlake2/install/moveit_ros_control_interface/include/moveit_ros_control_interface
[0.167s] -- Up-to-date: /RoverFlake2/install/moveit_ros_control_interface/include/moveit_ros_control_interface/ControllerHandle.h
[0.167s] -- Up-to-date: /RoverFlake2/install/moveit_ros_control_interface/share/moveit_ros_control_interface/moveit_core_plugins.xml
[0.167s] -- Up-to-date: /RoverFlake2/install/moveit_ros_control_interface/share/moveit_ros_control_interface/moveit_ros_control_interface_plugins.xml
[0.167s] -- Up-to-date: /RoverFlake2/install/moveit_ros_control_interface/share/moveit_ros_control_interface/environment/library_path.sh
[0.167s] -- Up-to-date: /RoverFlake2/install/moveit_ros_control_interface/share/moveit_ros_control_interface/environment/library_path.dsv
[0.167s] -- Up-to-date: /RoverFlake2/install/moveit_ros_control_interface/share/ament_index/resource_index/package_run_dependencies/moveit_ros_control_interface
[0.167s] -- Up-to-date: /RoverFlake2/install/moveit_ros_control_interface/share/ament_index/resource_index/parent_prefix_path/moveit_ros_control_interface
[0.167s] -- Up-to-date: /RoverFlake2/install/moveit_ros_control_interface/share/moveit_ros_control_interface/environment/ament_prefix_path.sh
[0.167s] -- Up-to-date: /RoverFlake2/install/moveit_ros_control_interface/share/moveit_ros_control_interface/environment/ament_prefix_path.dsv
[0.167s] -- Up-to-date: /RoverFlake2/install/moveit_ros_control_interface/share/moveit_ros_control_interface/environment/path.sh
[0.167s] -- Up-to-date: /RoverFlake2/install/moveit_ros_control_interface/share/moveit_ros_control_interface/environment/path.dsv
[0.167s] -- Up-to-date: /RoverFlake2/install/moveit_ros_control_interface/share/moveit_ros_control_interface/local_setup.bash
[0.168s] -- Up-to-date: /RoverFlake2/install/moveit_ros_control_interface/share/moveit_ros_control_interface/local_setup.sh
[0.168s] -- Up-to-date: /RoverFlake2/install/moveit_ros_control_interface/share/moveit_ros_control_interface/local_setup.zsh
[0.168s] -- Up-to-date: /RoverFlake2/install/moveit_ros_control_interface/share/moveit_ros_control_interface/local_setup.dsv
[0.168s] -- Installing: /RoverFlake2/install/moveit_ros_control_interface/share/moveit_ros_control_interface/package.dsv
[0.168s] -- Up-to-date: /RoverFlake2/install/moveit_ros_control_interface/share/ament_index/resource_index/packages/moveit_ros_control_interface
[0.168s] -- Up-to-date: /RoverFlake2/install/moveit_ros_control_interface/share/ament_index/resource_index/moveit_core__pluginlib__plugin/moveit_ros_control_interface
[0.168s] -- Up-to-date: /RoverFlake2/install/moveit_ros_control_interface/share/ament_index/resource_index/moveit_ros_control_interface__pluginlib__plugin/moveit_ros_control_interface
[0.168s] -- Up-to-date: /RoverFlake2/install/moveit_ros_control_interface/share/moveit_ros_control_interface/cmake/export_moveit_ros_control_interfaceExport.cmake
[0.168s] -- Up-to-date: /RoverFlake2/install/moveit_ros_control_interface/share/moveit_ros_control_interface/cmake/export_moveit_ros_control_interfaceExport-release.cmake
[0.168s] -- Up-to-date: /RoverFlake2/install/moveit_ros_control_interface/share/moveit_ros_control_interface/cmake/ConfigExtras.cmake
[0.168s] -- Up-to-date: /RoverFlake2/install/moveit_ros_control_interface/share/moveit_ros_control_interface/cmake/ament_cmake_export_targets-extras.cmake
[0.168s] -- Up-to-date: /RoverFlake2/install/moveit_ros_control_interface/share/moveit_ros_control_interface/cmake/ament_cmake_export_dependencies-extras.cmake
[0.168s] -- Up-to-date: /RoverFlake2/install/moveit_ros_control_interface/share/moveit_ros_control_interface/cmake/moveit_ros_control_interfaceConfig.cmake
[0.168s] -- Up-to-date: /RoverFlake2/install/moveit_ros_control_interface/share/moveit_ros_control_interface/cmake/moveit_ros_control_interfaceConfig-version.cmake
[0.168s] -- Up-to-date: /RoverFlake2/install/moveit_ros_control_interface/share/moveit_ros_control_interface/package.xml
[0.181s] Invoked command in '/RoverFlake2/build/moveit_ros_control_interface' returned '0': CMAKE_PREFIX_PATH=/RoverFlake2/install/moveit_simple_controller_manager:/RoverFlake2/install/moveit_core:/RoverFlake2/install/moveit_resources_panda_moveit_config:/RoverFlake2/install/srdfdom:/RoverFlake2/install/moveit_resources_pr2_description:/RoverFlake2/install/moveit_resources_panda_description:/RoverFlake2/install/moveit_common:/RoverFlake2/install/pilz_industrial_motion_planner_testutils:/RoverFlake2/install/moveit_ros_control_interface:/RoverFlake2/install/moveit_plugins:/RoverFlake2/install/moveit_ros_planning:/RoverFlake2/install/moveit_ros_occupancy_map_monitor:/RoverFlake2/install/moveit_resources_prbt_ikfast_manipulator_plugin:/RoverFlake2/install/moveit_planners_chomp:/RoverFlake2/install/moveit_chomp_optimizer_adapter:/RoverFlake2/install/chomp_motion_planner:/RoverFlake2/install/rviz_marker_tools:/RoverFlake2/install/rosparam_shortcuts:/RoverFlake2/install/moveit_task_constructor_msgs:/RoverFlake2/install/moveit_resources_prbt_support:/RoverFlake2/install/moveit_resources:/RoverFlake2/install/moveit_resources_fanuc_moveit_config:/RoverFlake2/install/moveit_resources_fanuc_description:/RoverFlake2/install/moveit_configs_utils:/RoverFlake2/install/launch_param_builder:/opt/ros/humble LD_LIBRARY_PATH=/RoverFlake2/install/moveit_simple_controller_manager/lib:/RoverFlake2/install/moveit_core/lib:/RoverFlake2/install/srdfdom/lib:/RoverFlake2/install/pilz_industrial_motion_planner_testutils/lib:/RoverFlake2/install/moveit_ros_control_interface/lib:/RoverFlake2/install/moveit_ros_planning/lib:/RoverFlake2/install/moveit_ros_occupancy_map_monitor/lib:/RoverFlake2/install/moveit_resources_prbt_ikfast_manipulator_plugin/lib:/RoverFlake2/install/moveit_planners_chomp/lib:/RoverFlake2/install/moveit_chomp_optimizer_adapter/lib:/RoverFlake2/install/chomp_motion_planner/lib:/RoverFlake2/install/rviz_marker_tools/lib:/RoverFlake2/install/rosparam_shortcuts/lib:/RoverFlake2/install/moveit_task_constructor_msgs/lib:/opt/ros/humble/opt/rviz_ogre_vendor/lib:/opt/ros/humble/lib/x86_64-linux-gnu:/opt/ros/humble/lib /usr/bin/cmake --install /RoverFlake2/build/moveit_ros_control_interface
