[0.181s] Invoking command in '/RoverFlake2/build/moveit_resources_prbt_support': CMAKE_PREFIX_PATH=/opt/ros/humble /usr/bin/cmake /RoverFlake2/src/moveit2/moveit_planners/test_configs/prbt_support -DCMAKE_BUILD_TYPE=Release -DCMAKE_INSTALL_PREFIX=/RoverFlake2/install/moveit_resources_prbt_support
[0.222s] -- The C compiler identification is GNU 11.4.0
[0.265s] -- The CXX compiler identification is GNU 11.4.0
[0.272s] -- Detecting C compiler ABI info
[0.329s] -- Detecting C compiler ABI info - done
[0.334s] -- Check for working C compiler: /usr/bin/cc - skipped
[0.334s] -- Detecting C compile features
[0.335s] -- Detecting C compile features - done
[0.337s] -- Detecting CXX compiler ABI info
[0.404s] -- Detecting CXX compiler ABI info - done
[0.410s] -- Check for working CXX compiler: /usr/bin/c++ - skipped
[0.411s] -- Detecting CXX compile features
[0.411s] -- Detecting CXX compile features - done
[0.414s] -- Found ament_cmake: 1.3.12 (/opt/ros/humble/share/ament_cmake/cmake)
[0.531s] -- Found Python3: /usr/bin/python3 (found version "3.10.12") found components: Interpreter 
[0.652s] -- Configuring done
[0.655s] -- Generating done
[0.657s] -- Build files have been written to: /RoverFlake2/build/moveit_resources_prbt_support
[0.664s] Invoked command in '/RoverFlake2/build/moveit_resources_prbt_support' returned '0': CMAKE_PREFIX_PATH=/opt/ros/humble /usr/bin/cmake /RoverFlake2/src/moveit2/moveit_planners/test_configs/prbt_support -DCMAKE_BUILD_TYPE=Release -DCMAKE_INSTALL_PREFIX=/RoverFlake2/install/moveit_resources_prbt_support
[0.665s] Invoking command in '/RoverFlake2/build/moveit_resources_prbt_support': CMAKE_PREFIX_PATH=/opt/ros/humble /usr/bin/cmake --build /RoverFlake2/build/moveit_resources_prbt_support -- -j32 -l32
[0.701s] Invoked command in '/RoverFlake2/build/moveit_resources_prbt_support' returned '0': CMAKE_PREFIX_PATH=/opt/ros/humble /usr/bin/cmake --build /RoverFlake2/build/moveit_resources_prbt_support -- -j32 -l32
[0.702s] Invoking command in '/RoverFlake2/build/moveit_resources_prbt_support': CMAKE_PREFIX_PATH=/opt/ros/humble /usr/bin/cmake --install /RoverFlake2/build/moveit_resources_prbt_support
[0.707s] -- Install configuration: "Release"
[0.707s] -- Installing: /RoverFlake2/install/moveit_resources_prbt_support/share/ament_index/resource_index/package_run_dependencies/moveit_resources_prbt_support
[0.707s] -- Installing: /RoverFlake2/install/moveit_resources_prbt_support/share/ament_index/resource_index/parent_prefix_path/moveit_resources_prbt_support
[0.707s] -- Installing: /RoverFlake2/install/moveit_resources_prbt_support/share/moveit_resources_prbt_support/environment/ament_prefix_path.sh
[0.707s] -- Installing: /RoverFlake2/install/moveit_resources_prbt_support/share/moveit_resources_prbt_support/environment/ament_prefix_path.dsv
[0.709s] -- Installing: /RoverFlake2/install/moveit_resources_prbt_support/share/moveit_resources_prbt_support/environment/path.sh
[0.709s] -- Installing: /RoverFlake2/install/moveit_resources_prbt_support/share/moveit_resources_prbt_support/environment/path.dsv
[0.709s] -- Installing: /RoverFlake2/install/moveit_resources_prbt_support/share/moveit_resources_prbt_support/local_setup.bash
[0.709s] -- Installing: /RoverFlake2/install/moveit_resources_prbt_support/share/moveit_resources_prbt_support/local_setup.sh
[0.709s] -- Installing: /RoverFlake2/install/moveit_resources_prbt_support/share/moveit_resources_prbt_support/local_setup.zsh
[0.709s] -- Installing: /RoverFlake2/install/moveit_resources_prbt_support/share/moveit_resources_prbt_support/local_setup.dsv
[0.709s] -- Installing: /RoverFlake2/install/moveit_resources_prbt_support/share/moveit_resources_prbt_support/package.dsv
[0.709s] -- Installing: /RoverFlake2/install/moveit_resources_prbt_support/share/ament_index/resource_index/packages/moveit_resources_prbt_support
[0.709s] -- Installing: /RoverFlake2/install/moveit_resources_prbt_support/share/moveit_resources_prbt_support/cmake/moveit_resources_prbt_supportConfig.cmake
[0.710s] -- Installing: /RoverFlake2/install/moveit_resources_prbt_support/share/moveit_resources_prbt_support/cmake/moveit_resources_prbt_supportConfig-version.cmake
[0.710s] -- Installing: /RoverFlake2/install/moveit_resources_prbt_support/share/moveit_resources_prbt_support/package.xml
[0.710s] -- Installing: /RoverFlake2/install/moveit_resources_prbt_support/share/moveit_resources_prbt_support/urdf
[0.710s] -- Installing: /RoverFlake2/install/moveit_resources_prbt_support/share/moveit_resources_prbt_support/urdf/prbt.xacro
[0.710s] -- Installing: /RoverFlake2/install/moveit_resources_prbt_support/share/moveit_resources_prbt_support/urdf/prbt.ros2_control.xacro
[0.710s] -- Installing: /RoverFlake2/install/moveit_resources_prbt_support/share/moveit_resources_prbt_support/urdf/prbt_macro.xacro
[0.710s] -- Installing: /RoverFlake2/install/moveit_resources_prbt_support/share/moveit_resources_prbt_support/urdf/simple_gripper_brackets.urdf.xacro
[0.710s] -- Installing: /RoverFlake2/install/moveit_resources_prbt_support/share/moveit_resources_prbt_support/meshes
[0.710s] -- Installing: /RoverFlake2/install/moveit_resources_prbt_support/share/moveit_resources_prbt_support/meshes/flange.dae
[0.710s] -- Installing: /RoverFlake2/install/moveit_resources_prbt_support/share/moveit_resources_prbt_support/meshes/link_3.dae
[0.710s] -- Installing: /RoverFlake2/install/moveit_resources_prbt_support/share/moveit_resources_prbt_support/meshes/link_5.dae
[0.710s] -- Installing: /RoverFlake2/install/moveit_resources_prbt_support/share/moveit_resources_prbt_support/meshes/link_1.dae
[0.711s] -- Installing: /RoverFlake2/install/moveit_resources_prbt_support/share/moveit_resources_prbt_support/meshes/link_2.stl
[0.711s] -- Installing: /RoverFlake2/install/moveit_resources_prbt_support/share/moveit_resources_prbt_support/meshes/flange.stl
[0.711s] -- Installing: /RoverFlake2/install/moveit_resources_prbt_support/share/moveit_resources_prbt_support/meshes/link_4.dae
[0.712s] -- Installing: /RoverFlake2/install/moveit_resources_prbt_support/share/moveit_resources_prbt_support/meshes/link_2.dae
[0.713s] -- Installing: /RoverFlake2/install/moveit_resources_prbt_support/share/moveit_resources_prbt_support/meshes/link_4.stl
[0.713s] -- Installing: /RoverFlake2/install/moveit_resources_prbt_support/share/moveit_resources_prbt_support/meshes/link_3.stl
[0.713s] -- Installing: /RoverFlake2/install/moveit_resources_prbt_support/share/moveit_resources_prbt_support/meshes/link_1.stl
[0.713s] -- Installing: /RoverFlake2/install/moveit_resources_prbt_support/share/moveit_resources_prbt_support/meshes/foot.stl
[0.713s] -- Installing: /RoverFlake2/install/moveit_resources_prbt_support/share/moveit_resources_prbt_support/meshes/link_5.stl
[0.713s] -- Installing: /RoverFlake2/install/moveit_resources_prbt_support/share/moveit_resources_prbt_support/meshes/foot.dae
[0.714s] -- Installing: /RoverFlake2/install/moveit_resources_prbt_support/share/moveit_resources_prbt_support/config
[0.714s] -- Installing: /RoverFlake2/install/moveit_resources_prbt_support/share/moveit_resources_prbt_support/config/manipulator_driver.yaml
[0.714s] -- Installing: /RoverFlake2/install/moveit_resources_prbt_support/share/moveit_resources_prbt_support/config/manipulator_controller.yaml
[0.714s] -- Installing: /RoverFlake2/install/moveit_resources_prbt_support/share/moveit_resources_prbt_support/config/prbt_0_1.dcf
[0.724s] Invoked command in '/RoverFlake2/build/moveit_resources_prbt_support' returned '0': CMAKE_PREFIX_PATH=/opt/ros/humble /usr/bin/cmake --install /RoverFlake2/build/moveit_resources_prbt_support
