[0.012s] Invoking command in '/RoverFlake2/build/moveit_resources_fanuc_moveit_config': AMENT_PREFIX_PATH=/RoverFlake2/install/moveit_resources_fanuc_description:${AMENT_PREFIX_PATH} CMAKE_PREFIX_PATH=/RoverFlake2/install/moveit_resources_fanuc_description:/opt/ros/humble /usr/bin/cmake /RoverFlake2/src/moveit_resources/fanuc_moveit_config -DCMAKE_BUILD_TYPE=Release -DCMAKE_INSTALL_PREFIX=/RoverFlake2/install/moveit_resources_fanuc_moveit_config
[0.050s] -- The C compiler identification is GNU 11.4.0
[0.090s] -- The CXX compiler identification is GNU 11.4.0
[0.095s] -- Detecting C compiler ABI info
[0.147s] -- Detecting C compiler ABI info - done
[0.151s] -- Check for working C compiler: /usr/bin/cc - skipped
[0.152s] -- Detecting C compile features
[0.152s] -- Detecting C compile features - done
[0.154s] -- Detecting CXX compiler ABI info
[0.216s] -- Detecting CXX compiler ABI info - done
[0.220s] -- Check for working CXX compiler: /usr/bin/c++ - skipped
[0.221s] -- Detecting CXX compile features
[0.221s] -- Detecting CXX compile features - done
[0.224s] -- Found ament_cmake: 1.3.12 (/opt/ros/humble/share/ament_cmake/cmake)
[0.326s] -- Found Python3: /usr/bin/python3 (found version "3.10.12") found components: Interpreter 
[0.449s] -- Configuring done
[0.452s] -- Generating done
[0.453s] -- Build files have been written to: /RoverFlake2/build/moveit_resources_fanuc_moveit_config
[0.459s] Invoked command in '/RoverFlake2/build/moveit_resources_fanuc_moveit_config' returned '0': AMENT_PREFIX_PATH=/RoverFlake2/install/moveit_resources_fanuc_description:${AMENT_PREFIX_PATH} CMAKE_PREFIX_PATH=/RoverFlake2/install/moveit_resources_fanuc_description:/opt/ros/humble /usr/bin/cmake /RoverFlake2/src/moveit_resources/fanuc_moveit_config -DCMAKE_BUILD_TYPE=Release -DCMAKE_INSTALL_PREFIX=/RoverFlake2/install/moveit_resources_fanuc_moveit_config
[0.461s] Invoking command in '/RoverFlake2/build/moveit_resources_fanuc_moveit_config': AMENT_PREFIX_PATH=/RoverFlake2/install/moveit_resources_fanuc_description:${AMENT_PREFIX_PATH} CMAKE_PREFIX_PATH=/RoverFlake2/install/moveit_resources_fanuc_description:/opt/ros/humble /usr/bin/cmake --build /RoverFlake2/build/moveit_resources_fanuc_moveit_config -- -j32 -l32
[0.493s] Invoked command in '/RoverFlake2/build/moveit_resources_fanuc_moveit_config' returned '0': AMENT_PREFIX_PATH=/RoverFlake2/install/moveit_resources_fanuc_description:${AMENT_PREFIX_PATH} CMAKE_PREFIX_PATH=/RoverFlake2/install/moveit_resources_fanuc_description:/opt/ros/humble /usr/bin/cmake --build /RoverFlake2/build/moveit_resources_fanuc_moveit_config -- -j32 -l32
[0.495s] Invoking command in '/RoverFlake2/build/moveit_resources_fanuc_moveit_config': AMENT_PREFIX_PATH=/RoverFlake2/install/moveit_resources_fanuc_description:${AMENT_PREFIX_PATH} CMAKE_PREFIX_PATH=/RoverFlake2/install/moveit_resources_fanuc_description:/opt/ros/humble /usr/bin/cmake --install /RoverFlake2/build/moveit_resources_fanuc_moveit_config
[0.501s] -- Install configuration: "Release"
[0.501s] -- Installing: /RoverFlake2/install/moveit_resources_fanuc_moveit_config/share/ament_index/resource_index/package_run_dependencies/moveit_resources_fanuc_moveit_config
[0.501s] -- Installing: /RoverFlake2/install/moveit_resources_fanuc_moveit_config/share/ament_index/resource_index/parent_prefix_path/moveit_resources_fanuc_moveit_config
[0.502s] -- Installing: /RoverFlake2/install/moveit_resources_fanuc_moveit_config/share/moveit_resources_fanuc_moveit_config/environment/ament_prefix_path.sh
[0.502s] -- Installing: /RoverFlake2/install/moveit_resources_fanuc_moveit_config/share/moveit_resources_fanuc_moveit_config/environment/ament_prefix_path.dsv
[0.502s] -- Installing: /RoverFlake2/install/moveit_resources_fanuc_moveit_config/share/moveit_resources_fanuc_moveit_config/environment/path.sh
[0.502s] -- Installing: /RoverFlake2/install/moveit_resources_fanuc_moveit_config/share/moveit_resources_fanuc_moveit_config/environment/path.dsv
[0.502s] -- Installing: /RoverFlake2/install/moveit_resources_fanuc_moveit_config/share/moveit_resources_fanuc_moveit_config/local_setup.bash
[0.502s] -- Installing: /RoverFlake2/install/moveit_resources_fanuc_moveit_config/share/moveit_resources_fanuc_moveit_config/local_setup.sh
[0.503s] -- Installing: /RoverFlake2/install/moveit_resources_fanuc_moveit_config/share/moveit_resources_fanuc_moveit_config/local_setup.zsh
[0.503s] -- Installing: /RoverFlake2/install/moveit_resources_fanuc_moveit_config/share/moveit_resources_fanuc_moveit_config/local_setup.dsv
[0.503s] -- Installing: /RoverFlake2/install/moveit_resources_fanuc_moveit_config/share/moveit_resources_fanuc_moveit_config/package.dsv
[0.503s] -- Installing: /RoverFlake2/install/moveit_resources_fanuc_moveit_config/share/ament_index/resource_index/packages/moveit_resources_fanuc_moveit_config
[0.503s] -- Installing: /RoverFlake2/install/moveit_resources_fanuc_moveit_config/share/moveit_resources_fanuc_moveit_config/cmake/moveit_resources_fanuc_moveit_configConfig.cmake
[0.503s] -- Installing: /RoverFlake2/install/moveit_resources_fanuc_moveit_config/share/moveit_resources_fanuc_moveit_config/cmake/moveit_resources_fanuc_moveit_configConfig-version.cmake
[0.503s] -- Installing: /RoverFlake2/install/moveit_resources_fanuc_moveit_config/share/moveit_resources_fanuc_moveit_config/package.xml
[0.504s] -- Installing: /RoverFlake2/install/moveit_resources_fanuc_moveit_config/share/moveit_resources_fanuc_moveit_config/launch
[0.504s] -- Installing: /RoverFlake2/install/moveit_resources_fanuc_moveit_config/share/moveit_resources_fanuc_moveit_config/launch/demo.launch.py
[0.504s] -- Installing: /RoverFlake2/install/moveit_resources_fanuc_moveit_config/share/moveit_resources_fanuc_moveit_config/launch/moveit.rviz
[0.504s] -- Installing: /RoverFlake2/install/moveit_resources_fanuc_moveit_config/share/moveit_resources_fanuc_moveit_config/config
[0.504s] -- Installing: /RoverFlake2/install/moveit_resources_fanuc_moveit_config/share/moveit_resources_fanuc_moveit_config/config/moveit_controllers.yaml
[0.504s] -- Installing: /RoverFlake2/install/moveit_resources_fanuc_moveit_config/share/moveit_resources_fanuc_moveit_config/config/sensors_3d.yaml
[0.504s] -- Installing: /RoverFlake2/install/moveit_resources_fanuc_moveit_config/share/moveit_resources_fanuc_moveit_config/config/ompl_planning.yaml
[0.504s] -- Installing: /RoverFlake2/install/moveit_resources_fanuc_moveit_config/share/moveit_resources_fanuc_moveit_config/config/fanuc.urdf.xacro
[0.504s] -- Installing: /RoverFlake2/install/moveit_resources_fanuc_moveit_config/share/moveit_resources_fanuc_moveit_config/config/initial_positions.yaml
[0.504s] -- Installing: /RoverFlake2/install/moveit_resources_fanuc_moveit_config/share/moveit_resources_fanuc_moveit_config/config/kinematics.yaml
[0.505s] -- Installing: /RoverFlake2/install/moveit_resources_fanuc_moveit_config/share/moveit_resources_fanuc_moveit_config/config/fanuc.ros2_control.xacro
[0.505s] -- Installing: /RoverFlake2/install/moveit_resources_fanuc_moveit_config/share/moveit_resources_fanuc_moveit_config/config/joint_limits.yaml
[0.505s] -- Installing: /RoverFlake2/install/moveit_resources_fanuc_moveit_config/share/moveit_resources_fanuc_moveit_config/config/pilz_cartesian_limits.yaml
[0.505s] -- Installing: /RoverFlake2/install/moveit_resources_fanuc_moveit_config/share/moveit_resources_fanuc_moveit_config/config/chomp_planning.yaml
[0.505s] -- Installing: /RoverFlake2/install/moveit_resources_fanuc_moveit_config/share/moveit_resources_fanuc_moveit_config/config/ros2_controllers.yaml
[0.505s] -- Installing: /RoverFlake2/install/moveit_resources_fanuc_moveit_config/share/moveit_resources_fanuc_moveit_config/config/fanuc.srdf
[0.505s] -- Installing: /RoverFlake2/install/moveit_resources_fanuc_moveit_config/share/moveit_resources_fanuc_moveit_config/.setup_assistant
[0.507s] Invoked command in '/RoverFlake2/build/moveit_resources_fanuc_moveit_config' returned '0': AMENT_PREFIX_PATH=/RoverFlake2/install/moveit_resources_fanuc_description:${AMENT_PREFIX_PATH} CMAKE_PREFIX_PATH=/RoverFlake2/install/moveit_resources_fanuc_description:/opt/ros/humble /usr/bin/cmake --install /RoverFlake2/build/moveit_resources_fanuc_moveit_config
