[0.026s] Invoking command in '/RoverFlake2/build/srdfdom': CMAKE_PREFIX_PATH=/opt/ros/humble /usr/bin/cmake /RoverFlake2/src/srdfdom -DCMAKE_BUILD_TYPE=Release -DCMAKE_INSTALL_PREFIX=/RoverFlake2/install/srdfdom
[0.197s] -- The CXX compiler identification is GNU 11.4.0
[0.197s] -- Detecting CXX compiler ABI info
[0.197s] -- Detecting CXX compiler ABI info - done
[0.197s] -- Check for working CXX compiler: /usr/bin/c++ - skipped
[0.197s] -- Detecting CXX compile features
[0.197s] -- Detecting CXX compile features - done
[0.197s] -- Found Boost: /usr/lib/x86_64-linux-gnu/cmake/Boost-1.74.0/BoostConfig.cmake (found version "1.74.0")  
[0.197s] -- Found ament_cmake: 1.3.12 (/opt/ros/humble/share/ament_cmake/cmake)
[0.296s] -- Found Python3: /usr/bin/python3 (found version "3.10.12") found components: Interpreter 
[0.375s] -- Found urdf: 2.6.1 (/opt/ros/humble/share/urdf/cmake)
[0.423s] -- Found TinyXML2 via Config file: TinyXML2_DIR-NOTFOUND
[0.496s] -- Found ament_cmake_gtest: 1.3.12 (/opt/ros/humble/share/ament_cmake_gtest/cmake)
[0.498s] -- Found ament_cmake_pytest: 1.3.12 (/opt/ros/humble/share/ament_cmake_pytest/cmake)
[0.741s] -- Locale nl_NL not available. Locale test will not be meaningful.
[0.743s] -- Found gtest sources under '/opt/ros/humble/src/gtest_vendor': C++ tests using 'Google Test' will be built
[0.776s] -- The C compiler identification is GNU 11.4.0
[0.780s] -- Detecting C compiler ABI info
[0.833s] -- Detecting C compiler ABI info - done
[0.837s] -- Check for working C compiler: /usr/bin/cc - skipped
[0.837s] -- Detecting C compile features
[0.838s] -- Detecting C compile features - done
[0.839s] -- Looking for C++ include pthread.h
[0.905s] -- Looking for C++ include pthread.h - found
[0.905s] -- Performing Test CMAKE_HAVE_LIBC_PTHREAD
[0.971s] -- Performing Test CMAKE_HAVE_LIBC_PTHREAD - Success
[0.972s] -- Found Threads: TRUE  
[0.975s] -- Found ament_lint_auto: 0.12.14 (/opt/ros/humble/share/ament_lint_auto/cmake)
[0.991s] -- Configuring done
[1.001s] -- Generating done
[1.004s] -- Build files have been written to: /RoverFlake2/build/srdfdom
[1.008s] Invoked command in '/RoverFlake2/build/srdfdom' returned '0': CMAKE_PREFIX_PATH=/opt/ros/humble /usr/bin/cmake /RoverFlake2/src/srdfdom -DCMAKE_BUILD_TYPE=Release -DCMAKE_INSTALL_PREFIX=/RoverFlake2/install/srdfdom
[1.010s] Invoking command in '/RoverFlake2/build/srdfdom': CMAKE_PREFIX_PATH=/opt/ros/humble /usr/bin/cmake --build /RoverFlake2/build/srdfdom -- -j32 -l32
[1.046s] [  9%] [32mBuilding CXX object CMakeFiles/srdfdom.dir/src/model.cpp.o[0m
[1.046s] [ 18%] [32mBuilding CXX object gtest/CMakeFiles/gtest_main.dir/src/gtest_main.cc.o[0m
[1.047s] [ 27%] [32mBuilding CXX object CMakeFiles/srdfdom.dir/src/srdf_writer.cpp.o[0m
[1.049s] [ 36%] [32mBuilding CXX object gtest/CMakeFiles/gtest.dir/src/gtest-all.cc.o[0m
[1.052s] [ 36%] Built target ament_cmake_python_copy_srdfdom
[1.199s] running egg_info
[1.199s] creating srdfdom.egg-info
[1.199s] writing srdfdom.egg-info/PKG-INFO
[1.200s] writing dependency_links to srdfdom.egg-info/dependency_links.txt
[1.200s] writing top-level names to srdfdom.egg-info/top_level.txt
[1.200s] writing manifest file 'srdfdom.egg-info/SOURCES.txt'
[1.201s] reading manifest file 'srdfdom.egg-info/SOURCES.txt'
[1.201s] writing manifest file 'srdfdom.egg-info/SOURCES.txt'
[1.233s] [ 36%] Built target ament_cmake_python_build_srdfdom_egg
[1.730s] [ 45%] [32m[1mLinking CXX static library libgtest_main.a[0m
[1.759s] [ 45%] Built target gtest_main
[3.345s] [ 54%] [32m[1mLinking CXX shared library libsrdfdom.so[0m
[3.408s] [ 54%] Built target srdfdom
[6.442s] [ 63%] [32m[1mLinking CXX static library libgtest.a[0m
[6.465s] [ 63%] Built target gtest
[6.478s] [ 72%] [32mBuilding CXX object CMakeFiles/test_cpp_C.dir/test/test_parser.cpp.o[0m
[6.478s] [ 81%] [32mBuilding CXX object CMakeFiles/test_cpp_nl_NL.UTF-8.dir/test/test_parser.cpp.o[0m
[7.952s] [100%] [32m[1mLinking CXX executable test_cpp_C[0m
[7.952s] [100%] [32m[1mLinking CXX executable test_cpp_nl_NL.UTF-8[0m
[8.012s] [100%] Built target test_cpp_nl_NL.UTF-8
[8.012s] [100%] Built target test_cpp_C
[8.021s] Invoked command in '/RoverFlake2/build/srdfdom' returned '0': CMAKE_PREFIX_PATH=/opt/ros/humble /usr/bin/cmake --build /RoverFlake2/build/srdfdom -- -j32 -l32
[8.022s] Invoking command in '/RoverFlake2/build/srdfdom': CMAKE_PREFIX_PATH=/opt/ros/humble /usr/bin/cmake --install /RoverFlake2/build/srdfdom
[8.026s] -- Install configuration: "Release"
[8.026s] -- Installing: /RoverFlake2/install/srdfdom/lib/libsrdfdom.so.2.0.8
[8.027s] -- Set runtime path of "/RoverFlake2/install/srdfdom/lib/libsrdfdom.so.2.0.8" to ""
[8.027s] -- Installing: /RoverFlake2/install/srdfdom/lib/libsrdfdom.so
[8.027s] -- Installing: /RoverFlake2/install/srdfdom/include/srdfdom
[8.027s] -- Installing: /RoverFlake2/install/srdfdom/include/srdfdom/srdfdom
[8.027s] -- Installing: /RoverFlake2/install/srdfdom/include/srdfdom/srdfdom/srdf_writer.h
[8.027s] -- Installing: /RoverFlake2/install/srdfdom/include/srdfdom/srdfdom/model.h
[8.027s] -- Installing: /RoverFlake2/install/srdfdom/include/srdfdom/srdfdom/visibility_control.h
[8.027s] -- Installing: /RoverFlake2/install/srdfdom/lib/srdfdom/display_srdf
[8.028s] -- Installing: /RoverFlake2/install/srdfdom/share/srdfdom/environment/pythonpath.sh
[8.028s] -- Installing: /RoverFlake2/install/srdfdom/share/srdfdom/environment/pythonpath.dsv
[8.028s] -- Installing: /RoverFlake2/install/srdfdom/local/lib/python3.10/dist-packages/srdfdom-2.0.8-py3.10.egg-info
[8.028s] -- Installing: /RoverFlake2/install/srdfdom/local/lib/python3.10/dist-packages/srdfdom-2.0.8-py3.10.egg-info/PKG-INFO
[8.028s] -- Installing: /RoverFlake2/install/srdfdom/local/lib/python3.10/dist-packages/srdfdom-2.0.8-py3.10.egg-info/top_level.txt
[8.028s] -- Installing: /RoverFlake2/install/srdfdom/local/lib/python3.10/dist-packages/srdfdom-2.0.8-py3.10.egg-info/SOURCES.txt
[8.028s] -- Installing: /RoverFlake2/install/srdfdom/local/lib/python3.10/dist-packages/srdfdom-2.0.8-py3.10.egg-info/dependency_links.txt
[8.028s] -- Installing: /RoverFlake2/install/srdfdom/local/lib/python3.10/dist-packages/srdfdom
[8.028s] -- Installing: /RoverFlake2/install/srdfdom/local/lib/python3.10/dist-packages/srdfdom/srdf.py
[8.029s] -- Installing: /RoverFlake2/install/srdfdom/local/lib/python3.10/dist-packages/srdfdom/__init__.py
[8.048s] Listing '/RoverFlake2/install/srdfdom/local/lib/python3.10/dist-packages/srdfdom'...
[8.048s] Compiling '/RoverFlake2/install/srdfdom/local/lib/python3.10/dist-packages/srdfdom/__init__.py'...
[8.049s] Compiling '/RoverFlake2/install/srdfdom/local/lib/python3.10/dist-packages/srdfdom/srdf.py'...
[8.052s] -- Installing: /RoverFlake2/install/srdfdom/share/srdfdom/environment/library_path.sh
[8.052s] -- Installing: /RoverFlake2/install/srdfdom/share/srdfdom/environment/library_path.dsv
[8.052s] -- Installing: /RoverFlake2/install/srdfdom/share/ament_index/resource_index/package_run_dependencies/srdfdom
[8.052s] -- Installing: /RoverFlake2/install/srdfdom/share/ament_index/resource_index/parent_prefix_path/srdfdom
[8.052s] -- Installing: /RoverFlake2/install/srdfdom/share/srdfdom/environment/ament_prefix_path.sh
[8.052s] -- Installing: /RoverFlake2/install/srdfdom/share/srdfdom/environment/ament_prefix_path.dsv
[8.052s] -- Installing: /RoverFlake2/install/srdfdom/share/srdfdom/environment/path.sh
[8.052s] -- Installing: /RoverFlake2/install/srdfdom/share/srdfdom/environment/path.dsv
[8.052s] -- Installing: /RoverFlake2/install/srdfdom/share/srdfdom/local_setup.bash
[8.052s] -- Installing: /RoverFlake2/install/srdfdom/share/srdfdom/local_setup.sh
[8.053s] -- Installing: /RoverFlake2/install/srdfdom/share/srdfdom/local_setup.zsh
[8.053s] -- Installing: /RoverFlake2/install/srdfdom/share/srdfdom/local_setup.dsv
[8.053s] -- Installing: /RoverFlake2/install/srdfdom/share/srdfdom/package.dsv
[8.053s] -- Installing: /RoverFlake2/install/srdfdom/share/ament_index/resource_index/packages/srdfdom
[8.053s] -- Installing: /RoverFlake2/install/srdfdom/share/srdfdom/cmake/srdfdomTargetsExport.cmake
[8.053s] -- Installing: /RoverFlake2/install/srdfdom/share/srdfdom/cmake/srdfdomTargetsExport-release.cmake
[8.053s] -- Installing: /RoverFlake2/install/srdfdom/share/srdfdom/cmake/ament_cmake_export_targets-extras.cmake
[8.053s] -- Installing: /RoverFlake2/install/srdfdom/share/srdfdom/cmake/ament_cmake_export_dependencies-extras.cmake
[8.053s] -- Installing: /RoverFlake2/install/srdfdom/share/srdfdom/cmake/srdfdomConfig.cmake
[8.053s] -- Installing: /RoverFlake2/install/srdfdom/share/srdfdom/cmake/srdfdomConfig-version.cmake
[8.054s] -- Installing: /RoverFlake2/install/srdfdom/share/srdfdom/package.xml
[8.055s] Invoked command in '/RoverFlake2/build/srdfdom' returned '0': CMAKE_PREFIX_PATH=/opt/ros/humble /usr/bin/cmake --install /RoverFlake2/build/srdfdom
