[  1%] [34m[1mAutomatic MOC for target moveit_rviz_plugin_render_tools[0m
[  1%] Built target moveit_rviz_plugin_render_tools_autogen
[35m[1mConsolidate compiler generated dependencies of target moveit_rviz_plugin_render_tools[0m
[  5%] [32mBuilding CXX object rviz_plugin_render_tools/CMakeFiles/moveit_rviz_plugin_render_tools.dir/src/robot_state_visualization.cpp.o[0m
[  5%] [32mBuilding CXX object rviz_plugin_render_tools/CMakeFiles/moveit_rviz_plugin_render_tools.dir/src/render_shapes.cpp.o[0m
[  6%] [32mBuilding CXX object rviz_plugin_render_tools/CMakeFiles/moveit_rviz_plugin_render_tools.dir/src/planning_scene_render.cpp.o[0m
[  8%] [32mBuilding CXX object rviz_plugin_render_tools/CMakeFiles/moveit_rviz_plugin_render_tools.dir/moveit_rviz_plugin_render_tools_autogen/mocs_compilation.cpp.o[0m
[ 10%] [32mBuilding CXX object rviz_plugin_render_tools/CMakeFiles/moveit_rviz_plugin_render_tools.dir/src/trajectory_visualization.cpp.o[0m
[ 12%] [32m[1mLinking CXX shared library libmoveit_rviz_plugin_render_tools.so[0m
[ 18%] Built target moveit_rviz_plugin_render_tools
[ 20%] [34m[1mAutomatic MOC for target moveit_robot_state_rviz_plugin_core[0m
[ 22%] [34m[1mAutomatic MOC for target moveit_planning_scene_rviz_plugin_core[0m
[ 22%] Built target moveit_robot_state_rviz_plugin_core_autogen
[ 24%] [32mBuilding CXX object robot_state_rviz_plugin/CMakeFiles/moveit_robot_state_rviz_plugin_core.dir/moveit_robot_state_rviz_plugin_core_autogen/mocs_compilation.cpp.o[0m
[ 25%] [32mBuilding CXX object robot_state_rviz_plugin/CMakeFiles/moveit_robot_state_rviz_plugin_core.dir/src/robot_state_display.cpp.o[0m
[ 25%] Built target moveit_planning_scene_rviz_plugin_core_autogen
[ 29%] [32mBuilding CXX object planning_scene_rviz_plugin/CMakeFiles/moveit_planning_scene_rviz_plugin_core.dir/src/planning_scene_display.cpp.o[0m
[ 29%] [32mBuilding CXX object planning_scene_rviz_plugin/CMakeFiles/moveit_planning_scene_rviz_plugin_core.dir/moveit_planning_scene_rviz_plugin_core_autogen/mocs_compilation.cpp.o[0m
[ 31%] [32mBuilding CXX object planning_scene_rviz_plugin/CMakeFiles/moveit_planning_scene_rviz_plugin_core.dir/src/background_processing.cpp.o[0m
[ 32%] [32m[1mLinking CXX shared library libmoveit_planning_scene_rviz_plugin_core.so[0m
[ 32%] Built target moveit_planning_scene_rviz_plugin_core
[ 34%] [34m[1mAutomatic MOC for target moveit_trajectory_rviz_plugin_core[0m
[ 36%] [34m[1mAutomatic MOC for target moveit_planning_scene_rviz_plugin[0m
[ 36%] Built target moveit_planning_scene_rviz_plugin_autogen
[ 37%] [32mBuilding CXX object planning_scene_rviz_plugin/CMakeFiles/moveit_planning_scene_rviz_plugin.dir/src/plugin_init.cpp.o[0m
[ 39%] [32mBuilding CXX object planning_scene_rviz_plugin/CMakeFiles/moveit_planning_scene_rviz_plugin.dir/moveit_planning_scene_rviz_plugin_autogen/mocs_compilation.cpp.o[0m
[ 39%] Built target moveit_trajectory_rviz_plugin_core_autogen
[ 41%] [32mBuilding CXX object trajectory_rviz_plugin/CMakeFiles/moveit_trajectory_rviz_plugin_core.dir/moveit_trajectory_rviz_plugin_core_autogen/mocs_compilation.cpp.o[0m
[ 43%] [32mBuilding CXX object trajectory_rviz_plugin/CMakeFiles/moveit_trajectory_rviz_plugin_core.dir/src/trajectory_display.cpp.o[0m
[ 44%] [32m[1mLinking CXX shared library libmoveit_robot_state_rviz_plugin_core.so[0m
[ 44%] Built target moveit_robot_state_rviz_plugin_core
[ 46%] [34m[1mAutomatic MOC for target moveit_robot_state_rviz_plugin[0m
[ 46%] Built target moveit_robot_state_rviz_plugin_autogen
[ 48%] [32mBuilding CXX object robot_state_rviz_plugin/CMakeFiles/moveit_robot_state_rviz_plugin.dir/moveit_robot_state_rviz_plugin_autogen/mocs_compilation.cpp.o[0m
[ 50%] [32mBuilding CXX object robot_state_rviz_plugin/CMakeFiles/moveit_robot_state_rviz_plugin.dir/src/plugin_init.cpp.o[0m
[ 51%] [32m[1mLinking CXX shared library libmoveit_trajectory_rviz_plugin_core.so[0m
[ 51%] Built target moveit_trajectory_rviz_plugin_core
[ 53%] [34m[1mAutomatic MOC for target moveit_trajectory_rviz_plugin[0m
[ 53%] Built target moveit_trajectory_rviz_plugin_autogen
[ 55%] [32mBuilding CXX object trajectory_rviz_plugin/CMakeFiles/moveit_trajectory_rviz_plugin.dir/src/plugin_init.cpp.o[0m
[ 56%] [32mBuilding CXX object trajectory_rviz_plugin/CMakeFiles/moveit_trajectory_rviz_plugin.dir/moveit_trajectory_rviz_plugin_autogen/mocs_compilation.cpp.o[0m
[ 58%] [32m[1mLinking CXX shared library libmoveit_planning_scene_rviz_plugin.so[0m
[ 58%] Built target moveit_planning_scene_rviz_plugin
[ 60%] [34m[1mAutomatic MOC for target moveit_motion_planning_rviz_plugin_core[0m
[ 62%] [32m[1mLinking CXX shared library libmoveit_robot_state_rviz_plugin.so[0m
[ 62%] Built target moveit_motion_planning_rviz_plugin_core_autogen
[ 63%] [34m[1mGenerating ui_motion_planning_rviz_plugin_frame_joints.h[0m
[ 65%] [34m[1mAutomatic RCC for src/icons/icons.qrc[0m
[ 67%] [34m[1mGenerating ui_motion_planning_rviz_plugin_frame.h[0m
[ 68%] [32mBuilding CXX object motion_planning_rviz_plugin/CMakeFiles/moveit_motion_planning_rviz_plugin_core.dir/moveit_motion_planning_rviz_plugin_core_autogen/mocs_compilation.cpp.o[0m
[ 70%] [32mBuilding CXX object motion_planning_rviz_plugin/CMakeFiles/moveit_motion_planning_rviz_plugin_core.dir/src/motion_planning_frame.cpp.o[0m
[ 75%] [32mBuilding CXX object motion_planning_rviz_plugin/CMakeFiles/moveit_motion_planning_rviz_plugin_core.dir/src/motion_planning_frame_joints_widget.cpp.o[0m
[ 75%] [32mBuilding CXX object motion_planning_rviz_plugin/CMakeFiles/moveit_motion_planning_rviz_plugin_core.dir/src/motion_planning_display.cpp.o[0m
[ 75%] [32mBuilding CXX object motion_planning_rviz_plugin/CMakeFiles/moveit_motion_planning_rviz_plugin_core.dir/src/motion_planning_frame_manipulation.cpp.o[0m
[ 77%] [32mBuilding CXX object motion_planning_rviz_plugin/CMakeFiles/moveit_motion_planning_rviz_plugin_core.dir/src/motion_planning_param_widget.cpp.o[0m
[ 86%] [32mBuilding CXX object motion_planning_rviz_plugin/CMakeFiles/moveit_motion_planning_rviz_plugin_core.dir/src/motion_planning_frame_scenes.cpp.o[0m
[ 86%] [32mBuilding CXX object motion_planning_rviz_plugin/CMakeFiles/moveit_motion_planning_rviz_plugin_core.dir/src/motion_planning_frame_planning.cpp.o[0m
[ 86%] [32mBuilding CXX object motion_planning_rviz_plugin/CMakeFiles/moveit_motion_planning_rviz_plugin_core.dir/src/motion_planning_frame_context.cpp.o[0m
[ 86%] [32mBuilding CXX object motion_planning_rviz_plugin/CMakeFiles/moveit_motion_planning_rviz_plugin_core.dir/src/motion_planning_frame_states.cpp.o[0m
[ 89%] [32mBuilding CXX object motion_planning_rviz_plugin/CMakeFiles/moveit_motion_planning_rviz_plugin_core.dir/src/interactive_marker_display.cpp.o[0m
[ 89%] [32mBuilding CXX object motion_planning_rviz_plugin/CMakeFiles/moveit_motion_planning_rviz_plugin_core.dir/src/motion_planning_frame_objects.cpp.o[0m
[ 89%] [32mBuilding CXX object motion_planning_rviz_plugin/CMakeFiles/moveit_motion_planning_rviz_plugin_core.dir/moveit_motion_planning_rviz_plugin_core_autogen/2OST2OT5Q2/qrc_icons.cpp.o[0m
[ 89%] Built target moveit_robot_state_rviz_plugin
[ 91%] [32m[1mLinking CXX shared library libmoveit_trajectory_rviz_plugin.so[0m
[ 91%] Built target moveit_trajectory_rviz_plugin
[ 93%] [32m[1mLinking CXX shared library libmoveit_motion_planning_rviz_plugin_core.so[0m
[ 93%] Built target moveit_motion_planning_rviz_plugin_core
[ 94%] [34m[1mAutomatic MOC for target moveit_motion_planning_rviz_plugin[0m
[ 94%] Built target moveit_motion_planning_rviz_plugin_autogen
[ 96%] [32mBuilding CXX object motion_planning_rviz_plugin/CMakeFiles/moveit_motion_planning_rviz_plugin.dir/moveit_motion_planning_rviz_plugin_autogen/mocs_compilation.cpp.o[0m
[ 98%] [32mBuilding CXX object motion_planning_rviz_plugin/CMakeFiles/moveit_motion_planning_rviz_plugin.dir/src/plugin_init.cpp.o[0m
[100%] [32m[1mLinking CXX shared library libmoveit_motion_planning_rviz_plugin.so[0m
[100%] Built target moveit_motion_planning_rviz_plugin
-- Install configuration: "Release"
-- Installing: /RoverFlake2/install/moveit_ros_visualization/include
-- Installing: /RoverFlake2/install/moveit_ros_visualization/include/moveit
-- Installing: /RoverFlake2/install/moveit_ros_visualization/include/moveit/rviz_plugin_render_tools
-- Installing: /RoverFlake2/install/moveit_ros_visualization/include/moveit/rviz_plugin_render_tools/octomap_render.h
-- Installing: /RoverFlake2/install/moveit_ros_visualization/include/moveit/rviz_plugin_render_tools/render_shapes.h
-- Installing: /RoverFlake2/install/moveit_ros_visualization/include/moveit/rviz_plugin_render_tools/planning_scene_render.h
-- Installing: /RoverFlake2/install/moveit_ros_visualization/include/moveit/rviz_plugin_render_tools/robot_state_visualization.h
-- Installing: /RoverFlake2/install/moveit_ros_visualization/include/moveit/rviz_plugin_render_tools/planning_link_updater.h
-- Installing: /RoverFlake2/install/moveit_ros_visualization/include/moveit/rviz_plugin_render_tools/trajectory_visualization.h
-- Installing: /RoverFlake2/install/moveit_ros_visualization/include/moveit/rviz_plugin_render_tools/trajectory_panel.h
-- Installing: /RoverFlake2/install/moveit_ros_visualization/include/ogre_helpers
-- Installing: /RoverFlake2/install/moveit_ros_visualization/include/ogre_helpers/mesh_shape.hpp
-- Up-to-date: /RoverFlake2/install/moveit_ros_visualization/include
-- Up-to-date: /RoverFlake2/install/moveit_ros_visualization/include/moveit
-- Installing: /RoverFlake2/install/moveit_ros_visualization/include/moveit/robot_state_rviz_plugin
-- Installing: /RoverFlake2/install/moveit_ros_visualization/include/moveit/robot_state_rviz_plugin/robot_state_display.h
-- Up-to-date: /RoverFlake2/install/moveit_ros_visualization/include
-- Up-to-date: /RoverFlake2/install/moveit_ros_visualization/include/moveit
-- Installing: /RoverFlake2/install/moveit_ros_visualization/include/moveit/planning_scene_rviz_plugin
-- Installing: /RoverFlake2/install/moveit_ros_visualization/include/moveit/planning_scene_rviz_plugin/background_processing.hpp
-- Installing: /RoverFlake2/install/moveit_ros_visualization/include/moveit/planning_scene_rviz_plugin/planning_scene_display.h
-- Installing: /RoverFlake2/install/moveit_ros_visualization/include/moveit_planning_scene_rviz_plugin_core_export.h
-- Up-to-date: /RoverFlake2/install/moveit_ros_visualization/include
-- Up-to-date: /RoverFlake2/install/moveit_ros_visualization/include/moveit
-- Installing: /RoverFlake2/install/moveit_ros_visualization/include/moveit/motion_planning_rviz_plugin
-- Installing: /RoverFlake2/install/moveit_ros_visualization/include/moveit/motion_planning_rviz_plugin/interactive_marker_display.h
-- Installing: /RoverFlake2/install/moveit_ros_visualization/include/moveit/motion_planning_rviz_plugin/motion_planning_display.h
-- Installing: /RoverFlake2/install/moveit_ros_visualization/include/moveit/motion_planning_rviz_plugin/motion_planning_param_widget.h
-- Installing: /RoverFlake2/install/moveit_ros_visualization/include/moveit/motion_planning_rviz_plugin/motion_planning_frame.h
-- Installing: /RoverFlake2/install/moveit_ros_visualization/include/moveit/motion_planning_rviz_plugin/motion_planning_frame_joints_widget.h
-- Up-to-date: /RoverFlake2/install/moveit_ros_visualization/include
-- Up-to-date: /RoverFlake2/install/moveit_ros_visualization/include/moveit
-- Installing: /RoverFlake2/install/moveit_ros_visualization/include/moveit/trajectory_rviz_plugin
-- Installing: /RoverFlake2/install/moveit_ros_visualization/include/moveit/trajectory_rviz_plugin/trajectory_display.h
-- Installing: /RoverFlake2/install/moveit_ros_visualization/share/moveit_ros_visualization/icons
-- Installing: /RoverFlake2/install/moveit_ros_visualization/share/moveit_ros_visualization/icons/classes
-- Installing: /RoverFlake2/install/moveit_ros_visualization/share/moveit_ros_visualization/icons/classes/PlanningScene.png
-- Installing: /RoverFlake2/install/moveit_ros_visualization/share/moveit_ros_visualization/icons/classes/RobotState.png
-- Installing: /RoverFlake2/install/moveit_ros_visualization/share/moveit_ros_visualization/icons/classes/Trajectory.png
-- Installing: /RoverFlake2/install/moveit_ros_visualization/share/moveit_ros_visualization/icons/classes/MotionPlanning.png
-- Installing: /RoverFlake2/install/moveit_ros_visualization/share/moveit_ros_visualization/motion_planning_rviz_plugin_description.xml
-- Installing: /RoverFlake2/install/moveit_ros_visualization/share/moveit_ros_visualization/trajectory_rviz_plugin_description.xml
-- Installing: /RoverFlake2/install/moveit_ros_visualization/share/moveit_ros_visualization/planning_scene_rviz_plugin_description.xml
-- Installing: /RoverFlake2/install/moveit_ros_visualization/share/moveit_ros_visualization/robot_state_rviz_plugin_description.xml
-- Installing: /RoverFlake2/install/moveit_ros_visualization/lib/libmoveit_motion_planning_rviz_plugin.so.2.5.9
-- Set runtime path of "/RoverFlake2/install/moveit_ros_visualization/lib/libmoveit_motion_planning_rviz_plugin.so.2.5.9" to ""
-- Installing: /RoverFlake2/install/moveit_ros_visualization/lib/libmoveit_motion_planning_rviz_plugin.so
-- Installing: /RoverFlake2/install/moveit_ros_visualization/lib/libmoveit_motion_planning_rviz_plugin_core.so.2.5.9
-- Set runtime path of "/RoverFlake2/install/moveit_ros_visualization/lib/libmoveit_motion_planning_rviz_plugin_core.so.2.5.9" to ""
-- Installing: /RoverFlake2/install/moveit_ros_visualization/lib/libmoveit_motion_planning_rviz_plugin_core.so
-- Installing: /RoverFlake2/install/moveit_ros_visualization/lib/libmoveit_planning_scene_rviz_plugin.so.2.5.9
-- Set runtime path of "/RoverFlake2/install/moveit_ros_visualization/lib/libmoveit_planning_scene_rviz_plugin.so.2.5.9" to ""
-- Installing: /RoverFlake2/install/moveit_ros_visualization/lib/libmoveit_planning_scene_rviz_plugin.so
-- Installing: /RoverFlake2/install/moveit_ros_visualization/lib/libmoveit_planning_scene_rviz_plugin_core.so.2.5.9
-- Set runtime path of "/RoverFlake2/install/moveit_ros_visualization/lib/libmoveit_planning_scene_rviz_plugin_core.so.2.5.9" to ""
-- Installing: /RoverFlake2/install/moveit_ros_visualization/lib/libmoveit_planning_scene_rviz_plugin_core.so
-- Installing: /RoverFlake2/install/moveit_ros_visualization/lib/libmoveit_robot_state_rviz_plugin.so.2.5.9
-- Set runtime path of "/RoverFlake2/install/moveit_ros_visualization/lib/libmoveit_robot_state_rviz_plugin.so.2.5.9" to ""
-- Installing: /RoverFlake2/install/moveit_ros_visualization/lib/libmoveit_robot_state_rviz_plugin.so
-- Installing: /RoverFlake2/install/moveit_ros_visualization/lib/libmoveit_robot_state_rviz_plugin_core.so.2.5.9
-- Set runtime path of "/RoverFlake2/install/moveit_ros_visualization/lib/libmoveit_robot_state_rviz_plugin_core.so.2.5.9" to ""
-- Installing: /RoverFlake2/install/moveit_ros_visualization/lib/libmoveit_robot_state_rviz_plugin_core.so
-- Installing: /RoverFlake2/install/moveit_ros_visualization/lib/libmoveit_rviz_plugin_render_tools.so.2.5.9
-- Set runtime path of "/RoverFlake2/install/moveit_ros_visualization/lib/libmoveit_rviz_plugin_render_tools.so.2.5.9" to ""
-- Installing: /RoverFlake2/install/moveit_ros_visualization/lib/libmoveit_rviz_plugin_render_tools.so
-- Installing: /RoverFlake2/install/moveit_ros_visualization/lib/libmoveit_trajectory_rviz_plugin.so.2.5.9
-- Set runtime path of "/RoverFlake2/install/moveit_ros_visualization/lib/libmoveit_trajectory_rviz_plugin.so.2.5.9" to ""
-- Installing: /RoverFlake2/install/moveit_ros_visualization/lib/libmoveit_trajectory_rviz_plugin.so
-- Installing: /RoverFlake2/install/moveit_ros_visualization/lib/libmoveit_trajectory_rviz_plugin_core.so.2.5.9
-- Set runtime path of "/RoverFlake2/install/moveit_ros_visualization/lib/libmoveit_trajectory_rviz_plugin_core.so.2.5.9" to ""
-- Installing: /RoverFlake2/install/moveit_ros_visualization/lib/libmoveit_trajectory_rviz_plugin_core.so
-- Installing: /RoverFlake2/install/moveit_ros_visualization/share/moveit_ros_visualization/environment/library_path.sh
-- Installing: /RoverFlake2/install/moveit_ros_visualization/share/moveit_ros_visualization/environment/library_path.dsv
-- Installing: /RoverFlake2/install/moveit_ros_visualization/share/ament_index/resource_index/package_run_dependencies/moveit_ros_visualization
-- Installing: /RoverFlake2/install/moveit_ros_visualization/share/ament_index/resource_index/parent_prefix_path/moveit_ros_visualization
-- Installing: /RoverFlake2/install/moveit_ros_visualization/share/moveit_ros_visualization/environment/ament_prefix_path.sh
-- Installing: /RoverFlake2/install/moveit_ros_visualization/share/moveit_ros_visualization/environment/ament_prefix_path.dsv
-- Installing: /RoverFlake2/install/moveit_ros_visualization/share/moveit_ros_visualization/environment/path.sh
-- Installing: /RoverFlake2/install/moveit_ros_visualization/share/moveit_ros_visualization/environment/path.dsv
-- Installing: /RoverFlake2/install/moveit_ros_visualization/share/moveit_ros_visualization/local_setup.bash
-- Installing: /RoverFlake2/install/moveit_ros_visualization/share/moveit_ros_visualization/local_setup.sh
-- Installing: /RoverFlake2/install/moveit_ros_visualization/share/moveit_ros_visualization/local_setup.zsh
-- Installing: /RoverFlake2/install/moveit_ros_visualization/share/moveit_ros_visualization/local_setup.dsv
-- Installing: /RoverFlake2/install/moveit_ros_visualization/share/moveit_ros_visualization/package.dsv
-- Installing: /RoverFlake2/install/moveit_ros_visualization/share/ament_index/resource_index/packages/moveit_ros_visualization
-- Installing: /RoverFlake2/install/moveit_ros_visualization/share/ament_index/resource_index/rviz_common__pluginlib__plugin/moveit_ros_visualization
-- Installing: /RoverFlake2/install/moveit_ros_visualization/share/moveit_ros_visualization/cmake/export_moveit_ros_visualizationExport.cmake
-- Installing: /RoverFlake2/install/moveit_ros_visualization/share/moveit_ros_visualization/cmake/export_moveit_ros_visualizationExport-release.cmake
-- Installing: /RoverFlake2/install/moveit_ros_visualization/share/moveit_ros_visualization/cmake/ConfigExtras.cmake
-- Installing: /RoverFlake2/install/moveit_ros_visualization/share/moveit_ros_visualization/cmake/ament_cmake_export_targets-extras.cmake
-- Installing: /RoverFlake2/install/moveit_ros_visualization/share/moveit_ros_visualization/cmake/ament_cmake_export_dependencies-extras.cmake
-- Installing: /RoverFlake2/install/moveit_ros_visualization/share/moveit_ros_visualization/cmake/moveit_ros_visualizationConfig.cmake
-- Installing: /RoverFlake2/install/moveit_ros_visualization/share/moveit_ros_visualization/cmake/moveit_ros_visualizationConfig-version.cmake
-- Installing: /RoverFlake2/install/moveit_ros_visualization/share/moveit_ros_visualization/package.xml
