[0.042s] Invoking command in '/RoverFlake2/build/moveit_ros_visualization': AMENT_PREFIX_PATH=/RoverFlake2/install/moveit_configs_utils:/RoverFlake2/install/launch_param_builder:/RoverFlake2/install/pilz_industrial_motion_planner_testutils:/RoverFlake2/install/moveit_visual_tools:/RoverFlake2/install/moveit_ros_control_interface:/RoverFlake2/install/moveit_plugins:/RoverFlake2/install/moveit_simple_controller_manager:/RoverFlake2/install/moveit_ros_planning_interface:/RoverFlake2/install/moveit_ros_benchmarks:/RoverFlake2/install/moveit_ros_warehouse:/RoverFlake2/install/moveit_ros_robot_interaction:/RoverFlake2/install/moveit_ros_perception:/RoverFlake2/install/moveit_resources_prbt_pg70_support:/RoverFlake2/install/moveit_resources_prbt_moveit_config:/RoverFlake2/install/moveit_ros_move_group:/RoverFlake2/install/moveit_planners_ompl:/RoverFlake2/install/moveit_ros_planning:/RoverFlake2/install/moveit_ros_occupancy_map_monitor:/RoverFlake2/install/moveit_resources_prbt_ikfast_manipulator_plugin:/RoverFlake2/install/moveit_planners_chomp:/RoverFlake2/install/moveit_kinematics:/RoverFlake2/install/moveit_chomp_optimizer_adapter:/RoverFlake2/install/chomp_motion_planner:/RoverFlake2/install/moveit_core:/RoverFlake2/install/srdfdom:/RoverFlake2/install/rviz_marker_tools:/RoverFlake2/install/rosparam_shortcuts:/RoverFlake2/install/moveit_task_constructor_msgs:/RoverFlake2/install/moveit_resources_prbt_support:/RoverFlake2/install/moveit_resources:/RoverFlake2/install/moveit_resources_pr2_description:/RoverFlake2/install/moveit_resources_panda_moveit_config:/RoverFlake2/install/moveit_resources_panda_description:/RoverFlake2/install/moveit_resources_fanuc_moveit_config:/RoverFlake2/install/moveit_resources_fanuc_description:/RoverFlake2/install/moveit_common:/opt/ros/humble CMAKE_PREFIX_PATH=/RoverFlake2/install/moveit_ros_planning_interface:/RoverFlake2/install/moveit_ros_move_group:/RoverFlake2/install/moveit_ros_warehouse:/RoverFlake2/install/moveit_ros_robot_interaction:/RoverFlake2/install/moveit_planners_ompl:/RoverFlake2/install/moveit_kinematics:/RoverFlake2/install/moveit_ros_planning:/RoverFlake2/install/moveit_simple_controller_manager:/RoverFlake2/install/moveit_ros_occupancy_map_monitor:/RoverFlake2/install/moveit_core:/RoverFlake2/install/moveit_resources_panda_moveit_config:/RoverFlake2/install/moveit_resources_fanuc_moveit_config:/RoverFlake2/install/srdfdom:/RoverFlake2/install/moveit_resources_pr2_description:/RoverFlake2/install/moveit_resources_panda_description:/RoverFlake2/install/moveit_resources_fanuc_description:/RoverFlake2/install/moveit_common:/RoverFlake2/install/pilz_industrial_motion_planner_testutils:/RoverFlake2/install/moveit_visual_tools:/RoverFlake2/install/moveit_ros_control_interface:/RoverFlake2/install/moveit_plugins:/RoverFlake2/install/moveit_ros_benchmarks:/RoverFlake2/install/moveit_ros_perception:/RoverFlake2/install/moveit_resources_prbt_pg70_support:/RoverFlake2/install/moveit_resources_prbt_moveit_config:/RoverFlake2/install/moveit_resources_prbt_ikfast_manipulator_plugin:/RoverFlake2/install/moveit_planners_chomp:/RoverFlake2/install/moveit_chomp_optimizer_adapter:/RoverFlake2/install/chomp_motion_planner:/RoverFlake2/install/rviz_marker_tools:/RoverFlake2/install/rosparam_shortcuts:/RoverFlake2/install/moveit_task_constructor_msgs:/RoverFlake2/install/moveit_resources_prbt_support:/RoverFlake2/install/moveit_resources:/RoverFlake2/install/moveit_configs_utils:/RoverFlake2/install/launch_param_builder:/opt/ros/humble LD_LIBRARY_PATH=/RoverFlake2/install/moveit_ros_planning_interface/lib:/RoverFlake2/install/moveit_ros_move_group/lib:/RoverFlake2/install/moveit_ros_warehouse/lib:/RoverFlake2/install/moveit_ros_robot_interaction/lib:/RoverFlake2/install/moveit_planners_ompl/lib:/RoverFlake2/install/moveit_kinematics/lib:/RoverFlake2/install/moveit_ros_planning/lib:/RoverFlake2/install/moveit_simple_controller_manager/lib:/RoverFlake2/install/moveit_ros_occupancy_map_monitor/lib:/RoverFlake2/install/moveit_core/lib:/RoverFlake2/install/srdfdom/lib:/RoverFlake2/install/pilz_industrial_motion_planner_testutils/lib:/RoverFlake2/install/moveit_visual_tools/lib:/RoverFlake2/install/moveit_ros_control_interface/lib:/RoverFlake2/install/moveit_ros_benchmarks/lib:/RoverFlake2/install/moveit_ros_perception/lib:/RoverFlake2/install/moveit_resources_prbt_ikfast_manipulator_plugin/lib:/RoverFlake2/install/moveit_planners_chomp/lib:/RoverFlake2/install/moveit_chomp_optimizer_adapter/lib:/RoverFlake2/install/chomp_motion_planner/lib:/RoverFlake2/install/rviz_marker_tools/lib:/RoverFlake2/install/rosparam_shortcuts/lib:/RoverFlake2/install/moveit_task_constructor_msgs/lib:/opt/ros/humble/opt/rviz_ogre_vendor/lib:/opt/ros/humble/lib/x86_64-linux-gnu:/opt/ros/humble/lib PYTHONPATH=/RoverFlake2/install/moveit_configs_utils/lib/python3.10/site-packages:/RoverFlake2/install/launch_param_builder/lib/python3.10/site-packages:/RoverFlake2/install/srdfdom/local/lib/python3.10/dist-packages:/RoverFlake2/install/moveit_task_constructor_msgs/local/lib/python3.10/dist-packages:/opt/ros/humble/lib/python3.10/site-packages:/opt/ros/humble/local/lib/python3.10/dist-packages /usr/bin/cmake --build /RoverFlake2/build/moveit_ros_visualization -- -j32 -l32
[0.092s] [  1%] [34m[1mAutomatic MOC for target moveit_rviz_plugin_render_tools[0m
[0.114s] [  1%] Built target moveit_rviz_plugin_render_tools_autogen
[0.127s] [35m[1mConsolidate compiler generated dependencies of target moveit_rviz_plugin_render_tools[0m
[0.144s] [  5%] [32mBuilding CXX object rviz_plugin_render_tools/CMakeFiles/moveit_rviz_plugin_render_tools.dir/src/robot_state_visualization.cpp.o[0m
[0.144s] [  5%] [32mBuilding CXX object rviz_plugin_render_tools/CMakeFiles/moveit_rviz_plugin_render_tools.dir/src/render_shapes.cpp.o[0m
[0.145s] [  6%] [32mBuilding CXX object rviz_plugin_render_tools/CMakeFiles/moveit_rviz_plugin_render_tools.dir/src/planning_scene_render.cpp.o[0m
[0.145s] [  8%] [32mBuilding CXX object rviz_plugin_render_tools/CMakeFiles/moveit_rviz_plugin_render_tools.dir/moveit_rviz_plugin_render_tools_autogen/mocs_compilation.cpp.o[0m
[0.152s] [ 10%] [32mBuilding CXX object rviz_plugin_render_tools/CMakeFiles/moveit_rviz_plugin_render_tools.dir/src/trajectory_visualization.cpp.o[0m
[11.112s] [ 12%] [32m[1mLinking CXX shared library libmoveit_rviz_plugin_render_tools.so[0m
[12.515s] [ 18%] Built target moveit_rviz_plugin_render_tools
[12.532s] [ 20%] [34m[1mAutomatic MOC for target moveit_robot_state_rviz_plugin_core[0m
[12.532s] [ 22%] [34m[1mAutomatic MOC for target moveit_planning_scene_rviz_plugin_core[0m
[12.687s] [ 22%] Built target moveit_robot_state_rviz_plugin_core_autogen
[12.705s] [ 24%] [32mBuilding CXX object robot_state_rviz_plugin/CMakeFiles/moveit_robot_state_rviz_plugin_core.dir/moveit_robot_state_rviz_plugin_core_autogen/mocs_compilation.cpp.o[0m
[12.705s] [ 25%] [32mBuilding CXX object robot_state_rviz_plugin/CMakeFiles/moveit_robot_state_rviz_plugin_core.dir/src/robot_state_display.cpp.o[0m
[12.763s] [ 25%] Built target moveit_planning_scene_rviz_plugin_core_autogen
[12.781s] [ 29%] [32mBuilding CXX object planning_scene_rviz_plugin/CMakeFiles/moveit_planning_scene_rviz_plugin_core.dir/src/planning_scene_display.cpp.o[0m
[12.781s] [ 29%] [32mBuilding CXX object planning_scene_rviz_plugin/CMakeFiles/moveit_planning_scene_rviz_plugin_core.dir/moveit_planning_scene_rviz_plugin_core_autogen/mocs_compilation.cpp.o[0m
[12.782s] [ 31%] [32mBuilding CXX object planning_scene_rviz_plugin/CMakeFiles/moveit_planning_scene_rviz_plugin_core.dir/src/background_processing.cpp.o[0m
[21.403s] [ 32%] [32m[1mLinking CXX shared library libmoveit_planning_scene_rviz_plugin_core.so[0m
[22.689s] [ 32%] Built target moveit_planning_scene_rviz_plugin_core
[22.707s] [ 34%] [34m[1mAutomatic MOC for target moveit_trajectory_rviz_plugin_core[0m
[22.707s] [ 36%] [34m[1mAutomatic MOC for target moveit_planning_scene_rviz_plugin[0m
[22.729s] [ 36%] Built target moveit_planning_scene_rviz_plugin_autogen
[22.748s] [ 37%] [32mBuilding CXX object planning_scene_rviz_plugin/CMakeFiles/moveit_planning_scene_rviz_plugin.dir/src/plugin_init.cpp.o[0m
[22.748s] [ 39%] [32mBuilding CXX object planning_scene_rviz_plugin/CMakeFiles/moveit_planning_scene_rviz_plugin.dir/moveit_planning_scene_rviz_plugin_autogen/mocs_compilation.cpp.o[0m
[22.938s] [ 39%] Built target moveit_trajectory_rviz_plugin_core_autogen
[22.958s] [ 41%] [32mBuilding CXX object trajectory_rviz_plugin/CMakeFiles/moveit_trajectory_rviz_plugin_core.dir/moveit_trajectory_rviz_plugin_core_autogen/mocs_compilation.cpp.o[0m
[22.958s] [ 43%] [32mBuilding CXX object trajectory_rviz_plugin/CMakeFiles/moveit_trajectory_rviz_plugin_core.dir/src/trajectory_display.cpp.o[0m
[23.481s] [ 44%] [32m[1mLinking CXX shared library libmoveit_robot_state_rviz_plugin_core.so[0m
[24.891s] [ 44%] Built target moveit_robot_state_rviz_plugin_core
[24.910s] [ 46%] [34m[1mAutomatic MOC for target moveit_robot_state_rviz_plugin[0m
[24.932s] [ 46%] Built target moveit_robot_state_rviz_plugin_autogen
[24.950s] [ 48%] [32mBuilding CXX object robot_state_rviz_plugin/CMakeFiles/moveit_robot_state_rviz_plugin.dir/moveit_robot_state_rviz_plugin_autogen/mocs_compilation.cpp.o[0m
[24.950s] [ 50%] [32mBuilding CXX object robot_state_rviz_plugin/CMakeFiles/moveit_robot_state_rviz_plugin.dir/src/plugin_init.cpp.o[0m
[29.424s] [ 51%] [32m[1mLinking CXX shared library libmoveit_trajectory_rviz_plugin_core.so[0m
[29.823s] [ 51%] Built target moveit_trajectory_rviz_plugin_core
[29.841s] [ 53%] [34m[1mAutomatic MOC for target moveit_trajectory_rviz_plugin[0m
[29.864s] [ 53%] Built target moveit_trajectory_rviz_plugin_autogen
[29.883s] [ 55%] [32mBuilding CXX object trajectory_rviz_plugin/CMakeFiles/moveit_trajectory_rviz_plugin.dir/src/plugin_init.cpp.o[0m
[29.884s] [ 56%] [32mBuilding CXX object trajectory_rviz_plugin/CMakeFiles/moveit_trajectory_rviz_plugin.dir/moveit_trajectory_rviz_plugin_autogen/mocs_compilation.cpp.o[0m
[30.145s] [ 58%] [32m[1mLinking CXX shared library libmoveit_planning_scene_rviz_plugin.so[0m
[30.509s] [ 58%] Built target moveit_planning_scene_rviz_plugin
[30.527s] [ 60%] [34m[1mAutomatic MOC for target moveit_motion_planning_rviz_plugin_core[0m
[30.750s] [ 62%] [32m[1mLinking CXX shared library libmoveit_robot_state_rviz_plugin.so[0m
[30.883s] [ 62%] Built target moveit_motion_planning_rviz_plugin_core_autogen
[30.893s] [ 63%] [34m[1mGenerating ui_motion_planning_rviz_plugin_frame_joints.h[0m
[30.893s] [ 65%] [34m[1mAutomatic RCC for src/icons/icons.qrc[0m
[30.893s] [ 67%] [34m[1mGenerating ui_motion_planning_rviz_plugin_frame.h[0m
[30.930s] [ 68%] [32mBuilding CXX object motion_planning_rviz_plugin/CMakeFiles/moveit_motion_planning_rviz_plugin_core.dir/moveit_motion_planning_rviz_plugin_core_autogen/mocs_compilation.cpp.o[0m
[30.931s] [ 70%] [32mBuilding CXX object motion_planning_rviz_plugin/CMakeFiles/moveit_motion_planning_rviz_plugin_core.dir/src/motion_planning_frame.cpp.o[0m
[30.932s] [ 75%] [32mBuilding CXX object motion_planning_rviz_plugin/CMakeFiles/moveit_motion_planning_rviz_plugin_core.dir/src/motion_planning_frame_joints_widget.cpp.o[0m
[30.932s] [ 75%] [32mBuilding CXX object motion_planning_rviz_plugin/CMakeFiles/moveit_motion_planning_rviz_plugin_core.dir/src/motion_planning_display.cpp.o[0m
[30.932s] [ 75%] [32mBuilding CXX object motion_planning_rviz_plugin/CMakeFiles/moveit_motion_planning_rviz_plugin_core.dir/src/motion_planning_frame_manipulation.cpp.o[0m
[30.932s] [ 77%] [32mBuilding CXX object motion_planning_rviz_plugin/CMakeFiles/moveit_motion_planning_rviz_plugin_core.dir/src/motion_planning_param_widget.cpp.o[0m
[30.932s] [ 86%] [32mBuilding CXX object motion_planning_rviz_plugin/CMakeFiles/moveit_motion_planning_rviz_plugin_core.dir/src/motion_planning_frame_scenes.cpp.o[0m
[30.932s] [ 86%] [32mBuilding CXX object motion_planning_rviz_plugin/CMakeFiles/moveit_motion_planning_rviz_plugin_core.dir/src/motion_planning_frame_planning.cpp.o[0m
[30.933s] [ 86%] [32mBuilding CXX object motion_planning_rviz_plugin/CMakeFiles/moveit_motion_planning_rviz_plugin_core.dir/src/motion_planning_frame_context.cpp.o[0m
[30.933s] [ 86%] [32mBuilding CXX object motion_planning_rviz_plugin/CMakeFiles/moveit_motion_planning_rviz_plugin_core.dir/src/motion_planning_frame_states.cpp.o[0m
[30.933s] [ 89%] [32mBuilding CXX object motion_planning_rviz_plugin/CMakeFiles/moveit_motion_planning_rviz_plugin_core.dir/src/interactive_marker_display.cpp.o[0m
[30.933s] [ 89%] [32mBuilding CXX object motion_planning_rviz_plugin/CMakeFiles/moveit_motion_planning_rviz_plugin_core.dir/src/motion_planning_frame_objects.cpp.o[0m
[30.933s] [ 89%] [32mBuilding CXX object motion_planning_rviz_plugin/CMakeFiles/moveit_motion_planning_rviz_plugin_core.dir/moveit_motion_planning_rviz_plugin_core_autogen/2OST2OT5Q2/qrc_icons.cpp.o[0m
[31.148s] [ 89%] Built target moveit_robot_state_rviz_plugin
[38.246s] [ 91%] [32m[1mLinking CXX shared library libmoveit_trajectory_rviz_plugin.so[0m
[38.678s] [ 91%] Built target moveit_trajectory_rviz_plugin
[55.291s] [ 93%] [32m[1mLinking CXX shared library libmoveit_motion_planning_rviz_plugin_core.so[0m
[57.621s] [ 93%] Built target moveit_motion_planning_rviz_plugin_core
[57.645s] [ 94%] [34m[1mAutomatic MOC for target moveit_motion_planning_rviz_plugin[0m
[57.692s] [ 94%] Built target moveit_motion_planning_rviz_plugin_autogen
[57.711s] [ 96%] [32mBuilding CXX object motion_planning_rviz_plugin/CMakeFiles/moveit_motion_planning_rviz_plugin.dir/moveit_motion_planning_rviz_plugin_autogen/mocs_compilation.cpp.o[0m
[57.711s] [ 98%] [32mBuilding CXX object motion_planning_rviz_plugin/CMakeFiles/moveit_motion_planning_rviz_plugin.dir/src/plugin_init.cpp.o[0m
[65.709s] [100%] [32m[1mLinking CXX shared library libmoveit_motion_planning_rviz_plugin.so[0m
[66.111s] [100%] Built target moveit_motion_planning_rviz_plugin
[66.129s] Invoked command in '/RoverFlake2/build/moveit_ros_visualization' returned '0': AMENT_PREFIX_PATH=/RoverFlake2/install/moveit_configs_utils:/RoverFlake2/install/launch_param_builder:/RoverFlake2/install/pilz_industrial_motion_planner_testutils:/RoverFlake2/install/moveit_visual_tools:/RoverFlake2/install/moveit_ros_control_interface:/RoverFlake2/install/moveit_plugins:/RoverFlake2/install/moveit_simple_controller_manager:/RoverFlake2/install/moveit_ros_planning_interface:/RoverFlake2/install/moveit_ros_benchmarks:/RoverFlake2/install/moveit_ros_warehouse:/RoverFlake2/install/moveit_ros_robot_interaction:/RoverFlake2/install/moveit_ros_perception:/RoverFlake2/install/moveit_resources_prbt_pg70_support:/RoverFlake2/install/moveit_resources_prbt_moveit_config:/RoverFlake2/install/moveit_ros_move_group:/RoverFlake2/install/moveit_planners_ompl:/RoverFlake2/install/moveit_ros_planning:/RoverFlake2/install/moveit_ros_occupancy_map_monitor:/RoverFlake2/install/moveit_resources_prbt_ikfast_manipulator_plugin:/RoverFlake2/install/moveit_planners_chomp:/RoverFlake2/install/moveit_kinematics:/RoverFlake2/install/moveit_chomp_optimizer_adapter:/RoverFlake2/install/chomp_motion_planner:/RoverFlake2/install/moveit_core:/RoverFlake2/install/srdfdom:/RoverFlake2/install/rviz_marker_tools:/RoverFlake2/install/rosparam_shortcuts:/RoverFlake2/install/moveit_task_constructor_msgs:/RoverFlake2/install/moveit_resources_prbt_support:/RoverFlake2/install/moveit_resources:/RoverFlake2/install/moveit_resources_pr2_description:/RoverFlake2/install/moveit_resources_panda_moveit_config:/RoverFlake2/install/moveit_resources_panda_description:/RoverFlake2/install/moveit_resources_fanuc_moveit_config:/RoverFlake2/install/moveit_resources_fanuc_description:/RoverFlake2/install/moveit_common:/opt/ros/humble CMAKE_PREFIX_PATH=/RoverFlake2/install/moveit_ros_planning_interface:/RoverFlake2/install/moveit_ros_move_group:/RoverFlake2/install/moveit_ros_warehouse:/RoverFlake2/install/moveit_ros_robot_interaction:/RoverFlake2/install/moveit_planners_ompl:/RoverFlake2/install/moveit_kinematics:/RoverFlake2/install/moveit_ros_planning:/RoverFlake2/install/moveit_simple_controller_manager:/RoverFlake2/install/moveit_ros_occupancy_map_monitor:/RoverFlake2/install/moveit_core:/RoverFlake2/install/moveit_resources_panda_moveit_config:/RoverFlake2/install/moveit_resources_fanuc_moveit_config:/RoverFlake2/install/srdfdom:/RoverFlake2/install/moveit_resources_pr2_description:/RoverFlake2/install/moveit_resources_panda_description:/RoverFlake2/install/moveit_resources_fanuc_description:/RoverFlake2/install/moveit_common:/RoverFlake2/install/pilz_industrial_motion_planner_testutils:/RoverFlake2/install/moveit_visual_tools:/RoverFlake2/install/moveit_ros_control_interface:/RoverFlake2/install/moveit_plugins:/RoverFlake2/install/moveit_ros_benchmarks:/RoverFlake2/install/moveit_ros_perception:/RoverFlake2/install/moveit_resources_prbt_pg70_support:/RoverFlake2/install/moveit_resources_prbt_moveit_config:/RoverFlake2/install/moveit_resources_prbt_ikfast_manipulator_plugin:/RoverFlake2/install/moveit_planners_chomp:/RoverFlake2/install/moveit_chomp_optimizer_adapter:/RoverFlake2/install/chomp_motion_planner:/RoverFlake2/install/rviz_marker_tools:/RoverFlake2/install/rosparam_shortcuts:/RoverFlake2/install/moveit_task_constructor_msgs:/RoverFlake2/install/moveit_resources_prbt_support:/RoverFlake2/install/moveit_resources:/RoverFlake2/install/moveit_configs_utils:/RoverFlake2/install/launch_param_builder:/opt/ros/humble LD_LIBRARY_PATH=/RoverFlake2/install/moveit_ros_planning_interface/lib:/RoverFlake2/install/moveit_ros_move_group/lib:/RoverFlake2/install/moveit_ros_warehouse/lib:/RoverFlake2/install/moveit_ros_robot_interaction/lib:/RoverFlake2/install/moveit_planners_ompl/lib:/RoverFlake2/install/moveit_kinematics/lib:/RoverFlake2/install/moveit_ros_planning/lib:/RoverFlake2/install/moveit_simple_controller_manager/lib:/RoverFlake2/install/moveit_ros_occupancy_map_monitor/lib:/RoverFlake2/install/moveit_core/lib:/RoverFlake2/install/srdfdom/lib:/RoverFlake2/install/pilz_industrial_motion_planner_testutils/lib:/RoverFlake2/install/moveit_visual_tools/lib:/RoverFlake2/install/moveit_ros_control_interface/lib:/RoverFlake2/install/moveit_ros_benchmarks/lib:/RoverFlake2/install/moveit_ros_perception/lib:/RoverFlake2/install/moveit_resources_prbt_ikfast_manipulator_plugin/lib:/RoverFlake2/install/moveit_planners_chomp/lib:/RoverFlake2/install/moveit_chomp_optimizer_adapter/lib:/RoverFlake2/install/chomp_motion_planner/lib:/RoverFlake2/install/rviz_marker_tools/lib:/RoverFlake2/install/rosparam_shortcuts/lib:/RoverFlake2/install/moveit_task_constructor_msgs/lib:/opt/ros/humble/opt/rviz_ogre_vendor/lib:/opt/ros/humble/lib/x86_64-linux-gnu:/opt/ros/humble/lib PYTHONPATH=/RoverFlake2/install/moveit_configs_utils/lib/python3.10/site-packages:/RoverFlake2/install/launch_param_builder/lib/python3.10/site-packages:/RoverFlake2/install/srdfdom/local/lib/python3.10/dist-packages:/RoverFlake2/install/moveit_task_constructor_msgs/local/lib/python3.10/dist-packages:/opt/ros/humble/lib/python3.10/site-packages:/opt/ros/humble/local/lib/python3.10/dist-packages /usr/bin/cmake --build /RoverFlake2/build/moveit_ros_visualization -- -j32 -l32
[66.137s] Invoking command in '/RoverFlake2/build/moveit_ros_visualization': AMENT_PREFIX_PATH=/RoverFlake2/install/moveit_configs_utils:/RoverFlake2/install/launch_param_builder:/RoverFlake2/install/pilz_industrial_motion_planner_testutils:/RoverFlake2/install/moveit_visual_tools:/RoverFlake2/install/moveit_ros_control_interface:/RoverFlake2/install/moveit_plugins:/RoverFlake2/install/moveit_simple_controller_manager:/RoverFlake2/install/moveit_ros_planning_interface:/RoverFlake2/install/moveit_ros_benchmarks:/RoverFlake2/install/moveit_ros_warehouse:/RoverFlake2/install/moveit_ros_robot_interaction:/RoverFlake2/install/moveit_ros_perception:/RoverFlake2/install/moveit_resources_prbt_pg70_support:/RoverFlake2/install/moveit_resources_prbt_moveit_config:/RoverFlake2/install/moveit_ros_move_group:/RoverFlake2/install/moveit_planners_ompl:/RoverFlake2/install/moveit_ros_planning:/RoverFlake2/install/moveit_ros_occupancy_map_monitor:/RoverFlake2/install/moveit_resources_prbt_ikfast_manipulator_plugin:/RoverFlake2/install/moveit_planners_chomp:/RoverFlake2/install/moveit_kinematics:/RoverFlake2/install/moveit_chomp_optimizer_adapter:/RoverFlake2/install/chomp_motion_planner:/RoverFlake2/install/moveit_core:/RoverFlake2/install/srdfdom:/RoverFlake2/install/rviz_marker_tools:/RoverFlake2/install/rosparam_shortcuts:/RoverFlake2/install/moveit_task_constructor_msgs:/RoverFlake2/install/moveit_resources_prbt_support:/RoverFlake2/install/moveit_resources:/RoverFlake2/install/moveit_resources_pr2_description:/RoverFlake2/install/moveit_resources_panda_moveit_config:/RoverFlake2/install/moveit_resources_panda_description:/RoverFlake2/install/moveit_resources_fanuc_moveit_config:/RoverFlake2/install/moveit_resources_fanuc_description:/RoverFlake2/install/moveit_common:/opt/ros/humble CMAKE_PREFIX_PATH=/RoverFlake2/install/moveit_ros_planning_interface:/RoverFlake2/install/moveit_ros_move_group:/RoverFlake2/install/moveit_ros_warehouse:/RoverFlake2/install/moveit_ros_robot_interaction:/RoverFlake2/install/moveit_planners_ompl:/RoverFlake2/install/moveit_kinematics:/RoverFlake2/install/moveit_ros_planning:/RoverFlake2/install/moveit_simple_controller_manager:/RoverFlake2/install/moveit_ros_occupancy_map_monitor:/RoverFlake2/install/moveit_core:/RoverFlake2/install/moveit_resources_panda_moveit_config:/RoverFlake2/install/moveit_resources_fanuc_moveit_config:/RoverFlake2/install/srdfdom:/RoverFlake2/install/moveit_resources_pr2_description:/RoverFlake2/install/moveit_resources_panda_description:/RoverFlake2/install/moveit_resources_fanuc_description:/RoverFlake2/install/moveit_common:/RoverFlake2/install/pilz_industrial_motion_planner_testutils:/RoverFlake2/install/moveit_visual_tools:/RoverFlake2/install/moveit_ros_control_interface:/RoverFlake2/install/moveit_plugins:/RoverFlake2/install/moveit_ros_benchmarks:/RoverFlake2/install/moveit_ros_perception:/RoverFlake2/install/moveit_resources_prbt_pg70_support:/RoverFlake2/install/moveit_resources_prbt_moveit_config:/RoverFlake2/install/moveit_resources_prbt_ikfast_manipulator_plugin:/RoverFlake2/install/moveit_planners_chomp:/RoverFlake2/install/moveit_chomp_optimizer_adapter:/RoverFlake2/install/chomp_motion_planner:/RoverFlake2/install/rviz_marker_tools:/RoverFlake2/install/rosparam_shortcuts:/RoverFlake2/install/moveit_task_constructor_msgs:/RoverFlake2/install/moveit_resources_prbt_support:/RoverFlake2/install/moveit_resources:/RoverFlake2/install/moveit_configs_utils:/RoverFlake2/install/launch_param_builder:/opt/ros/humble LD_LIBRARY_PATH=/RoverFlake2/install/moveit_ros_planning_interface/lib:/RoverFlake2/install/moveit_ros_move_group/lib:/RoverFlake2/install/moveit_ros_warehouse/lib:/RoverFlake2/install/moveit_ros_robot_interaction/lib:/RoverFlake2/install/moveit_planners_ompl/lib:/RoverFlake2/install/moveit_kinematics/lib:/RoverFlake2/install/moveit_ros_planning/lib:/RoverFlake2/install/moveit_simple_controller_manager/lib:/RoverFlake2/install/moveit_ros_occupancy_map_monitor/lib:/RoverFlake2/install/moveit_core/lib:/RoverFlake2/install/srdfdom/lib:/RoverFlake2/install/pilz_industrial_motion_planner_testutils/lib:/RoverFlake2/install/moveit_visual_tools/lib:/RoverFlake2/install/moveit_ros_control_interface/lib:/RoverFlake2/install/moveit_ros_benchmarks/lib:/RoverFlake2/install/moveit_ros_perception/lib:/RoverFlake2/install/moveit_resources_prbt_ikfast_manipulator_plugin/lib:/RoverFlake2/install/moveit_planners_chomp/lib:/RoverFlake2/install/moveit_chomp_optimizer_adapter/lib:/RoverFlake2/install/chomp_motion_planner/lib:/RoverFlake2/install/rviz_marker_tools/lib:/RoverFlake2/install/rosparam_shortcuts/lib:/RoverFlake2/install/moveit_task_constructor_msgs/lib:/opt/ros/humble/opt/rviz_ogre_vendor/lib:/opt/ros/humble/lib/x86_64-linux-gnu:/opt/ros/humble/lib PYTHONPATH=/RoverFlake2/install/moveit_configs_utils/lib/python3.10/site-packages:/RoverFlake2/install/launch_param_builder/lib/python3.10/site-packages:/RoverFlake2/install/srdfdom/local/lib/python3.10/dist-packages:/RoverFlake2/install/moveit_task_constructor_msgs/local/lib/python3.10/dist-packages:/opt/ros/humble/lib/python3.10/site-packages:/opt/ros/humble/local/lib/python3.10/dist-packages /usr/bin/cmake --install /RoverFlake2/build/moveit_ros_visualization
[66.143s] -- Install configuration: "Release"
[66.143s] -- Installing: /RoverFlake2/install/moveit_ros_visualization/include
[66.143s] -- Installing: /RoverFlake2/install/moveit_ros_visualization/include/moveit
[66.143s] -- Installing: /RoverFlake2/install/moveit_ros_visualization/include/moveit/rviz_plugin_render_tools
[66.143s] -- Installing: /RoverFlake2/install/moveit_ros_visualization/include/moveit/rviz_plugin_render_tools/octomap_render.h
[66.144s] -- Installing: /RoverFlake2/install/moveit_ros_visualization/include/moveit/rviz_plugin_render_tools/render_shapes.h
[66.144s] -- Installing: /RoverFlake2/install/moveit_ros_visualization/include/moveit/rviz_plugin_render_tools/planning_scene_render.h
[66.144s] -- Installing: /RoverFlake2/install/moveit_ros_visualization/include/moveit/rviz_plugin_render_tools/robot_state_visualization.h
[66.144s] -- Installing: /RoverFlake2/install/moveit_ros_visualization/include/moveit/rviz_plugin_render_tools/planning_link_updater.h
[66.144s] -- Installing: /RoverFlake2/install/moveit_ros_visualization/include/moveit/rviz_plugin_render_tools/trajectory_visualization.h
[66.144s] -- Installing: /RoverFlake2/install/moveit_ros_visualization/include/moveit/rviz_plugin_render_tools/trajectory_panel.h
[66.144s] -- Installing: /RoverFlake2/install/moveit_ros_visualization/include/ogre_helpers
[66.144s] -- Installing: /RoverFlake2/install/moveit_ros_visualization/include/ogre_helpers/mesh_shape.hpp
[66.145s] -- Up-to-date: /RoverFlake2/install/moveit_ros_visualization/include
[66.145s] -- Up-to-date: /RoverFlake2/install/moveit_ros_visualization/include/moveit
[66.145s] -- Installing: /RoverFlake2/install/moveit_ros_visualization/include/moveit/robot_state_rviz_plugin
[66.145s] -- Installing: /RoverFlake2/install/moveit_ros_visualization/include/moveit/robot_state_rviz_plugin/robot_state_display.h
[66.145s] -- Up-to-date: /RoverFlake2/install/moveit_ros_visualization/include
[66.145s] -- Up-to-date: /RoverFlake2/install/moveit_ros_visualization/include/moveit
[66.145s] -- Installing: /RoverFlake2/install/moveit_ros_visualization/include/moveit/planning_scene_rviz_plugin
[66.145s] -- Installing: /RoverFlake2/install/moveit_ros_visualization/include/moveit/planning_scene_rviz_plugin/background_processing.hpp
[66.145s] -- Installing: /RoverFlake2/install/moveit_ros_visualization/include/moveit/planning_scene_rviz_plugin/planning_scene_display.h
[66.145s] -- Installing: /RoverFlake2/install/moveit_ros_visualization/include/moveit_planning_scene_rviz_plugin_core_export.h
[66.146s] -- Up-to-date: /RoverFlake2/install/moveit_ros_visualization/include
[66.146s] -- Up-to-date: /RoverFlake2/install/moveit_ros_visualization/include/moveit
[66.146s] -- Installing: /RoverFlake2/install/moveit_ros_visualization/include/moveit/motion_planning_rviz_plugin
[66.146s] -- Installing: /RoverFlake2/install/moveit_ros_visualization/include/moveit/motion_planning_rviz_plugin/interactive_marker_display.h
[66.146s] -- Installing: /RoverFlake2/install/moveit_ros_visualization/include/moveit/motion_planning_rviz_plugin/motion_planning_display.h
[66.146s] -- Installing: /RoverFlake2/install/moveit_ros_visualization/include/moveit/motion_planning_rviz_plugin/motion_planning_param_widget.h
[66.146s] -- Installing: /RoverFlake2/install/moveit_ros_visualization/include/moveit/motion_planning_rviz_plugin/motion_planning_frame.h
[66.146s] -- Installing: /RoverFlake2/install/moveit_ros_visualization/include/moveit/motion_planning_rviz_plugin/motion_planning_frame_joints_widget.h
[66.147s] -- Up-to-date: /RoverFlake2/install/moveit_ros_visualization/include
[66.147s] -- Up-to-date: /RoverFlake2/install/moveit_ros_visualization/include/moveit
[66.147s] -- Installing: /RoverFlake2/install/moveit_ros_visualization/include/moveit/trajectory_rviz_plugin
[66.147s] -- Installing: /RoverFlake2/install/moveit_ros_visualization/include/moveit/trajectory_rviz_plugin/trajectory_display.h
[66.147s] -- Installing: /RoverFlake2/install/moveit_ros_visualization/share/moveit_ros_visualization/icons
[66.147s] -- Installing: /RoverFlake2/install/moveit_ros_visualization/share/moveit_ros_visualization/icons/classes
[66.147s] -- Installing: /RoverFlake2/install/moveit_ros_visualization/share/moveit_ros_visualization/icons/classes/PlanningScene.png
[66.147s] -- Installing: /RoverFlake2/install/moveit_ros_visualization/share/moveit_ros_visualization/icons/classes/RobotState.png
[66.147s] -- Installing: /RoverFlake2/install/moveit_ros_visualization/share/moveit_ros_visualization/icons/classes/Trajectory.png
[66.147s] -- Installing: /RoverFlake2/install/moveit_ros_visualization/share/moveit_ros_visualization/icons/classes/MotionPlanning.png
[66.148s] -- Installing: /RoverFlake2/install/moveit_ros_visualization/share/moveit_ros_visualization/motion_planning_rviz_plugin_description.xml
[66.148s] -- Installing: /RoverFlake2/install/moveit_ros_visualization/share/moveit_ros_visualization/trajectory_rviz_plugin_description.xml
[66.148s] -- Installing: /RoverFlake2/install/moveit_ros_visualization/share/moveit_ros_visualization/planning_scene_rviz_plugin_description.xml
[66.148s] -- Installing: /RoverFlake2/install/moveit_ros_visualization/share/moveit_ros_visualization/robot_state_rviz_plugin_description.xml
[66.148s] -- Installing: /RoverFlake2/install/moveit_ros_visualization/lib/libmoveit_motion_planning_rviz_plugin.so.2.5.9
[66.149s] -- Set runtime path of "/RoverFlake2/install/moveit_ros_visualization/lib/libmoveit_motion_planning_rviz_plugin.so.2.5.9" to ""
[66.149s] -- Installing: /RoverFlake2/install/moveit_ros_visualization/lib/libmoveit_motion_planning_rviz_plugin.so
[66.149s] -- Installing: /RoverFlake2/install/moveit_ros_visualization/lib/libmoveit_motion_planning_rviz_plugin_core.so.2.5.9
[66.153s] -- Set runtime path of "/RoverFlake2/install/moveit_ros_visualization/lib/libmoveit_motion_planning_rviz_plugin_core.so.2.5.9" to ""
[66.153s] -- Installing: /RoverFlake2/install/moveit_ros_visualization/lib/libmoveit_motion_planning_rviz_plugin_core.so
[66.153s] -- Installing: /RoverFlake2/install/moveit_ros_visualization/lib/libmoveit_planning_scene_rviz_plugin.so.2.5.9
[66.153s] -- Set runtime path of "/RoverFlake2/install/moveit_ros_visualization/lib/libmoveit_planning_scene_rviz_plugin.so.2.5.9" to ""
[66.153s] -- Installing: /RoverFlake2/install/moveit_ros_visualization/lib/libmoveit_planning_scene_rviz_plugin.so
[66.153s] -- Installing: /RoverFlake2/install/moveit_ros_visualization/lib/libmoveit_planning_scene_rviz_plugin_core.so.2.5.9
[66.154s] -- Set runtime path of "/RoverFlake2/install/moveit_ros_visualization/lib/libmoveit_planning_scene_rviz_plugin_core.so.2.5.9" to ""
[66.154s] -- Installing: /RoverFlake2/install/moveit_ros_visualization/lib/libmoveit_planning_scene_rviz_plugin_core.so
[66.154s] -- Installing: /RoverFlake2/install/moveit_ros_visualization/lib/libmoveit_robot_state_rviz_plugin.so.2.5.9
[66.155s] -- Set runtime path of "/RoverFlake2/install/moveit_ros_visualization/lib/libmoveit_robot_state_rviz_plugin.so.2.5.9" to ""
[66.155s] -- Installing: /RoverFlake2/install/moveit_ros_visualization/lib/libmoveit_robot_state_rviz_plugin.so
[66.155s] -- Installing: /RoverFlake2/install/moveit_ros_visualization/lib/libmoveit_robot_state_rviz_plugin_core.so.2.5.9
[66.157s] -- Set runtime path of "/RoverFlake2/install/moveit_ros_visualization/lib/libmoveit_robot_state_rviz_plugin_core.so.2.5.9" to ""
[66.157s] -- Installing: /RoverFlake2/install/moveit_ros_visualization/lib/libmoveit_robot_state_rviz_plugin_core.so
[66.157s] -- Installing: /RoverFlake2/install/moveit_ros_visualization/lib/libmoveit_rviz_plugin_render_tools.so.2.5.9
[66.159s] -- Set runtime path of "/RoverFlake2/install/moveit_ros_visualization/lib/libmoveit_rviz_plugin_render_tools.so.2.5.9" to ""
[66.159s] -- Installing: /RoverFlake2/install/moveit_ros_visualization/lib/libmoveit_rviz_plugin_render_tools.so
[66.159s] -- Installing: /RoverFlake2/install/moveit_ros_visualization/lib/libmoveit_trajectory_rviz_plugin.so.2.5.9
[66.160s] -- Set runtime path of "/RoverFlake2/install/moveit_ros_visualization/lib/libmoveit_trajectory_rviz_plugin.so.2.5.9" to ""
[66.160s] -- Installing: /RoverFlake2/install/moveit_ros_visualization/lib/libmoveit_trajectory_rviz_plugin.so
[66.160s] -- Installing: /RoverFlake2/install/moveit_ros_visualization/lib/libmoveit_trajectory_rviz_plugin_core.so.2.5.9
[66.160s] -- Set runtime path of "/RoverFlake2/install/moveit_ros_visualization/lib/libmoveit_trajectory_rviz_plugin_core.so.2.5.9" to ""
[66.160s] -- Installing: /RoverFlake2/install/moveit_ros_visualization/lib/libmoveit_trajectory_rviz_plugin_core.so
[66.162s] -- Installing: /RoverFlake2/install/moveit_ros_visualization/share/moveit_ros_visualization/environment/library_path.sh
[66.163s] -- Installing: /RoverFlake2/install/moveit_ros_visualization/share/moveit_ros_visualization/environment/library_path.dsv
[66.163s] -- Installing: /RoverFlake2/install/moveit_ros_visualization/share/ament_index/resource_index/package_run_dependencies/moveit_ros_visualization
[66.164s] -- Installing: /RoverFlake2/install/moveit_ros_visualization/share/ament_index/resource_index/parent_prefix_path/moveit_ros_visualization
[66.166s] -- Installing: /RoverFlake2/install/moveit_ros_visualization/share/moveit_ros_visualization/environment/ament_prefix_path.sh
[66.167s] -- Installing: /RoverFlake2/install/moveit_ros_visualization/share/moveit_ros_visualization/environment/ament_prefix_path.dsv
[66.167s] -- Installing: /RoverFlake2/install/moveit_ros_visualization/share/moveit_ros_visualization/environment/path.sh
[66.167s] -- Installing: /RoverFlake2/install/moveit_ros_visualization/share/moveit_ros_visualization/environment/path.dsv
[66.167s] -- Installing: /RoverFlake2/install/moveit_ros_visualization/share/moveit_ros_visualization/local_setup.bash
[66.167s] -- Installing: /RoverFlake2/install/moveit_ros_visualization/share/moveit_ros_visualization/local_setup.sh
[66.167s] -- Installing: /RoverFlake2/install/moveit_ros_visualization/share/moveit_ros_visualization/local_setup.zsh
[66.168s] -- Installing: /RoverFlake2/install/moveit_ros_visualization/share/moveit_ros_visualization/local_setup.dsv
[66.168s] -- Installing: /RoverFlake2/install/moveit_ros_visualization/share/moveit_ros_visualization/package.dsv
[66.168s] -- Installing: /RoverFlake2/install/moveit_ros_visualization/share/ament_index/resource_index/packages/moveit_ros_visualization
[66.168s] -- Installing: /RoverFlake2/install/moveit_ros_visualization/share/ament_index/resource_index/rviz_common__pluginlib__plugin/moveit_ros_visualization
[66.169s] -- Installing: /RoverFlake2/install/moveit_ros_visualization/share/moveit_ros_visualization/cmake/export_moveit_ros_visualizationExport.cmake
[66.169s] -- Installing: /RoverFlake2/install/moveit_ros_visualization/share/moveit_ros_visualization/cmake/export_moveit_ros_visualizationExport-release.cmake
[66.169s] -- Installing: /RoverFlake2/install/moveit_ros_visualization/share/moveit_ros_visualization/cmake/ConfigExtras.cmake
[66.169s] -- Installing: /RoverFlake2/install/moveit_ros_visualization/share/moveit_ros_visualization/cmake/ament_cmake_export_targets-extras.cmake
[66.170s] -- Installing: /RoverFlake2/install/moveit_ros_visualization/share/moveit_ros_visualization/cmake/ament_cmake_export_dependencies-extras.cmake
[66.170s] -- Installing: /RoverFlake2/install/moveit_ros_visualization/share/moveit_ros_visualization/cmake/moveit_ros_visualizationConfig.cmake
[66.170s] -- Installing: /RoverFlake2/install/moveit_ros_visualization/share/moveit_ros_visualization/cmake/moveit_ros_visualizationConfig-version.cmake
[66.170s] -- Installing: /RoverFlake2/install/moveit_ros_visualization/share/moveit_ros_visualization/package.xml
[66.174s] Invoked command in '/RoverFlake2/build/moveit_ros_visualization' returned '0': AMENT_PREFIX_PATH=/RoverFlake2/install/moveit_configs_utils:/RoverFlake2/install/launch_param_builder:/RoverFlake2/install/pilz_industrial_motion_planner_testutils:/RoverFlake2/install/moveit_visual_tools:/RoverFlake2/install/moveit_ros_control_interface:/RoverFlake2/install/moveit_plugins:/RoverFlake2/install/moveit_simple_controller_manager:/RoverFlake2/install/moveit_ros_planning_interface:/RoverFlake2/install/moveit_ros_benchmarks:/RoverFlake2/install/moveit_ros_warehouse:/RoverFlake2/install/moveit_ros_robot_interaction:/RoverFlake2/install/moveit_ros_perception:/RoverFlake2/install/moveit_resources_prbt_pg70_support:/RoverFlake2/install/moveit_resources_prbt_moveit_config:/RoverFlake2/install/moveit_ros_move_group:/RoverFlake2/install/moveit_planners_ompl:/RoverFlake2/install/moveit_ros_planning:/RoverFlake2/install/moveit_ros_occupancy_map_monitor:/RoverFlake2/install/moveit_resources_prbt_ikfast_manipulator_plugin:/RoverFlake2/install/moveit_planners_chomp:/RoverFlake2/install/moveit_kinematics:/RoverFlake2/install/moveit_chomp_optimizer_adapter:/RoverFlake2/install/chomp_motion_planner:/RoverFlake2/install/moveit_core:/RoverFlake2/install/srdfdom:/RoverFlake2/install/rviz_marker_tools:/RoverFlake2/install/rosparam_shortcuts:/RoverFlake2/install/moveit_task_constructor_msgs:/RoverFlake2/install/moveit_resources_prbt_support:/RoverFlake2/install/moveit_resources:/RoverFlake2/install/moveit_resources_pr2_description:/RoverFlake2/install/moveit_resources_panda_moveit_config:/RoverFlake2/install/moveit_resources_panda_description:/RoverFlake2/install/moveit_resources_fanuc_moveit_config:/RoverFlake2/install/moveit_resources_fanuc_description:/RoverFlake2/install/moveit_common:/opt/ros/humble CMAKE_PREFIX_PATH=/RoverFlake2/install/moveit_ros_planning_interface:/RoverFlake2/install/moveit_ros_move_group:/RoverFlake2/install/moveit_ros_warehouse:/RoverFlake2/install/moveit_ros_robot_interaction:/RoverFlake2/install/moveit_planners_ompl:/RoverFlake2/install/moveit_kinematics:/RoverFlake2/install/moveit_ros_planning:/RoverFlake2/install/moveit_simple_controller_manager:/RoverFlake2/install/moveit_ros_occupancy_map_monitor:/RoverFlake2/install/moveit_core:/RoverFlake2/install/moveit_resources_panda_moveit_config:/RoverFlake2/install/moveit_resources_fanuc_moveit_config:/RoverFlake2/install/srdfdom:/RoverFlake2/install/moveit_resources_pr2_description:/RoverFlake2/install/moveit_resources_panda_description:/RoverFlake2/install/moveit_resources_fanuc_description:/RoverFlake2/install/moveit_common:/RoverFlake2/install/pilz_industrial_motion_planner_testutils:/RoverFlake2/install/moveit_visual_tools:/RoverFlake2/install/moveit_ros_control_interface:/RoverFlake2/install/moveit_plugins:/RoverFlake2/install/moveit_ros_benchmarks:/RoverFlake2/install/moveit_ros_perception:/RoverFlake2/install/moveit_resources_prbt_pg70_support:/RoverFlake2/install/moveit_resources_prbt_moveit_config:/RoverFlake2/install/moveit_resources_prbt_ikfast_manipulator_plugin:/RoverFlake2/install/moveit_planners_chomp:/RoverFlake2/install/moveit_chomp_optimizer_adapter:/RoverFlake2/install/chomp_motion_planner:/RoverFlake2/install/rviz_marker_tools:/RoverFlake2/install/rosparam_shortcuts:/RoverFlake2/install/moveit_task_constructor_msgs:/RoverFlake2/install/moveit_resources_prbt_support:/RoverFlake2/install/moveit_resources:/RoverFlake2/install/moveit_configs_utils:/RoverFlake2/install/launch_param_builder:/opt/ros/humble LD_LIBRARY_PATH=/RoverFlake2/install/moveit_ros_planning_interface/lib:/RoverFlake2/install/moveit_ros_move_group/lib:/RoverFlake2/install/moveit_ros_warehouse/lib:/RoverFlake2/install/moveit_ros_robot_interaction/lib:/RoverFlake2/install/moveit_planners_ompl/lib:/RoverFlake2/install/moveit_kinematics/lib:/RoverFlake2/install/moveit_ros_planning/lib:/RoverFlake2/install/moveit_simple_controller_manager/lib:/RoverFlake2/install/moveit_ros_occupancy_map_monitor/lib:/RoverFlake2/install/moveit_core/lib:/RoverFlake2/install/srdfdom/lib:/RoverFlake2/install/pilz_industrial_motion_planner_testutils/lib:/RoverFlake2/install/moveit_visual_tools/lib:/RoverFlake2/install/moveit_ros_control_interface/lib:/RoverFlake2/install/moveit_ros_benchmarks/lib:/RoverFlake2/install/moveit_ros_perception/lib:/RoverFlake2/install/moveit_resources_prbt_ikfast_manipulator_plugin/lib:/RoverFlake2/install/moveit_planners_chomp/lib:/RoverFlake2/install/moveit_chomp_optimizer_adapter/lib:/RoverFlake2/install/chomp_motion_planner/lib:/RoverFlake2/install/rviz_marker_tools/lib:/RoverFlake2/install/rosparam_shortcuts/lib:/RoverFlake2/install/moveit_task_constructor_msgs/lib:/opt/ros/humble/opt/rviz_ogre_vendor/lib:/opt/ros/humble/lib/x86_64-linux-gnu:/opt/ros/humble/lib PYTHONPATH=/RoverFlake2/install/moveit_configs_utils/lib/python3.10/site-packages:/RoverFlake2/install/launch_param_builder/lib/python3.10/site-packages:/RoverFlake2/install/srdfdom/local/lib/python3.10/dist-packages:/RoverFlake2/install/moveit_task_constructor_msgs/local/lib/python3.10/dist-packages:/opt/ros/humble/lib/python3.10/site-packages:/opt/ros/humble/local/lib/python3.10/dist-packages /usr/bin/cmake --install /RoverFlake2/build/moveit_ros_visualization
