[0.022s] Invoking command in '/RoverFlake2/build/moveit_ros_perception': AMENT_PREFIX_PATH=/RoverFlake2/install/moveit_configs_utils:/RoverFlake2/install/launch_param_builder:/RoverFlake2/install/pilz_industrial_motion_planner_testutils:/RoverFlake2/install/moveit_ros_control_interface:/RoverFlake2/install/moveit_plugins:/RoverFlake2/install/moveit_simple_controller_manager:/RoverFlake2/install/moveit_ros_planning:/RoverFlake2/install/moveit_ros_occupancy_map_monitor:/RoverFlake2/install/moveit_resources_prbt_ikfast_manipulator_plugin:/RoverFlake2/install/moveit_planners_chomp:/RoverFlake2/install/moveit_chomp_optimizer_adapter:/RoverFlake2/install/chomp_motion_planner:/RoverFlake2/install/moveit_core:/RoverFlake2/install/srdfdom:/RoverFlake2/install/rviz_marker_tools:/RoverFlake2/install/rosparam_shortcuts:/RoverFlake2/install/moveit_task_constructor_msgs:/RoverFlake2/install/moveit_resources_prbt_support:/RoverFlake2/install/moveit_resources:/RoverFlake2/install/moveit_resources_pr2_description:/RoverFlake2/install/moveit_resources_panda_moveit_config:/RoverFlake2/install/moveit_resources_panda_description:/RoverFlake2/install/moveit_resources_fanuc_moveit_config:/RoverFlake2/install/moveit_resources_fanuc_description:/RoverFlake2/install/moveit_common:/opt/ros/humble CMAKE_PREFIX_PATH=/RoverFlake2/install/moveit_ros_planning:/RoverFlake2/install/moveit_ros_occupancy_map_monitor:/RoverFlake2/install/moveit_core:/RoverFlake2/install/moveit_resources_panda_moveit_config:/RoverFlake2/install/srdfdom:/RoverFlake2/install/moveit_resources_pr2_description:/RoverFlake2/install/moveit_resources_panda_description:/RoverFlake2/install/moveit_common:/RoverFlake2/install/pilz_industrial_motion_planner_testutils:/RoverFlake2/install/moveit_ros_control_interface:/RoverFlake2/install/moveit_plugins:/RoverFlake2/install/moveit_simple_controller_manager:/RoverFlake2/install/moveit_resources_prbt_ikfast_manipulator_plugin:/RoverFlake2/install/moveit_planners_chomp:/RoverFlake2/install/moveit_chomp_optimizer_adapter:/RoverFlake2/install/chomp_motion_planner:/RoverFlake2/install/rviz_marker_tools:/RoverFlake2/install/rosparam_shortcuts:/RoverFlake2/install/moveit_task_constructor_msgs:/RoverFlake2/install/moveit_resources_prbt_support:/RoverFlake2/install/moveit_resources:/RoverFlake2/install/moveit_resources_fanuc_moveit_config:/RoverFlake2/install/moveit_resources_fanuc_description:/RoverFlake2/install/moveit_configs_utils:/RoverFlake2/install/launch_param_builder:/opt/ros/humble LD_LIBRARY_PATH=/RoverFlake2/install/moveit_ros_planning/lib:/RoverFlake2/install/moveit_ros_occupancy_map_monitor/lib:/RoverFlake2/install/moveit_core/lib:/RoverFlake2/install/srdfdom/lib:/RoverFlake2/install/pilz_industrial_motion_planner_testutils/lib:/RoverFlake2/install/moveit_ros_control_interface/lib:/RoverFlake2/install/moveit_simple_controller_manager/lib:/RoverFlake2/install/moveit_resources_prbt_ikfast_manipulator_plugin/lib:/RoverFlake2/install/moveit_planners_chomp/lib:/RoverFlake2/install/moveit_chomp_optimizer_adapter/lib:/RoverFlake2/install/chomp_motion_planner/lib:/RoverFlake2/install/rviz_marker_tools/lib:/RoverFlake2/install/rosparam_shortcuts/lib:/RoverFlake2/install/moveit_task_constructor_msgs/lib:/opt/ros/humble/opt/rviz_ogre_vendor/lib:/opt/ros/humble/lib/x86_64-linux-gnu:/opt/ros/humble/lib PYTHONPATH=/RoverFlake2/install/moveit_configs_utils/lib/python3.10/site-packages:/RoverFlake2/install/launch_param_builder/lib/python3.10/site-packages:/RoverFlake2/install/srdfdom/local/lib/python3.10/dist-packages:/RoverFlake2/install/moveit_task_constructor_msgs/local/lib/python3.10/dist-packages:/opt/ros/humble/lib/python3.10/site-packages:/opt/ros/humble/local/lib/python3.10/dist-packages /usr/bin/cmake --build /RoverFlake2/build/moveit_ros_perception -- -j32 -l32
[0.066s] [35m[1mConsolidate compiler generated dependencies of target moveit_lazy_free_space_updater[0m
[0.067s] [35m[1mConsolidate compiler generated dependencies of target moveit_point_containment_filter[0m
[0.069s] [35m[1mConsolidate compiler generated dependencies of target moveit_semantic_world[0m
[0.071s] [35m[1mConsolidate compiler generated dependencies of target moveit_mesh_filter[0m
[0.085s] [ 10%] Built target moveit_lazy_free_space_updater
[0.093s] [ 20%] Built target moveit_point_containment_filter
[0.100s] [ 30%] Built target moveit_semantic_world
[0.101s] [ 60%] Built target moveit_mesh_filter
[0.105s] [35m[1mConsolidate compiler generated dependencies of target moveit_pointcloud_octomap_updater_core[0m
[0.113s] [35m[1mConsolidate compiler generated dependencies of target moveit_depth_image_octomap_updater_core[0m
[0.128s] [ 70%] Built target moveit_pointcloud_octomap_updater_core
[0.140s] [35m[1mConsolidate compiler generated dependencies of target moveit_pointcloud_octomap_updater[0m
[0.140s] [ 80%] Built target moveit_depth_image_octomap_updater_core
[0.150s] [35m[1mConsolidate compiler generated dependencies of target moveit_depth_image_octomap_updater[0m
[0.159s] [ 90%] Built target moveit_pointcloud_octomap_updater
[0.168s] [100%] Built target moveit_depth_image_octomap_updater
[0.197s] Invoked command in '/RoverFlake2/build/moveit_ros_perception' returned '0': AMENT_PREFIX_PATH=/RoverFlake2/install/moveit_configs_utils:/RoverFlake2/install/launch_param_builder:/RoverFlake2/install/pilz_industrial_motion_planner_testutils:/RoverFlake2/install/moveit_ros_control_interface:/RoverFlake2/install/moveit_plugins:/RoverFlake2/install/moveit_simple_controller_manager:/RoverFlake2/install/moveit_ros_planning:/RoverFlake2/install/moveit_ros_occupancy_map_monitor:/RoverFlake2/install/moveit_resources_prbt_ikfast_manipulator_plugin:/RoverFlake2/install/moveit_planners_chomp:/RoverFlake2/install/moveit_chomp_optimizer_adapter:/RoverFlake2/install/chomp_motion_planner:/RoverFlake2/install/moveit_core:/RoverFlake2/install/srdfdom:/RoverFlake2/install/rviz_marker_tools:/RoverFlake2/install/rosparam_shortcuts:/RoverFlake2/install/moveit_task_constructor_msgs:/RoverFlake2/install/moveit_resources_prbt_support:/RoverFlake2/install/moveit_resources:/RoverFlake2/install/moveit_resources_pr2_description:/RoverFlake2/install/moveit_resources_panda_moveit_config:/RoverFlake2/install/moveit_resources_panda_description:/RoverFlake2/install/moveit_resources_fanuc_moveit_config:/RoverFlake2/install/moveit_resources_fanuc_description:/RoverFlake2/install/moveit_common:/opt/ros/humble CMAKE_PREFIX_PATH=/RoverFlake2/install/moveit_ros_planning:/RoverFlake2/install/moveit_ros_occupancy_map_monitor:/RoverFlake2/install/moveit_core:/RoverFlake2/install/moveit_resources_panda_moveit_config:/RoverFlake2/install/srdfdom:/RoverFlake2/install/moveit_resources_pr2_description:/RoverFlake2/install/moveit_resources_panda_description:/RoverFlake2/install/moveit_common:/RoverFlake2/install/pilz_industrial_motion_planner_testutils:/RoverFlake2/install/moveit_ros_control_interface:/RoverFlake2/install/moveit_plugins:/RoverFlake2/install/moveit_simple_controller_manager:/RoverFlake2/install/moveit_resources_prbt_ikfast_manipulator_plugin:/RoverFlake2/install/moveit_planners_chomp:/RoverFlake2/install/moveit_chomp_optimizer_adapter:/RoverFlake2/install/chomp_motion_planner:/RoverFlake2/install/rviz_marker_tools:/RoverFlake2/install/rosparam_shortcuts:/RoverFlake2/install/moveit_task_constructor_msgs:/RoverFlake2/install/moveit_resources_prbt_support:/RoverFlake2/install/moveit_resources:/RoverFlake2/install/moveit_resources_fanuc_moveit_config:/RoverFlake2/install/moveit_resources_fanuc_description:/RoverFlake2/install/moveit_configs_utils:/RoverFlake2/install/launch_param_builder:/opt/ros/humble LD_LIBRARY_PATH=/RoverFlake2/install/moveit_ros_planning/lib:/RoverFlake2/install/moveit_ros_occupancy_map_monitor/lib:/RoverFlake2/install/moveit_core/lib:/RoverFlake2/install/srdfdom/lib:/RoverFlake2/install/pilz_industrial_motion_planner_testutils/lib:/RoverFlake2/install/moveit_ros_control_interface/lib:/RoverFlake2/install/moveit_simple_controller_manager/lib:/RoverFlake2/install/moveit_resources_prbt_ikfast_manipulator_plugin/lib:/RoverFlake2/install/moveit_planners_chomp/lib:/RoverFlake2/install/moveit_chomp_optimizer_adapter/lib:/RoverFlake2/install/chomp_motion_planner/lib:/RoverFlake2/install/rviz_marker_tools/lib:/RoverFlake2/install/rosparam_shortcuts/lib:/RoverFlake2/install/moveit_task_constructor_msgs/lib:/opt/ros/humble/opt/rviz_ogre_vendor/lib:/opt/ros/humble/lib/x86_64-linux-gnu:/opt/ros/humble/lib PYTHONPATH=/RoverFlake2/install/moveit_configs_utils/lib/python3.10/site-packages:/RoverFlake2/install/launch_param_builder/lib/python3.10/site-packages:/RoverFlake2/install/srdfdom/local/lib/python3.10/dist-packages:/RoverFlake2/install/moveit_task_constructor_msgs/local/lib/python3.10/dist-packages:/opt/ros/humble/lib/python3.10/site-packages:/opt/ros/humble/local/lib/python3.10/dist-packages /usr/bin/cmake --build /RoverFlake2/build/moveit_ros_perception -- -j32 -l32
[0.199s] Invoking command in '/RoverFlake2/build/moveit_ros_perception': AMENT_PREFIX_PATH=/RoverFlake2/install/moveit_configs_utils:/RoverFlake2/install/launch_param_builder:/RoverFlake2/install/pilz_industrial_motion_planner_testutils:/RoverFlake2/install/moveit_ros_control_interface:/RoverFlake2/install/moveit_plugins:/RoverFlake2/install/moveit_simple_controller_manager:/RoverFlake2/install/moveit_ros_planning:/RoverFlake2/install/moveit_ros_occupancy_map_monitor:/RoverFlake2/install/moveit_resources_prbt_ikfast_manipulator_plugin:/RoverFlake2/install/moveit_planners_chomp:/RoverFlake2/install/moveit_chomp_optimizer_adapter:/RoverFlake2/install/chomp_motion_planner:/RoverFlake2/install/moveit_core:/RoverFlake2/install/srdfdom:/RoverFlake2/install/rviz_marker_tools:/RoverFlake2/install/rosparam_shortcuts:/RoverFlake2/install/moveit_task_constructor_msgs:/RoverFlake2/install/moveit_resources_prbt_support:/RoverFlake2/install/moveit_resources:/RoverFlake2/install/moveit_resources_pr2_description:/RoverFlake2/install/moveit_resources_panda_moveit_config:/RoverFlake2/install/moveit_resources_panda_description:/RoverFlake2/install/moveit_resources_fanuc_moveit_config:/RoverFlake2/install/moveit_resources_fanuc_description:/RoverFlake2/install/moveit_common:/opt/ros/humble CMAKE_PREFIX_PATH=/RoverFlake2/install/moveit_ros_planning:/RoverFlake2/install/moveit_ros_occupancy_map_monitor:/RoverFlake2/install/moveit_core:/RoverFlake2/install/moveit_resources_panda_moveit_config:/RoverFlake2/install/srdfdom:/RoverFlake2/install/moveit_resources_pr2_description:/RoverFlake2/install/moveit_resources_panda_description:/RoverFlake2/install/moveit_common:/RoverFlake2/install/pilz_industrial_motion_planner_testutils:/RoverFlake2/install/moveit_ros_control_interface:/RoverFlake2/install/moveit_plugins:/RoverFlake2/install/moveit_simple_controller_manager:/RoverFlake2/install/moveit_resources_prbt_ikfast_manipulator_plugin:/RoverFlake2/install/moveit_planners_chomp:/RoverFlake2/install/moveit_chomp_optimizer_adapter:/RoverFlake2/install/chomp_motion_planner:/RoverFlake2/install/rviz_marker_tools:/RoverFlake2/install/rosparam_shortcuts:/RoverFlake2/install/moveit_task_constructor_msgs:/RoverFlake2/install/moveit_resources_prbt_support:/RoverFlake2/install/moveit_resources:/RoverFlake2/install/moveit_resources_fanuc_moveit_config:/RoverFlake2/install/moveit_resources_fanuc_description:/RoverFlake2/install/moveit_configs_utils:/RoverFlake2/install/launch_param_builder:/opt/ros/humble LD_LIBRARY_PATH=/RoverFlake2/install/moveit_ros_planning/lib:/RoverFlake2/install/moveit_ros_occupancy_map_monitor/lib:/RoverFlake2/install/moveit_core/lib:/RoverFlake2/install/srdfdom/lib:/RoverFlake2/install/pilz_industrial_motion_planner_testutils/lib:/RoverFlake2/install/moveit_ros_control_interface/lib:/RoverFlake2/install/moveit_simple_controller_manager/lib:/RoverFlake2/install/moveit_resources_prbt_ikfast_manipulator_plugin/lib:/RoverFlake2/install/moveit_planners_chomp/lib:/RoverFlake2/install/moveit_chomp_optimizer_adapter/lib:/RoverFlake2/install/chomp_motion_planner/lib:/RoverFlake2/install/rviz_marker_tools/lib:/RoverFlake2/install/rosparam_shortcuts/lib:/RoverFlake2/install/moveit_task_constructor_msgs/lib:/opt/ros/humble/opt/rviz_ogre_vendor/lib:/opt/ros/humble/lib/x86_64-linux-gnu:/opt/ros/humble/lib PYTHONPATH=/RoverFlake2/install/moveit_configs_utils/lib/python3.10/site-packages:/RoverFlake2/install/launch_param_builder/lib/python3.10/site-packages:/RoverFlake2/install/srdfdom/local/lib/python3.10/dist-packages:/RoverFlake2/install/moveit_task_constructor_msgs/local/lib/python3.10/dist-packages:/opt/ros/humble/lib/python3.10/site-packages:/opt/ros/humble/local/lib/python3.10/dist-packages /usr/bin/cmake --install /RoverFlake2/build/moveit_ros_perception
[0.208s] -- Install configuration: "Release"
[0.208s] -- Installing: /RoverFlake2/install/moveit_ros_perception/include
[0.208s] -- Installing: /RoverFlake2/install/moveit_ros_perception/include/moveit
[0.208s] -- Installing: /RoverFlake2/install/moveit_ros_perception/include/moveit/lazy_free_space_updater
[0.208s] -- Installing: /RoverFlake2/install/moveit_ros_perception/include/moveit/lazy_free_space_updater/lazy_free_space_updater.h
[0.209s] -- Up-to-date: /RoverFlake2/install/moveit_ros_perception/include
[0.209s] -- Up-to-date: /RoverFlake2/install/moveit_ros_perception/include/moveit
[0.209s] -- Installing: /RoverFlake2/install/moveit_ros_perception/include/moveit/point_containment_filter
[0.209s] -- Installing: /RoverFlake2/install/moveit_ros_perception/include/moveit/point_containment_filter/shape_mask.h
[0.209s] -- Up-to-date: /RoverFlake2/install/moveit_ros_perception/include
[0.209s] -- Up-to-date: /RoverFlake2/install/moveit_ros_perception/include/moveit
[0.209s] -- Installing: /RoverFlake2/install/moveit_ros_perception/include/moveit/pointcloud_octomap_updater
[0.209s] -- Installing: /RoverFlake2/install/moveit_ros_perception/include/moveit/pointcloud_octomap_updater/pointcloud_octomap_updater.h
[0.210s] -- Up-to-date: /RoverFlake2/install/moveit_ros_perception/include
[0.210s] -- Up-to-date: /RoverFlake2/install/moveit_ros_perception/include/moveit
[0.210s] -- Installing: /RoverFlake2/install/moveit_ros_perception/include/moveit/mesh_filter
[0.210s] -- Installing: /RoverFlake2/install/moveit_ros_perception/include/moveit/mesh_filter/gl_renderer.h
[0.210s] -- Installing: /RoverFlake2/install/moveit_ros_perception/include/moveit/mesh_filter/mesh_filter_base.h
[0.210s] -- Installing: /RoverFlake2/install/moveit_ros_perception/include/moveit/mesh_filter/filter_job.h
[0.210s] -- Installing: /RoverFlake2/install/moveit_ros_perception/include/moveit/mesh_filter/depth_self_filter_nodelet.h
[0.212s] -- Installing: /RoverFlake2/install/moveit_ros_perception/include/moveit/mesh_filter/transform_provider.h
[0.212s] -- Installing: /RoverFlake2/install/moveit_ros_perception/include/moveit/mesh_filter/stereo_camera_model.h
[0.212s] -- Installing: /RoverFlake2/install/moveit_ros_perception/include/moveit/mesh_filter/sensor_model.h
[0.212s] -- Installing: /RoverFlake2/install/moveit_ros_perception/include/moveit/mesh_filter/gl_mesh.h
[0.212s] -- Installing: /RoverFlake2/install/moveit_ros_perception/include/moveit/mesh_filter/mesh_filter.h
[0.212s] -- Installing: /RoverFlake2/install/moveit_ros_perception/include/moveit_mesh_filter_export.h
[0.212s] -- Up-to-date: /RoverFlake2/install/moveit_ros_perception/include
[0.212s] -- Up-to-date: /RoverFlake2/install/moveit_ros_perception/include/moveit
[0.212s] -- Installing: /RoverFlake2/install/moveit_ros_perception/include/moveit/depth_image_octomap_updater
[0.212s] -- Installing: /RoverFlake2/install/moveit_ros_perception/include/moveit/depth_image_octomap_updater/depth_image_octomap_updater.h
[0.213s] -- Up-to-date: /RoverFlake2/install/moveit_ros_perception/include
[0.213s] -- Up-to-date: /RoverFlake2/install/moveit_ros_perception/include/moveit
[0.213s] -- Installing: /RoverFlake2/install/moveit_ros_perception/include/moveit/semantic_world
[0.213s] -- Installing: /RoverFlake2/install/moveit_ros_perception/include/moveit/semantic_world/semantic_world.h
[0.213s] -- Installing: /RoverFlake2/install/moveit_ros_perception/lib/libmoveit_depth_image_octomap_updater.so.2.5.9
[0.213s] -- Set runtime path of "/RoverFlake2/install/moveit_ros_perception/lib/libmoveit_depth_image_octomap_updater.so.2.5.9" to ""
[0.213s] -- Installing: /RoverFlake2/install/moveit_ros_perception/lib/libmoveit_depth_image_octomap_updater.so
[0.213s] -- Installing: /RoverFlake2/install/moveit_ros_perception/lib/libmoveit_depth_image_octomap_updater_core.so.2.5.9
[0.214s] -- Set runtime path of "/RoverFlake2/install/moveit_ros_perception/lib/libmoveit_depth_image_octomap_updater_core.so.2.5.9" to ""
[0.214s] -- Installing: /RoverFlake2/install/moveit_ros_perception/lib/libmoveit_depth_image_octomap_updater_core.so
[0.215s] -- Installing: /RoverFlake2/install/moveit_ros_perception/lib/libmoveit_lazy_free_space_updater.so.2.5.9
[0.215s] -- Set runtime path of "/RoverFlake2/install/moveit_ros_perception/lib/libmoveit_lazy_free_space_updater.so.2.5.9" to ""
[0.215s] -- Installing: /RoverFlake2/install/moveit_ros_perception/lib/libmoveit_lazy_free_space_updater.so
[0.215s] -- Installing: /RoverFlake2/install/moveit_ros_perception/lib/libmoveit_mesh_filter.so.2.5.9
[0.216s] -- Set runtime path of "/RoverFlake2/install/moveit_ros_perception/lib/libmoveit_mesh_filter.so.2.5.9" to ""
[0.216s] -- Installing: /RoverFlake2/install/moveit_ros_perception/lib/libmoveit_mesh_filter.so
[0.216s] -- Installing: /RoverFlake2/install/moveit_ros_perception/lib/libmoveit_point_containment_filter.so.2.5.9
[0.217s] -- Set runtime path of "/RoverFlake2/install/moveit_ros_perception/lib/libmoveit_point_containment_filter.so.2.5.9" to ""
[0.217s] -- Installing: /RoverFlake2/install/moveit_ros_perception/lib/libmoveit_point_containment_filter.so
[0.217s] -- Installing: /RoverFlake2/install/moveit_ros_perception/lib/libmoveit_pointcloud_octomap_updater.so.2.5.9
[0.218s] -- Set runtime path of "/RoverFlake2/install/moveit_ros_perception/lib/libmoveit_pointcloud_octomap_updater.so.2.5.9" to ""
[0.218s] -- Installing: /RoverFlake2/install/moveit_ros_perception/lib/libmoveit_pointcloud_octomap_updater.so
[0.218s] -- Installing: /RoverFlake2/install/moveit_ros_perception/lib/libmoveit_pointcloud_octomap_updater_core.so.2.5.9
[0.222s] -- Set runtime path of "/RoverFlake2/install/moveit_ros_perception/lib/libmoveit_pointcloud_octomap_updater_core.so.2.5.9" to ""
[0.222s] -- Installing: /RoverFlake2/install/moveit_ros_perception/lib/libmoveit_pointcloud_octomap_updater_core.so
[0.222s] -- Installing: /RoverFlake2/install/moveit_ros_perception/lib/libmoveit_semantic_world.so.2.5.9
[0.223s] -- Set runtime path of "/RoverFlake2/install/moveit_ros_perception/lib/libmoveit_semantic_world.so.2.5.9" to ""
[0.223s] -- Installing: /RoverFlake2/install/moveit_ros_perception/lib/libmoveit_semantic_world.so
[0.224s] -- Installing: /RoverFlake2/install/moveit_ros_perception/share/moveit_ros_perception/environment/library_path.sh
[0.224s] -- Installing: /RoverFlake2/install/moveit_ros_perception/share/moveit_ros_perception/environment/library_path.dsv
[0.224s] -- Installing: /RoverFlake2/install/moveit_ros_perception/share/moveit_ros_perception/pointcloud_octomap_updater_plugin_description.xml
[0.224s] -- Installing: /RoverFlake2/install/moveit_ros_perception/share/moveit_ros_perception/depth_image_octomap_updater_plugin_description.xml
[0.224s] -- Installing: /RoverFlake2/install/moveit_ros_perception/share/ament_index/resource_index/package_run_dependencies/moveit_ros_perception
[0.225s] -- Installing: /RoverFlake2/install/moveit_ros_perception/share/ament_index/resource_index/parent_prefix_path/moveit_ros_perception
[0.225s] -- Installing: /RoverFlake2/install/moveit_ros_perception/share/moveit_ros_perception/environment/ament_prefix_path.sh
[0.225s] -- Installing: /RoverFlake2/install/moveit_ros_perception/share/moveit_ros_perception/environment/ament_prefix_path.dsv
[0.225s] -- Installing: /RoverFlake2/install/moveit_ros_perception/share/moveit_ros_perception/environment/path.sh
[0.225s] -- Installing: /RoverFlake2/install/moveit_ros_perception/share/moveit_ros_perception/environment/path.dsv
[0.225s] -- Installing: /RoverFlake2/install/moveit_ros_perception/share/moveit_ros_perception/local_setup.bash
[0.226s] -- Installing: /RoverFlake2/install/moveit_ros_perception/share/moveit_ros_perception/local_setup.sh
[0.226s] -- Installing: /RoverFlake2/install/moveit_ros_perception/share/moveit_ros_perception/local_setup.zsh
[0.226s] -- Installing: /RoverFlake2/install/moveit_ros_perception/share/moveit_ros_perception/local_setup.dsv
[0.226s] -- Installing: /RoverFlake2/install/moveit_ros_perception/share/moveit_ros_perception/package.dsv
[0.226s] -- Installing: /RoverFlake2/install/moveit_ros_perception/share/ament_index/resource_index/packages/moveit_ros_perception
[0.226s] -- Installing: /RoverFlake2/install/moveit_ros_perception/share/ament_index/resource_index/moveit_ros_occupancy_map_monitor__pluginlib__plugin/moveit_ros_perception
[0.227s] -- Installing: /RoverFlake2/install/moveit_ros_perception/share/moveit_ros_perception/cmake/export_moveit_ros_perceptionExport.cmake
[0.227s] -- Installing: /RoverFlake2/install/moveit_ros_perception/share/moveit_ros_perception/cmake/export_moveit_ros_perceptionExport-release.cmake
[0.227s] -- Installing: /RoverFlake2/install/moveit_ros_perception/share/moveit_ros_perception/cmake/ConfigExtras.cmake
[0.227s] -- Installing: /RoverFlake2/install/moveit_ros_perception/share/moveit_ros_perception/cmake/ament_cmake_export_targets-extras.cmake
[0.228s] -- Installing: /RoverFlake2/install/moveit_ros_perception/share/moveit_ros_perception/cmake/ament_cmake_export_dependencies-extras.cmake
[0.228s] -- Installing: /RoverFlake2/install/moveit_ros_perception/share/moveit_ros_perception/cmake/moveit_ros_perceptionConfig.cmake
[0.228s] -- Installing: /RoverFlake2/install/moveit_ros_perception/share/moveit_ros_perception/cmake/moveit_ros_perceptionConfig-version.cmake
[0.228s] -- Installing: /RoverFlake2/install/moveit_ros_perception/share/moveit_ros_perception/package.xml
[0.231s] Invoked command in '/RoverFlake2/build/moveit_ros_perception' returned '0': AMENT_PREFIX_PATH=/RoverFlake2/install/moveit_configs_utils:/RoverFlake2/install/launch_param_builder:/RoverFlake2/install/pilz_industrial_motion_planner_testutils:/RoverFlake2/install/moveit_ros_control_interface:/RoverFlake2/install/moveit_plugins:/RoverFlake2/install/moveit_simple_controller_manager:/RoverFlake2/install/moveit_ros_planning:/RoverFlake2/install/moveit_ros_occupancy_map_monitor:/RoverFlake2/install/moveit_resources_prbt_ikfast_manipulator_plugin:/RoverFlake2/install/moveit_planners_chomp:/RoverFlake2/install/moveit_chomp_optimizer_adapter:/RoverFlake2/install/chomp_motion_planner:/RoverFlake2/install/moveit_core:/RoverFlake2/install/srdfdom:/RoverFlake2/install/rviz_marker_tools:/RoverFlake2/install/rosparam_shortcuts:/RoverFlake2/install/moveit_task_constructor_msgs:/RoverFlake2/install/moveit_resources_prbt_support:/RoverFlake2/install/moveit_resources:/RoverFlake2/install/moveit_resources_pr2_description:/RoverFlake2/install/moveit_resources_panda_moveit_config:/RoverFlake2/install/moveit_resources_panda_description:/RoverFlake2/install/moveit_resources_fanuc_moveit_config:/RoverFlake2/install/moveit_resources_fanuc_description:/RoverFlake2/install/moveit_common:/opt/ros/humble CMAKE_PREFIX_PATH=/RoverFlake2/install/moveit_ros_planning:/RoverFlake2/install/moveit_ros_occupancy_map_monitor:/RoverFlake2/install/moveit_core:/RoverFlake2/install/moveit_resources_panda_moveit_config:/RoverFlake2/install/srdfdom:/RoverFlake2/install/moveit_resources_pr2_description:/RoverFlake2/install/moveit_resources_panda_description:/RoverFlake2/install/moveit_common:/RoverFlake2/install/pilz_industrial_motion_planner_testutils:/RoverFlake2/install/moveit_ros_control_interface:/RoverFlake2/install/moveit_plugins:/RoverFlake2/install/moveit_simple_controller_manager:/RoverFlake2/install/moveit_resources_prbt_ikfast_manipulator_plugin:/RoverFlake2/install/moveit_planners_chomp:/RoverFlake2/install/moveit_chomp_optimizer_adapter:/RoverFlake2/install/chomp_motion_planner:/RoverFlake2/install/rviz_marker_tools:/RoverFlake2/install/rosparam_shortcuts:/RoverFlake2/install/moveit_task_constructor_msgs:/RoverFlake2/install/moveit_resources_prbt_support:/RoverFlake2/install/moveit_resources:/RoverFlake2/install/moveit_resources_fanuc_moveit_config:/RoverFlake2/install/moveit_resources_fanuc_description:/RoverFlake2/install/moveit_configs_utils:/RoverFlake2/install/launch_param_builder:/opt/ros/humble LD_LIBRARY_PATH=/RoverFlake2/install/moveit_ros_planning/lib:/RoverFlake2/install/moveit_ros_occupancy_map_monitor/lib:/RoverFlake2/install/moveit_core/lib:/RoverFlake2/install/srdfdom/lib:/RoverFlake2/install/pilz_industrial_motion_planner_testutils/lib:/RoverFlake2/install/moveit_ros_control_interface/lib:/RoverFlake2/install/moveit_simple_controller_manager/lib:/RoverFlake2/install/moveit_resources_prbt_ikfast_manipulator_plugin/lib:/RoverFlake2/install/moveit_planners_chomp/lib:/RoverFlake2/install/moveit_chomp_optimizer_adapter/lib:/RoverFlake2/install/chomp_motion_planner/lib:/RoverFlake2/install/rviz_marker_tools/lib:/RoverFlake2/install/rosparam_shortcuts/lib:/RoverFlake2/install/moveit_task_constructor_msgs/lib:/opt/ros/humble/opt/rviz_ogre_vendor/lib:/opt/ros/humble/lib/x86_64-linux-gnu:/opt/ros/humble/lib PYTHONPATH=/RoverFlake2/install/moveit_configs_utils/lib/python3.10/site-packages:/RoverFlake2/install/launch_param_builder/lib/python3.10/site-packages:/RoverFlake2/install/srdfdom/local/lib/python3.10/dist-packages:/RoverFlake2/install/moveit_task_constructor_msgs/local/lib/python3.10/dist-packages:/opt/ros/humble/lib/python3.10/site-packages:/opt/ros/humble/local/lib/python3.10/dist-packages /usr/bin/cmake --install /RoverFlake2/build/moveit_ros_perception
