[0.055s] Invoking command in '/RoverFlake2/build/moveit_task_constructor_core': AMENT_PREFIX_PATH=/RoverFlake2/install/moveit_planners:/RoverFlake2/install/pilz_industrial_motion_planner:/RoverFlake2/install/moveit_configs_utils:/RoverFlake2/install/launch_param_builder:/RoverFlake2/install/pilz_industrial_motion_planner_testutils:/RoverFlake2/install/moveit_visual_tools:/RoverFlake2/install/moveit_ros_control_interface:/RoverFlake2/install/moveit_plugins:/RoverFlake2/install/moveit_simple_controller_manager:/RoverFlake2/install/moveit_ros_planning_interface:/RoverFlake2/install/moveit_ros_benchmarks:/RoverFlake2/install/moveit_ros_warehouse:/RoverFlake2/install/moveit_ros_robot_interaction:/RoverFlake2/install/moveit_ros_perception:/RoverFlake2/install/moveit_resources_prbt_pg70_support:/RoverFlake2/install/moveit_resources_prbt_moveit_config:/RoverFlake2/install/moveit_ros_move_group:/RoverFlake2/install/moveit_planners_ompl:/RoverFlake2/install/moveit_ros_planning:/RoverFlake2/install/moveit_ros_occupancy_map_monitor:/RoverFlake2/install/moveit_resources_prbt_ikfast_manipulator_plugin:/RoverFlake2/install/moveit_planners_chomp:/RoverFlake2/install/moveit_kinematics:/RoverFlake2/install/moveit_chomp_optimizer_adapter:/RoverFlake2/install/chomp_motion_planner:/RoverFlake2/install/moveit_core:/RoverFlake2/install/srdfdom:/RoverFlake2/install/rviz_marker_tools:/RoverFlake2/install/rosparam_shortcuts:/RoverFlake2/install/moveit_task_constructor_msgs:/RoverFlake2/install/moveit_resources_prbt_support:/RoverFlake2/install/moveit_resources:/RoverFlake2/install/moveit_resources_pr2_description:/RoverFlake2/install/moveit_resources_panda_moveit_config:/RoverFlake2/install/moveit_resources_panda_description:/RoverFlake2/install/moveit_resources_fanuc_moveit_config:/RoverFlake2/install/moveit_resources_fanuc_description:/RoverFlake2/install/moveit_common:/opt/ros/humble CMAKE_PREFIX_PATH=/RoverFlake2/install/moveit_planners:/RoverFlake2/install/pilz_industrial_motion_planner:/RoverFlake2/install/moveit_resources_prbt_pg70_support:/RoverFlake2/install/moveit_ros_planning_interface:/RoverFlake2/install/moveit_resources_prbt_moveit_config:/RoverFlake2/install/moveit_ros_move_group:/RoverFlake2/install/moveit_ros_warehouse:/RoverFlake2/install/moveit_planners_ompl:/RoverFlake2/install/moveit_kinematics:/RoverFlake2/install/moveit_ros_planning:/RoverFlake2/install/moveit_planners_chomp:/RoverFlake2/install/pilz_industrial_motion_planner_testutils:/RoverFlake2/install/moveit_simple_controller_manager:/RoverFlake2/install/moveit_ros_occupancy_map_monitor:/RoverFlake2/install/moveit_resources_prbt_ikfast_manipulator_plugin:/RoverFlake2/install/chomp_motion_planner:/RoverFlake2/install/moveit_core:/RoverFlake2/install/rviz_marker_tools:/RoverFlake2/install/moveit_resources_panda_moveit_config:/RoverFlake2/install/moveit_resources_fanuc_moveit_config:/RoverFlake2/install/srdfdom:/RoverFlake2/install/moveit_task_constructor_msgs:/RoverFlake2/install/moveit_resources_prbt_support:/RoverFlake2/install/moveit_resources_pr2_description:/RoverFlake2/install/moveit_resources_panda_description:/RoverFlake2/install/moveit_resources_fanuc_description:/RoverFlake2/install/moveit_common:/RoverFlake2/install/moveit_visual_tools:/RoverFlake2/install/moveit_ros_control_interface:/RoverFlake2/install/moveit_plugins:/RoverFlake2/install/moveit_ros_benchmarks:/RoverFlake2/install/moveit_ros_robot_interaction:/RoverFlake2/install/moveit_ros_perception:/RoverFlake2/install/moveit_chomp_optimizer_adapter:/RoverFlake2/install/rosparam_shortcuts:/RoverFlake2/install/moveit_resources:/RoverFlake2/install/moveit_configs_utils:/RoverFlake2/install/launch_param_builder:/opt/ros/humble LD_LIBRARY_PATH=/RoverFlake2/install/pilz_industrial_motion_planner/lib:/RoverFlake2/install/moveit_ros_planning_interface/lib:/RoverFlake2/install/moveit_ros_move_group/lib:/RoverFlake2/install/moveit_ros_warehouse/lib:/RoverFlake2/install/moveit_planners_ompl/lib:/RoverFlake2/install/moveit_kinematics/lib:/RoverFlake2/install/moveit_ros_planning/lib:/RoverFlake2/install/moveit_planners_chomp/lib:/RoverFlake2/install/pilz_industrial_motion_planner_testutils/lib:/RoverFlake2/install/moveit_simple_controller_manager/lib:/RoverFlake2/install/moveit_ros_occupancy_map_monitor/lib:/RoverFlake2/install/moveit_resources_prbt_ikfast_manipulator_plugin/lib:/RoverFlake2/install/chomp_motion_planner/lib:/RoverFlake2/install/moveit_core/lib:/RoverFlake2/install/rviz_marker_tools/lib:/RoverFlake2/install/srdfdom/lib:/RoverFlake2/install/moveit_task_constructor_msgs/lib:/RoverFlake2/install/moveit_visual_tools/lib:/RoverFlake2/install/moveit_ros_control_interface/lib:/RoverFlake2/install/moveit_ros_benchmarks/lib:/RoverFlake2/install/moveit_ros_robot_interaction/lib:/RoverFlake2/install/moveit_ros_perception/lib:/RoverFlake2/install/moveit_chomp_optimizer_adapter/lib:/RoverFlake2/install/rosparam_shortcuts/lib:/opt/ros/humble/opt/rviz_ogre_vendor/lib:/opt/ros/humble/lib/x86_64-linux-gnu:/opt/ros/humble/lib PYTHONPATH=/RoverFlake2/install/moveit_configs_utils/lib/python3.10/site-packages:/RoverFlake2/install/launch_param_builder/lib/python3.10/site-packages:/RoverFlake2/install/srdfdom/local/lib/python3.10/dist-packages:/RoverFlake2/install/moveit_task_constructor_msgs/local/lib/python3.10/dist-packages:/opt/ros/humble/lib/python3.10/site-packages:/opt/ros/humble/local/lib/python3.10/dist-packages /usr/bin/cmake /RoverFlake2/src/moveit_task_constructor/core -DCMAKE_BUILD_TYPE=Release -DCMAKE_INSTALL_PREFIX=/RoverFlake2/install/moveit_task_constructor_core
[0.097s] -- The C compiler identification is GNU 11.4.0
[0.133s] -- The CXX compiler identification is GNU 11.4.0
[0.139s] -- Detecting C compiler ABI info
[0.196s] -- Detecting C compiler ABI info - done
[0.200s] -- Check for working C compiler: /usr/bin/cc - skipped
[0.200s] -- Detecting C compile features
[0.200s] -- Detecting C compile features - done
[0.202s] -- Detecting CXX compiler ABI info
[0.262s] -- Detecting CXX compiler ABI info - done
[0.266s] -- Check for working CXX compiler: /usr/bin/c++ - skipped
[0.266s] -- Detecting CXX compile features
[0.266s] -- Detecting CXX compile features - done
[0.271s] -- Found ament_cmake: 1.3.12 (/opt/ros/humble/share/ament_cmake/cmake)
[0.376s] -- Found Python3: /usr/bin/python3 (found version "3.10.12") found components: Interpreter 
[0.480s] -- Found Boost: /usr/lib/x86_64-linux-gnu/cmake/Boost-1.74.0/BoostConfig.cmake (found version "1.74.0")  
[0.488s] -- Found geometry_msgs: 4.9.0 (/opt/ros/humble/share/geometry_msgs/cmake)
[0.539s] -- Found rosidl_generator_c: 3.1.8 (/opt/ros/humble/share/rosidl_generator_c/cmake)
[0.548s] -- Found rosidl_adapter: 3.1.8 (/opt/ros/humble/share/rosidl_adapter/cmake)
[0.559s] -- Found rosidl_generator_cpp: 3.1.8 (/opt/ros/humble/share/rosidl_generator_cpp/cmake)
[0.572s] -- Using all available rosidl_typesupport_c: rosidl_typesupport_fastrtps_c;rosidl_typesupport_introspection_c
[0.591s] -- Using all available rosidl_typesupport_cpp: rosidl_typesupport_fastrtps_cpp;rosidl_typesupport_introspection_cpp
[0.620s] -- Found moveit_common: 2.5.9 (/RoverFlake2/install/moveit_common/share/moveit_common/cmake)
[0.665s] -- Found moveit_core: 2.5.9 (/RoverFlake2/install/moveit_core/share/moveit_core/cmake)
[0.872s] -- Found Boost: /usr/lib/x86_64-linux-gnu/cmake/Boost-1.74.0/BoostConfig.cmake (found version "1.74.0") found components: chrono date_time filesystem iostreams program_options regex serialization system thread 
[0.931s] -- Found parameter_traits: 0.6.0 (/opt/ros/humble/share/parameter_traits/cmake)
[0.987s] -- Found rmw_implementation_cmake: 6.1.2 (/opt/ros/humble/share/rmw_implementation_cmake/cmake)
[0.992s] -- Found rmw_cyclonedds_cpp: 1.3.4 (/opt/ros/humble/share/rmw_cyclonedds_cpp/cmake)
[1.020s] -- Using RMW implementation 'rmw_cyclonedds_cpp' as default
[1.035s] -- Found Threads: TRUE  
[1.083s] -- Found rclcpp_lifecycle: 16.0.17 (/opt/ros/humble/share/rclcpp_lifecycle/cmake)
[1.108s] -- Found Boost: /usr/lib/x86_64-linux-gnu/cmake/Boost-1.74.0/BoostConfig.cmake (found version "1.74.0") found components: filesystem 
[1.207s] -- library: /usr/lib/x86_64-linux-gnu/libcurl.so
[1.263s] -- Found Eigen3: TRUE (found version "3.4.0") 
[1.263s] -- Ensuring Eigen3 include directory is part of orocos-kdl CMake target
[1.478s] -- Found moveit_ros_planning: 2.5.9 (/RoverFlake2/install/moveit_ros_planning/share/moveit_ros_planning/cmake)
[1.481s] -- Found Boost: /usr/lib/x86_64-linux-gnu/cmake/Boost-1.74.0/BoostConfig.cmake (found version "1.74.0") found components: system filesystem date_time program_options thread chrono 
[1.494s] -- Found moveit_ros_planning_interface: 2.5.9 (/RoverFlake2/install/moveit_ros_planning_interface/share/moveit_ros_planning_interface/cmake)
[1.497s] -- Found Boost: /usr/lib/x86_64-linux-gnu/cmake/Boost-1.74.0/BoostConfig.cmake (found version "1.74.0") found components: date_time filesystem program_options system thread 
[1.505s] -- Found Boost: /usr/lib/x86_64-linux-gnu/cmake/Boost-1.74.0/BoostConfig.cmake (found version "1.74.0") found components: thread system filesystem regex date_time program_options 
[1.582s] -- Found Boost: /usr/lib/x86_64-linux-gnu/cmake/Boost-1.74.0/BoostConfig.cmake (found version "1.74.0") found components: system filesystem date_time program_options thread 
[1.605s] -- Found moveit_task_constructor_msgs: 0.1.3 (/RoverFlake2/install/moveit_task_constructor_msgs/share/moveit_task_constructor_msgs/cmake)
[1.626s] -- Found py_binding_tools: 2.0.1 (/opt/ros/humble/share/py_binding_tools/cmake)
[1.630s] -- Found rviz_marker_tools: 0.1.3 (/RoverFlake2/install/rviz_marker_tools/share/rviz_marker_tools/cmake)
[1.779s] -- Found Python3: /usr/bin/python3 (found version "3.10.12") found components: Interpreter Development Development.Module Development.Embed 
[1.780s] [0mMissing content of submodule pybind11: Use 'git clone --recurse-submodule' in future.
[1.780s] Checking out content automatically[0m
[1.832s] Submodule 'core/python/pybind11' (https://github.com/pybind/pybind11) registered for path 'pybind11'
[1.832s] Submodule 'core/src/scope_guard' (https://github.com/ricab/scope_guard) registered for path '../src/scope_guard'
[1.866s] Cloning into '/RoverFlake2/src/moveit_task_constructor/core/python/pybind11'...
[2.733s] Cloning into '/RoverFlake2/src/moveit_task_constructor/core/src/scope_guard'...
[6.218s] From https://github.com/pybind/pybind11
[6.218s]  * branch              f4bc71f981d4eb2dd780215fd3c5a7420f1f03aa -> FETCH_HEAD
[6.285s] Submodule path 'pybind11': checked out 'f4bc71f981d4eb2dd780215fd3c5a7420f1f03aa'
[6.311s] Submodule path '../src/scope_guard': checked out '71a04528184db1749dd08ebbbf4daf3b5dca21fd'
[6.317s] -- pybind11 v2.13.0 dev1
[6.332s] -- Found PythonInterp: /usr/bin/python3 (found suitable version "3.10.12", minimum required is "3.6") 
[6.344s] -- Found PythonLibs: /usr/lib/x86_64-linux-gnu/libpython3.10.so
[6.347s] -- Performing Test HAS_FLTO
[6.468s] -- Performing Test HAS_FLTO - Success
[6.477s] -- Found ament_cmake_pytest: 1.3.12 (/opt/ros/humble/share/ament_cmake_pytest/cmake)
[6.482s] -- Found launch_testing_ament_cmake: 1.0.13 (/opt/ros/humble/share/launch_testing_ament_cmake/cmake)
[6.486s] -- Found python_cmake_module: 0.10.0 (/opt/ros/humble/share/python_cmake_module/cmake)
[6.544s] -- Found PythonLibs: /usr/lib/x86_64-linux-gnu/libpython3.10.so (found suitable version "3.10.12", minimum required is "3.5") 
[6.544s] -- Using PYTHON_EXECUTABLE: /usr/bin/python3
[6.544s] -- Using PYTHON_INCLUDE_DIRS: /usr/include/python3.10
[6.544s] -- Using PYTHON_LIBRARIES: /usr/lib/x86_64-linux-gnu/libpython3.10.so
[6.558s] -- Found PythonExtra: .so  
[6.783s] -- Found ament_cmake_gtest: 1.3.12 (/opt/ros/humble/share/ament_cmake_gtest/cmake)
[6.787s] -- Found ament_cmake_gmock: 1.3.12 (/opt/ros/humble/share/ament_cmake_gmock/cmake)
[6.787s] -- Found launch_testing_ament_cmake: 1.0.13 (/opt/ros/humble/share/launch_testing_ament_cmake/cmake)
[6.787s] -- Found python_cmake_module: 0.10.0 (/opt/ros/humble/share/python_cmake_module/cmake)
[6.801s] -- Using PYTHON_EXECUTABLE: /usr/bin/python3
[6.801s] -- Using PYTHON_INCLUDE_DIRS: /usr/include/python3.10
[6.801s] -- Using PYTHON_LIBRARIES: /usr/lib/x86_64-linux-gnu/libpython3.10.so
[6.807s] -- Found gmock sources under '/opt/ros/humble/src/gmock_vendor': C++ tests using 'Google Mock' will be built
[6.814s] -- Found gtest sources under '/opt/ros/humble/src/gtest_vendor': C++ tests using 'Google Test' will be built
[6.828s] -- Configuring done
[7.078s] -- Generating done
[7.124s] -- Build files have been written to: /RoverFlake2/build/moveit_task_constructor_core
[7.140s] Invoked command in '/RoverFlake2/build/moveit_task_constructor_core' returned '0': AMENT_PREFIX_PATH=/RoverFlake2/install/moveit_planners:/RoverFlake2/install/pilz_industrial_motion_planner:/RoverFlake2/install/moveit_configs_utils:/RoverFlake2/install/launch_param_builder:/RoverFlake2/install/pilz_industrial_motion_planner_testutils:/RoverFlake2/install/moveit_visual_tools:/RoverFlake2/install/moveit_ros_control_interface:/RoverFlake2/install/moveit_plugins:/RoverFlake2/install/moveit_simple_controller_manager:/RoverFlake2/install/moveit_ros_planning_interface:/RoverFlake2/install/moveit_ros_benchmarks:/RoverFlake2/install/moveit_ros_warehouse:/RoverFlake2/install/moveit_ros_robot_interaction:/RoverFlake2/install/moveit_ros_perception:/RoverFlake2/install/moveit_resources_prbt_pg70_support:/RoverFlake2/install/moveit_resources_prbt_moveit_config:/RoverFlake2/install/moveit_ros_move_group:/RoverFlake2/install/moveit_planners_ompl:/RoverFlake2/install/moveit_ros_planning:/RoverFlake2/install/moveit_ros_occupancy_map_monitor:/RoverFlake2/install/moveit_resources_prbt_ikfast_manipulator_plugin:/RoverFlake2/install/moveit_planners_chomp:/RoverFlake2/install/moveit_kinematics:/RoverFlake2/install/moveit_chomp_optimizer_adapter:/RoverFlake2/install/chomp_motion_planner:/RoverFlake2/install/moveit_core:/RoverFlake2/install/srdfdom:/RoverFlake2/install/rviz_marker_tools:/RoverFlake2/install/rosparam_shortcuts:/RoverFlake2/install/moveit_task_constructor_msgs:/RoverFlake2/install/moveit_resources_prbt_support:/RoverFlake2/install/moveit_resources:/RoverFlake2/install/moveit_resources_pr2_description:/RoverFlake2/install/moveit_resources_panda_moveit_config:/RoverFlake2/install/moveit_resources_panda_description:/RoverFlake2/install/moveit_resources_fanuc_moveit_config:/RoverFlake2/install/moveit_resources_fanuc_description:/RoverFlake2/install/moveit_common:/opt/ros/humble CMAKE_PREFIX_PATH=/RoverFlake2/install/moveit_planners:/RoverFlake2/install/pilz_industrial_motion_planner:/RoverFlake2/install/moveit_resources_prbt_pg70_support:/RoverFlake2/install/moveit_ros_planning_interface:/RoverFlake2/install/moveit_resources_prbt_moveit_config:/RoverFlake2/install/moveit_ros_move_group:/RoverFlake2/install/moveit_ros_warehouse:/RoverFlake2/install/moveit_planners_ompl:/RoverFlake2/install/moveit_kinematics:/RoverFlake2/install/moveit_ros_planning:/RoverFlake2/install/moveit_planners_chomp:/RoverFlake2/install/pilz_industrial_motion_planner_testutils:/RoverFlake2/install/moveit_simple_controller_manager:/RoverFlake2/install/moveit_ros_occupancy_map_monitor:/RoverFlake2/install/moveit_resources_prbt_ikfast_manipulator_plugin:/RoverFlake2/install/chomp_motion_planner:/RoverFlake2/install/moveit_core:/RoverFlake2/install/rviz_marker_tools:/RoverFlake2/install/moveit_resources_panda_moveit_config:/RoverFlake2/install/moveit_resources_fanuc_moveit_config:/RoverFlake2/install/srdfdom:/RoverFlake2/install/moveit_task_constructor_msgs:/RoverFlake2/install/moveit_resources_prbt_support:/RoverFlake2/install/moveit_resources_pr2_description:/RoverFlake2/install/moveit_resources_panda_description:/RoverFlake2/install/moveit_resources_fanuc_description:/RoverFlake2/install/moveit_common:/RoverFlake2/install/moveit_visual_tools:/RoverFlake2/install/moveit_ros_control_interface:/RoverFlake2/install/moveit_plugins:/RoverFlake2/install/moveit_ros_benchmarks:/RoverFlake2/install/moveit_ros_robot_interaction:/RoverFlake2/install/moveit_ros_perception:/RoverFlake2/install/moveit_chomp_optimizer_adapter:/RoverFlake2/install/rosparam_shortcuts:/RoverFlake2/install/moveit_resources:/RoverFlake2/install/moveit_configs_utils:/RoverFlake2/install/launch_param_builder:/opt/ros/humble LD_LIBRARY_PATH=/RoverFlake2/install/pilz_industrial_motion_planner/lib:/RoverFlake2/install/moveit_ros_planning_interface/lib:/RoverFlake2/install/moveit_ros_move_group/lib:/RoverFlake2/install/moveit_ros_warehouse/lib:/RoverFlake2/install/moveit_planners_ompl/lib:/RoverFlake2/install/moveit_kinematics/lib:/RoverFlake2/install/moveit_ros_planning/lib:/RoverFlake2/install/moveit_planners_chomp/lib:/RoverFlake2/install/pilz_industrial_motion_planner_testutils/lib:/RoverFlake2/install/moveit_simple_controller_manager/lib:/RoverFlake2/install/moveit_ros_occupancy_map_monitor/lib:/RoverFlake2/install/moveit_resources_prbt_ikfast_manipulator_plugin/lib:/RoverFlake2/install/chomp_motion_planner/lib:/RoverFlake2/install/moveit_core/lib:/RoverFlake2/install/rviz_marker_tools/lib:/RoverFlake2/install/srdfdom/lib:/RoverFlake2/install/moveit_task_constructor_msgs/lib:/RoverFlake2/install/moveit_visual_tools/lib:/RoverFlake2/install/moveit_ros_control_interface/lib:/RoverFlake2/install/moveit_ros_benchmarks/lib:/RoverFlake2/install/moveit_ros_robot_interaction/lib:/RoverFlake2/install/moveit_ros_perception/lib:/RoverFlake2/install/moveit_chomp_optimizer_adapter/lib:/RoverFlake2/install/rosparam_shortcuts/lib:/opt/ros/humble/opt/rviz_ogre_vendor/lib:/opt/ros/humble/lib/x86_64-linux-gnu:/opt/ros/humble/lib PYTHONPATH=/RoverFlake2/install/moveit_configs_utils/lib/python3.10/site-packages:/RoverFlake2/install/launch_param_builder/lib/python3.10/site-packages:/RoverFlake2/install/srdfdom/local/lib/python3.10/dist-packages:/RoverFlake2/install/moveit_task_constructor_msgs/local/lib/python3.10/dist-packages:/opt/ros/humble/lib/python3.10/site-packages:/opt/ros/humble/local/lib/python3.10/dist-packages /usr/bin/cmake /RoverFlake2/src/moveit_task_constructor/core -DCMAKE_BUILD_TYPE=Release -DCMAKE_INSTALL_PREFIX=/RoverFlake2/install/moveit_task_constructor_core
[7.141s] Invoking command in '/RoverFlake2/build/moveit_task_constructor_core': AMENT_PREFIX_PATH=/RoverFlake2/install/moveit_planners:/RoverFlake2/install/pilz_industrial_motion_planner:/RoverFlake2/install/moveit_configs_utils:/RoverFlake2/install/launch_param_builder:/RoverFlake2/install/pilz_industrial_motion_planner_testutils:/RoverFlake2/install/moveit_visual_tools:/RoverFlake2/install/moveit_ros_control_interface:/RoverFlake2/install/moveit_plugins:/RoverFlake2/install/moveit_simple_controller_manager:/RoverFlake2/install/moveit_ros_planning_interface:/RoverFlake2/install/moveit_ros_benchmarks:/RoverFlake2/install/moveit_ros_warehouse:/RoverFlake2/install/moveit_ros_robot_interaction:/RoverFlake2/install/moveit_ros_perception:/RoverFlake2/install/moveit_resources_prbt_pg70_support:/RoverFlake2/install/moveit_resources_prbt_moveit_config:/RoverFlake2/install/moveit_ros_move_group:/RoverFlake2/install/moveit_planners_ompl:/RoverFlake2/install/moveit_ros_planning:/RoverFlake2/install/moveit_ros_occupancy_map_monitor:/RoverFlake2/install/moveit_resources_prbt_ikfast_manipulator_plugin:/RoverFlake2/install/moveit_planners_chomp:/RoverFlake2/install/moveit_kinematics:/RoverFlake2/install/moveit_chomp_optimizer_adapter:/RoverFlake2/install/chomp_motion_planner:/RoverFlake2/install/moveit_core:/RoverFlake2/install/srdfdom:/RoverFlake2/install/rviz_marker_tools:/RoverFlake2/install/rosparam_shortcuts:/RoverFlake2/install/moveit_task_constructor_msgs:/RoverFlake2/install/moveit_resources_prbt_support:/RoverFlake2/install/moveit_resources:/RoverFlake2/install/moveit_resources_pr2_description:/RoverFlake2/install/moveit_resources_panda_moveit_config:/RoverFlake2/install/moveit_resources_panda_description:/RoverFlake2/install/moveit_resources_fanuc_moveit_config:/RoverFlake2/install/moveit_resources_fanuc_description:/RoverFlake2/install/moveit_common:/opt/ros/humble CMAKE_PREFIX_PATH=/RoverFlake2/install/moveit_planners:/RoverFlake2/install/pilz_industrial_motion_planner:/RoverFlake2/install/moveit_resources_prbt_pg70_support:/RoverFlake2/install/moveit_ros_planning_interface:/RoverFlake2/install/moveit_resources_prbt_moveit_config:/RoverFlake2/install/moveit_ros_move_group:/RoverFlake2/install/moveit_ros_warehouse:/RoverFlake2/install/moveit_planners_ompl:/RoverFlake2/install/moveit_kinematics:/RoverFlake2/install/moveit_ros_planning:/RoverFlake2/install/moveit_planners_chomp:/RoverFlake2/install/pilz_industrial_motion_planner_testutils:/RoverFlake2/install/moveit_simple_controller_manager:/RoverFlake2/install/moveit_ros_occupancy_map_monitor:/RoverFlake2/install/moveit_resources_prbt_ikfast_manipulator_plugin:/RoverFlake2/install/chomp_motion_planner:/RoverFlake2/install/moveit_core:/RoverFlake2/install/rviz_marker_tools:/RoverFlake2/install/moveit_resources_panda_moveit_config:/RoverFlake2/install/moveit_resources_fanuc_moveit_config:/RoverFlake2/install/srdfdom:/RoverFlake2/install/moveit_task_constructor_msgs:/RoverFlake2/install/moveit_resources_prbt_support:/RoverFlake2/install/moveit_resources_pr2_description:/RoverFlake2/install/moveit_resources_panda_description:/RoverFlake2/install/moveit_resources_fanuc_description:/RoverFlake2/install/moveit_common:/RoverFlake2/install/moveit_visual_tools:/RoverFlake2/install/moveit_ros_control_interface:/RoverFlake2/install/moveit_plugins:/RoverFlake2/install/moveit_ros_benchmarks:/RoverFlake2/install/moveit_ros_robot_interaction:/RoverFlake2/install/moveit_ros_perception:/RoverFlake2/install/moveit_chomp_optimizer_adapter:/RoverFlake2/install/rosparam_shortcuts:/RoverFlake2/install/moveit_resources:/RoverFlake2/install/moveit_configs_utils:/RoverFlake2/install/launch_param_builder:/opt/ros/humble LD_LIBRARY_PATH=/RoverFlake2/install/pilz_industrial_motion_planner/lib:/RoverFlake2/install/moveit_ros_planning_interface/lib:/RoverFlake2/install/moveit_ros_move_group/lib:/RoverFlake2/install/moveit_ros_warehouse/lib:/RoverFlake2/install/moveit_planners_ompl/lib:/RoverFlake2/install/moveit_kinematics/lib:/RoverFlake2/install/moveit_ros_planning/lib:/RoverFlake2/install/moveit_planners_chomp/lib:/RoverFlake2/install/pilz_industrial_motion_planner_testutils/lib:/RoverFlake2/install/moveit_simple_controller_manager/lib:/RoverFlake2/install/moveit_ros_occupancy_map_monitor/lib:/RoverFlake2/install/moveit_resources_prbt_ikfast_manipulator_plugin/lib:/RoverFlake2/install/chomp_motion_planner/lib:/RoverFlake2/install/moveit_core/lib:/RoverFlake2/install/rviz_marker_tools/lib:/RoverFlake2/install/srdfdom/lib:/RoverFlake2/install/moveit_task_constructor_msgs/lib:/RoverFlake2/install/moveit_visual_tools/lib:/RoverFlake2/install/moveit_ros_control_interface/lib:/RoverFlake2/install/moveit_ros_benchmarks/lib:/RoverFlake2/install/moveit_ros_robot_interaction/lib:/RoverFlake2/install/moveit_ros_perception/lib:/RoverFlake2/install/moveit_chomp_optimizer_adapter/lib:/RoverFlake2/install/rosparam_shortcuts/lib:/opt/ros/humble/opt/rviz_ogre_vendor/lib:/opt/ros/humble/lib/x86_64-linux-gnu:/opt/ros/humble/lib PYTHONPATH=/RoverFlake2/install/moveit_configs_utils/lib/python3.10/site-packages:/RoverFlake2/install/launch_param_builder/lib/python3.10/site-packages:/RoverFlake2/install/srdfdom/local/lib/python3.10/dist-packages:/RoverFlake2/install/moveit_task_constructor_msgs/local/lib/python3.10/dist-packages:/opt/ros/humble/lib/python3.10/site-packages:/opt/ros/humble/local/lib/python3.10/dist-packages /usr/bin/cmake --build /RoverFlake2/build/moveit_task_constructor_core -- -j32 -l32
[7.187s] [  2%] [32mBuilding CXX object gtest/CMakeFiles/gtest.dir/src/gtest-all.cc.o[0m
[7.187s] [  2%] [32mBuilding CXX object gmock/CMakeFiles/gmock.dir/opt/ros/humble/src/gtest_vendor/src/gtest-all.cc.o[0m
[7.188s] [  4%] [32mBuilding CXX object src/CMakeFiles/moveit_task_constructor_core.dir/cost_terms.cpp.o[0m
[7.188s] [  4%] [32mBuilding CXX object src/CMakeFiles/moveit_task_constructor_core.dir/container.cpp.o[0m
[7.188s] [  5%] [32mBuilding CXX object gmock/CMakeFiles/gmock_main.dir/src/gmock_main.cc.o[0m
[7.188s] [  7%] [32mBuilding CXX object gtest/CMakeFiles/gtest_main.dir/src/gtest_main.cc.o[0m
[7.189s] [  8%] [32mBuilding CXX object src/CMakeFiles/moveit_task_constructor_core.dir/marker_tools.cpp.o[0m
[7.189s] [  9%] [32mBuilding CXX object gmock/CMakeFiles/gmock.dir/src/gmock-all.cc.o[0m
[7.190s] [ 10%] [32mBuilding CXX object src/CMakeFiles/moveit_task_constructor_core.dir/introspection.cpp.o[0m
[7.190s] [ 11%] [32mBuilding CXX object src/CMakeFiles/moveit_task_constructor_core.dir/task.cpp.o[0m
[7.190s] [ 14%] [32mBuilding CXX object src/CMakeFiles/moveit_task_constructor_core.dir/solvers/planner_interface.cpp.o[0m
[7.190s] [ 16%] [32mBuilding CXX object src/CMakeFiles/moveit_task_constructor_core.dir/utils.cpp.o[0m
[7.190s] [ 16%] [32mBuilding CXX object src/CMakeFiles/moveit_task_constructor_core.dir/storage.cpp.o[0m
[7.190s] [ 16%] [32mBuilding CXX object src/CMakeFiles/moveit_task_constructor_core.dir/solvers/cartesian_path.cpp.o[0m
[7.191s] [ 18%] [32mBuilding CXX object src/CMakeFiles/moveit_task_constructor_core.dir/properties.cpp.o[0m
[7.191s] [ 18%] [32mBuilding CXX object src/CMakeFiles/moveit_task_constructor_core.dir/merge.cpp.o[0m
[7.191s] [ 20%] [32mBuilding CXX object src/CMakeFiles/moveit_task_constructor_core.dir/stage.cpp.o[0m
[7.192s] [ 21%] [32mBuilding CXX object src/CMakeFiles/moveit_task_constructor_core.dir/solvers/joint_interpolation.cpp.o[0m
[7.192s] [ 22%] [32mBuilding CXX object src/CMakeFiles/moveit_task_constructor_core.dir/solvers/multi_planner.cpp.o[0m
[7.193s] [ 23%] [32mBuilding CXX object src/CMakeFiles/moveit_task_constructor_core.dir/solvers/pipeline_planner.cpp.o[0m
[7.196s] [ 23%] Built target ament_cmake_python_copy_moveit
[7.336s] running egg_info
[7.336s] creating moveit.egg-info
[7.336s] writing moveit.egg-info/PKG-INFO
[7.336s] writing dependency_links to moveit.egg-info/dependency_links.txt
[7.337s] writing top-level names to moveit.egg-info/top_level.txt
[7.337s] writing manifest file 'moveit.egg-info/SOURCES.txt'
[7.338s] reading manifest file 'moveit.egg-info/SOURCES.txt'
[7.338s] writing manifest file 'moveit.egg-info/SOURCES.txt'
[7.364s] [ 23%] Built target ament_cmake_python_build_moveit_egg
[7.895s] [ 24%] [32m[1mLinking CXX static library libgtest_main.a[0m
[7.950s] [ 24%] Built target gtest_main
[7.968s] [ 25%] [32m[1mLinking CXX static library libgmock_main.a[0m
[8.014s] [ 25%] Built target gmock_main
[12.030s] [ 27%] [32m[1mLinking CXX static library libgmock.a[0m
[12.078s] [ 27%] Built target gmock
[12.146s] [ 28%] [32m[1mLinking CXX static library libgtest.a[0m
[12.185s] [ 28%] Built target gtest
[18.150s] [ 29%] [32m[1mLinking CXX shared library libmoveit_task_constructor_core.so[0m
[18.326s] [ 29%] Built target moveit_task_constructor_core
[18.345s] [ 32%] [32mBuilding CXX object test/CMakeFiles/gtest_utils.dir/gtest_value_printers.cpp.o[0m
[18.345s] [ 32%] [32mBuilding CXX object src/stages/CMakeFiles/moveit_task_constructor_core_stages.dir/modify_planning_scene.cpp.o[0m
[18.345s] [ 32%] [32mBuilding CXX object test/CMakeFiles/gtest_utils.dir/models.cpp.o[0m
[18.346s] [ 35%] [32mBuilding CXX object src/stages/CMakeFiles/moveit_task_constructor_core_stages.dir/current_state.cpp.o[0m
[18.346s] [ 35%] [32mBuilding CXX object src/stages/CMakeFiles/moveit_task_constructor_core_stages.dir/fix_collision_objects.cpp.o[0m
[18.346s] [ 37%] [32mBuilding CXX object test/CMakeFiles/gtest_utils.dir/stage_mockups.cpp.o[0m
[18.346s] [ 37%] [32mBuilding CXX object src/stages/CMakeFiles/moveit_task_constructor_core_stages.dir/fixed_state.cpp.o[0m
[18.346s] [ 38%] [32mBuilding CXX object src/stages/CMakeFiles/moveit_task_constructor_core_stages.dir/fixed_cartesian_poses.cpp.o[0m
[18.347s] [ 40%] [32mBuilding CXX object src/stages/CMakeFiles/moveit_task_constructor_core_stages.dir/generate_place_pose.cpp.o[0m
[18.347s] [ 41%] [32mBuilding CXX object src/stages/CMakeFiles/moveit_task_constructor_core_stages.dir/generate_pose.cpp.o[0m
[18.348s] [ 42%] [32mBuilding CXX object src/stages/CMakeFiles/moveit_task_constructor_core_stages.dir/generate_random_pose.cpp.o[0m
[18.348s] [ 44%] [32mBuilding CXX object src/stages/CMakeFiles/moveit_task_constructor_core_stages.dir/move_relative.cpp.o[0m
[18.348s] [ 44%] [32mBuilding CXX object src/stages/CMakeFiles/moveit_task_constructor_core_stages.dir/move_to.cpp.o[0m
[18.348s] [ 47%] [32mBuilding CXX object src/stages/CMakeFiles/moveit_task_constructor_core_stages.dir/compute_ik.cpp.o[0m
[18.348s] [ 47%] [32mBuilding CXX object src/stages/CMakeFiles/moveit_task_constructor_core_stages.dir/generate_grasp_pose.cpp.o[0m
[18.348s] [ 49%] [32mBuilding CXX object src/stages/CMakeFiles/moveit_task_constructor_core_stages.dir/passthrough.cpp.o[0m
[18.348s] [ 49%] [32mBuilding CXX object src/stages/CMakeFiles/moveit_task_constructor_core_stages.dir/predicate_filter.cpp.o[0m
[18.349s] [ 50%] [32mBuilding CXX object src/stages/CMakeFiles/moveit_task_constructor_core_stages.dir/connect.cpp.o[0m
[18.349s] [ 51%] [32mBuilding CXX object src/stages/CMakeFiles/moveit_task_constructor_core_stages.dir/simple_grasp.cpp.o[0m
[18.350s] [ 52%] [32mBuilding CXX object src/stages/CMakeFiles/moveit_task_constructor_core_stages.dir/pick.cpp.o[0m
[27.961s] [ 54%] [32m[1mLinking CXX shared library libgtest_utils.so[0m
[28.113s] [ 54%] Built target gtest_utils
[33.377s] [ 55%] [32m[1mLinking CXX shared library libmoveit_task_constructor_core_stages.so[0m
[33.554s] [ 55%] Built target moveit_task_constructor_core_stages
[33.583s] [ 56%] [32mBuilding CXX object test/CMakeFiles/moveit_task_constructor_core-test-serial.dir/test_serial.cpp.o[0m
[33.584s] [ 58%] [32mBuilding CXX object test/CMakeFiles/moveit_task_constructor_core-test-mockups.dir/test_mockups.cpp.o[0m
[33.584s] [ 58%] [32mBuilding CXX object test/CMakeFiles/moveit_task_constructor_core-test-container.dir/test_container.cpp.o[0m
[33.585s] [ 64%] [32mBuilding CXX object test/CMakeFiles/moveit_task_constructor_core-test-fallback.dir/test_fallback.cpp.o[0m
[33.585s] [ 64%] [32mBuilding CXX object python/bindings/CMakeFiles/pymoveit_mtc.dir/src/solvers.cpp.o[0m
[33.585s] [ 64%] [32mBuilding CXX object test/CMakeFiles/moveit_task_constructor_core-test-properties.dir/test_properties.cpp.o[0m
[33.585s] [ 64%] [32mBuilding CXX object test/CMakeFiles/moveit_task_constructor_core-test-pruning.dir/test_pruning.cpp.o[0m
[33.585s] [ 64%] [32mBuilding CXX object src/stages/CMakeFiles/moveit_task_constructor_core_stage_plugins.dir/plugins.cpp.o[0m
[33.585s] [ 67%] [32mBuilding CXX object test/CMakeFiles/moveit_task_constructor_core-test-stage.dir/test_stage.cpp.o[0m
[33.585s] [ 67%] [32mBuilding CXX object test/CMakeFiles/moveit_task_constructor_core-test-cost-queue.dir/test_cost_queue.cpp.o[0m
[33.585s] [ 69%] [32mBuilding CXX object python/bindings/CMakeFiles/pymoveit_mtc.dir/src/properties.cpp.o[0m
[33.586s] [ 69%] [32mBuilding CXX object test/CMakeFiles/moveit_task_constructor_core-test-move-to.dir/test_move_to.cpp.o[0m
[33.586s] [ 70%] [32mBuilding CXX object python/bindings/CMakeFiles/pymoveit_mtc.dir/src/core.cpp.o[0m
[33.586s] [ 71%] [32mBuilding CXX object test/CMakeFiles/moveit_task_constructor_core-test-move-relative.dir/test_move_relative.cpp.o[0m
[33.586s] [ 72%] [32mBuilding CXX object test/CMakeFiles/moveit_task_constructor_core-test-cost-terms.dir/test_cost_terms.cpp.o[0m
[33.586s] [ 75%] [32mBuilding CXX object python/bindings/CMakeFiles/pymoveit_mtc.dir/src/module.cpp.o[0m
[33.587s] [ 75%] [32mBuilding CXX object python/bindings/CMakeFiles/pymoveit_mtc.dir/src/stages.cpp.o[0m
[33.587s] [ 76%] [32mBuilding CXX object test/CMakeFiles/moveit_task_constructor_core-test-interface-state.dir/test_interface_state.cpp.o[0m
[33.588s] [ 77%] [32mBuilding CXX object test/CMakeFiles/pick_ur5.dir/pick_ur5.cpp.o[0m
[33.588s] [ 78%] [32mBuilding CXX object test/CMakeFiles/pick_pr2.dir/pick_pr2.cpp.o[0m
[33.589s] [ 80%] [32mBuilding CXX object test/CMakeFiles/pick_pa10.dir/pick_pa10.cpp.o[0m
[35.403s] [ 81%] [32m[1mLinking CXX shared library libmoveit_task_constructor_core_stage_plugins.so[0m
[35.554s] [ 81%] Built target moveit_task_constructor_core_stage_plugins
[35.618s] [ 82%] [32m[1mLinking CXX executable moveit_task_constructor_core-test-properties[0m
[35.965s] [ 82%] Built target moveit_task_constructor_core-test-properties
[37.139s] [ 83%] [32m[1mLinking CXX executable moveit_task_constructor_core-test-cost-queue[0m
[37.414s] [ 83%] Built target moveit_task_constructor_core-test-cost-queue
[41.860s] [ 84%] [32m[1mLinking CXX executable pick_pr2[0m
[42.038s] [ 85%] [32m[1mLinking CXX executable pick_ur5[0m
[42.108s] [ 87%] [32m[1mLinking CXX executable moveit_task_constructor_core-test-pruning[0m
[42.121s] [ 87%] Built target pick_pr2
[42.277s] [ 88%] [32m[1mLinking CXX executable moveit_task_constructor_core-test-serial[0m
[42.311s] [ 88%] Built target pick_ur5
[42.367s] [ 89%] [32m[1mLinking CXX executable moveit_task_constructor_core-test-interface-state[0m
[42.461s] [ 89%] Built target moveit_task_constructor_core-test-pruning
[42.595s] [ 90%] [32m[1mLinking CXX executable moveit_task_constructor_core-test-stage[0m
[42.613s] [ 90%] Built target moveit_task_constructor_core-test-serial
[42.661s] [ 91%] [32m[1mLinking CXX executable pick_pa10[0m
[42.673s] [ 91%] Built target moveit_task_constructor_core-test-interface-state
[42.930s] [ 91%] Built target pick_pa10
[42.930s] [ 91%] Built target moveit_task_constructor_core-test-stage
[43.468s] [ 94%] [32m[1mLinking CXX executable moveit_task_constructor_core-test-mockups[0m
[43.468s] [ 94%] [32m[1mLinking CXX executable moveit_task_constructor_core-test-move-relative[0m
[43.661s] [ 95%] [32m[1mLinking CXX executable moveit_task_constructor_core-test-move-to[0m
[43.764s] [ 95%] Built target moveit_task_constructor_core-test-move-relative
[43.778s] [ 95%] Built target moveit_task_constructor_core-test-mockups
[43.921s] [ 95%] Built target moveit_task_constructor_core-test-move-to
[44.119s] [ 96%] [32m[1mLinking CXX executable moveit_task_constructor_core-test-container[0m
[44.351s] [ 96%] Built target moveit_task_constructor_core-test-container
[44.637s] [ 97%] [32m[1mLinking CXX executable moveit_task_constructor_core-test-cost-terms[0m
[44.642s] [ 98%] [32m[1mLinking CXX executable moveit_task_constructor_core-test-fallback[0m
[44.885s] [ 98%] Built target moveit_task_constructor_core-test-fallback
[44.885s] [ 98%] Built target moveit_task_constructor_core-test-cost-terms
[47.972s] [100%] [32m[1mLinking CXX shared module pymoveit_mtc.cpython-310-x86_64-linux-gnu.so[0m
[48.959s] lto-wrapper: warning: using serial compilation of 12 LTRANS jobs
[55.073s] [100%] Built target pymoveit_mtc
[55.090s] Invoked command in '/RoverFlake2/build/moveit_task_constructor_core' returned '0': AMENT_PREFIX_PATH=/RoverFlake2/install/moveit_planners:/RoverFlake2/install/pilz_industrial_motion_planner:/RoverFlake2/install/moveit_configs_utils:/RoverFlake2/install/launch_param_builder:/RoverFlake2/install/pilz_industrial_motion_planner_testutils:/RoverFlake2/install/moveit_visual_tools:/RoverFlake2/install/moveit_ros_control_interface:/RoverFlake2/install/moveit_plugins:/RoverFlake2/install/moveit_simple_controller_manager:/RoverFlake2/install/moveit_ros_planning_interface:/RoverFlake2/install/moveit_ros_benchmarks:/RoverFlake2/install/moveit_ros_warehouse:/RoverFlake2/install/moveit_ros_robot_interaction:/RoverFlake2/install/moveit_ros_perception:/RoverFlake2/install/moveit_resources_prbt_pg70_support:/RoverFlake2/install/moveit_resources_prbt_moveit_config:/RoverFlake2/install/moveit_ros_move_group:/RoverFlake2/install/moveit_planners_ompl:/RoverFlake2/install/moveit_ros_planning:/RoverFlake2/install/moveit_ros_occupancy_map_monitor:/RoverFlake2/install/moveit_resources_prbt_ikfast_manipulator_plugin:/RoverFlake2/install/moveit_planners_chomp:/RoverFlake2/install/moveit_kinematics:/RoverFlake2/install/moveit_chomp_optimizer_adapter:/RoverFlake2/install/chomp_motion_planner:/RoverFlake2/install/moveit_core:/RoverFlake2/install/srdfdom:/RoverFlake2/install/rviz_marker_tools:/RoverFlake2/install/rosparam_shortcuts:/RoverFlake2/install/moveit_task_constructor_msgs:/RoverFlake2/install/moveit_resources_prbt_support:/RoverFlake2/install/moveit_resources:/RoverFlake2/install/moveit_resources_pr2_description:/RoverFlake2/install/moveit_resources_panda_moveit_config:/RoverFlake2/install/moveit_resources_panda_description:/RoverFlake2/install/moveit_resources_fanuc_moveit_config:/RoverFlake2/install/moveit_resources_fanuc_description:/RoverFlake2/install/moveit_common:/opt/ros/humble CMAKE_PREFIX_PATH=/RoverFlake2/install/moveit_planners:/RoverFlake2/install/pilz_industrial_motion_planner:/RoverFlake2/install/moveit_resources_prbt_pg70_support:/RoverFlake2/install/moveit_ros_planning_interface:/RoverFlake2/install/moveit_resources_prbt_moveit_config:/RoverFlake2/install/moveit_ros_move_group:/RoverFlake2/install/moveit_ros_warehouse:/RoverFlake2/install/moveit_planners_ompl:/RoverFlake2/install/moveit_kinematics:/RoverFlake2/install/moveit_ros_planning:/RoverFlake2/install/moveit_planners_chomp:/RoverFlake2/install/pilz_industrial_motion_planner_testutils:/RoverFlake2/install/moveit_simple_controller_manager:/RoverFlake2/install/moveit_ros_occupancy_map_monitor:/RoverFlake2/install/moveit_resources_prbt_ikfast_manipulator_plugin:/RoverFlake2/install/chomp_motion_planner:/RoverFlake2/install/moveit_core:/RoverFlake2/install/rviz_marker_tools:/RoverFlake2/install/moveit_resources_panda_moveit_config:/RoverFlake2/install/moveit_resources_fanuc_moveit_config:/RoverFlake2/install/srdfdom:/RoverFlake2/install/moveit_task_constructor_msgs:/RoverFlake2/install/moveit_resources_prbt_support:/RoverFlake2/install/moveit_resources_pr2_description:/RoverFlake2/install/moveit_resources_panda_description:/RoverFlake2/install/moveit_resources_fanuc_description:/RoverFlake2/install/moveit_common:/RoverFlake2/install/moveit_visual_tools:/RoverFlake2/install/moveit_ros_control_interface:/RoverFlake2/install/moveit_plugins:/RoverFlake2/install/moveit_ros_benchmarks:/RoverFlake2/install/moveit_ros_robot_interaction:/RoverFlake2/install/moveit_ros_perception:/RoverFlake2/install/moveit_chomp_optimizer_adapter:/RoverFlake2/install/rosparam_shortcuts:/RoverFlake2/install/moveit_resources:/RoverFlake2/install/moveit_configs_utils:/RoverFlake2/install/launch_param_builder:/opt/ros/humble LD_LIBRARY_PATH=/RoverFlake2/install/pilz_industrial_motion_planner/lib:/RoverFlake2/install/moveit_ros_planning_interface/lib:/RoverFlake2/install/moveit_ros_move_group/lib:/RoverFlake2/install/moveit_ros_warehouse/lib:/RoverFlake2/install/moveit_planners_ompl/lib:/RoverFlake2/install/moveit_kinematics/lib:/RoverFlake2/install/moveit_ros_planning/lib:/RoverFlake2/install/moveit_planners_chomp/lib:/RoverFlake2/install/pilz_industrial_motion_planner_testutils/lib:/RoverFlake2/install/moveit_simple_controller_manager/lib:/RoverFlake2/install/moveit_ros_occupancy_map_monitor/lib:/RoverFlake2/install/moveit_resources_prbt_ikfast_manipulator_plugin/lib:/RoverFlake2/install/chomp_motion_planner/lib:/RoverFlake2/install/moveit_core/lib:/RoverFlake2/install/rviz_marker_tools/lib:/RoverFlake2/install/srdfdom/lib:/RoverFlake2/install/moveit_task_constructor_msgs/lib:/RoverFlake2/install/moveit_visual_tools/lib:/RoverFlake2/install/moveit_ros_control_interface/lib:/RoverFlake2/install/moveit_ros_benchmarks/lib:/RoverFlake2/install/moveit_ros_robot_interaction/lib:/RoverFlake2/install/moveit_ros_perception/lib:/RoverFlake2/install/moveit_chomp_optimizer_adapter/lib:/RoverFlake2/install/rosparam_shortcuts/lib:/opt/ros/humble/opt/rviz_ogre_vendor/lib:/opt/ros/humble/lib/x86_64-linux-gnu:/opt/ros/humble/lib PYTHONPATH=/RoverFlake2/install/moveit_configs_utils/lib/python3.10/site-packages:/RoverFlake2/install/launch_param_builder/lib/python3.10/site-packages:/RoverFlake2/install/srdfdom/local/lib/python3.10/dist-packages:/RoverFlake2/install/moveit_task_constructor_msgs/local/lib/python3.10/dist-packages:/opt/ros/humble/lib/python3.10/site-packages:/opt/ros/humble/local/lib/python3.10/dist-packages /usr/bin/cmake --build /RoverFlake2/build/moveit_task_constructor_core -- -j32 -l32
[55.095s] Invoking command in '/RoverFlake2/build/moveit_task_constructor_core': AMENT_PREFIX_PATH=/RoverFlake2/install/moveit_planners:/RoverFlake2/install/pilz_industrial_motion_planner:/RoverFlake2/install/moveit_configs_utils:/RoverFlake2/install/launch_param_builder:/RoverFlake2/install/pilz_industrial_motion_planner_testutils:/RoverFlake2/install/moveit_visual_tools:/RoverFlake2/install/moveit_ros_control_interface:/RoverFlake2/install/moveit_plugins:/RoverFlake2/install/moveit_simple_controller_manager:/RoverFlake2/install/moveit_ros_planning_interface:/RoverFlake2/install/moveit_ros_benchmarks:/RoverFlake2/install/moveit_ros_warehouse:/RoverFlake2/install/moveit_ros_robot_interaction:/RoverFlake2/install/moveit_ros_perception:/RoverFlake2/install/moveit_resources_prbt_pg70_support:/RoverFlake2/install/moveit_resources_prbt_moveit_config:/RoverFlake2/install/moveit_ros_move_group:/RoverFlake2/install/moveit_planners_ompl:/RoverFlake2/install/moveit_ros_planning:/RoverFlake2/install/moveit_ros_occupancy_map_monitor:/RoverFlake2/install/moveit_resources_prbt_ikfast_manipulator_plugin:/RoverFlake2/install/moveit_planners_chomp:/RoverFlake2/install/moveit_kinematics:/RoverFlake2/install/moveit_chomp_optimizer_adapter:/RoverFlake2/install/chomp_motion_planner:/RoverFlake2/install/moveit_core:/RoverFlake2/install/srdfdom:/RoverFlake2/install/rviz_marker_tools:/RoverFlake2/install/rosparam_shortcuts:/RoverFlake2/install/moveit_task_constructor_msgs:/RoverFlake2/install/moveit_resources_prbt_support:/RoverFlake2/install/moveit_resources:/RoverFlake2/install/moveit_resources_pr2_description:/RoverFlake2/install/moveit_resources_panda_moveit_config:/RoverFlake2/install/moveit_resources_panda_description:/RoverFlake2/install/moveit_resources_fanuc_moveit_config:/RoverFlake2/install/moveit_resources_fanuc_description:/RoverFlake2/install/moveit_common:/opt/ros/humble CMAKE_PREFIX_PATH=/RoverFlake2/install/moveit_planners:/RoverFlake2/install/pilz_industrial_motion_planner:/RoverFlake2/install/moveit_resources_prbt_pg70_support:/RoverFlake2/install/moveit_ros_planning_interface:/RoverFlake2/install/moveit_resources_prbt_moveit_config:/RoverFlake2/install/moveit_ros_move_group:/RoverFlake2/install/moveit_ros_warehouse:/RoverFlake2/install/moveit_planners_ompl:/RoverFlake2/install/moveit_kinematics:/RoverFlake2/install/moveit_ros_planning:/RoverFlake2/install/moveit_planners_chomp:/RoverFlake2/install/pilz_industrial_motion_planner_testutils:/RoverFlake2/install/moveit_simple_controller_manager:/RoverFlake2/install/moveit_ros_occupancy_map_monitor:/RoverFlake2/install/moveit_resources_prbt_ikfast_manipulator_plugin:/RoverFlake2/install/chomp_motion_planner:/RoverFlake2/install/moveit_core:/RoverFlake2/install/rviz_marker_tools:/RoverFlake2/install/moveit_resources_panda_moveit_config:/RoverFlake2/install/moveit_resources_fanuc_moveit_config:/RoverFlake2/install/srdfdom:/RoverFlake2/install/moveit_task_constructor_msgs:/RoverFlake2/install/moveit_resources_prbt_support:/RoverFlake2/install/moveit_resources_pr2_description:/RoverFlake2/install/moveit_resources_panda_description:/RoverFlake2/install/moveit_resources_fanuc_description:/RoverFlake2/install/moveit_common:/RoverFlake2/install/moveit_visual_tools:/RoverFlake2/install/moveit_ros_control_interface:/RoverFlake2/install/moveit_plugins:/RoverFlake2/install/moveit_ros_benchmarks:/RoverFlake2/install/moveit_ros_robot_interaction:/RoverFlake2/install/moveit_ros_perception:/RoverFlake2/install/moveit_chomp_optimizer_adapter:/RoverFlake2/install/rosparam_shortcuts:/RoverFlake2/install/moveit_resources:/RoverFlake2/install/moveit_configs_utils:/RoverFlake2/install/launch_param_builder:/opt/ros/humble LD_LIBRARY_PATH=/RoverFlake2/install/pilz_industrial_motion_planner/lib:/RoverFlake2/install/moveit_ros_planning_interface/lib:/RoverFlake2/install/moveit_ros_move_group/lib:/RoverFlake2/install/moveit_ros_warehouse/lib:/RoverFlake2/install/moveit_planners_ompl/lib:/RoverFlake2/install/moveit_kinematics/lib:/RoverFlake2/install/moveit_ros_planning/lib:/RoverFlake2/install/moveit_planners_chomp/lib:/RoverFlake2/install/pilz_industrial_motion_planner_testutils/lib:/RoverFlake2/install/moveit_simple_controller_manager/lib:/RoverFlake2/install/moveit_ros_occupancy_map_monitor/lib:/RoverFlake2/install/moveit_resources_prbt_ikfast_manipulator_plugin/lib:/RoverFlake2/install/chomp_motion_planner/lib:/RoverFlake2/install/moveit_core/lib:/RoverFlake2/install/rviz_marker_tools/lib:/RoverFlake2/install/srdfdom/lib:/RoverFlake2/install/moveit_task_constructor_msgs/lib:/RoverFlake2/install/moveit_visual_tools/lib:/RoverFlake2/install/moveit_ros_control_interface/lib:/RoverFlake2/install/moveit_ros_benchmarks/lib:/RoverFlake2/install/moveit_ros_robot_interaction/lib:/RoverFlake2/install/moveit_ros_perception/lib:/RoverFlake2/install/moveit_chomp_optimizer_adapter/lib:/RoverFlake2/install/rosparam_shortcuts/lib:/opt/ros/humble/opt/rviz_ogre_vendor/lib:/opt/ros/humble/lib/x86_64-linux-gnu:/opt/ros/humble/lib PYTHONPATH=/RoverFlake2/install/moveit_configs_utils/lib/python3.10/site-packages:/RoverFlake2/install/launch_param_builder/lib/python3.10/site-packages:/RoverFlake2/install/srdfdom/local/lib/python3.10/dist-packages:/RoverFlake2/install/moveit_task_constructor_msgs/local/lib/python3.10/dist-packages:/opt/ros/humble/lib/python3.10/site-packages:/opt/ros/humble/local/lib/python3.10/dist-packages /usr/bin/cmake --install /RoverFlake2/build/moveit_task_constructor_core
[55.100s] -- Install configuration: "Release"
[55.101s] -- Installing: /RoverFlake2/install/moveit_task_constructor_core/lib/libmoveit_task_constructor_core_stages.so
[55.102s] -- Set runtime path of "/RoverFlake2/install/moveit_task_constructor_core/lib/libmoveit_task_constructor_core_stages.so" to ""
[55.102s] -- Installing: /RoverFlake2/install/moveit_task_constructor_core/lib/libmoveit_task_constructor_core_stage_plugins.so
[55.102s] -- Set runtime path of "/RoverFlake2/install/moveit_task_constructor_core/lib/libmoveit_task_constructor_core_stage_plugins.so" to ""
[55.103s] -- Installing: /RoverFlake2/install/moveit_task_constructor_core/lib/libmoveit_task_constructor_core.so
[55.106s] -- Set runtime path of "/RoverFlake2/install/moveit_task_constructor_core/lib/libmoveit_task_constructor_core.so" to ""
[55.106s] -- Installing: /RoverFlake2/install/moveit_task_constructor_core/share/moveit_task_constructor_core/environment/pythonpath.sh
[55.106s] -- Installing: /RoverFlake2/install/moveit_task_constructor_core/share/moveit_task_constructor_core/environment/pythonpath.dsv
[55.106s] -- Installing: /RoverFlake2/install/moveit_task_constructor_core/local/lib/python3.10/dist-packages/moveit-0.1.3-py3.10.egg-info
[55.106s] -- Installing: /RoverFlake2/install/moveit_task_constructor_core/local/lib/python3.10/dist-packages/moveit-0.1.3-py3.10.egg-info/PKG-INFO
[55.107s] -- Installing: /RoverFlake2/install/moveit_task_constructor_core/local/lib/python3.10/dist-packages/moveit-0.1.3-py3.10.egg-info/top_level.txt
[55.107s] -- Installing: /RoverFlake2/install/moveit_task_constructor_core/local/lib/python3.10/dist-packages/moveit-0.1.3-py3.10.egg-info/SOURCES.txt
[55.107s] -- Installing: /RoverFlake2/install/moveit_task_constructor_core/local/lib/python3.10/dist-packages/moveit-0.1.3-py3.10.egg-info/dependency_links.txt
[55.107s] -- Installing: /RoverFlake2/install/moveit_task_constructor_core/local/lib/python3.10/dist-packages/moveit
[55.107s] -- Installing: /RoverFlake2/install/moveit_task_constructor_core/local/lib/python3.10/dist-packages/moveit/task_constructor
[55.107s] -- Installing: /RoverFlake2/install/moveit_task_constructor_core/local/lib/python3.10/dist-packages/moveit/task_constructor/stages.py
[55.107s] -- Installing: /RoverFlake2/install/moveit_task_constructor_core/local/lib/python3.10/dist-packages/moveit/task_constructor/core.py
[55.108s] -- Installing: /RoverFlake2/install/moveit_task_constructor_core/local/lib/python3.10/dist-packages/moveit/task_constructor/__init__.py
[55.108s] -- Installing: /RoverFlake2/install/moveit_task_constructor_core/local/lib/python3.10/dist-packages/moveit/__init__.py
[55.130s] Listing '/RoverFlake2/install/moveit_task_constructor_core/local/lib/python3.10/dist-packages/moveit'...
[55.130s] Compiling '/RoverFlake2/install/moveit_task_constructor_core/local/lib/python3.10/dist-packages/moveit/__init__.py'...
[55.130s] Listing '/RoverFlake2/install/moveit_task_constructor_core/local/lib/python3.10/dist-packages/moveit/task_constructor'...
[55.130s] Compiling '/RoverFlake2/install/moveit_task_constructor_core/local/lib/python3.10/dist-packages/moveit/task_constructor/__init__.py'...
[55.130s] Compiling '/RoverFlake2/install/moveit_task_constructor_core/local/lib/python3.10/dist-packages/moveit/task_constructor/core.py'...
[55.130s] Compiling '/RoverFlake2/install/moveit_task_constructor_core/local/lib/python3.10/dist-packages/moveit/task_constructor/stages.py'...
[55.134s] -- Installing: /RoverFlake2/install/moveit_task_constructor_core/include/moveit/python/pybind11
[55.134s] -- Installing: /RoverFlake2/install/moveit_task_constructor_core/include/moveit/python/pybind11/gil_safe_call_once.h
[55.134s] -- Installing: /RoverFlake2/install/moveit_task_constructor_core/include/moveit/python/pybind11/smart_holder.h
[55.134s] -- Installing: /RoverFlake2/install/moveit_task_constructor_core/include/moveit/python/pybind11/eigen.h
[55.134s] -- Installing: /RoverFlake2/install/moveit_task_constructor_core/include/moveit/python/pybind11/detail
[55.134s] -- Installing: /RoverFlake2/install/moveit_task_constructor_core/include/moveit/python/pybind11/detail/internals.h
[55.134s] -- Installing: /RoverFlake2/install/moveit_task_constructor_core/include/moveit/python/pybind11/detail/typeid.h
[55.134s] -- Installing: /RoverFlake2/install/moveit_task_constructor_core/include/moveit/python/pybind11/detail/init.h
[55.134s] -- Installing: /RoverFlake2/install/moveit_task_constructor_core/include/moveit/python/pybind11/detail/smart_holder_poc.h
[55.134s] -- Installing: /RoverFlake2/install/moveit_task_constructor_core/include/moveit/python/pybind11/detail/smart_holder_sfinae_hooks_only.h
[55.135s] -- Installing: /RoverFlake2/install/moveit_task_constructor_core/include/moveit/python/pybind11/detail/type_caster_odr_guard.h
[55.135s] -- Installing: /RoverFlake2/install/moveit_task_constructor_core/include/moveit/python/pybind11/detail/common.h
[55.135s] -- Installing: /RoverFlake2/install/moveit_task_constructor_core/include/moveit/python/pybind11/detail/descr.h
[55.135s] -- Installing: /RoverFlake2/install/moveit_task_constructor_core/include/moveit/python/pybind11/detail/smart_holder_type_casters.h
[55.135s] -- Installing: /RoverFlake2/install/moveit_task_constructor_core/include/moveit/python/pybind11/detail/class.h
[55.135s] -- Installing: /RoverFlake2/install/moveit_task_constructor_core/include/moveit/python/pybind11/detail/dynamic_raw_ptr_cast_if_possible.h
[55.135s] -- Installing: /RoverFlake2/install/moveit_task_constructor_core/include/moveit/python/pybind11/detail/type_caster_base.h
[55.135s] -- Installing: /RoverFlake2/install/moveit_task_constructor_core/include/moveit/python/pybind11/cast.h
[55.135s] -- Installing: /RoverFlake2/install/moveit_task_constructor_core/include/moveit/python/pybind11/trampoline_self_life_support.h
[55.135s] -- Installing: /RoverFlake2/install/moveit_task_constructor_core/include/moveit/python/pybind11/stl
[55.135s] -- Installing: /RoverFlake2/install/moveit_task_constructor_core/include/moveit/python/pybind11/stl/filesystem.h
[55.136s] -- Installing: /RoverFlake2/install/moveit_task_constructor_core/include/moveit/python/pybind11/complex.h
[55.136s] -- Installing: /RoverFlake2/install/moveit_task_constructor_core/include/moveit/python/pybind11/buffer_info.h
[55.136s] -- Installing: /RoverFlake2/install/moveit_task_constructor_core/include/moveit/python/pybind11/numpy.h
[55.136s] -- Installing: /RoverFlake2/install/moveit_task_constructor_core/include/moveit/python/pybind11/functional.h
[55.136s] -- Installing: /RoverFlake2/install/moveit_task_constructor_core/include/moveit/python/pybind11/attr.h
[55.137s] -- Installing: /RoverFlake2/install/moveit_task_constructor_core/include/moveit/python/pybind11/pybind11.h
[55.137s] -- Installing: /RoverFlake2/install/moveit_task_constructor_core/include/moveit/python/pybind11/eval.h
[55.137s] -- Installing: /RoverFlake2/install/moveit_task_constructor_core/include/moveit/python/pybind11/common.h
[55.137s] -- Installing: /RoverFlake2/install/moveit_task_constructor_core/include/moveit/python/pybind11/operators.h
[55.137s] -- Installing: /RoverFlake2/install/moveit_task_constructor_core/include/moveit/python/pybind11/eigen
[55.137s] -- Installing: /RoverFlake2/install/moveit_task_constructor_core/include/moveit/python/pybind11/eigen/matrix.h
[55.138s] -- Installing: /RoverFlake2/install/moveit_task_constructor_core/include/moveit/python/pybind11/eigen/tensor.h
[55.138s] -- Installing: /RoverFlake2/install/moveit_task_constructor_core/include/moveit/python/pybind11/eigen/common.h
[55.138s] -- Installing: /RoverFlake2/install/moveit_task_constructor_core/include/moveit/python/pybind11/type_caster_pyobject_ptr.h
[55.138s] -- Installing: /RoverFlake2/install/moveit_task_constructor_core/include/moveit/python/pybind11/options.h
[55.138s] -- Installing: /RoverFlake2/install/moveit_task_constructor_core/include/moveit/python/pybind11/typing.h
[55.138s] -- Installing: /RoverFlake2/install/moveit_task_constructor_core/include/moveit/python/pybind11/stl.h
[55.138s] -- Installing: /RoverFlake2/install/moveit_task_constructor_core/include/moveit/python/pybind11/gil.h
[55.138s] -- Installing: /RoverFlake2/install/moveit_task_constructor_core/include/moveit/python/pybind11/iostream.h
[55.138s] -- Installing: /RoverFlake2/install/moveit_task_constructor_core/include/moveit/python/pybind11/chrono.h
[55.139s] -- Installing: /RoverFlake2/install/moveit_task_constructor_core/include/moveit/python/pybind11/stl_bind.h
[55.139s] -- Installing: /RoverFlake2/install/moveit_task_constructor_core/include/moveit/python/pybind11/pytypes.h
[55.139s] -- Installing: /RoverFlake2/install/moveit_task_constructor_core/include/moveit/python/pybind11/embed.h
[55.139s] -- Installing: /RoverFlake2/install/moveit_task_constructor_core/share/moveit_task_constructor_core/cmake/pybind11Config.cmake
[55.139s] -- Installing: /RoverFlake2/install/moveit_task_constructor_core/share/moveit_task_constructor_core/cmake/pybind11ConfigVersion.cmake
[55.140s] -- Installing: /RoverFlake2/install/moveit_task_constructor_core/share/moveit_task_constructor_core/cmake/FindPythonLibsNew.cmake
[55.140s] -- Installing: /RoverFlake2/install/moveit_task_constructor_core/share/moveit_task_constructor_core/cmake/pybind11Common.cmake
[55.140s] -- Installing: /RoverFlake2/install/moveit_task_constructor_core/share/moveit_task_constructor_core/cmake/pybind11Tools.cmake
[55.140s] -- Installing: /RoverFlake2/install/moveit_task_constructor_core/share/moveit_task_constructor_core/cmake/pybind11NewTools.cmake
[55.140s] -- Installing: /RoverFlake2/install/moveit_task_constructor_core/share/moveit_task_constructor_core/cmake/pybind11Targets.cmake
[55.140s] -- Installing: /RoverFlake2/install/moveit_task_constructor_core/share/pkgconfig/pybind11.pc
[55.141s] -- Installing: /RoverFlake2/install/moveit_task_constructor_core/local/lib/python3.10/dist-packages/pymoveit_mtc.cpython-310-x86_64-linux-gnu.so
[55.142s] -- Set runtime path of "/RoverFlake2/install/moveit_task_constructor_core/local/lib/python3.10/dist-packages/pymoveit_mtc.cpython-310-x86_64-linux-gnu.so" to ""
[55.142s] -- Up-to-date: /RoverFlake2/install/moveit_task_constructor_core/include
[55.142s] -- Up-to-date: /RoverFlake2/install/moveit_task_constructor_core/include/moveit
[55.142s] -- Up-to-date: /RoverFlake2/install/moveit_task_constructor_core/include/moveit/python
[55.142s] -- Installing: /RoverFlake2/install/moveit_task_constructor_core/include/moveit/python/task_constructor
[55.142s] -- Installing: /RoverFlake2/install/moveit_task_constructor_core/include/moveit/python/task_constructor/properties.h
[55.142s] -- Installing: /RoverFlake2/install/moveit_task_constructor_core/include/moveit/task_constructor
[55.142s] -- Installing: /RoverFlake2/install/moveit_task_constructor_core/include/moveit/task_constructor/solvers.h
[55.143s] -- Installing: /RoverFlake2/install/moveit_task_constructor_core/include/moveit/task_constructor/task.h
[55.143s] -- Installing: /RoverFlake2/install/moveit_task_constructor_core/include/moveit/task_constructor/trajectory_execution_info.h
[55.143s] -- Installing: /RoverFlake2/install/moveit_task_constructor_core/include/moveit/task_constructor/moveit_compat.h
[55.143s] -- Installing: /RoverFlake2/install/moveit_task_constructor_core/include/moveit/task_constructor/introspection.h
[55.143s] -- Installing: /RoverFlake2/install/moveit_task_constructor_core/include/moveit/task_constructor/merge.h
[55.143s] -- Installing: /RoverFlake2/install/moveit_task_constructor_core/include/moveit/task_constructor/cost_terms.h
[55.143s] -- Installing: /RoverFlake2/install/moveit_task_constructor_core/include/moveit/task_constructor/storage.h
[55.143s] -- Installing: /RoverFlake2/install/moveit_task_constructor_core/include/moveit/task_constructor/cost_queue.h
[55.143s] -- Installing: /RoverFlake2/install/moveit_task_constructor_core/include/moveit/task_constructor/stages.h
[55.144s] -- Installing: /RoverFlake2/install/moveit_task_constructor_core/include/moveit/task_constructor/container.h
[55.144s] -- Installing: /RoverFlake2/install/moveit_task_constructor_core/include/moveit/task_constructor/properties.h
[55.144s] -- Installing: /RoverFlake2/install/moveit_task_constructor_core/include/moveit/task_constructor/solvers
[55.144s] -- Installing: /RoverFlake2/install/moveit_task_constructor_core/include/moveit/task_constructor/solvers/planner_interface.h
[55.144s] -- Installing: /RoverFlake2/install/moveit_task_constructor_core/include/moveit/task_constructor/solvers/joint_interpolation.h
[55.144s] -- Installing: /RoverFlake2/install/moveit_task_constructor_core/include/moveit/task_constructor/solvers/cartesian_path.h
[55.144s] -- Installing: /RoverFlake2/install/moveit_task_constructor_core/include/moveit/task_constructor/solvers/multi_planner.h
[55.144s] -- Installing: /RoverFlake2/install/moveit_task_constructor_core/include/moveit/task_constructor/solvers/pipeline_planner.h
[55.144s] -- Installing: /RoverFlake2/install/moveit_task_constructor_core/include/moveit/task_constructor/stages
[55.144s] -- Installing: /RoverFlake2/install/moveit_task_constructor_core/include/moveit/task_constructor/stages/generate_place_pose.h
[55.144s] -- Installing: /RoverFlake2/install/moveit_task_constructor_core/include/moveit/task_constructor/stages/generate_pose.h
[55.144s] -- Installing: /RoverFlake2/install/moveit_task_constructor_core/include/moveit/task_constructor/stages/simple_grasp.h
[55.144s] -- Installing: /RoverFlake2/install/moveit_task_constructor_core/include/moveit/task_constructor/stages/compute_ik.h
[55.144s] -- Installing: /RoverFlake2/install/moveit_task_constructor_core/include/moveit/task_constructor/stages/modify_planning_scene.h
[55.145s] -- Installing: /RoverFlake2/install/moveit_task_constructor_core/include/moveit/task_constructor/stages/predicate_filter.h
[55.145s] -- Installing: /RoverFlake2/install/moveit_task_constructor_core/include/moveit/task_constructor/stages/connect.h
[55.145s] -- Installing: /RoverFlake2/install/moveit_task_constructor_core/include/moveit/task_constructor/stages/noop.h
[55.145s] -- Installing: /RoverFlake2/install/moveit_task_constructor_core/include/moveit/task_constructor/stages/move_relative.h
[55.145s] -- Installing: /RoverFlake2/install/moveit_task_constructor_core/include/moveit/task_constructor/stages/current_state.h
[55.145s] -- Installing: /RoverFlake2/install/moveit_task_constructor_core/include/moveit/task_constructor/stages/generate_random_pose.h
[55.145s] -- Installing: /RoverFlake2/install/moveit_task_constructor_core/include/moveit/task_constructor/stages/fixed_cartesian_poses.h
[55.145s] -- Installing: /RoverFlake2/install/moveit_task_constructor_core/include/moveit/task_constructor/stages/pick.h
[55.145s] -- Installing: /RoverFlake2/install/moveit_task_constructor_core/include/moveit/task_constructor/stages/fix_collision_objects.h
[55.145s] -- Installing: /RoverFlake2/install/moveit_task_constructor_core/include/moveit/task_constructor/stages/move_to.h
[55.145s] -- Installing: /RoverFlake2/install/moveit_task_constructor_core/include/moveit/task_constructor/stages/passthrough.h
[55.145s] -- Installing: /RoverFlake2/install/moveit_task_constructor_core/include/moveit/task_constructor/stages/fixed_state.h
[55.145s] -- Installing: /RoverFlake2/install/moveit_task_constructor_core/include/moveit/task_constructor/stages/generate_grasp_pose.h
[55.145s] -- Installing: /RoverFlake2/install/moveit_task_constructor_core/include/moveit/task_constructor/marker_tools.h
[55.145s] -- Installing: /RoverFlake2/install/moveit_task_constructor_core/include/moveit/task_constructor/type_traits.h
[55.146s] -- Installing: /RoverFlake2/install/moveit_task_constructor_core/include/moveit/task_constructor/stage.h
[55.146s] -- Installing: /RoverFlake2/install/moveit_task_constructor_core/include/moveit/task_constructor/utils.h
[55.146s] -- Installing: /RoverFlake2/install/moveit_task_constructor_core/share/moveit_task_constructor_core/motion_planning_stages_plugin_description.xml
[55.146s] -- Installing: /RoverFlake2/install/moveit_task_constructor_core/share/moveit_task_constructor_core/environment/library_path.sh
[55.146s] -- Installing: /RoverFlake2/install/moveit_task_constructor_core/share/moveit_task_constructor_core/environment/library_path.dsv
[55.146s] -- Installing: /RoverFlake2/install/moveit_task_constructor_core/share/ament_index/resource_index/package_run_dependencies/moveit_task_constructor_core
[55.146s] -- Installing: /RoverFlake2/install/moveit_task_constructor_core/share/ament_index/resource_index/parent_prefix_path/moveit_task_constructor_core
[55.147s] -- Installing: /RoverFlake2/install/moveit_task_constructor_core/share/moveit_task_constructor_core/environment/ament_prefix_path.sh
[55.147s] -- Installing: /RoverFlake2/install/moveit_task_constructor_core/share/moveit_task_constructor_core/environment/ament_prefix_path.dsv
[55.147s] -- Installing: /RoverFlake2/install/moveit_task_constructor_core/share/moveit_task_constructor_core/environment/path.sh
[55.147s] -- Installing: /RoverFlake2/install/moveit_task_constructor_core/share/moveit_task_constructor_core/environment/path.dsv
[55.147s] -- Installing: /RoverFlake2/install/moveit_task_constructor_core/share/moveit_task_constructor_core/local_setup.bash
[55.147s] -- Installing: /RoverFlake2/install/moveit_task_constructor_core/share/moveit_task_constructor_core/local_setup.sh
[55.147s] -- Installing: /RoverFlake2/install/moveit_task_constructor_core/share/moveit_task_constructor_core/local_setup.zsh
[55.147s] -- Installing: /RoverFlake2/install/moveit_task_constructor_core/share/moveit_task_constructor_core/local_setup.dsv
[55.148s] -- Installing: /RoverFlake2/install/moveit_task_constructor_core/share/moveit_task_constructor_core/package.dsv
[55.148s] -- Installing: /RoverFlake2/install/moveit_task_constructor_core/share/ament_index/resource_index/packages/moveit_task_constructor_core
[55.148s] -- Installing: /RoverFlake2/install/moveit_task_constructor_core/share/ament_index/resource_index/moveit_task_constructor_core__pluginlib__plugin/moveit_task_constructor_core
[55.148s] -- Installing: /RoverFlake2/install/moveit_task_constructor_core/share/moveit_task_constructor_core/cmake/moveit_task_constructor_coreTargetsExport.cmake
[55.148s] -- Installing: /RoverFlake2/install/moveit_task_constructor_core/share/moveit_task_constructor_core/cmake/moveit_task_constructor_coreTargetsExport-release.cmake
[55.148s] -- Installing: /RoverFlake2/install/moveit_task_constructor_core/share/moveit_task_constructor_core/cmake/ament_cmake_export_targets-extras.cmake
[55.149s] -- Installing: /RoverFlake2/install/moveit_task_constructor_core/share/moveit_task_constructor_core/cmake/ament_cmake_export_dependencies-extras.cmake
[55.149s] -- Installing: /RoverFlake2/install/moveit_task_constructor_core/share/moveit_task_constructor_core/cmake/moveit_task_constructor_coreConfig.cmake
[55.149s] -- Installing: /RoverFlake2/install/moveit_task_constructor_core/share/moveit_task_constructor_core/cmake/moveit_task_constructor_coreConfig-version.cmake
[55.149s] -- Installing: /RoverFlake2/install/moveit_task_constructor_core/share/moveit_task_constructor_core/package.xml
[55.152s] Invoked command in '/RoverFlake2/build/moveit_task_constructor_core' returned '0': AMENT_PREFIX_PATH=/RoverFlake2/install/moveit_planners:/RoverFlake2/install/pilz_industrial_motion_planner:/RoverFlake2/install/moveit_configs_utils:/RoverFlake2/install/launch_param_builder:/RoverFlake2/install/pilz_industrial_motion_planner_testutils:/RoverFlake2/install/moveit_visual_tools:/RoverFlake2/install/moveit_ros_control_interface:/RoverFlake2/install/moveit_plugins:/RoverFlake2/install/moveit_simple_controller_manager:/RoverFlake2/install/moveit_ros_planning_interface:/RoverFlake2/install/moveit_ros_benchmarks:/RoverFlake2/install/moveit_ros_warehouse:/RoverFlake2/install/moveit_ros_robot_interaction:/RoverFlake2/install/moveit_ros_perception:/RoverFlake2/install/moveit_resources_prbt_pg70_support:/RoverFlake2/install/moveit_resources_prbt_moveit_config:/RoverFlake2/install/moveit_ros_move_group:/RoverFlake2/install/moveit_planners_ompl:/RoverFlake2/install/moveit_ros_planning:/RoverFlake2/install/moveit_ros_occupancy_map_monitor:/RoverFlake2/install/moveit_resources_prbt_ikfast_manipulator_plugin:/RoverFlake2/install/moveit_planners_chomp:/RoverFlake2/install/moveit_kinematics:/RoverFlake2/install/moveit_chomp_optimizer_adapter:/RoverFlake2/install/chomp_motion_planner:/RoverFlake2/install/moveit_core:/RoverFlake2/install/srdfdom:/RoverFlake2/install/rviz_marker_tools:/RoverFlake2/install/rosparam_shortcuts:/RoverFlake2/install/moveit_task_constructor_msgs:/RoverFlake2/install/moveit_resources_prbt_support:/RoverFlake2/install/moveit_resources:/RoverFlake2/install/moveit_resources_pr2_description:/RoverFlake2/install/moveit_resources_panda_moveit_config:/RoverFlake2/install/moveit_resources_panda_description:/RoverFlake2/install/moveit_resources_fanuc_moveit_config:/RoverFlake2/install/moveit_resources_fanuc_description:/RoverFlake2/install/moveit_common:/opt/ros/humble CMAKE_PREFIX_PATH=/RoverFlake2/install/moveit_planners:/RoverFlake2/install/pilz_industrial_motion_planner:/RoverFlake2/install/moveit_resources_prbt_pg70_support:/RoverFlake2/install/moveit_ros_planning_interface:/RoverFlake2/install/moveit_resources_prbt_moveit_config:/RoverFlake2/install/moveit_ros_move_group:/RoverFlake2/install/moveit_ros_warehouse:/RoverFlake2/install/moveit_planners_ompl:/RoverFlake2/install/moveit_kinematics:/RoverFlake2/install/moveit_ros_planning:/RoverFlake2/install/moveit_planners_chomp:/RoverFlake2/install/pilz_industrial_motion_planner_testutils:/RoverFlake2/install/moveit_simple_controller_manager:/RoverFlake2/install/moveit_ros_occupancy_map_monitor:/RoverFlake2/install/moveit_resources_prbt_ikfast_manipulator_plugin:/RoverFlake2/install/chomp_motion_planner:/RoverFlake2/install/moveit_core:/RoverFlake2/install/rviz_marker_tools:/RoverFlake2/install/moveit_resources_panda_moveit_config:/RoverFlake2/install/moveit_resources_fanuc_moveit_config:/RoverFlake2/install/srdfdom:/RoverFlake2/install/moveit_task_constructor_msgs:/RoverFlake2/install/moveit_resources_prbt_support:/RoverFlake2/install/moveit_resources_pr2_description:/RoverFlake2/install/moveit_resources_panda_description:/RoverFlake2/install/moveit_resources_fanuc_description:/RoverFlake2/install/moveit_common:/RoverFlake2/install/moveit_visual_tools:/RoverFlake2/install/moveit_ros_control_interface:/RoverFlake2/install/moveit_plugins:/RoverFlake2/install/moveit_ros_benchmarks:/RoverFlake2/install/moveit_ros_robot_interaction:/RoverFlake2/install/moveit_ros_perception:/RoverFlake2/install/moveit_chomp_optimizer_adapter:/RoverFlake2/install/rosparam_shortcuts:/RoverFlake2/install/moveit_resources:/RoverFlake2/install/moveit_configs_utils:/RoverFlake2/install/launch_param_builder:/opt/ros/humble LD_LIBRARY_PATH=/RoverFlake2/install/pilz_industrial_motion_planner/lib:/RoverFlake2/install/moveit_ros_planning_interface/lib:/RoverFlake2/install/moveit_ros_move_group/lib:/RoverFlake2/install/moveit_ros_warehouse/lib:/RoverFlake2/install/moveit_planners_ompl/lib:/RoverFlake2/install/moveit_kinematics/lib:/RoverFlake2/install/moveit_ros_planning/lib:/RoverFlake2/install/moveit_planners_chomp/lib:/RoverFlake2/install/pilz_industrial_motion_planner_testutils/lib:/RoverFlake2/install/moveit_simple_controller_manager/lib:/RoverFlake2/install/moveit_ros_occupancy_map_monitor/lib:/RoverFlake2/install/moveit_resources_prbt_ikfast_manipulator_plugin/lib:/RoverFlake2/install/chomp_motion_planner/lib:/RoverFlake2/install/moveit_core/lib:/RoverFlake2/install/rviz_marker_tools/lib:/RoverFlake2/install/srdfdom/lib:/RoverFlake2/install/moveit_task_constructor_msgs/lib:/RoverFlake2/install/moveit_visual_tools/lib:/RoverFlake2/install/moveit_ros_control_interface/lib:/RoverFlake2/install/moveit_ros_benchmarks/lib:/RoverFlake2/install/moveit_ros_robot_interaction/lib:/RoverFlake2/install/moveit_ros_perception/lib:/RoverFlake2/install/moveit_chomp_optimizer_adapter/lib:/RoverFlake2/install/rosparam_shortcuts/lib:/opt/ros/humble/opt/rviz_ogre_vendor/lib:/opt/ros/humble/lib/x86_64-linux-gnu:/opt/ros/humble/lib PYTHONPATH=/RoverFlake2/install/moveit_configs_utils/lib/python3.10/site-packages:/RoverFlake2/install/launch_param_builder/lib/python3.10/site-packages:/RoverFlake2/install/srdfdom/local/lib/python3.10/dist-packages:/RoverFlake2/install/moveit_task_constructor_msgs/local/lib/python3.10/dist-packages:/opt/ros/humble/lib/python3.10/site-packages:/opt/ros/humble/local/lib/python3.10/dist-packages /usr/bin/cmake --install /RoverFlake2/build/moveit_task_constructor_core
