[0.009s] Invoking command in '/RoverFlake2/build/rviz_marker_tools': AMENT_PREFIX_PATH=/RoverFlake2/install/moveit_common:${AMENT_PREFIX_PATH} CMAKE_PREFIX_PATH=/RoverFlake2/install/moveit_common:/opt/ros/humble /usr/bin/cmake /RoverFlake2/src/moveit_task_constructor/rviz_marker_tools -DCMAKE_BUILD_TYPE=Release -DCMAKE_INSTALL_PREFIX=/RoverFlake2/install/rviz_marker_tools
[0.057s] -- The C compiler identification is GNU 11.4.0
[0.102s] -- The CXX compiler identification is GNU 11.4.0
[0.109s] -- Detecting C compiler ABI info
[0.164s] -- Detecting C compiler ABI info - done
[0.169s] -- Check for working C compiler: /usr/bin/cc - skipped
[0.169s] -- Detecting C compile features
[0.169s] -- Detecting C compile features - done
[0.171s] -- Detecting CXX compiler ABI info
[0.242s] -- Detecting CXX compiler ABI info - done
[0.246s] -- Check for working CXX compiler: /usr/bin/c++ - skipped
[0.247s] -- Detecting CXX compile features
[0.247s] -- Detecting CXX compile features - done
[0.250s] -- Found ament_cmake: 1.3.12 (/opt/ros/humble/share/ament_cmake/cmake)
[0.359s] -- Found Python3: /usr/bin/python3 (found version "3.10.12") found components: Interpreter 
[0.430s] -- Found moveit_common: 2.5.9 (/RoverFlake2/install/moveit_common/share/moveit_common/cmake)
[0.472s] -- Found eigen3_cmake_module: 0.1.1 (/opt/ros/humble/share/eigen3_cmake_module/cmake)
[0.480s] -- Found Eigen3: TRUE (found version "3.4.0") 
[0.481s] -- Found geometry_msgs: 4.9.0 (/opt/ros/humble/share/geometry_msgs/cmake)
[0.512s] -- Found rosidl_generator_c: 3.1.8 (/opt/ros/humble/share/rosidl_generator_c/cmake)
[0.516s] -- Found rosidl_adapter: 3.1.8 (/opt/ros/humble/share/rosidl_adapter/cmake)
[0.523s] -- Found rosidl_generator_cpp: 3.1.8 (/opt/ros/humble/share/rosidl_generator_cpp/cmake)
[0.532s] -- Using all available rosidl_typesupport_c: rosidl_typesupport_fastrtps_c;rosidl_typesupport_introspection_c
[0.544s] -- Using all available rosidl_typesupport_cpp: rosidl_typesupport_fastrtps_cpp;rosidl_typesupport_introspection_cpp
[0.570s] -- Found rclcpp: 16.0.17 (/opt/ros/humble/share/rclcpp/cmake)
[0.598s] -- Found rmw_implementation_cmake: 6.1.2 (/opt/ros/humble/share/rmw_implementation_cmake/cmake)
[0.600s] -- Found rmw_cyclonedds_cpp: 1.3.4 (/opt/ros/humble/share/rmw_cyclonedds_cpp/cmake)
[0.615s] -- Using RMW implementation 'rmw_cyclonedds_cpp' as default
[0.622s] -- Looking for pthread.h
[0.695s] -- Looking for pthread.h - found
[0.695s] -- Performing Test CMAKE_HAVE_LIBC_PTHREAD
[0.781s] -- Performing Test CMAKE_HAVE_LIBC_PTHREAD - Success
[0.782s] -- Found Threads: TRUE  
[0.813s] -- Found tf2_eigen: 0.25.18 (/opt/ros/humble/share/tf2_eigen/cmake)
[0.900s] -- Found visualization_msgs: 4.9.0 (/opt/ros/humble/share/visualization_msgs/cmake)
[0.930s] -- Configuring done
[0.942s] -- Generating done
[0.945s] -- Build files have been written to: /RoverFlake2/build/rviz_marker_tools
[0.958s] Invoked command in '/RoverFlake2/build/rviz_marker_tools' returned '0': AMENT_PREFIX_PATH=/RoverFlake2/install/moveit_common:${AMENT_PREFIX_PATH} CMAKE_PREFIX_PATH=/RoverFlake2/install/moveit_common:/opt/ros/humble /usr/bin/cmake /RoverFlake2/src/moveit_task_constructor/rviz_marker_tools -DCMAKE_BUILD_TYPE=Release -DCMAKE_INSTALL_PREFIX=/RoverFlake2/install/rviz_marker_tools
[0.960s] Invoking command in '/RoverFlake2/build/rviz_marker_tools': AMENT_PREFIX_PATH=/RoverFlake2/install/moveit_common:${AMENT_PREFIX_PATH} CMAKE_PREFIX_PATH=/RoverFlake2/install/moveit_common:/opt/ros/humble /usr/bin/cmake --build /RoverFlake2/build/rviz_marker_tools -- -j32 -l32
[1.008s] [ 50%] [32mBuilding CXX object CMakeFiles/rviz_marker_tools.dir/src/marker_creation.cpp.o[0m
[5.758s] [100%] [32m[1mLinking CXX shared library librviz_marker_tools.so[0m
[5.829s] [100%] Built target rviz_marker_tools
[5.836s] Invoked command in '/RoverFlake2/build/rviz_marker_tools' returned '0': AMENT_PREFIX_PATH=/RoverFlake2/install/moveit_common:${AMENT_PREFIX_PATH} CMAKE_PREFIX_PATH=/RoverFlake2/install/moveit_common:/opt/ros/humble /usr/bin/cmake --build /RoverFlake2/build/rviz_marker_tools -- -j32 -l32
[5.837s] Invoking command in '/RoverFlake2/build/rviz_marker_tools': AMENT_PREFIX_PATH=/RoverFlake2/install/moveit_common:${AMENT_PREFIX_PATH} CMAKE_PREFIX_PATH=/RoverFlake2/install/moveit_common:/opt/ros/humble /usr/bin/cmake --install /RoverFlake2/build/rviz_marker_tools
[5.841s] -- Install configuration: "Release"
[5.841s] -- Installing: /RoverFlake2/install/rviz_marker_tools/include
[5.841s] -- Installing: /RoverFlake2/install/rviz_marker_tools/include/rviz_marker_tools
[5.841s] -- Installing: /RoverFlake2/install/rviz_marker_tools/include/rviz_marker_tools/marker_creation.h
[5.841s] -- Installing: /RoverFlake2/install/rviz_marker_tools/lib/librviz_marker_tools.so
[5.842s] -- Set runtime path of "/RoverFlake2/install/rviz_marker_tools/lib/librviz_marker_tools.so" to ""
[5.842s] -- Installing: /RoverFlake2/install/rviz_marker_tools/share/rviz_marker_tools/environment/library_path.sh
[5.842s] -- Installing: /RoverFlake2/install/rviz_marker_tools/share/rviz_marker_tools/environment/library_path.dsv
[5.842s] -- Installing: /RoverFlake2/install/rviz_marker_tools/share/ament_index/resource_index/package_run_dependencies/rviz_marker_tools
[5.842s] -- Installing: /RoverFlake2/install/rviz_marker_tools/share/ament_index/resource_index/parent_prefix_path/rviz_marker_tools
[5.842s] -- Installing: /RoverFlake2/install/rviz_marker_tools/share/rviz_marker_tools/environment/ament_prefix_path.sh
[5.842s] -- Installing: /RoverFlake2/install/rviz_marker_tools/share/rviz_marker_tools/environment/ament_prefix_path.dsv
[5.842s] -- Installing: /RoverFlake2/install/rviz_marker_tools/share/rviz_marker_tools/environment/path.sh
[5.843s] -- Installing: /RoverFlake2/install/rviz_marker_tools/share/rviz_marker_tools/environment/path.dsv
[5.843s] -- Installing: /RoverFlake2/install/rviz_marker_tools/share/rviz_marker_tools/local_setup.bash
[5.843s] -- Installing: /RoverFlake2/install/rviz_marker_tools/share/rviz_marker_tools/local_setup.sh
[5.843s] -- Installing: /RoverFlake2/install/rviz_marker_tools/share/rviz_marker_tools/local_setup.zsh
[5.843s] -- Installing: /RoverFlake2/install/rviz_marker_tools/share/rviz_marker_tools/local_setup.dsv
[5.843s] -- Installing: /RoverFlake2/install/rviz_marker_tools/share/rviz_marker_tools/package.dsv
[5.843s] -- Installing: /RoverFlake2/install/rviz_marker_tools/share/ament_index/resource_index/packages/rviz_marker_tools
[5.843s] -- Installing: /RoverFlake2/install/rviz_marker_tools/share/rviz_marker_tools/cmake/rviz_marker_toolsTargetsExport.cmake
[5.843s] -- Installing: /RoverFlake2/install/rviz_marker_tools/share/rviz_marker_tools/cmake/rviz_marker_toolsTargetsExport-release.cmake
[5.843s] -- Installing: /RoverFlake2/install/rviz_marker_tools/share/rviz_marker_tools/cmake/ament_cmake_export_targets-extras.cmake
[5.843s] -- Installing: /RoverFlake2/install/rviz_marker_tools/share/rviz_marker_tools/cmake/ament_cmake_export_dependencies-extras.cmake
[5.844s] -- Installing: /RoverFlake2/install/rviz_marker_tools/share/rviz_marker_tools/cmake/rviz_marker_toolsConfig.cmake
[5.844s] -- Installing: /RoverFlake2/install/rviz_marker_tools/share/rviz_marker_tools/cmake/rviz_marker_toolsConfig-version.cmake
[5.844s] -- Installing: /RoverFlake2/install/rviz_marker_tools/share/rviz_marker_tools/package.xml
[5.845s] Invoked command in '/RoverFlake2/build/rviz_marker_tools' returned '0': AMENT_PREFIX_PATH=/RoverFlake2/install/moveit_common:${AMENT_PREFIX_PATH} CMAKE_PREFIX_PATH=/RoverFlake2/install/moveit_common:/opt/ros/humble /usr/bin/cmake --install /RoverFlake2/build/rviz_marker_tools
