[0.182s] Invoking command in '/RoverFlake2/build/moveit_resources_fanuc_description': CMAKE_PREFIX_PATH=/opt/ros/humble /usr/bin/cmake /RoverFlake2/src/moveit_resources/fanuc_description -DCMAKE_BUILD_TYPE=Release -DCMAKE_INSTALL_PREFIX=/RoverFlake2/install/moveit_resources_fanuc_description
[0.225s] -- The C compiler identification is GNU 11.4.0
[0.267s] -- The CXX compiler identification is GNU 11.4.0
[0.273s] -- Detecting C compiler ABI info
[0.332s] -- Detecting C compiler ABI info - done
[0.339s] -- Check for working C compiler: /usr/bin/cc - skipped
[0.340s] -- Detecting C compile features
[0.340s] -- Detecting C compile features - done
[0.343s] -- Detecting CXX compiler ABI info
[0.412s] -- Detecting CXX compiler ABI info - done
[0.418s] -- Check for working CXX compiler: /usr/bin/c++ - skipped
[0.418s] -- Detecting CXX compile features
[0.418s] -- Detecting CXX compile features - done
[0.421s] -- Found ament_cmake: 1.3.12 (/opt/ros/humble/share/ament_cmake/cmake)
[0.532s] -- Found Python3: /usr/bin/python3 (found version "3.10.12") found components: Interpreter 
[0.656s] -- Configuring done
[0.659s] -- Generating done
[0.660s] -- Build files have been written to: /RoverFlake2/build/moveit_resources_fanuc_description
[0.664s] Invoked command in '/RoverFlake2/build/moveit_resources_fanuc_description' returned '0': CMAKE_PREFIX_PATH=/opt/ros/humble /usr/bin/cmake /RoverFlake2/src/moveit_resources/fanuc_description -DCMAKE_BUILD_TYPE=Release -DCMAKE_INSTALL_PREFIX=/RoverFlake2/install/moveit_resources_fanuc_description
[0.666s] Invoking command in '/RoverFlake2/build/moveit_resources_fanuc_description': CMAKE_PREFIX_PATH=/opt/ros/humble /usr/bin/cmake --build /RoverFlake2/build/moveit_resources_fanuc_description -- -j32 -l32
[0.701s] Invoked command in '/RoverFlake2/build/moveit_resources_fanuc_description' returned '0': CMAKE_PREFIX_PATH=/opt/ros/humble /usr/bin/cmake --build /RoverFlake2/build/moveit_resources_fanuc_description -- -j32 -l32
[0.703s] Invoking command in '/RoverFlake2/build/moveit_resources_fanuc_description': CMAKE_PREFIX_PATH=/opt/ros/humble /usr/bin/cmake --install /RoverFlake2/build/moveit_resources_fanuc_description
[0.708s] -- Install configuration: "Release"
[0.708s] -- Installing: /RoverFlake2/install/moveit_resources_fanuc_description/share/ament_index/resource_index/package_run_dependencies/moveit_resources_fanuc_description
[0.708s] -- Installing: /RoverFlake2/install/moveit_resources_fanuc_description/share/ament_index/resource_index/parent_prefix_path/moveit_resources_fanuc_description
[0.708s] -- Installing: /RoverFlake2/install/moveit_resources_fanuc_description/share/moveit_resources_fanuc_description/environment/ament_prefix_path.sh
[0.708s] -- Installing: /RoverFlake2/install/moveit_resources_fanuc_description/share/moveit_resources_fanuc_description/environment/ament_prefix_path.dsv
[0.708s] -- Installing: /RoverFlake2/install/moveit_resources_fanuc_description/share/moveit_resources_fanuc_description/environment/path.sh
[0.708s] -- Installing: /RoverFlake2/install/moveit_resources_fanuc_description/share/moveit_resources_fanuc_description/environment/path.dsv
[0.709s] -- Installing: /RoverFlake2/install/moveit_resources_fanuc_description/share/moveit_resources_fanuc_description/local_setup.bash
[0.709s] -- Installing: /RoverFlake2/install/moveit_resources_fanuc_description/share/moveit_resources_fanuc_description/local_setup.sh
[0.709s] -- Installing: /RoverFlake2/install/moveit_resources_fanuc_description/share/moveit_resources_fanuc_description/local_setup.zsh
[0.709s] -- Installing: /RoverFlake2/install/moveit_resources_fanuc_description/share/moveit_resources_fanuc_description/local_setup.dsv
[0.709s] -- Installing: /RoverFlake2/install/moveit_resources_fanuc_description/share/moveit_resources_fanuc_description/package.dsv
[0.709s] -- Installing: /RoverFlake2/install/moveit_resources_fanuc_description/share/ament_index/resource_index/packages/moveit_resources_fanuc_description
[0.709s] -- Installing: /RoverFlake2/install/moveit_resources_fanuc_description/share/moveit_resources_fanuc_description/cmake/moveit_resources_fanuc_descriptionConfig.cmake
[0.709s] -- Installing: /RoverFlake2/install/moveit_resources_fanuc_description/share/moveit_resources_fanuc_description/cmake/moveit_resources_fanuc_descriptionConfig-version.cmake
[0.709s] -- Installing: /RoverFlake2/install/moveit_resources_fanuc_description/share/moveit_resources_fanuc_description/package.xml
[0.710s] -- Installing: /RoverFlake2/install/moveit_resources_fanuc_description/share/moveit_resources_fanuc_description/meshes
[0.710s] -- Installing: /RoverFlake2/install/moveit_resources_fanuc_description/share/moveit_resources_fanuc_description/meshes/visual
[0.710s] -- Installing: /RoverFlake2/install/moveit_resources_fanuc_description/share/moveit_resources_fanuc_description/meshes/visual/base_link.stl
[0.710s] -- Installing: /RoverFlake2/install/moveit_resources_fanuc_description/share/moveit_resources_fanuc_description/meshes/visual/link_2.stl
[0.710s] -- Installing: /RoverFlake2/install/moveit_resources_fanuc_description/share/moveit_resources_fanuc_description/meshes/visual/link_6.stl
[0.710s] -- Installing: /RoverFlake2/install/moveit_resources_fanuc_description/share/moveit_resources_fanuc_description/meshes/visual/link_4.stl
[0.712s] -- Installing: /RoverFlake2/install/moveit_resources_fanuc_description/share/moveit_resources_fanuc_description/meshes/visual/link_3.stl
[0.713s] -- Installing: /RoverFlake2/install/moveit_resources_fanuc_description/share/moveit_resources_fanuc_description/meshes/visual/link_1.stl
[0.713s] -- Installing: /RoverFlake2/install/moveit_resources_fanuc_description/share/moveit_resources_fanuc_description/meshes/visual/link_5.stl
[0.713s] -- Installing: /RoverFlake2/install/moveit_resources_fanuc_description/share/moveit_resources_fanuc_description/meshes/collision
[0.713s] -- Installing: /RoverFlake2/install/moveit_resources_fanuc_description/share/moveit_resources_fanuc_description/meshes/collision/base_link.stl
[0.713s] -- Installing: /RoverFlake2/install/moveit_resources_fanuc_description/share/moveit_resources_fanuc_description/meshes/collision/link_2.stl
[0.713s] -- Installing: /RoverFlake2/install/moveit_resources_fanuc_description/share/moveit_resources_fanuc_description/meshes/collision/link_6.stl
[0.713s] -- Installing: /RoverFlake2/install/moveit_resources_fanuc_description/share/moveit_resources_fanuc_description/meshes/collision/link_4.stl
[0.713s] -- Installing: /RoverFlake2/install/moveit_resources_fanuc_description/share/moveit_resources_fanuc_description/meshes/collision/link_3.stl
[0.713s] -- Installing: /RoverFlake2/install/moveit_resources_fanuc_description/share/moveit_resources_fanuc_description/meshes/collision/link_1.stl
[0.713s] -- Installing: /RoverFlake2/install/moveit_resources_fanuc_description/share/moveit_resources_fanuc_description/meshes/collision/link_5.stl
[0.713s] -- Installing: /RoverFlake2/install/moveit_resources_fanuc_description/share/moveit_resources_fanuc_description/urdf
[0.713s] -- Installing: /RoverFlake2/install/moveit_resources_fanuc_description/share/moveit_resources_fanuc_description/urdf/fanuc.urdf
[0.715s] Invoked command in '/RoverFlake2/build/moveit_resources_fanuc_description' returned '0': CMAKE_PREFIX_PATH=/opt/ros/humble /usr/bin/cmake --install /RoverFlake2/build/moveit_resources_fanuc_description
