[0.012s] Invoking command in '/RoverFlake2/build/moveit_ros_control_interface': AMENT_PREFIX_PATH=/RoverFlake2/install/moveit_simple_controller_manager:/RoverFlake2/install/moveit_core:/RoverFlake2/install/moveit_resources_panda_moveit_config:/RoverFlake2/install/srdfdom:/RoverFlake2/install/moveit_resources_pr2_description:/RoverFlake2/install/moveit_resources_panda_description:/RoverFlake2/install/moveit_common:${AMENT_PREFIX_PATH} CMAKE_PREFIX_PATH=/RoverFlake2/install/moveit_simple_controller_manager:/RoverFlake2/install/moveit_core:/RoverFlake2/install/moveit_resources_panda_moveit_config:/RoverFlake2/install/srdfdom:/RoverFlake2/install/moveit_resources_pr2_description:/RoverFlake2/install/moveit_resources_panda_description:/RoverFlake2/install/moveit_common:/opt/ros/humble LD_LIBRARY_PATH=/RoverFlake2/install/moveit_simple_controller_manager/lib:/RoverFlake2/install/moveit_core/lib:/RoverFlake2/install/srdfdom/lib:${LD_LIBRARY_PATH} PATH=/RoverFlake2/install/moveit_core/bin:${PATH} PYTHONPATH=/RoverFlake2/install/srdfdom/local/lib/python3.10/dist-packages:${PYTHONPATH} /usr/bin/cmake /RoverFlake2/src/moveit2/moveit_plugins/moveit_ros_control_interface -DCMAKE_BUILD_TYPE=Release -DCMAKE_INSTALL_PREFIX=/RoverFlake2/install/moveit_ros_control_interface
[0.060s] -- The C compiler identification is GNU 11.4.0
[0.110s] -- The CXX compiler identification is GNU 11.4.0
[0.117s] -- Detecting C compiler ABI info
[0.180s] -- Detecting C compiler ABI info - done
[0.184s] -- Check for working C compiler: /usr/bin/cc - skipped
[0.184s] -- Detecting C compile features
[0.185s] -- Detecting C compile features - done
[0.187s] -- Detecting CXX compiler ABI info
[0.251s] -- Detecting CXX compiler ABI info - done
[0.256s] -- Check for working CXX compiler: /usr/bin/c++ - skipped
[0.256s] -- Detecting CXX compile features
[0.257s] -- Detecting CXX compile features - done
[0.260s] -- Found ament_cmake: 1.3.12 (/opt/ros/humble/share/ament_cmake/cmake)
[0.365s] -- Found Python3: /usr/bin/python3 (found version "3.10.12") found components: Interpreter 
[0.446s] -- Found rclcpp_action: 16.0.17 (/opt/ros/humble/share/rclcpp_action/cmake)
[0.483s] -- Found rosidl_generator_c: 3.1.8 (/opt/ros/humble/share/rosidl_generator_c/cmake)
[0.488s] -- Found rosidl_adapter: 3.1.8 (/opt/ros/humble/share/rosidl_adapter/cmake)
[0.497s] -- Found rosidl_generator_cpp: 3.1.8 (/opt/ros/humble/share/rosidl_generator_cpp/cmake)
[0.507s] -- Using all available rosidl_typesupport_c: rosidl_typesupport_fastrtps_c;rosidl_typesupport_introspection_c
[0.522s] -- Using all available rosidl_typesupport_cpp: rosidl_typesupport_fastrtps_cpp;rosidl_typesupport_introspection_cpp
[0.595s] -- Found rmw_implementation_cmake: 6.1.2 (/opt/ros/humble/share/rmw_implementation_cmake/cmake)
[0.599s] -- Found rmw_cyclonedds_cpp: 1.3.4 (/opt/ros/humble/share/rmw_cyclonedds_cpp/cmake)
[0.627s] -- Using RMW implementation 'rmw_cyclonedds_cpp' as default
[0.642s] -- Looking for pthread.h
[0.712s] -- Looking for pthread.h - found
[0.713s] -- Performing Test CMAKE_HAVE_LIBC_PTHREAD
[0.768s] -- Performing Test CMAKE_HAVE_LIBC_PTHREAD - Success
[0.769s] -- Found Threads: TRUE  
[0.814s] -- Found controller_manager_msgs: 2.53.0 (/opt/ros/humble/share/controller_manager_msgs/cmake)
[0.832s] -- Found moveit_core: 2.5.9 (/RoverFlake2/install/moveit_core/share/moveit_core/cmake)
[0.869s] -- Found Boost: /usr/lib/x86_64-linux-gnu/cmake/Boost-1.74.0/BoostConfig.cmake (found version "1.74.0") found components: chrono date_time filesystem iostreams program_options regex serialization system thread 
[0.909s] -- Found parameter_traits: 0.6.0 (/opt/ros/humble/share/parameter_traits/cmake)
[0.920s] -- Found rclcpp_lifecycle: 16.0.17 (/opt/ros/humble/share/rclcpp_lifecycle/cmake)
[0.932s] -- Found Boost: /usr/lib/x86_64-linux-gnu/cmake/Boost-1.74.0/BoostConfig.cmake (found version "1.74.0") found components: filesystem 
[1.013s] -- library: /usr/lib/x86_64-linux-gnu/libcurl.so
[1.064s] -- Found Eigen3: TRUE (found version "3.4.0") 
[1.064s] -- Ensuring Eigen3 include directory is part of orocos-kdl CMake target
[1.242s] -- Found moveit_simple_controller_manager: 2.5.9 (/RoverFlake2/install/moveit_simple_controller_manager/share/moveit_simple_controller_manager/cmake)
[1.245s] -- Found Boost: /usr/lib/x86_64-linux-gnu/cmake/Boost-1.74.0/BoostConfig.cmake (found version "1.74.0") found components: thread 
[1.276s] -- Found moveit_common: 2.5.9 (/RoverFlake2/install/moveit_common/share/moveit_common/cmake)
[1.347s] -- Found Boost: /usr/lib/x86_64-linux-gnu/cmake/Boost-1.74.0/BoostConfig.cmake (found version "1.74.0") found components: system thread 
[1.369s] -- Found ament_cmake_gtest: 1.3.12 (/opt/ros/humble/share/ament_cmake_gtest/cmake)
[1.373s] -- Found gtest sources under '/opt/ros/humble/src/gtest_vendor': C++ tests using 'Google Test' will be built
[1.382s] -- Configuring done
[1.474s] -- Generating done
[1.495s] -- Build files have been written to: /RoverFlake2/build/moveit_ros_control_interface
[1.516s] Invoked command in '/RoverFlake2/build/moveit_ros_control_interface' returned '0': AMENT_PREFIX_PATH=/RoverFlake2/install/moveit_simple_controller_manager:/RoverFlake2/install/moveit_core:/RoverFlake2/install/moveit_resources_panda_moveit_config:/RoverFlake2/install/srdfdom:/RoverFlake2/install/moveit_resources_pr2_description:/RoverFlake2/install/moveit_resources_panda_description:/RoverFlake2/install/moveit_common:${AMENT_PREFIX_PATH} CMAKE_PREFIX_PATH=/RoverFlake2/install/moveit_simple_controller_manager:/RoverFlake2/install/moveit_core:/RoverFlake2/install/moveit_resources_panda_moveit_config:/RoverFlake2/install/srdfdom:/RoverFlake2/install/moveit_resources_pr2_description:/RoverFlake2/install/moveit_resources_panda_description:/RoverFlake2/install/moveit_common:/opt/ros/humble LD_LIBRARY_PATH=/RoverFlake2/install/moveit_simple_controller_manager/lib:/RoverFlake2/install/moveit_core/lib:/RoverFlake2/install/srdfdom/lib:${LD_LIBRARY_PATH} PATH=/RoverFlake2/install/moveit_core/bin:${PATH} PYTHONPATH=/RoverFlake2/install/srdfdom/local/lib/python3.10/dist-packages:${PYTHONPATH} /usr/bin/cmake /RoverFlake2/src/moveit2/moveit_plugins/moveit_ros_control_interface -DCMAKE_BUILD_TYPE=Release -DCMAKE_INSTALL_PREFIX=/RoverFlake2/install/moveit_ros_control_interface
[1.518s] Invoking command in '/RoverFlake2/build/moveit_ros_control_interface': AMENT_PREFIX_PATH=/RoverFlake2/install/moveit_simple_controller_manager:/RoverFlake2/install/moveit_core:/RoverFlake2/install/moveit_resources_panda_moveit_config:/RoverFlake2/install/srdfdom:/RoverFlake2/install/moveit_resources_pr2_description:/RoverFlake2/install/moveit_resources_panda_description:/RoverFlake2/install/moveit_common:${AMENT_PREFIX_PATH} CMAKE_PREFIX_PATH=/RoverFlake2/install/moveit_simple_controller_manager:/RoverFlake2/install/moveit_core:/RoverFlake2/install/moveit_resources_panda_moveit_config:/RoverFlake2/install/srdfdom:/RoverFlake2/install/moveit_resources_pr2_description:/RoverFlake2/install/moveit_resources_panda_description:/RoverFlake2/install/moveit_common:/opt/ros/humble LD_LIBRARY_PATH=/RoverFlake2/install/moveit_simple_controller_manager/lib:/RoverFlake2/install/moveit_core/lib:/RoverFlake2/install/srdfdom/lib:${LD_LIBRARY_PATH} PATH=/RoverFlake2/install/moveit_core/bin:${PATH} PYTHONPATH=/RoverFlake2/install/srdfdom/local/lib/python3.10/dist-packages:${PYTHONPATH} /usr/bin/cmake --build /RoverFlake2/build/moveit_ros_control_interface -- -j32 -l32
[1.578s] [ 21%] [32mBuilding CXX object CMakeFiles/moveit_ros_control_interface_plugin.dir/src/controller_manager_plugin.cpp.o[0m
[1.578s] [ 21%] [32mBuilding CXX object gtest/CMakeFiles/gtest_main.dir/src/gtest_main.cc.o[0m
[1.578s] [ 21%] [32mBuilding CXX object CMakeFiles/moveit_ros_control_interface_trajectory_plugin.dir/src/joint_trajectory_controller_plugin.cpp.o[0m
[1.578s] [ 28%] [32mBuilding CXX object CMakeFiles/moveit_ros_control_interface_empty_plugin.dir/src/empty_controller_plugin.cpp.o[0m
[1.581s] [ 42%] [32mBuilding CXX object CMakeFiles/moveit_ros_control_interface_gripper_plugin.dir/src/gripper_controller_plugin.cpp.o[0m
[1.581s] [ 42%] [32mBuilding CXX object gtest/CMakeFiles/gtest.dir/src/gtest-all.cc.o[0m
[2.333s] [ 50%] [32m[1mLinking CXX static library libgtest_main.a[0m
[2.364s] [ 50%] Built target gtest_main
[4.215s] [ 57%] [32m[1mLinking CXX shared library libmoveit_ros_control_interface_empty_plugin.so[0m
[4.378s] [ 57%] Built target moveit_ros_control_interface_empty_plugin
[5.554s] [ 64%] [32m[1mLinking CXX shared library libmoveit_ros_control_interface_trajectory_plugin.so[0m
[5.728s] [ 64%] Built target moveit_ros_control_interface_trajectory_plugin
[5.846s] [ 71%] [32m[1mLinking CXX shared library libmoveit_ros_control_interface_gripper_plugin.so[0m
[5.987s] [ 71%] Built target moveit_ros_control_interface_gripper_plugin
[6.727s] [ 78%] [32m[1mLinking CXX static library libgtest.a[0m
[6.757s] [ 78%] Built target gtest
[10.602s] [ 85%] [32m[1mLinking CXX shared library libmoveit_ros_control_interface_plugin.so[0m
[10.772s] [ 85%] Built target moveit_ros_control_interface_plugin
[10.787s] [ 92%] [32mBuilding CXX object test/CMakeFiles/test_controller_manager_plugin.dir/test_controller_manager_plugin.cpp.o[0m
[22.171s] [100%] [32m[1mLinking CXX executable test_controller_manager_plugin[0m
[22.432s] [100%] Built target test_controller_manager_plugin
[22.448s] Invoked command in '/RoverFlake2/build/moveit_ros_control_interface' returned '0': AMENT_PREFIX_PATH=/RoverFlake2/install/moveit_simple_controller_manager:/RoverFlake2/install/moveit_core:/RoverFlake2/install/moveit_resources_panda_moveit_config:/RoverFlake2/install/srdfdom:/RoverFlake2/install/moveit_resources_pr2_description:/RoverFlake2/install/moveit_resources_panda_description:/RoverFlake2/install/moveit_common:${AMENT_PREFIX_PATH} CMAKE_PREFIX_PATH=/RoverFlake2/install/moveit_simple_controller_manager:/RoverFlake2/install/moveit_core:/RoverFlake2/install/moveit_resources_panda_moveit_config:/RoverFlake2/install/srdfdom:/RoverFlake2/install/moveit_resources_pr2_description:/RoverFlake2/install/moveit_resources_panda_description:/RoverFlake2/install/moveit_common:/opt/ros/humble LD_LIBRARY_PATH=/RoverFlake2/install/moveit_simple_controller_manager/lib:/RoverFlake2/install/moveit_core/lib:/RoverFlake2/install/srdfdom/lib:${LD_LIBRARY_PATH} PATH=/RoverFlake2/install/moveit_core/bin:${PATH} PYTHONPATH=/RoverFlake2/install/srdfdom/local/lib/python3.10/dist-packages:${PYTHONPATH} /usr/bin/cmake --build /RoverFlake2/build/moveit_ros_control_interface -- -j32 -l32
[22.452s] Invoking command in '/RoverFlake2/build/moveit_ros_control_interface': AMENT_PREFIX_PATH=/RoverFlake2/install/moveit_simple_controller_manager:/RoverFlake2/install/moveit_core:/RoverFlake2/install/moveit_resources_panda_moveit_config:/RoverFlake2/install/srdfdom:/RoverFlake2/install/moveit_resources_pr2_description:/RoverFlake2/install/moveit_resources_panda_description:/RoverFlake2/install/moveit_common:${AMENT_PREFIX_PATH} CMAKE_PREFIX_PATH=/RoverFlake2/install/moveit_simple_controller_manager:/RoverFlake2/install/moveit_core:/RoverFlake2/install/moveit_resources_panda_moveit_config:/RoverFlake2/install/srdfdom:/RoverFlake2/install/moveit_resources_pr2_description:/RoverFlake2/install/moveit_resources_panda_description:/RoverFlake2/install/moveit_common:/opt/ros/humble LD_LIBRARY_PATH=/RoverFlake2/install/moveit_simple_controller_manager/lib:/RoverFlake2/install/moveit_core/lib:/RoverFlake2/install/srdfdom/lib:${LD_LIBRARY_PATH} PATH=/RoverFlake2/install/moveit_core/bin:${PATH} PYTHONPATH=/RoverFlake2/install/srdfdom/local/lib/python3.10/dist-packages:${PYTHONPATH} /usr/bin/cmake --install /RoverFlake2/build/moveit_ros_control_interface
[22.459s] -- Install configuration: "Release"
[22.459s] -- Installing: /RoverFlake2/install/moveit_ros_control_interface/lib/libmoveit_ros_control_interface_plugin.so.2.5.9
[22.461s] -- Set runtime path of "/RoverFlake2/install/moveit_ros_control_interface/lib/libmoveit_ros_control_interface_plugin.so.2.5.9" to ""
[22.461s] -- Installing: /RoverFlake2/install/moveit_ros_control_interface/lib/libmoveit_ros_control_interface_plugin.so
[22.461s] -- Installing: /RoverFlake2/install/moveit_ros_control_interface/lib/libmoveit_ros_control_interface_trajectory_plugin.so.2.5.9
[22.461s] -- Set runtime path of "/RoverFlake2/install/moveit_ros_control_interface/lib/libmoveit_ros_control_interface_trajectory_plugin.so.2.5.9" to ""
[22.462s] -- Installing: /RoverFlake2/install/moveit_ros_control_interface/lib/libmoveit_ros_control_interface_trajectory_plugin.so
[22.462s] -- Installing: /RoverFlake2/install/moveit_ros_control_interface/lib/libmoveit_ros_control_interface_gripper_plugin.so.2.5.9
[22.462s] -- Set runtime path of "/RoverFlake2/install/moveit_ros_control_interface/lib/libmoveit_ros_control_interface_gripper_plugin.so.2.5.9" to ""
[22.462s] -- Installing: /RoverFlake2/install/moveit_ros_control_interface/lib/libmoveit_ros_control_interface_gripper_plugin.so
[22.462s] -- Installing: /RoverFlake2/install/moveit_ros_control_interface/lib/libmoveit_ros_control_interface_empty_plugin.so.2.5.9
[22.463s] -- Set runtime path of "/RoverFlake2/install/moveit_ros_control_interface/lib/libmoveit_ros_control_interface_empty_plugin.so.2.5.9" to ""
[22.463s] -- Installing: /RoverFlake2/install/moveit_ros_control_interface/lib/libmoveit_ros_control_interface_empty_plugin.so
[22.463s] -- Installing: /RoverFlake2/install/moveit_ros_control_interface/include
[22.463s] -- Installing: /RoverFlake2/install/moveit_ros_control_interface/include/moveit_ros_control_interface
[22.464s] -- Installing: /RoverFlake2/install/moveit_ros_control_interface/include/moveit_ros_control_interface/ControllerHandle.h
[22.464s] -- Installing: /RoverFlake2/install/moveit_ros_control_interface/share/moveit_ros_control_interface/moveit_core_plugins.xml
[22.464s] -- Installing: /RoverFlake2/install/moveit_ros_control_interface/share/moveit_ros_control_interface/moveit_ros_control_interface_plugins.xml
[22.465s] -- Installing: /RoverFlake2/install/moveit_ros_control_interface/share/moveit_ros_control_interface/environment/library_path.sh
[22.465s] -- Installing: /RoverFlake2/install/moveit_ros_control_interface/share/moveit_ros_control_interface/environment/library_path.dsv
[22.465s] -- Installing: /RoverFlake2/install/moveit_ros_control_interface/share/ament_index/resource_index/package_run_dependencies/moveit_ros_control_interface
[22.465s] -- Installing: /RoverFlake2/install/moveit_ros_control_interface/share/ament_index/resource_index/parent_prefix_path/moveit_ros_control_interface
[22.466s] -- Installing: /RoverFlake2/install/moveit_ros_control_interface/share/moveit_ros_control_interface/environment/ament_prefix_path.sh
[22.466s] -- Installing: /RoverFlake2/install/moveit_ros_control_interface/share/moveit_ros_control_interface/environment/ament_prefix_path.dsv
[22.466s] -- Installing: /RoverFlake2/install/moveit_ros_control_interface/share/moveit_ros_control_interface/environment/path.sh
[22.466s] -- Installing: /RoverFlake2/install/moveit_ros_control_interface/share/moveit_ros_control_interface/environment/path.dsv
[22.466s] -- Installing: /RoverFlake2/install/moveit_ros_control_interface/share/moveit_ros_control_interface/local_setup.bash
[22.466s] -- Installing: /RoverFlake2/install/moveit_ros_control_interface/share/moveit_ros_control_interface/local_setup.sh
[22.467s] -- Installing: /RoverFlake2/install/moveit_ros_control_interface/share/moveit_ros_control_interface/local_setup.zsh
[22.467s] -- Installing: /RoverFlake2/install/moveit_ros_control_interface/share/moveit_ros_control_interface/local_setup.dsv
[22.467s] -- Installing: /RoverFlake2/install/moveit_ros_control_interface/share/moveit_ros_control_interface/package.dsv
[22.467s] -- Installing: /RoverFlake2/install/moveit_ros_control_interface/share/ament_index/resource_index/packages/moveit_ros_control_interface
[22.467s] -- Installing: /RoverFlake2/install/moveit_ros_control_interface/share/ament_index/resource_index/moveit_core__pluginlib__plugin/moveit_ros_control_interface
[22.467s] -- Installing: /RoverFlake2/install/moveit_ros_control_interface/share/ament_index/resource_index/moveit_ros_control_interface__pluginlib__plugin/moveit_ros_control_interface
[22.467s] -- Installing: /RoverFlake2/install/moveit_ros_control_interface/share/moveit_ros_control_interface/cmake/export_moveit_ros_control_interfaceExport.cmake
[22.467s] -- Installing: /RoverFlake2/install/moveit_ros_control_interface/share/moveit_ros_control_interface/cmake/export_moveit_ros_control_interfaceExport-release.cmake
[22.467s] -- Installing: /RoverFlake2/install/moveit_ros_control_interface/share/moveit_ros_control_interface/cmake/ConfigExtras.cmake
[22.468s] -- Installing: /RoverFlake2/install/moveit_ros_control_interface/share/moveit_ros_control_interface/cmake/ament_cmake_export_targets-extras.cmake
[22.468s] -- Installing: /RoverFlake2/install/moveit_ros_control_interface/share/moveit_ros_control_interface/cmake/ament_cmake_export_dependencies-extras.cmake
[22.468s] -- Installing: /RoverFlake2/install/moveit_ros_control_interface/share/moveit_ros_control_interface/cmake/moveit_ros_control_interfaceConfig.cmake
[22.468s] -- Installing: /RoverFlake2/install/moveit_ros_control_interface/share/moveit_ros_control_interface/cmake/moveit_ros_control_interfaceConfig-version.cmake
[22.468s] -- Installing: /RoverFlake2/install/moveit_ros_control_interface/share/moveit_ros_control_interface/package.xml
[22.471s] Invoked command in '/RoverFlake2/build/moveit_ros_control_interface' returned '0': AMENT_PREFIX_PATH=/RoverFlake2/install/moveit_simple_controller_manager:/RoverFlake2/install/moveit_core:/RoverFlake2/install/moveit_resources_panda_moveit_config:/RoverFlake2/install/srdfdom:/RoverFlake2/install/moveit_resources_pr2_description:/RoverFlake2/install/moveit_resources_panda_description:/RoverFlake2/install/moveit_common:${AMENT_PREFIX_PATH} CMAKE_PREFIX_PATH=/RoverFlake2/install/moveit_simple_controller_manager:/RoverFlake2/install/moveit_core:/RoverFlake2/install/moveit_resources_panda_moveit_config:/RoverFlake2/install/srdfdom:/RoverFlake2/install/moveit_resources_pr2_description:/RoverFlake2/install/moveit_resources_panda_description:/RoverFlake2/install/moveit_common:/opt/ros/humble LD_LIBRARY_PATH=/RoverFlake2/install/moveit_simple_controller_manager/lib:/RoverFlake2/install/moveit_core/lib:/RoverFlake2/install/srdfdom/lib:${LD_LIBRARY_PATH} PATH=/RoverFlake2/install/moveit_core/bin:${PATH} PYTHONPATH=/RoverFlake2/install/srdfdom/local/lib/python3.10/dist-packages:${PYTHONPATH} /usr/bin/cmake --install /RoverFlake2/build/moveit_ros_control_interface
