[35m[1mConsolidate compiler generated dependencies of target moveit_py_utils[0m
[  0%] Built target ament_cmake_python_copy_moveit
[ 12%] Built target moveit_py_utils
[35m[1mConsolidate compiler generated dependencies of target core[0m
[ 16%] [32mBuilding CXX object CMakeFiles/planning.dir/src/moveit/planning.cpp.o[0m
[ 20%] [32mBuilding CXX object CMakeFiles/planning.dir/src/moveit/moveit_ros/moveit_cpp/moveit_cpp.cpp.o[0m
[ 29%] [32mBuilding CXX object CMakeFiles/planning.dir/src/moveit/moveit_ros/planning_scene_monitor/planning_scene_monitor.cpp.o[0m
[ 29%] [32mBuilding CXX object CMakeFiles/planning.dir/src/moveit/moveit_ros/moveit_cpp/planning_component.cpp.o[0m
[ 33%] [32mBuilding CXX object CMakeFiles/planning.dir/src/moveit/moveit_ros/trajectory_execution_manager/trajectory_execution_manager.cpp.o[0m
[ 41%] [32mBuilding CXX object CMakeFiles/core.dir/src/moveit/core.cpp.o[0m
[ 41%] [32mBuilding CXX object CMakeFiles/core.dir/src/moveit/moveit_core/collision_detection/collision_common.cpp.o[0m
[ 50%] [32mBuilding CXX object CMakeFiles/core.dir/src/moveit/moveit_core/planning_interface/planning_response.cpp.o[0m
[ 50%] [32mBuilding CXX object CMakeFiles/core.dir/src/moveit/moveit_core/kinematic_constraints/utils.cpp.o[0m
[ 54%] [32mBuilding CXX object CMakeFiles/core.dir/src/moveit/moveit_core/robot_model/robot_model.cpp.o[0m
[ 58%] [32mBuilding CXX object CMakeFiles/core.dir/src/moveit/moveit_core/robot_trajectory/robot_trajectory.cpp.o[0m
[ 62%] [32mBuilding CXX object CMakeFiles/core.dir/src/moveit/moveit_core/robot_state/robot_state.cpp.o[0m
[ 66%] [32mBuilding CXX object CMakeFiles/core.dir/src/moveit/moveit_core/planning_scene/planning_scene.cpp.o[0m
running egg_info
writing moveit.egg-info/PKG-INFO
writing dependency_links to moveit.egg-info/dependency_links.txt
writing top-level names to moveit.egg-info/top_level.txt
reading manifest file 'moveit.egg-info/SOURCES.txt'
writing manifest file 'moveit.egg-info/SOURCES.txt'
[ 66%] Built target ament_cmake_python_build_moveit_egg
[ 70%] [32m[1mLinking CXX shared module test_moveit/core.cpython-310-x86_64-linux-gnu.so[0m
lto-wrapper: warning: using serial compilation of 9 LTRANS jobs
[ 75%] [32m[1mLinking CXX shared module test_moveit/planning.cpython-310-x86_64-linux-gnu.so[0m
lto-wrapper: warning: using serial compilation of 6 LTRANS jobs
[ 75%] Built target planning
[100%] Built target core
-- Install configuration: "Release"
-- Installing: /RoverFlake2/install/moveit_py/lib/libmoveit_py_utils.so.
-- Set runtime path of "/RoverFlake2/install/moveit_py/lib/libmoveit_py_utils.so." to ""
-- Installing: /RoverFlake2/install/moveit_py/lib/libmoveit_py_utils.so
-- Installing: /RoverFlake2/install/moveit_py/include/moveit_py
-- Installing: /RoverFlake2/install/moveit_py/include/moveit_py/moveit_py
-- Installing: /RoverFlake2/install/moveit_py/include/moveit_py/moveit_py/moveit_py_utils
-- Installing: /RoverFlake2/install/moveit_py/include/moveit_py/moveit_py/moveit_py_utils/copy_ros_msg.h
-- Installing: /RoverFlake2/install/moveit_py/include/moveit_py/moveit_py/moveit_py_utils/ros_msg_typecasters.h
-- Installing: /RoverFlake2/install/moveit_py/include/moveit_py/moveit_py/moveit_py_utils/copy_ros_msg.hpp
-- Installing: /RoverFlake2/install/moveit_py/include/moveit_py/moveit_py/moveit_py_utils/ros_msg_typecasters.hpp
-- Installing: /RoverFlake2/install/moveit_py/include/moveit_py/moveit_py/moveit_py_utils/rclpy_time_typecaster.hpp
-- Installing: /RoverFlake2/install/moveit_py/share/moveit_py/environment/pythonpath.sh
-- Installing: /RoverFlake2/install/moveit_py/share/moveit_py/environment/pythonpath.dsv
-- Installing: /RoverFlake2/install/moveit_py/local/lib/python3.10/dist-packages/moveit-2.5.9-py3.10.egg-info
-- Installing: /RoverFlake2/install/moveit_py/local/lib/python3.10/dist-packages/moveit-2.5.9-py3.10.egg-info/PKG-INFO
-- Installing: /RoverFlake2/install/moveit_py/local/lib/python3.10/dist-packages/moveit-2.5.9-py3.10.egg-info/top_level.txt
-- Installing: /RoverFlake2/install/moveit_py/local/lib/python3.10/dist-packages/moveit-2.5.9-py3.10.egg-info/SOURCES.txt
-- Installing: /RoverFlake2/install/moveit_py/local/lib/python3.10/dist-packages/moveit-2.5.9-py3.10.egg-info/dependency_links.txt
-- Installing: /RoverFlake2/install/moveit_py/local/lib/python3.10/dist-packages/moveit
-- Installing: /RoverFlake2/install/moveit_py/local/lib/python3.10/dist-packages/moveit/README.md
-- Installing: /RoverFlake2/install/moveit_py/local/lib/python3.10/dist-packages/moveit/core
-- Installing: /RoverFlake2/install/moveit_py/local/lib/python3.10/dist-packages/moveit/core/robot_state.pyi
-- Installing: /RoverFlake2/install/moveit_py/local/lib/python3.10/dist-packages/moveit/core/controller_manager.pyi
-- Installing: /RoverFlake2/install/moveit_py/local/lib/python3.10/dist-packages/moveit/core/robot_model.pyi
-- Installing: /RoverFlake2/install/moveit_py/local/lib/python3.10/dist-packages/moveit/core/__init__.pyi
-- Installing: /RoverFlake2/install/moveit_py/local/lib/python3.10/dist-packages/moveit/core/planning_scene.pyi
-- Installing: /RoverFlake2/install/moveit_py/local/lib/python3.10/dist-packages/moveit/core/robot_trajectory.pyi
-- Installing: /RoverFlake2/install/moveit_py/local/lib/python3.10/dist-packages/moveit/core/collision_detection.pyi
-- Installing: /RoverFlake2/install/moveit_py/local/lib/python3.10/dist-packages/moveit/core/planning_interface.pyi
-- Installing: /RoverFlake2/install/moveit_py/local/lib/python3.10/dist-packages/moveit/core/kinematic_constraints.pyi
-- Installing: /RoverFlake2/install/moveit_py/local/lib/python3.10/dist-packages/moveit/utils.py
-- Installing: /RoverFlake2/install/moveit_py/local/lib/python3.10/dist-packages/moveit/utils.pyi
-- Installing: /RoverFlake2/install/moveit_py/local/lib/python3.10/dist-packages/moveit/__init__.py
-- Installing: /RoverFlake2/install/moveit_py/local/lib/python3.10/dist-packages/moveit/planning.pyi
Listing '/RoverFlake2/install/moveit_py/local/lib/python3.10/dist-packages/moveit'...
Compiling '/RoverFlake2/install/moveit_py/local/lib/python3.10/dist-packages/moveit/__init__.py'...
Listing '/RoverFlake2/install/moveit_py/local/lib/python3.10/dist-packages/moveit/core'...
Compiling '/RoverFlake2/install/moveit_py/local/lib/python3.10/dist-packages/moveit/utils.py'...
-- Installing: /RoverFlake2/install/moveit_py/local/lib/python3.10/dist-packages/moveit/core.cpython-310-x86_64-linux-gnu.so
-- Set runtime path of "/RoverFlake2/install/moveit_py/local/lib/python3.10/dist-packages/moveit/core.cpython-310-x86_64-linux-gnu.so" to ""
-- Installing: /RoverFlake2/install/moveit_py/local/lib/python3.10/dist-packages/moveit/planning.cpython-310-x86_64-linux-gnu.so
-- Set runtime path of "/RoverFlake2/install/moveit_py/local/lib/python3.10/dist-packages/moveit/planning.cpython-310-x86_64-linux-gnu.so" to ""
-- Installing: /RoverFlake2/install/moveit_py/share/moveit_py/environment/library_path.sh
-- Installing: /RoverFlake2/install/moveit_py/share/moveit_py/environment/library_path.dsv
-- Installing: /RoverFlake2/install/moveit_py/share/ament_index/resource_index/package_run_dependencies/moveit_py
-- Installing: /RoverFlake2/install/moveit_py/share/ament_index/resource_index/parent_prefix_path/moveit_py
-- Installing: /RoverFlake2/install/moveit_py/share/moveit_py/environment/ament_prefix_path.sh
-- Installing: /RoverFlake2/install/moveit_py/share/moveit_py/environment/ament_prefix_path.dsv
-- Installing: /RoverFlake2/install/moveit_py/share/moveit_py/environment/path.sh
-- Installing: /RoverFlake2/install/moveit_py/share/moveit_py/environment/path.dsv
-- Installing: /RoverFlake2/install/moveit_py/share/moveit_py/local_setup.bash
-- Installing: /RoverFlake2/install/moveit_py/share/moveit_py/local_setup.sh
-- Installing: /RoverFlake2/install/moveit_py/share/moveit_py/local_setup.zsh
-- Installing: /RoverFlake2/install/moveit_py/share/moveit_py/local_setup.dsv
-- Installing: /RoverFlake2/install/moveit_py/share/moveit_py/package.dsv
-- Installing: /RoverFlake2/install/moveit_py/share/ament_index/resource_index/packages/moveit_py
-- Installing: /RoverFlake2/install/moveit_py/share/moveit_py/cmake/moveit_py_utilsTargetsExport.cmake
-- Installing: /RoverFlake2/install/moveit_py/share/moveit_py/cmake/moveit_py_utilsTargetsExport-release.cmake
-- Installing: /RoverFlake2/install/moveit_py/share/moveit_py/cmake/ament_cmake_export_targets-extras.cmake
-- Installing: /RoverFlake2/install/moveit_py/share/moveit_py/cmake/ament_cmake_export_dependencies-extras.cmake
-- Installing: /RoverFlake2/install/moveit_py/share/moveit_py/cmake/moveit_pyConfig.cmake
-- Installing: /RoverFlake2/install/moveit_py/share/moveit_py/cmake/moveit_pyConfig-version.cmake
-- Installing: /RoverFlake2/install/moveit_py/share/moveit_py/package.xml
