[0.012s] Invoking command in '/RoverFlake2/build/chomp_motion_planner': AMENT_PREFIX_PATH=/RoverFlake2/install/moveit_core:/RoverFlake2/install/moveit_resources_panda_moveit_config:/RoverFlake2/install/srdfdom:/RoverFlake2/install/moveit_resources_pr2_description:/RoverFlake2/install/moveit_resources_panda_description:/RoverFlake2/install/moveit_common:${AMENT_PREFIX_PATH} CMAKE_PREFIX_PATH=/RoverFlake2/install/moveit_core:/RoverFlake2/install/moveit_resources_panda_moveit_config:/RoverFlake2/install/srdfdom:/RoverFlake2/install/moveit_resources_pr2_description:/RoverFlake2/install/moveit_resources_panda_description:/RoverFlake2/install/moveit_common:/opt/ros/humble LD_LIBRARY_PATH=/RoverFlake2/install/moveit_core/lib:/RoverFlake2/install/srdfdom/lib:${LD_LIBRARY_PATH} PATH=/RoverFlake2/install/moveit_core/bin:${PATH} PYTHONPATH=/RoverFlake2/install/srdfdom/local/lib/python3.10/dist-packages:${PYTHONPATH} /usr/bin/cmake /RoverFlake2/src/moveit2/moveit_planners/chomp/chomp_motion_planner -DCMAKE_BUILD_TYPE=Release -DCMAKE_INSTALL_PREFIX=/RoverFlake2/install/chomp_motion_planner
[0.093s] -- The C compiler identification is GNU 11.4.0
[0.136s] -- The CXX compiler identification is GNU 11.4.0
[0.145s] -- Detecting C compiler ABI info
[0.199s] -- Detecting C compiler ABI info - done
[0.204s] -- Check for working C compiler: /usr/bin/cc - skipped
[0.204s] -- Detecting C compile features
[0.205s] -- Detecting C compile features - done
[0.207s] -- Detecting CXX compiler ABI info
[0.264s] -- Detecting CXX compiler ABI info - done
[0.268s] -- Check for working CXX compiler: /usr/bin/c++ - skipped
[0.269s] -- Detecting CXX compile features
[0.269s] -- Detecting CXX compile features - done
[0.272s] -- Found moveit_common: 2.5.9 (/RoverFlake2/install/moveit_common/share/moveit_common/cmake)
[0.281s] -- Found ament_cmake: 1.3.12 (/opt/ros/humble/share/ament_cmake/cmake)
[0.397s] -- Found Python3: /usr/bin/python3 (found version "3.10.12") found components: Interpreter 
[0.527s] -- Found moveit_core: 2.5.9 (/RoverFlake2/install/moveit_core/share/moveit_core/cmake)
[0.721s] -- Found Boost: /usr/lib/x86_64-linux-gnu/cmake/Boost-1.74.0/BoostConfig.cmake (found version "1.74.0") found components: chrono date_time filesystem iostreams program_options regex serialization system thread 
[0.780s] -- Found parameter_traits: 0.6.0 (/opt/ros/humble/share/parameter_traits/cmake)
[0.824s] -- Found rosidl_generator_c: 3.1.8 (/opt/ros/humble/share/rosidl_generator_c/cmake)
[0.830s] -- Found rosidl_adapter: 3.1.8 (/opt/ros/humble/share/rosidl_adapter/cmake)
[0.839s] -- Found rosidl_generator_cpp: 3.1.8 (/opt/ros/humble/share/rosidl_generator_cpp/cmake)
[0.852s] -- Using all available rosidl_typesupport_c: rosidl_typesupport_fastrtps_c;rosidl_typesupport_introspection_c
[0.869s] -- Using all available rosidl_typesupport_cpp: rosidl_typesupport_fastrtps_cpp;rosidl_typesupport_introspection_cpp
[0.918s] -- Found rmw_implementation_cmake: 6.1.2 (/opt/ros/humble/share/rmw_implementation_cmake/cmake)
[0.921s] -- Found rmw_cyclonedds_cpp: 1.3.4 (/opt/ros/humble/share/rmw_cyclonedds_cpp/cmake)
[0.941s] -- Using RMW implementation 'rmw_cyclonedds_cpp' as default
[0.952s] -- Found Threads: TRUE  
[1.005s] -- Found rclcpp_lifecycle: 16.0.17 (/opt/ros/humble/share/rclcpp_lifecycle/cmake)
[1.027s] -- Found Boost: /usr/lib/x86_64-linux-gnu/cmake/Boost-1.74.0/BoostConfig.cmake (found version "1.74.0") found components: filesystem 
[1.122s] -- library: /usr/lib/x86_64-linux-gnu/libcurl.so
[1.179s] -- Found Eigen3: TRUE (found version "3.4.0") 
[1.179s] -- Ensuring Eigen3 include directory is part of orocos-kdl CMake target
[1.394s] -- Found ament_lint_auto: 0.12.14 (/opt/ros/humble/share/ament_lint_auto/cmake)
[1.409s] -- Added test 'cppcheck' to perform static code analysis on C / C++ code
[1.410s] -- Configured cppcheck include dirs: /RoverFlake2/src/moveit2/moveit_planners/chomp/chomp_motion_planner/include
[1.410s] -- Configured cppcheck exclude dirs and/or files: 
[1.410s] -- Added test 'xmllint' to check XML markup files
[1.412s] -- Configuring done
[1.438s] -- Generating done
[1.442s] -- Build files have been written to: /RoverFlake2/build/chomp_motion_planner
[1.451s] Invoked command in '/RoverFlake2/build/chomp_motion_planner' returned '0': AMENT_PREFIX_PATH=/RoverFlake2/install/moveit_core:/RoverFlake2/install/moveit_resources_panda_moveit_config:/RoverFlake2/install/srdfdom:/RoverFlake2/install/moveit_resources_pr2_description:/RoverFlake2/install/moveit_resources_panda_description:/RoverFlake2/install/moveit_common:${AMENT_PREFIX_PATH} CMAKE_PREFIX_PATH=/RoverFlake2/install/moveit_core:/RoverFlake2/install/moveit_resources_panda_moveit_config:/RoverFlake2/install/srdfdom:/RoverFlake2/install/moveit_resources_pr2_description:/RoverFlake2/install/moveit_resources_panda_description:/RoverFlake2/install/moveit_common:/opt/ros/humble LD_LIBRARY_PATH=/RoverFlake2/install/moveit_core/lib:/RoverFlake2/install/srdfdom/lib:${LD_LIBRARY_PATH} PATH=/RoverFlake2/install/moveit_core/bin:${PATH} PYTHONPATH=/RoverFlake2/install/srdfdom/local/lib/python3.10/dist-packages:${PYTHONPATH} /usr/bin/cmake /RoverFlake2/src/moveit2/moveit_planners/chomp/chomp_motion_planner -DCMAKE_BUILD_TYPE=Release -DCMAKE_INSTALL_PREFIX=/RoverFlake2/install/chomp_motion_planner
[1.453s] Invoking command in '/RoverFlake2/build/chomp_motion_planner': AMENT_PREFIX_PATH=/RoverFlake2/install/moveit_core:/RoverFlake2/install/moveit_resources_panda_moveit_config:/RoverFlake2/install/srdfdom:/RoverFlake2/install/moveit_resources_pr2_description:/RoverFlake2/install/moveit_resources_panda_description:/RoverFlake2/install/moveit_common:${AMENT_PREFIX_PATH} CMAKE_PREFIX_PATH=/RoverFlake2/install/moveit_core:/RoverFlake2/install/moveit_resources_panda_moveit_config:/RoverFlake2/install/srdfdom:/RoverFlake2/install/moveit_resources_pr2_description:/RoverFlake2/install/moveit_resources_panda_description:/RoverFlake2/install/moveit_common:/opt/ros/humble LD_LIBRARY_PATH=/RoverFlake2/install/moveit_core/lib:/RoverFlake2/install/srdfdom/lib:${LD_LIBRARY_PATH} PATH=/RoverFlake2/install/moveit_core/bin:${PATH} PYTHONPATH=/RoverFlake2/install/srdfdom/local/lib/python3.10/dist-packages:${PYTHONPATH} /usr/bin/cmake --build /RoverFlake2/build/chomp_motion_planner -- -j32 -l32
[1.494s] [ 16%] [32mBuilding CXX object CMakeFiles/chomp_motion_planner.dir/src/chomp_cost.cpp.o[0m
[1.494s] [ 33%] [32mBuilding CXX object CMakeFiles/chomp_motion_planner.dir/src/chomp_trajectory.cpp.o[0m
[1.495s] [ 50%] [32mBuilding CXX object CMakeFiles/chomp_motion_planner.dir/src/chomp_planner.cpp.o[0m
[1.495s] [ 66%] [32mBuilding CXX object CMakeFiles/chomp_motion_planner.dir/src/chomp_optimizer.cpp.o[0m
[1.497s] [ 83%] [32mBuilding CXX object CMakeFiles/chomp_motion_planner.dir/src/chomp_parameters.cpp.o[0m
[18.064s] [100%] [32m[1mLinking CXX shared library libchomp_motion_planner.so[0m
[18.185s] [100%] Built target chomp_motion_planner
[18.192s] Invoked command in '/RoverFlake2/build/chomp_motion_planner' returned '0': AMENT_PREFIX_PATH=/RoverFlake2/install/moveit_core:/RoverFlake2/install/moveit_resources_panda_moveit_config:/RoverFlake2/install/srdfdom:/RoverFlake2/install/moveit_resources_pr2_description:/RoverFlake2/install/moveit_resources_panda_description:/RoverFlake2/install/moveit_common:${AMENT_PREFIX_PATH} CMAKE_PREFIX_PATH=/RoverFlake2/install/moveit_core:/RoverFlake2/install/moveit_resources_panda_moveit_config:/RoverFlake2/install/srdfdom:/RoverFlake2/install/moveit_resources_pr2_description:/RoverFlake2/install/moveit_resources_panda_description:/RoverFlake2/install/moveit_common:/opt/ros/humble LD_LIBRARY_PATH=/RoverFlake2/install/moveit_core/lib:/RoverFlake2/install/srdfdom/lib:${LD_LIBRARY_PATH} PATH=/RoverFlake2/install/moveit_core/bin:${PATH} PYTHONPATH=/RoverFlake2/install/srdfdom/local/lib/python3.10/dist-packages:${PYTHONPATH} /usr/bin/cmake --build /RoverFlake2/build/chomp_motion_planner -- -j32 -l32
[18.194s] Invoking command in '/RoverFlake2/build/chomp_motion_planner': AMENT_PREFIX_PATH=/RoverFlake2/install/moveit_core:/RoverFlake2/install/moveit_resources_panda_moveit_config:/RoverFlake2/install/srdfdom:/RoverFlake2/install/moveit_resources_pr2_description:/RoverFlake2/install/moveit_resources_panda_description:/RoverFlake2/install/moveit_common:${AMENT_PREFIX_PATH} CMAKE_PREFIX_PATH=/RoverFlake2/install/moveit_core:/RoverFlake2/install/moveit_resources_panda_moveit_config:/RoverFlake2/install/srdfdom:/RoverFlake2/install/moveit_resources_pr2_description:/RoverFlake2/install/moveit_resources_panda_description:/RoverFlake2/install/moveit_common:/opt/ros/humble LD_LIBRARY_PATH=/RoverFlake2/install/moveit_core/lib:/RoverFlake2/install/srdfdom/lib:${LD_LIBRARY_PATH} PATH=/RoverFlake2/install/moveit_core/bin:${PATH} PYTHONPATH=/RoverFlake2/install/srdfdom/local/lib/python3.10/dist-packages:${PYTHONPATH} /usr/bin/cmake --install /RoverFlake2/build/chomp_motion_planner
[18.198s] -- Install configuration: "Release"
[18.198s] -- Installing: /RoverFlake2/install/chomp_motion_planner/lib/libchomp_motion_planner.so.2.5.9
[18.198s] -- Set runtime path of "/RoverFlake2/install/chomp_motion_planner/lib/libchomp_motion_planner.so.2.5.9" to ""
[18.198s] -- Installing: /RoverFlake2/install/chomp_motion_planner/lib/libchomp_motion_planner.so
[18.199s] -- Installing: /RoverFlake2/install/chomp_motion_planner/include
[18.199s] -- Installing: /RoverFlake2/install/chomp_motion_planner/include/chomp_motion_planner
[18.199s] -- Installing: /RoverFlake2/install/chomp_motion_planner/include/chomp_motion_planner/chomp_parameters.h
[18.199s] -- Installing: /RoverFlake2/install/chomp_motion_planner/include/chomp_motion_planner/chomp_planner.h
[18.199s] -- Installing: /RoverFlake2/install/chomp_motion_planner/include/chomp_motion_planner/chomp_trajectory.h
[18.199s] -- Installing: /RoverFlake2/install/chomp_motion_planner/include/chomp_motion_planner/chomp_utils.h
[18.199s] -- Installing: /RoverFlake2/install/chomp_motion_planner/include/chomp_motion_planner/chomp_cost.h
[18.199s] -- Installing: /RoverFlake2/install/chomp_motion_planner/include/chomp_motion_planner/multivariate_gaussian.h
[18.199s] -- Installing: /RoverFlake2/install/chomp_motion_planner/include/chomp_motion_planner/chomp_optimizer.h
[18.199s] -- Installing: /RoverFlake2/install/chomp_motion_planner/share/chomp_motion_planner/environment/library_path.sh
[18.199s] -- Installing: /RoverFlake2/install/chomp_motion_planner/share/chomp_motion_planner/environment/library_path.dsv
[18.199s] -- Installing: /RoverFlake2/install/chomp_motion_planner/share/ament_index/resource_index/package_run_dependencies/chomp_motion_planner
[18.200s] -- Installing: /RoverFlake2/install/chomp_motion_planner/share/ament_index/resource_index/parent_prefix_path/chomp_motion_planner
[18.200s] -- Installing: /RoverFlake2/install/chomp_motion_planner/share/chomp_motion_planner/environment/ament_prefix_path.sh
[18.200s] -- Installing: /RoverFlake2/install/chomp_motion_planner/share/chomp_motion_planner/environment/ament_prefix_path.dsv
[18.200s] -- Installing: /RoverFlake2/install/chomp_motion_planner/share/chomp_motion_planner/environment/path.sh
[18.200s] -- Installing: /RoverFlake2/install/chomp_motion_planner/share/chomp_motion_planner/environment/path.dsv
[18.200s] -- Installing: /RoverFlake2/install/chomp_motion_planner/share/chomp_motion_planner/local_setup.bash
[18.200s] -- Installing: /RoverFlake2/install/chomp_motion_planner/share/chomp_motion_planner/local_setup.sh
[18.200s] -- Installing: /RoverFlake2/install/chomp_motion_planner/share/chomp_motion_planner/local_setup.zsh
[18.200s] -- Installing: /RoverFlake2/install/chomp_motion_planner/share/chomp_motion_planner/local_setup.dsv
[18.200s] -- Installing: /RoverFlake2/install/chomp_motion_planner/share/chomp_motion_planner/package.dsv
[18.200s] -- Installing: /RoverFlake2/install/chomp_motion_planner/share/ament_index/resource_index/packages/chomp_motion_planner
[18.201s] -- Installing: /RoverFlake2/install/chomp_motion_planner/share/chomp_motion_planner/cmake/chomp_motion_plannerTargetsExport.cmake
[18.201s] -- Installing: /RoverFlake2/install/chomp_motion_planner/share/chomp_motion_planner/cmake/chomp_motion_plannerTargetsExport-release.cmake
[18.201s] -- Installing: /RoverFlake2/install/chomp_motion_planner/share/chomp_motion_planner/cmake/ament_cmake_export_targets-extras.cmake
[18.201s] -- Installing: /RoverFlake2/install/chomp_motion_planner/share/chomp_motion_planner/cmake/chomp_motion_plannerConfig.cmake
[18.201s] -- Installing: /RoverFlake2/install/chomp_motion_planner/share/chomp_motion_planner/cmake/chomp_motion_plannerConfig-version.cmake
[18.201s] -- Installing: /RoverFlake2/install/chomp_motion_planner/share/chomp_motion_planner/package.xml
[18.202s] Invoked command in '/RoverFlake2/build/chomp_motion_planner' returned '0': AMENT_PREFIX_PATH=/RoverFlake2/install/moveit_core:/RoverFlake2/install/moveit_resources_panda_moveit_config:/RoverFlake2/install/srdfdom:/RoverFlake2/install/moveit_resources_pr2_description:/RoverFlake2/install/moveit_resources_panda_description:/RoverFlake2/install/moveit_common:${AMENT_PREFIX_PATH} CMAKE_PREFIX_PATH=/RoverFlake2/install/moveit_core:/RoverFlake2/install/moveit_resources_panda_moveit_config:/RoverFlake2/install/srdfdom:/RoverFlake2/install/moveit_resources_pr2_description:/RoverFlake2/install/moveit_resources_panda_description:/RoverFlake2/install/moveit_common:/opt/ros/humble LD_LIBRARY_PATH=/RoverFlake2/install/moveit_core/lib:/RoverFlake2/install/srdfdom/lib:${LD_LIBRARY_PATH} PATH=/RoverFlake2/install/moveit_core/bin:${PATH} PYTHONPATH=/RoverFlake2/install/srdfdom/local/lib/python3.10/dist-packages:${PYTHONPATH} /usr/bin/cmake --install /RoverFlake2/build/chomp_motion_planner
