[0.031s] Invoking command in '/RoverFlake2/build/moveit_resources_panda_moveit_config': CMAKE_PREFIX_PATH=/RoverFlake2/install/moveit_resources_panda_description:/RoverFlake2/install/pilz_industrial_motion_planner_testutils:/RoverFlake2/install/moveit_ros_control_interface:/RoverFlake2/install/moveit_plugins:/RoverFlake2/install/moveit_simple_controller_manager:/RoverFlake2/install/moveit_ros_planning:/RoverFlake2/install/moveit_ros_occupancy_map_monitor:/RoverFlake2/install/moveit_resources_prbt_ikfast_manipulator_plugin:/RoverFlake2/install/moveit_planners_chomp:/RoverFlake2/install/moveit_chomp_optimizer_adapter:/RoverFlake2/install/chomp_motion_planner:/RoverFlake2/install/moveit_core:/RoverFlake2/install/srdfdom:/RoverFlake2/install/rviz_marker_tools:/RoverFlake2/install/rosparam_shortcuts:/RoverFlake2/install/moveit_task_constructor_msgs:/RoverFlake2/install/moveit_resources_prbt_support:/RoverFlake2/install/moveit_resources:/RoverFlake2/install/moveit_resources_pr2_description:/RoverFlake2/install/moveit_resources_panda_moveit_config:/RoverFlake2/install/moveit_resources_fanuc_moveit_config:/RoverFlake2/install/moveit_resources_fanuc_description:/RoverFlake2/install/moveit_common:/RoverFlake2/install/moveit_configs_utils:/RoverFlake2/install/launch_param_builder:/opt/ros/humble /usr/bin/cmake --build /RoverFlake2/build/moveit_resources_panda_moveit_config -- -j32 -l32
[0.073s] Invoked command in '/RoverFlake2/build/moveit_resources_panda_moveit_config' returned '0': CMAKE_PREFIX_PATH=/RoverFlake2/install/moveit_resources_panda_description:/RoverFlake2/install/pilz_industrial_motion_planner_testutils:/RoverFlake2/install/moveit_ros_control_interface:/RoverFlake2/install/moveit_plugins:/RoverFlake2/install/moveit_simple_controller_manager:/RoverFlake2/install/moveit_ros_planning:/RoverFlake2/install/moveit_ros_occupancy_map_monitor:/RoverFlake2/install/moveit_resources_prbt_ikfast_manipulator_plugin:/RoverFlake2/install/moveit_planners_chomp:/RoverFlake2/install/moveit_chomp_optimizer_adapter:/RoverFlake2/install/chomp_motion_planner:/RoverFlake2/install/moveit_core:/RoverFlake2/install/srdfdom:/RoverFlake2/install/rviz_marker_tools:/RoverFlake2/install/rosparam_shortcuts:/RoverFlake2/install/moveit_task_constructor_msgs:/RoverFlake2/install/moveit_resources_prbt_support:/RoverFlake2/install/moveit_resources:/RoverFlake2/install/moveit_resources_pr2_description:/RoverFlake2/install/moveit_resources_panda_moveit_config:/RoverFlake2/install/moveit_resources_fanuc_moveit_config:/RoverFlake2/install/moveit_resources_fanuc_description:/RoverFlake2/install/moveit_common:/RoverFlake2/install/moveit_configs_utils:/RoverFlake2/install/launch_param_builder:/opt/ros/humble /usr/bin/cmake --build /RoverFlake2/build/moveit_resources_panda_moveit_config -- -j32 -l32
[0.074s] Invoking command in '/RoverFlake2/build/moveit_resources_panda_moveit_config': CMAKE_PREFIX_PATH=/RoverFlake2/install/moveit_resources_panda_description:/RoverFlake2/install/pilz_industrial_motion_planner_testutils:/RoverFlake2/install/moveit_ros_control_interface:/RoverFlake2/install/moveit_plugins:/RoverFlake2/install/moveit_simple_controller_manager:/RoverFlake2/install/moveit_ros_planning:/RoverFlake2/install/moveit_ros_occupancy_map_monitor:/RoverFlake2/install/moveit_resources_prbt_ikfast_manipulator_plugin:/RoverFlake2/install/moveit_planners_chomp:/RoverFlake2/install/moveit_chomp_optimizer_adapter:/RoverFlake2/install/chomp_motion_planner:/RoverFlake2/install/moveit_core:/RoverFlake2/install/srdfdom:/RoverFlake2/install/rviz_marker_tools:/RoverFlake2/install/rosparam_shortcuts:/RoverFlake2/install/moveit_task_constructor_msgs:/RoverFlake2/install/moveit_resources_prbt_support:/RoverFlake2/install/moveit_resources:/RoverFlake2/install/moveit_resources_pr2_description:/RoverFlake2/install/moveit_resources_panda_moveit_config:/RoverFlake2/install/moveit_resources_fanuc_moveit_config:/RoverFlake2/install/moveit_resources_fanuc_description:/RoverFlake2/install/moveit_common:/RoverFlake2/install/moveit_configs_utils:/RoverFlake2/install/launch_param_builder:/opt/ros/humble /usr/bin/cmake --install /RoverFlake2/build/moveit_resources_panda_moveit_config
[0.081s] -- Install configuration: "Release"
[0.081s] -- Up-to-date: /RoverFlake2/install/moveit_resources_panda_moveit_config/share/ament_index/resource_index/package_run_dependencies/moveit_resources_panda_moveit_config
[0.081s] -- Up-to-date: /RoverFlake2/install/moveit_resources_panda_moveit_config/share/ament_index/resource_index/parent_prefix_path/moveit_resources_panda_moveit_config
[0.081s] -- Up-to-date: /RoverFlake2/install/moveit_resources_panda_moveit_config/share/moveit_resources_panda_moveit_config/environment/ament_prefix_path.sh
[0.081s] -- Up-to-date: /RoverFlake2/install/moveit_resources_panda_moveit_config/share/moveit_resources_panda_moveit_config/environment/ament_prefix_path.dsv
[0.082s] -- Up-to-date: /RoverFlake2/install/moveit_resources_panda_moveit_config/share/moveit_resources_panda_moveit_config/environment/path.sh
[0.082s] -- Up-to-date: /RoverFlake2/install/moveit_resources_panda_moveit_config/share/moveit_resources_panda_moveit_config/environment/path.dsv
[0.082s] -- Up-to-date: /RoverFlake2/install/moveit_resources_panda_moveit_config/share/moveit_resources_panda_moveit_config/local_setup.bash
[0.082s] -- Up-to-date: /RoverFlake2/install/moveit_resources_panda_moveit_config/share/moveit_resources_panda_moveit_config/local_setup.sh
[0.082s] -- Up-to-date: /RoverFlake2/install/moveit_resources_panda_moveit_config/share/moveit_resources_panda_moveit_config/local_setup.zsh
[0.082s] -- Up-to-date: /RoverFlake2/install/moveit_resources_panda_moveit_config/share/moveit_resources_panda_moveit_config/local_setup.dsv
[0.082s] -- Up-to-date: /RoverFlake2/install/moveit_resources_panda_moveit_config/share/moveit_resources_panda_moveit_config/package.dsv
[0.082s] -- Up-to-date: /RoverFlake2/install/moveit_resources_panda_moveit_config/share/ament_index/resource_index/packages/moveit_resources_panda_moveit_config
[0.082s] -- Up-to-date: /RoverFlake2/install/moveit_resources_panda_moveit_config/share/moveit_resources_panda_moveit_config/cmake/moveit_resources_panda_moveit_configConfig.cmake
[0.082s] -- Up-to-date: /RoverFlake2/install/moveit_resources_panda_moveit_config/share/moveit_resources_panda_moveit_config/cmake/moveit_resources_panda_moveit_configConfig-version.cmake
[0.082s] -- Up-to-date: /RoverFlake2/install/moveit_resources_panda_moveit_config/share/moveit_resources_panda_moveit_config/package.xml
[0.082s] -- Up-to-date: /RoverFlake2/install/moveit_resources_panda_moveit_config/share/moveit_resources_panda_moveit_config/launch
[0.082s] -- Up-to-date: /RoverFlake2/install/moveit_resources_panda_moveit_config/share/moveit_resources_panda_moveit_config/launch/moveit_rviz.launch.py
[0.082s] -- Up-to-date: /RoverFlake2/install/moveit_resources_panda_moveit_config/share/moveit_resources_panda_moveit_config/launch/demo.launch.py
[0.082s] -- Up-to-date: /RoverFlake2/install/moveit_resources_panda_moveit_config/share/moveit_resources_panda_moveit_config/launch/moveit_empty.rviz
[0.082s] -- Up-to-date: /RoverFlake2/install/moveit_resources_panda_moveit_config/share/moveit_resources_panda_moveit_config/launch/moveit.rviz
[0.082s] -- Up-to-date: /RoverFlake2/install/moveit_resources_panda_moveit_config/share/moveit_resources_panda_moveit_config/config
[0.082s] -- Up-to-date: /RoverFlake2/install/moveit_resources_panda_moveit_config/share/moveit_resources_panda_moveit_config/config/panda.urdf.xacro
[0.082s] -- Up-to-date: /RoverFlake2/install/moveit_resources_panda_moveit_config/share/moveit_resources_panda_moveit_config/config/moveit_controllers.yaml
[0.082s] -- Up-to-date: /RoverFlake2/install/moveit_resources_panda_moveit_config/share/moveit_resources_panda_moveit_config/config/panda.srdf
[0.082s] -- Up-to-date: /RoverFlake2/install/moveit_resources_panda_moveit_config/share/moveit_resources_panda_moveit_config/config/pilz_industrial_motion_planner_planning.yaml
[0.083s] -- Up-to-date: /RoverFlake2/install/moveit_resources_panda_moveit_config/share/moveit_resources_panda_moveit_config/config/ompl_planning.yaml
[0.083s] -- Up-to-date: /RoverFlake2/install/moveit_resources_panda_moveit_config/share/moveit_resources_panda_moveit_config/config/initial_positions.yaml
[0.083s] -- Up-to-date: /RoverFlake2/install/moveit_resources_panda_moveit_config/share/moveit_resources_panda_moveit_config/config/kinematics.yaml
[0.083s] -- Up-to-date: /RoverFlake2/install/moveit_resources_panda_moveit_config/share/moveit_resources_panda_moveit_config/config/joint_limits.yaml
[0.083s] -- Up-to-date: /RoverFlake2/install/moveit_resources_panda_moveit_config/share/moveit_resources_panda_moveit_config/config/panda_arm.xacro
[0.083s] -- Up-to-date: /RoverFlake2/install/moveit_resources_panda_moveit_config/share/moveit_resources_panda_moveit_config/config/sensors_kinect_pointcloud.yaml
[0.083s] -- Up-to-date: /RoverFlake2/install/moveit_resources_panda_moveit_config/share/moveit_resources_panda_moveit_config/config/hand.xacro
[0.083s] -- Up-to-date: /RoverFlake2/install/moveit_resources_panda_moveit_config/share/moveit_resources_panda_moveit_config/config/gripper_moveit_controllers.yaml
[0.083s] -- Up-to-date: /RoverFlake2/install/moveit_resources_panda_moveit_config/share/moveit_resources_panda_moveit_config/config/panda.ros2_control.xacro
[0.083s] -- Up-to-date: /RoverFlake2/install/moveit_resources_panda_moveit_config/share/moveit_resources_panda_moveit_config/config/pilz_cartesian_limits.yaml
[0.083s] -- Up-to-date: /RoverFlake2/install/moveit_resources_panda_moveit_config/share/moveit_resources_panda_moveit_config/config/panda_arm.srdf.xacro
[0.083s] -- Up-to-date: /RoverFlake2/install/moveit_resources_panda_moveit_config/share/moveit_resources_panda_moveit_config/config/sensors_kinect_depthmap.yaml
[0.083s] -- Up-to-date: /RoverFlake2/install/moveit_resources_panda_moveit_config/share/moveit_resources_panda_moveit_config/config/panda_hand.ros2_control.xacro
[0.083s] -- Up-to-date: /RoverFlake2/install/moveit_resources_panda_moveit_config/share/moveit_resources_panda_moveit_config/config/panda_arm_hand.srdf.xacro
[0.083s] -- Up-to-date: /RoverFlake2/install/moveit_resources_panda_moveit_config/share/moveit_resources_panda_moveit_config/config/chomp_planning.yaml
[0.083s] -- Up-to-date: /RoverFlake2/install/moveit_resources_panda_moveit_config/share/moveit_resources_panda_moveit_config/config/trajopt_planning.yaml
[0.083s] -- Up-to-date: /RoverFlake2/install/moveit_resources_panda_moveit_config/share/moveit_resources_panda_moveit_config/config/ros2_controllers.yaml
[0.083s] -- Up-to-date: /RoverFlake2/install/moveit_resources_panda_moveit_config/share/moveit_resources_panda_moveit_config/config/lerp_planning.yaml
[0.083s] -- Up-to-date: /RoverFlake2/install/moveit_resources_panda_moveit_config/share/moveit_resources_panda_moveit_config/.setup_assistant
[0.084s] Invoked command in '/RoverFlake2/build/moveit_resources_panda_moveit_config' returned '0': CMAKE_PREFIX_PATH=/RoverFlake2/install/moveit_resources_panda_description:/RoverFlake2/install/pilz_industrial_motion_planner_testutils:/RoverFlake2/install/moveit_ros_control_interface:/RoverFlake2/install/moveit_plugins:/RoverFlake2/install/moveit_simple_controller_manager:/RoverFlake2/install/moveit_ros_planning:/RoverFlake2/install/moveit_ros_occupancy_map_monitor:/RoverFlake2/install/moveit_resources_prbt_ikfast_manipulator_plugin:/RoverFlake2/install/moveit_planners_chomp:/RoverFlake2/install/moveit_chomp_optimizer_adapter:/RoverFlake2/install/chomp_motion_planner:/RoverFlake2/install/moveit_core:/RoverFlake2/install/srdfdom:/RoverFlake2/install/rviz_marker_tools:/RoverFlake2/install/rosparam_shortcuts:/RoverFlake2/install/moveit_task_constructor_msgs:/RoverFlake2/install/moveit_resources_prbt_support:/RoverFlake2/install/moveit_resources:/RoverFlake2/install/moveit_resources_pr2_description:/RoverFlake2/install/moveit_resources_panda_moveit_config:/RoverFlake2/install/moveit_resources_fanuc_moveit_config:/RoverFlake2/install/moveit_resources_fanuc_description:/RoverFlake2/install/moveit_common:/RoverFlake2/install/moveit_configs_utils:/RoverFlake2/install/launch_param_builder:/opt/ros/humble /usr/bin/cmake --install /RoverFlake2/build/moveit_resources_panda_moveit_config
